[0.944s] Invoking command in '/home/mark-ros2/ROS2_tutorials/src/srv_examples': PYTHONPATH=/home/mark-ros2/ROS2_tutorials/install/srv_examples/lib/python3.8/site-packages:${PYTHONPATH} /usr/bin/python3 setup.py egg_info --egg-base ../../build/srv_examples build --build-base /home/mark-ros2/ROS2_tutorials/build/srv_examples/build install --prefix /home/mark-ros2/ROS2_tutorials/install/srv_examples --record /home/mark-ros2/ROS2_tutorials/build/srv_examples/install.log --single-version-externally-managed
[1.154s] running egg_info
[1.155s] writing ../../build/srv_examples/srv_examples.egg-info/PKG-INFO
[1.155s] writing dependency_links to ../../build/srv_examples/srv_examples.egg-info/dependency_links.txt
[1.155s] writing entry points to ../../build/srv_examples/srv_examples.egg-info/entry_points.txt
[1.156s] writing requirements to ../../build/srv_examples/srv_examples.egg-info/requires.txt
[1.156s] writing top-level names to ../../build/srv_examples/srv_examples.egg-info/top_level.txt
[1.186s] reading manifest file '../../build/srv_examples/srv_examples.egg-info/SOURCES.txt'
[1.187s] writing manifest file '../../build/srv_examples/srv_examples.egg-info/SOURCES.txt'
[1.187s] running build
[1.187s] running build_py
[1.188s] running install
[1.188s] running install_lib
[1.190s] running install_data
[1.191s] running install_egg_info
[1.192s] removing '/home/mark-ros2/ROS2_tutorials/install/srv_examples/lib/python3.8/site-packages/srv_examples-0.0.0-py3.8.egg-info' (and everything under it)
[1.192s] Copying ../../build/srv_examples/srv_examples.egg-info to /home/mark-ros2/ROS2_tutorials/install/srv_examples/lib/python3.8/site-packages/srv_examples-0.0.0-py3.8.egg-info
[1.193s] running install_scripts
[1.209s] Installing invert_gripper_service_server script to /home/mark-ros2/ROS2_tutorials/install/srv_examples/lib/srv_examples
[1.209s] Installing open_gripper_service_server script to /home/mark-ros2/ROS2_tutorials/install/srv_examples/lib/srv_examples
[1.210s] Installing turtlesim_geofence_reset_srv script to /home/mark-ros2/ROS2_tutorials/install/srv_examples/lib/srv_examples
[1.210s] writing list of installed files to '/home/mark-ros2/ROS2_tutorials/build/srv_examples/install.log'
[1.242s] Invoked command in '/home/mark-ros2/ROS2_tutorials/src/srv_examples' returned '0': PYTHONPATH=/home/mark-ros2/ROS2_tutorials/install/srv_examples/lib/python3.8/site-packages:${PYTHONPATH} /usr/bin/python3 setup.py egg_info --egg-base ../../build/srv_examples build --build-base /home/mark-ros2/ROS2_tutorials/build/srv_examples/build install --prefix /home/mark-ros2/ROS2_tutorials/install/srv_examples --record /home/mark-ros2/ROS2_tutorials/build/srv_examples/install.log --single-version-externally-managed
