[1.151s] Invoking command in '/home/mark-ros2/ROS2_tutorials/src/rqt_joy': PYTHONPATH=/home/mark-ros2/ROS2_tutorials/install/rqt_joy/lib/python3.8/site-packages:${PYTHONPATH} /usr/bin/python3 setup.py egg_info --egg-base ../../build/rqt_joy build --build-base /home/mark-ros2/ROS2_tutorials/build/rqt_joy/build install --prefix /home/mark-ros2/ROS2_tutorials/install/rqt_joy --record /home/mark-ros2/ROS2_tutorials/build/rqt_joy/install.log --single-version-externally-managed
[1.367s] running egg_info
[1.368s] writing ../../build/rqt_joy/rqt_joy.egg-info/PKG-INFO
[1.368s] writing dependency_links to ../../build/rqt_joy/rqt_joy.egg-info/dependency_links.txt
[1.368s] writing requirements to ../../build/rqt_joy/rqt_joy.egg-info/requires.txt
[1.368s] writing top-level names to ../../build/rqt_joy/rqt_joy.egg-info/top_level.txt
[1.398s] reading manifest file '../../build/rqt_joy/rqt_joy.egg-info/SOURCES.txt'
[1.399s] writing manifest file '../../build/rqt_joy/rqt_joy.egg-info/SOURCES.txt'
[1.399s] running build
[1.400s] running build_py
[1.400s] running build_scripts
[1.401s] running install
[1.401s] running install_lib
[1.402s] running install_data
[1.402s] running install_egg_info
[1.404s] removing '/home/mark-ros2/ROS2_tutorials/install/rqt_joy/lib/python3.8/site-packages/rqt_joy-1.0.0-py3.8.egg-info' (and everything under it)
[1.404s] Copying ../../build/rqt_joy/rqt_joy.egg-info to /home/mark-ros2/ROS2_tutorials/install/rqt_joy/lib/python3.8/site-packages/rqt_joy-1.0.0-py3.8.egg-info
[1.404s] running install_scripts
[1.419s] changing mode of /home/mark-ros2/ROS2_tutorials/install/rqt_joy/bin/rqt_joy to 775
[1.420s] writing list of installed files to '/home/mark-ros2/ROS2_tutorials/build/rqt_joy/install.log'
[1.468s] Invoked command in '/home/mark-ros2/ROS2_tutorials/src/rqt_joy' returned '0': PYTHONPATH=/home/mark-ros2/ROS2_tutorials/install/rqt_joy/lib/python3.8/site-packages:${PYTHONPATH} /usr/bin/python3 setup.py egg_info --egg-base ../../build/rqt_joy build --build-base /home/mark-ros2/ROS2_tutorials/build/rqt_joy/build install --prefix /home/mark-ros2/ROS2_tutorials/install/rqt_joy --record /home/mark-ros2/ROS2_tutorials/build/rqt_joy/install.log --single-version-externally-managed
