[1.191s] Invoking command in '/home/mark-ros2/ROS2_tutorials/src/hello_world': PYTHONPATH=/home/mark-ros2/ROS2_tutorials/install/hello_world/lib/python3.8/site-packages:${PYTHONPATH} /usr/bin/python3 setup.py egg_info --egg-base ../../build/hello_world build --build-base /home/mark-ros2/ROS2_tutorials/build/hello_world/build install --prefix /home/mark-ros2/ROS2_tutorials/install/hello_world --record /home/mark-ros2/ROS2_tutorials/build/hello_world/install.log --single-version-externally-managed
[1.408s] running egg_info
[1.409s] writing ../../build/hello_world/hello_world.egg-info/PKG-INFO
[1.409s] writing dependency_links to ../../build/hello_world/hello_world.egg-info/dependency_links.txt
[1.409s] writing entry points to ../../build/hello_world/hello_world.egg-info/entry_points.txt
[1.409s] writing requirements to ../../build/hello_world/hello_world.egg-info/requires.txt
[1.410s] writing top-level names to ../../build/hello_world/hello_world.egg-info/top_level.txt
[1.439s] reading manifest file '../../build/hello_world/hello_world.egg-info/SOURCES.txt'
[1.440s] writing manifest file '../../build/hello_world/hello_world.egg-info/SOURCES.txt'
[1.440s] running build
[1.440s] running build_py
[1.441s] running install
[1.441s] running install_lib
[1.442s] running install_data
[1.442s] running install_egg_info
[1.444s] removing '/home/mark-ros2/ROS2_tutorials/install/hello_world/lib/python3.8/site-packages/hello_world-0.0.0-py3.8.egg-info' (and everything under it)
[1.444s] Copying ../../build/hello_world/hello_world.egg-info to /home/mark-ros2/ROS2_tutorials/install/hello_world/lib/python3.8/site-packages/hello_world-0.0.0-py3.8.egg-info
[1.445s] running install_scripts
[1.461s] Installing hello_world script to /home/mark-ros2/ROS2_tutorials/install/hello_world/lib/hello_world
[1.461s] writing list of installed files to '/home/mark-ros2/ROS2_tutorials/build/hello_world/install.log'
[1.488s] Invoked command in '/home/mark-ros2/ROS2_tutorials/src/hello_world' returned '0': PYTHONPATH=/home/mark-ros2/ROS2_tutorials/install/hello_world/lib/python3.8/site-packages:${PYTHONPATH} /usr/bin/python3 setup.py egg_info --egg-base ../../build/hello_world build --build-base /home/mark-ros2/ROS2_tutorials/build/hello_world/build install --prefix /home/mark-ros2/ROS2_tutorials/install/hello_world --record /home/mark-ros2/ROS2_tutorials/build/hello_world/install.log --single-version-externally-managed
