[1.317s] Invoking command in '/home/mark-ros2/ROS2_tutorials/src/hello_world': PYTHONPATH=/home/mark-ros2/ROS2_tutorials/install/hello_world/lib/python3.8/site-packages:${PYTHONPATH} /usr/bin/python3 setup.py egg_info --egg-base ../../build/hello_world build --build-base /home/mark-ros2/ROS2_tutorials/build/hello_world/build install --prefix /home/mark-ros2/ROS2_tutorials/install/hello_world --record /home/mark-ros2/ROS2_tutorials/build/hello_world/install.log --single-version-externally-managed
[1.578s] running egg_info
[1.579s] writing ../../build/hello_world/hello_world.egg-info/PKG-INFO
[1.579s] writing dependency_links to ../../build/hello_world/hello_world.egg-info/dependency_links.txt
[1.579s] writing entry points to ../../build/hello_world/hello_world.egg-info/entry_points.txt
[1.580s] writing requirements to ../../build/hello_world/hello_world.egg-info/requires.txt
[1.580s] writing top-level names to ../../build/hello_world/hello_world.egg-info/top_level.txt
[1.622s] reading manifest file '../../build/hello_world/hello_world.egg-info/SOURCES.txt'
[1.623s] writing manifest file '../../build/hello_world/hello_world.egg-info/SOURCES.txt'
[1.624s] running build
[1.624s] running build_py
[1.624s] running install
[1.626s] running install_lib
[1.628s] running install_data
[1.630s] running install_egg_info
[1.633s] removing '/home/mark-ros2/ROS2_tutorials/install/hello_world/lib/python3.8/site-packages/hello_world-0.0.0-py3.8.egg-info' (and everything under it)
[1.633s] Copying ../../build/hello_world/hello_world.egg-info to /home/mark-ros2/ROS2_tutorials/install/hello_world/lib/python3.8/site-packages/hello_world-0.0.0-py3.8.egg-info
[1.634s] running install_scripts
[1.658s] Installing hello_world script to /home/mark-ros2/ROS2_tutorials/install/hello_world/lib/hello_world
[1.659s] writing list of installed files to '/home/mark-ros2/ROS2_tutorials/build/hello_world/install.log'
[1.697s] Invoked command in '/home/mark-ros2/ROS2_tutorials/src/hello_world' returned '0': PYTHONPATH=/home/mark-ros2/ROS2_tutorials/install/hello_world/lib/python3.8/site-packages:${PYTHONPATH} /usr/bin/python3 setup.py egg_info --egg-base ../../build/hello_world build --build-base /home/mark-ros2/ROS2_tutorials/build/hello_world/build install --prefix /home/mark-ros2/ROS2_tutorials/install/hello_world --record /home/mark-ros2/ROS2_tutorials/build/hello_world/install.log --single-version-externally-managed
