[0.694s] Invoking command in '/home/mark-ros2/ROS2_tutorials/src/hello_world': PYTHONPATH=/home/mark-ros2/ROS2_tutorials/install/hello_world/lib/python3.8/site-packages:${PYTHONPATH} /usr/bin/python3 setup.py egg_info --egg-base ../../build/hello_world build --build-base /home/mark-ros2/ROS2_tutorials/build/hello_world/build install --prefix /home/mark-ros2/ROS2_tutorials/install/hello_world --record /home/mark-ros2/ROS2_tutorials/build/hello_world/install.log --single-version-externally-managed
[0.879s] running egg_info
[0.880s] writing ../../build/hello_world/hello_world.egg-info/PKG-INFO
[0.880s] writing dependency_links to ../../build/hello_world/hello_world.egg-info/dependency_links.txt
[0.880s] writing entry points to ../../build/hello_world/hello_world.egg-info/entry_points.txt
[0.881s] writing requirements to ../../build/hello_world/hello_world.egg-info/requires.txt
[0.881s] writing top-level names to ../../build/hello_world/hello_world.egg-info/top_level.txt
[0.916s] reading manifest file '../../build/hello_world/hello_world.egg-info/SOURCES.txt'
[0.917s] writing manifest file '../../build/hello_world/hello_world.egg-info/SOURCES.txt'
[0.917s] running build
[0.917s] running build_py
[0.917s] running install
[0.918s] running install_lib
[0.919s] running install_data
[0.919s] running install_egg_info
[0.920s] removing '/home/mark-ros2/ROS2_tutorials/install/hello_world/lib/python3.8/site-packages/hello_world-0.0.0-py3.8.egg-info' (and everything under it)
[0.921s] Copying ../../build/hello_world/hello_world.egg-info to /home/mark-ros2/ROS2_tutorials/install/hello_world/lib/python3.8/site-packages/hello_world-0.0.0-py3.8.egg-info
[0.921s] running install_scripts
[0.937s] Installing hello_world script to /home/mark-ros2/ROS2_tutorials/install/hello_world/lib/hello_world
[0.938s] writing list of installed files to '/home/mark-ros2/ROS2_tutorials/build/hello_world/install.log'
[0.968s] Invoked command in '/home/mark-ros2/ROS2_tutorials/src/hello_world' returned '0': PYTHONPATH=/home/mark-ros2/ROS2_tutorials/install/hello_world/lib/python3.8/site-packages:${PYTHONPATH} /usr/bin/python3 setup.py egg_info --egg-base ../../build/hello_world build --build-base /home/mark-ros2/ROS2_tutorials/build/hello_world/build install --prefix /home/mark-ros2/ROS2_tutorials/install/hello_world --record /home/mark-ros2/ROS2_tutorials/build/hello_world/install.log --single-version-externally-managed
