[0.694s] Invoking command in '/home/mark-ros2/ROS2_tutorials/src/srv_examples': PYTHONPATH=/home/mark-ros2/ROS2_tutorials/install/srv_examples/lib/python3.8/site-packages:${PYTHONPATH} /usr/bin/python3 setup.py egg_info --egg-base ../../build/srv_examples build --build-base /home/mark-ros2/ROS2_tutorials/build/srv_examples/build install --prefix /home/mark-ros2/ROS2_tutorials/install/srv_examples --record /home/mark-ros2/ROS2_tutorials/build/srv_examples/install.log --single-version-externally-managed
[0.864s] running egg_info
[0.865s] writing ../../build/srv_examples/srv_examples.egg-info/PKG-INFO
[0.865s] writing dependency_links to ../../build/srv_examples/srv_examples.egg-info/dependency_links.txt
[0.865s] writing entry points to ../../build/srv_examples/srv_examples.egg-info/entry_points.txt
[0.866s] writing requirements to ../../build/srv_examples/srv_examples.egg-info/requires.txt
[0.866s] writing top-level names to ../../build/srv_examples/srv_examples.egg-info/top_level.txt
[0.892s] reading manifest file '../../build/srv_examples/srv_examples.egg-info/SOURCES.txt'
[0.892s] writing manifest file '../../build/srv_examples/srv_examples.egg-info/SOURCES.txt'
[0.893s] running build
[0.893s] running build_py
[0.893s] copying srv_examples/close_gripper_service_server.py -> /home/mark-ros2/ROS2_tutorials/build/srv_examples/build/lib/srv_examples
[0.893s] running install
[0.894s] running install_lib
[0.895s] copying /home/mark-ros2/ROS2_tutorials/build/srv_examples/build/lib/srv_examples/close_gripper_service_server.py -> /home/mark-ros2/ROS2_tutorials/install/srv_examples/lib/python3.8/site-packages/srv_examples
[0.895s] byte-compiling /home/mark-ros2/ROS2_tutorials/install/srv_examples/lib/python3.8/site-packages/srv_examples/close_gripper_service_server.py to close_gripper_service_server.cpython-38.pyc
[0.896s] running install_data
[0.897s] running install_egg_info
[0.898s] removing '/home/mark-ros2/ROS2_tutorials/install/srv_examples/lib/python3.8/site-packages/srv_examples-0.0.0-py3.8.egg-info' (and everything under it)
[0.898s] Copying ../../build/srv_examples/srv_examples.egg-info to /home/mark-ros2/ROS2_tutorials/install/srv_examples/lib/python3.8/site-packages/srv_examples-0.0.0-py3.8.egg-info
[0.899s] running install_scripts
[0.914s] Installing close_gripper_service_server script to /home/mark-ros2/ROS2_tutorials/install/srv_examples/lib/srv_examples
[0.914s] Installing open_gripper_service_server script to /home/mark-ros2/ROS2_tutorials/install/srv_examples/lib/srv_examples
[0.914s] Installing turtlesim_geofence_reset_srv script to /home/mark-ros2/ROS2_tutorials/install/srv_examples/lib/srv_examples
[0.915s] writing list of installed files to '/home/mark-ros2/ROS2_tutorials/build/srv_examples/install.log'
[0.943s] Invoked command in '/home/mark-ros2/ROS2_tutorials/src/srv_examples' returned '0': PYTHONPATH=/home/mark-ros2/ROS2_tutorials/install/srv_examples/lib/python3.8/site-packages:${PYTHONPATH} /usr/bin/python3 setup.py egg_info --egg-base ../../build/srv_examples build --build-base /home/mark-ros2/ROS2_tutorials/build/srv_examples/build install --prefix /home/mark-ros2/ROS2_tutorials/install/srv_examples --record /home/mark-ros2/ROS2_tutorials/build/srv_examples/install.log --single-version-externally-managed
