[1.172s] Invoking command in '/home/mark-ros2/ROS2_tutorials/src/rqt_joy': PYTHONPATH=/home/mark-ros2/ROS2_tutorials/install/rqt_joy/lib/python3.8/site-packages:${PYTHONPATH} /usr/bin/python3 setup.py egg_info --egg-base ../../build/rqt_joy build --build-base /home/mark-ros2/ROS2_tutorials/build/rqt_joy/build install --prefix /home/mark-ros2/ROS2_tutorials/install/rqt_joy --record /home/mark-ros2/ROS2_tutorials/build/rqt_joy/install.log --single-version-externally-managed
[1.463s] running egg_info
[1.463s] writing ../../build/rqt_joy/rqt_joy.egg-info/PKG-INFO
[1.464s] writing dependency_links to ../../build/rqt_joy/rqt_joy.egg-info/dependency_links.txt
[1.464s] writing requirements to ../../build/rqt_joy/rqt_joy.egg-info/requires.txt
[1.464s] writing top-level names to ../../build/rqt_joy/rqt_joy.egg-info/top_level.txt
[1.494s] reading manifest file '../../build/rqt_joy/rqt_joy.egg-info/SOURCES.txt'
[1.494s] writing manifest file '../../build/rqt_joy/rqt_joy.egg-info/SOURCES.txt'
[1.495s] running build
[1.495s] running build_py
[1.495s] running build_scripts
[1.495s] running install
[1.496s] running install_lib
[1.497s] running install_data
[1.497s] running install_egg_info
[1.499s] removing '/home/mark-ros2/ROS2_tutorials/install/rqt_joy/lib/python3.8/site-packages/rqt_joy-1.0.0-py3.8.egg-info' (and everything under it)
[1.499s] Copying ../../build/rqt_joy/rqt_joy.egg-info to /home/mark-ros2/ROS2_tutorials/install/rqt_joy/lib/python3.8/site-packages/rqt_joy-1.0.0-py3.8.egg-info
[1.500s] running install_scripts
[1.528s] changing mode of /home/mark-ros2/ROS2_tutorials/install/rqt_joy/bin/rqt_joy to 775
[1.528s] writing list of installed files to '/home/mark-ros2/ROS2_tutorials/build/rqt_joy/install.log'
[1.536s] Invoked command in '/home/mark-ros2/ROS2_tutorials/src/rqt_joy' returned '0': PYTHONPATH=/home/mark-ros2/ROS2_tutorials/install/rqt_joy/lib/python3.8/site-packages:${PYTHONPATH} /usr/bin/python3 setup.py egg_info --egg-base ../../build/rqt_joy build --build-base /home/mark-ros2/ROS2_tutorials/build/rqt_joy/build install --prefix /home/mark-ros2/ROS2_tutorials/install/rqt_joy --record /home/mark-ros2/ROS2_tutorials/build/rqt_joy/install.log --single-version-externally-managed
