[0.700s] Invoking command in '/home/mark-ros2/ROS2_tutorials/src/pubsub': PYTHONPATH=/home/mark-ros2/ROS2_tutorials/install/pubsub/lib/python3.8/site-packages:${PYTHONPATH} /usr/bin/python3 setup.py egg_info --egg-base ../../build/pubsub build --build-base /home/mark-ros2/ROS2_tutorials/build/pubsub/build install --prefix /home/mark-ros2/ROS2_tutorials/install/pubsub --record /home/mark-ros2/ROS2_tutorials/build/pubsub/install.log --single-version-externally-managed
[0.948s] running egg_info
[0.948s] writing ../../build/pubsub/pubsub.egg-info/PKG-INFO
[0.949s] writing dependency_links to ../../build/pubsub/pubsub.egg-info/dependency_links.txt
[0.949s] writing entry points to ../../build/pubsub/pubsub.egg-info/entry_points.txt
[0.949s] writing requirements to ../../build/pubsub/pubsub.egg-info/requires.txt
[0.949s] writing top-level names to ../../build/pubsub/pubsub.egg-info/top_level.txt
[0.979s] reading manifest file '../../build/pubsub/pubsub.egg-info/SOURCES.txt'
[0.980s] writing manifest file '../../build/pubsub/pubsub.egg-info/SOURCES.txt'
[0.981s] running build
[0.981s] running build_py
[0.982s] running install
[0.984s] running install_lib
[0.985s] running install_data
[0.985s] running install_egg_info
[0.985s] removing '/home/mark-ros2/ROS2_tutorials/install/pubsub/lib/python3.8/site-packages/pubsub-0.0.0-py3.8.egg-info' (and everything under it)
[0.986s] Copying ../../build/pubsub/pubsub.egg-info to /home/mark-ros2/ROS2_tutorials/install/pubsub/lib/python3.8/site-packages/pubsub-0.0.0-py3.8.egg-info
[0.986s] running install_scripts
[1.003s] Installing publisher script to /home/mark-ros2/ROS2_tutorials/install/pubsub/lib/pubsub
[1.003s] Installing subscriber script to /home/mark-ros2/ROS2_tutorials/install/pubsub/lib/pubsub
[1.003s] writing list of installed files to '/home/mark-ros2/ROS2_tutorials/build/pubsub/install.log'
[1.031s] Invoked command in '/home/mark-ros2/ROS2_tutorials/src/pubsub' returned '0': PYTHONPATH=/home/mark-ros2/ROS2_tutorials/install/pubsub/lib/python3.8/site-packages:${PYTHONPATH} /usr/bin/python3 setup.py egg_info --egg-base ../../build/pubsub build --build-base /home/mark-ros2/ROS2_tutorials/build/pubsub/build install --prefix /home/mark-ros2/ROS2_tutorials/install/pubsub --record /home/mark-ros2/ROS2_tutorials/build/pubsub/install.log --single-version-externally-managed
