running egg_info
writing ../../build/pubsub/pubsub.egg-info/PKG-INFO
writing dependency_links to ../../build/pubsub/pubsub.egg-info/dependency_links.txt
writing entry points to ../../build/pubsub/pubsub.egg-info/entry_points.txt
writing requirements to ../../build/pubsub/pubsub.egg-info/requires.txt
writing top-level names to ../../build/pubsub/pubsub.egg-info/top_level.txt
reading manifest file '../../build/pubsub/pubsub.egg-info/SOURCES.txt'
writing manifest file '../../build/pubsub/pubsub.egg-info/SOURCES.txt'
running build
running build_py
running install
running install_lib
running install_data
running install_egg_info
removing '/home/mark-ros2/ROS2_tutorials/install/pubsub/lib/python3.8/site-packages/pubsub-0.0.0-py3.8.egg-info' (and everything under it)
Copying ../../build/pubsub/pubsub.egg-info to /home/mark-ros2/ROS2_tutorials/install/pubsub/lib/python3.8/site-packages/pubsub-0.0.0-py3.8.egg-info
running install_scripts
Installing publisher script to /home/mark-ros2/ROS2_tutorials/install/pubsub/lib/pubsub
Installing subscriber script to /home/mark-ros2/ROS2_tutorials/install/pubsub/lib/pubsub
writing list of installed files to '/home/mark-ros2/ROS2_tutorials/build/pubsub/install.log'
