running egg_info
creating ../build/myfirstpackage/myfirstpackage.egg-info
writing ../build/myfirstpackage/myfirstpackage.egg-info/PKG-INFO
writing dependency_links to ../build/myfirstpackage/myfirstpackage.egg-info/dependency_links.txt
writing entry points to ../build/myfirstpackage/myfirstpackage.egg-info/entry_points.txt
writing requirements to ../build/myfirstpackage/myfirstpackage.egg-info/requires.txt
writing top-level names to ../build/myfirstpackage/myfirstpackage.egg-info/top_level.txt
writing manifest file '../build/myfirstpackage/myfirstpackage.egg-info/SOURCES.txt'
reading manifest file '../build/myfirstpackage/myfirstpackage.egg-info/SOURCES.txt'
writing manifest file '../build/myfirstpackage/myfirstpackage.egg-info/SOURCES.txt'
running build
running build_py
creating /home/mark-ros2/ROS2_tutorials/src/build/myfirstpackage/build
creating /home/mark-ros2/ROS2_tutorials/src/build/myfirstpackage/build/lib
creating /home/mark-ros2/ROS2_tutorials/src/build/myfirstpackage/build/lib/myfirstpackage
copying myfirstpackage/__init__.py -> /home/mark-ros2/ROS2_tutorials/src/build/myfirstpackage/build/lib/myfirstpackage
copying myfirstpackage/param_node.py -> /home/mark-ros2/ROS2_tutorials/src/build/myfirstpackage/build/lib/myfirstpackage
copying myfirstpackage/myfirstnode.py -> /home/mark-ros2/ROS2_tutorials/src/build/myfirstpackage/build/lib/myfirstpackage
running install
running install_lib
creating /home/mark-ros2/ROS2_tutorials/src/install/myfirstpackage/lib/python3.8/site-packages/myfirstpackage
copying /home/mark-ros2/ROS2_tutorials/src/build/myfirstpackage/build/lib/myfirstpackage/__init__.py -> /home/mark-ros2/ROS2_tutorials/src/install/myfirstpackage/lib/python3.8/site-packages/myfirstpackage
copying /home/mark-ros2/ROS2_tutorials/src/build/myfirstpackage/build/lib/myfirstpackage/param_node.py -> /home/mark-ros2/ROS2_tutorials/src/install/myfirstpackage/lib/python3.8/site-packages/myfirstpackage
copying /home/mark-ros2/ROS2_tutorials/src/build/myfirstpackage/build/lib/myfirstpackage/myfirstnode.py -> /home/mark-ros2/ROS2_tutorials/src/install/myfirstpackage/lib/python3.8/site-packages/myfirstpackage
byte-compiling /home/mark-ros2/ROS2_tutorials/src/install/myfirstpackage/lib/python3.8/site-packages/myfirstpackage/__init__.py to __init__.cpython-38.pyc
byte-compiling /home/mark-ros2/ROS2_tutorials/src/install/myfirstpackage/lib/python3.8/site-packages/myfirstpackage/param_node.py to param_node.cpython-38.pyc
byte-compiling /home/mark-ros2/ROS2_tutorials/src/install/myfirstpackage/lib/python3.8/site-packages/myfirstpackage/myfirstnode.py to myfirstnode.cpython-38.pyc
running install_data
creating /home/mark-ros2/ROS2_tutorials/src/install/myfirstpackage/share/ament_index
creating /home/mark-ros2/ROS2_tutorials/src/install/myfirstpackage/share/ament_index/resource_index
creating /home/mark-ros2/ROS2_tutorials/src/install/myfirstpackage/share/ament_index/resource_index/packages
copying resource/myfirstpackage -> /home/mark-ros2/ROS2_tutorials/src/install/myfirstpackage/share/ament_index/resource_index/packages
copying package.xml -> /home/mark-ros2/ROS2_tutorials/src/install/myfirstpackage/share/myfirstpackage
copying launch/turtle2.launch.py -> /home/mark-ros2/ROS2_tutorials/src/install/myfirstpackage/share/myfirstpackage
copying launch/multi_turtle.launch.py -> /home/mark-ros2/ROS2_tutorials/src/install/myfirstpackage/share/myfirstpackage
copying launch/turtle.launch.py -> /home/mark-ros2/ROS2_tutorials/src/install/myfirstpackage/share/myfirstpackage
copying config/turtlesim.yaml -> /home/mark-ros2/ROS2_tutorials/src/install/myfirstpackage/share/myfirstpackage
copying config/turtlesim_fh.yaml -> /home/mark-ros2/ROS2_tutorials/src/install/myfirstpackage/share/myfirstpackage
copying config/turtlesim_random.yaml -> /home/mark-ros2/ROS2_tutorials/src/install/myfirstpackage/share/myfirstpackage
running install_egg_info
Copying ../build/myfirstpackage/myfirstpackage.egg-info to /home/mark-ros2/ROS2_tutorials/src/install/myfirstpackage/lib/python3.8/site-packages/myfirstpackage-0.0.0-py3.8.egg-info
running install_scripts
Installing myfirstnode script to /home/mark-ros2/ROS2_tutorials/src/install/myfirstpackage/lib/myfirstpackage
Installing param_node script to /home/mark-ros2/ROS2_tutorials/src/install/myfirstpackage/lib/myfirstpackage
writing list of installed files to '/home/mark-ros2/ROS2_tutorials/src/build/myfirstpackage/install.log'
