[0.987s] Invoking command in '/home/mark-ros2/ROS2_tutorials/src/myfirstpackage': PYTHONPATH=/home/mark-ros2/ROS2_tutorials/src/install/myfirstpackage/lib/python3.8/site-packages:${PYTHONPATH} /usr/bin/python3 setup.py egg_info --egg-base ../build/myfirstpackage build --build-base /home/mark-ros2/ROS2_tutorials/src/build/myfirstpackage/build install --prefix /home/mark-ros2/ROS2_tutorials/src/install/myfirstpackage --record /home/mark-ros2/ROS2_tutorials/src/build/myfirstpackage/install.log --single-version-externally-managed
[1.174s] running egg_info
[1.174s] creating ../build/myfirstpackage/myfirstpackage.egg-info
[1.175s] writing ../build/myfirstpackage/myfirstpackage.egg-info/PKG-INFO
[1.175s] writing dependency_links to ../build/myfirstpackage/myfirstpackage.egg-info/dependency_links.txt
[1.175s] writing entry points to ../build/myfirstpackage/myfirstpackage.egg-info/entry_points.txt
[1.175s] writing requirements to ../build/myfirstpackage/myfirstpackage.egg-info/requires.txt
[1.176s] writing top-level names to ../build/myfirstpackage/myfirstpackage.egg-info/top_level.txt
[1.177s] writing manifest file '../build/myfirstpackage/myfirstpackage.egg-info/SOURCES.txt'
[1.208s] reading manifest file '../build/myfirstpackage/myfirstpackage.egg-info/SOURCES.txt'
[1.210s] writing manifest file '../build/myfirstpackage/myfirstpackage.egg-info/SOURCES.txt'
[1.210s] running build
[1.210s] running build_py
[1.211s] creating /home/mark-ros2/ROS2_tutorials/src/build/myfirstpackage/build
[1.211s] creating /home/mark-ros2/ROS2_tutorials/src/build/myfirstpackage/build/lib
[1.211s] creating /home/mark-ros2/ROS2_tutorials/src/build/myfirstpackage/build/lib/myfirstpackage
[1.211s] copying myfirstpackage/__init__.py -> /home/mark-ros2/ROS2_tutorials/src/build/myfirstpackage/build/lib/myfirstpackage
[1.211s] copying myfirstpackage/param_node.py -> /home/mark-ros2/ROS2_tutorials/src/build/myfirstpackage/build/lib/myfirstpackage
[1.212s] copying myfirstpackage/myfirstnode.py -> /home/mark-ros2/ROS2_tutorials/src/build/myfirstpackage/build/lib/myfirstpackage
[1.213s] running install
[1.214s] running install_lib
[1.214s] creating /home/mark-ros2/ROS2_tutorials/src/install/myfirstpackage/lib/python3.8/site-packages/myfirstpackage
[1.214s] copying /home/mark-ros2/ROS2_tutorials/src/build/myfirstpackage/build/lib/myfirstpackage/__init__.py -> /home/mark-ros2/ROS2_tutorials/src/install/myfirstpackage/lib/python3.8/site-packages/myfirstpackage
[1.215s] copying /home/mark-ros2/ROS2_tutorials/src/build/myfirstpackage/build/lib/myfirstpackage/param_node.py -> /home/mark-ros2/ROS2_tutorials/src/install/myfirstpackage/lib/python3.8/site-packages/myfirstpackage
[1.215s] copying /home/mark-ros2/ROS2_tutorials/src/build/myfirstpackage/build/lib/myfirstpackage/myfirstnode.py -> /home/mark-ros2/ROS2_tutorials/src/install/myfirstpackage/lib/python3.8/site-packages/myfirstpackage
[1.216s] byte-compiling /home/mark-ros2/ROS2_tutorials/src/install/myfirstpackage/lib/python3.8/site-packages/myfirstpackage/__init__.py to __init__.cpython-38.pyc
[1.216s] byte-compiling /home/mark-ros2/ROS2_tutorials/src/install/myfirstpackage/lib/python3.8/site-packages/myfirstpackage/param_node.py to param_node.cpython-38.pyc
[1.216s] byte-compiling /home/mark-ros2/ROS2_tutorials/src/install/myfirstpackage/lib/python3.8/site-packages/myfirstpackage/myfirstnode.py to myfirstnode.cpython-38.pyc
[1.216s] running install_data
[1.217s] creating /home/mark-ros2/ROS2_tutorials/src/install/myfirstpackage/share/ament_index
[1.217s] creating /home/mark-ros2/ROS2_tutorials/src/install/myfirstpackage/share/ament_index/resource_index
[1.217s] creating /home/mark-ros2/ROS2_tutorials/src/install/myfirstpackage/share/ament_index/resource_index/packages
[1.217s] copying resource/myfirstpackage -> /home/mark-ros2/ROS2_tutorials/src/install/myfirstpackage/share/ament_index/resource_index/packages
[1.217s] copying package.xml -> /home/mark-ros2/ROS2_tutorials/src/install/myfirstpackage/share/myfirstpackage
[1.217s] copying launch/turtle2.launch.py -> /home/mark-ros2/ROS2_tutorials/src/install/myfirstpackage/share/myfirstpackage
[1.217s] copying launch/multi_turtle.launch.py -> /home/mark-ros2/ROS2_tutorials/src/install/myfirstpackage/share/myfirstpackage
[1.218s] copying launch/turtle.launch.py -> /home/mark-ros2/ROS2_tutorials/src/install/myfirstpackage/share/myfirstpackage
[1.218s] copying config/turtlesim.yaml -> /home/mark-ros2/ROS2_tutorials/src/install/myfirstpackage/share/myfirstpackage
[1.218s] copying config/turtlesim_fh.yaml -> /home/mark-ros2/ROS2_tutorials/src/install/myfirstpackage/share/myfirstpackage
[1.219s] copying config/turtlesim_random.yaml -> /home/mark-ros2/ROS2_tutorials/src/install/myfirstpackage/share/myfirstpackage
[1.219s] running install_egg_info
[1.221s] Copying ../build/myfirstpackage/myfirstpackage.egg-info to /home/mark-ros2/ROS2_tutorials/src/install/myfirstpackage/lib/python3.8/site-packages/myfirstpackage-0.0.0-py3.8.egg-info
[1.221s] running install_scripts
[1.234s] Installing myfirstnode script to /home/mark-ros2/ROS2_tutorials/src/install/myfirstpackage/lib/myfirstpackage
[1.234s] Installing param_node script to /home/mark-ros2/ROS2_tutorials/src/install/myfirstpackage/lib/myfirstpackage
[1.234s] writing list of installed files to '/home/mark-ros2/ROS2_tutorials/src/build/myfirstpackage/install.log'
[1.283s] Invoked command in '/home/mark-ros2/ROS2_tutorials/src/myfirstpackage' returned '0': PYTHONPATH=/home/mark-ros2/ROS2_tutorials/src/install/myfirstpackage/lib/python3.8/site-packages:${PYTHONPATH} /usr/bin/python3 setup.py egg_info --egg-base ../build/myfirstpackage build --build-base /home/mark-ros2/ROS2_tutorials/src/build/myfirstpackage/build install --prefix /home/mark-ros2/ROS2_tutorials/src/install/myfirstpackage --record /home/mark-ros2/ROS2_tutorials/src/build/myfirstpackage/install.log --single-version-externally-managed
