[0.258s] DEBUG:colcon:Command line arguments: ['/usr/bin/colcon', 'build']
[0.258s] DEBUG:colcon:Parsed command line arguments: Namespace(ament_cmake_args=None, base_paths=['.'], build_base='build', catkin_cmake_args=None, catkin_skip_building_tests=False, cmake_args=None, cmake_clean_cache=False, cmake_clean_first=False, cmake_force_configure=False, cmake_target=None, cmake_target_skip_unavailable=False, continue_on_error=False, event_handlers=None, executor='parallel', ignore_user_meta=False, install_base='install', log_base=None, log_level=None, main=<bound method BuildVerb.main of <colcon_core.verb.build.BuildVerb object at 0x7f100dc1a280>>, merge_install=False, metas=['./colcon.meta'], packages_above=None, packages_above_and_dependencies=None, packages_above_depth=None, packages_end=None, packages_ignore=None, packages_ignore_regex=None, packages_select=None, packages_select_build_failed=False, packages_select_by_dep=None, packages_select_regex=None, packages_select_test_failures=False, packages_skip=None, packages_skip_build_finished=False, packages_skip_by_dep=None, packages_skip_regex=None, packages_skip_test_passed=False, packages_skip_up_to=None, packages_start=None, packages_up_to=None, packages_up_to_regex=None, parallel_workers=12, paths=None, symlink_install=False, test_result_base=None, verb_extension=<colcon_core.verb.build.BuildVerb object at 0x7f100dc1a280>, verb_name='build', verb_parser=<colcon_defaults.argument_parser.defaults.DefaultArgumentsDecorator object at 0x7f100dc1a7c0>)
[0.262s] Level 1:colcon.colcon_core.package_discovery:discover_packages(colcon_meta) check parameters
[0.262s] Level 1:colcon.colcon_core.package_discovery:discover_packages(recursive) check parameters
[0.262s] Level 1:colcon.colcon_core.package_discovery:discover_packages(ignore) check parameters
[0.262s] Level 1:colcon.colcon_core.package_discovery:discover_packages(path) check parameters
[0.262s] Level 1:colcon.colcon_core.package_discovery:discover_packages(colcon_meta) discover
[0.263s] Level 1:colcon.colcon_core.package_discovery:discover_packages(recursive) discover
[0.263s] INFO:colcon.colcon_core.package_discovery:Crawling recursively for packages in '/home/mark-ros2/ROS2_tutorials'
[0.263s] Level 1:colcon.colcon_core.package_identification:_identify(.) by extensions ['ignore', 'ignore_ament_install']
[0.263s] Level 1:colcon.colcon_core.package_identification:_identify(.) by extension 'ignore'
[0.263s] Level 1:colcon.colcon_core.package_identification:_identify(.) by extension 'ignore_ament_install'
[0.263s] Level 1:colcon.colcon_core.package_identification:_identify(.) by extensions ['colcon_pkg']
[0.263s] Level 1:colcon.colcon_core.package_identification:_identify(.) by extension 'colcon_pkg'
[0.263s] Level 1:colcon.colcon_core.package_identification:_identify(.) by extensions ['colcon_meta']
[0.263s] Level 1:colcon.colcon_core.package_identification:_identify(.) by extension 'colcon_meta'
[0.263s] Level 1:colcon.colcon_core.package_identification:_identify(.) by extensions ['ros']
[0.263s] Level 1:colcon.colcon_core.package_identification:_identify(.) by extension 'ros'
[0.272s] Level 1:colcon.colcon_core.package_identification:_identify(.) by extensions ['cmake', 'python']
[0.272s] Level 1:colcon.colcon_core.package_identification:_identify(.) by extension 'cmake'
[0.273s] Level 1:colcon.colcon_core.package_identification:_identify(.) by extension 'python'
[0.273s] Level 1:colcon.colcon_core.package_identification:_identify(.) by extensions ['python_setup_py']
[0.273s] Level 1:colcon.colcon_core.package_identification:_identify(.) by extension 'python_setup_py'
[0.273s] Level 1:colcon.colcon_core.package_identification:_identify(build) by extensions ['ignore', 'ignore_ament_install']
[0.273s] Level 1:colcon.colcon_core.package_identification:_identify(build) by extension 'ignore'
[0.273s] Level 1:colcon.colcon_core.package_identification:_identify(build) ignored
[0.273s] Level 1:colcon.colcon_core.package_identification:_identify(install) by extensions ['ignore', 'ignore_ament_install']
[0.273s] Level 1:colcon.colcon_core.package_identification:_identify(install) by extension 'ignore'
[0.273s] Level 1:colcon.colcon_core.package_identification:_identify(install) ignored
[0.273s] Level 1:colcon.colcon_core.package_identification:_identify(log) by extensions ['ignore', 'ignore_ament_install']
[0.273s] Level 1:colcon.colcon_core.package_identification:_identify(log) by extension 'ignore'
[0.273s] Level 1:colcon.colcon_core.package_identification:_identify(log) ignored
[0.274s] Level 1:colcon.colcon_core.package_identification:_identify(src) by extensions ['ignore', 'ignore_ament_install']
[0.274s] Level 1:colcon.colcon_core.package_identification:_identify(src) by extension 'ignore'
[0.274s] Level 1:colcon.colcon_core.package_identification:_identify(src) by extension 'ignore_ament_install'
[0.274s] Level 1:colcon.colcon_core.package_identification:_identify(src) by extensions ['colcon_pkg']
[0.274s] Level 1:colcon.colcon_core.package_identification:_identify(src) by extension 'colcon_pkg'
[0.274s] Level 1:colcon.colcon_core.package_identification:_identify(src) by extensions ['colcon_meta']
[0.274s] Level 1:colcon.colcon_core.package_identification:_identify(src) by extension 'colcon_meta'
[0.274s] Level 1:colcon.colcon_core.package_identification:_identify(src) by extensions ['ros']
[0.274s] Level 1:colcon.colcon_core.package_identification:_identify(src) by extension 'ros'
[0.274s] Level 1:colcon.colcon_core.package_identification:_identify(src) by extensions ['cmake', 'python']
[0.274s] Level 1:colcon.colcon_core.package_identification:_identify(src) by extension 'cmake'
[0.274s] Level 1:colcon.colcon_core.package_identification:_identify(src) by extension 'python'
[0.274s] Level 1:colcon.colcon_core.package_identification:_identify(src) by extensions ['python_setup_py']
[0.274s] Level 1:colcon.colcon_core.package_identification:_identify(src) by extension 'python_setup_py'
[0.274s] Level 1:colcon.colcon_core.package_identification:_identify(src/build) by extensions ['ignore', 'ignore_ament_install']
[0.274s] Level 1:colcon.colcon_core.package_identification:_identify(src/build) by extension 'ignore'
[0.274s] Level 1:colcon.colcon_core.package_identification:_identify(src/build) ignored
[0.274s] Level 1:colcon.colcon_core.package_identification:_identify(src/hello_world) by extensions ['ignore', 'ignore_ament_install']
[0.275s] Level 1:colcon.colcon_core.package_identification:_identify(src/hello_world) by extension 'ignore'
[0.275s] Level 1:colcon.colcon_core.package_identification:_identify(src/hello_world) by extension 'ignore_ament_install'
[0.275s] Level 1:colcon.colcon_core.package_identification:_identify(src/hello_world) by extensions ['colcon_pkg']
[0.275s] Level 1:colcon.colcon_core.package_identification:_identify(src/hello_world) by extension 'colcon_pkg'
[0.275s] Level 1:colcon.colcon_core.package_identification:_identify(src/hello_world) by extensions ['colcon_meta']
[0.275s] Level 1:colcon.colcon_core.package_identification:_identify(src/hello_world) by extension 'colcon_meta'
[0.275s] Level 1:colcon.colcon_core.package_identification:_identify(src/hello_world) by extensions ['ros']
[0.275s] Level 1:colcon.colcon_core.package_identification:_identify(src/hello_world) by extension 'ros'
[0.277s] DEBUG:colcon.colcon_core.package_identification:Package 'src/hello_world' with type 'ros.ament_python' and name 'hello_world'
[0.277s] Level 1:colcon.colcon_core.package_identification:_identify(src/install) by extensions ['ignore', 'ignore_ament_install']
[0.277s] Level 1:colcon.colcon_core.package_identification:_identify(src/install) by extension 'ignore'
[0.277s] Level 1:colcon.colcon_core.package_identification:_identify(src/install) ignored
[0.278s] Level 1:colcon.colcon_core.package_identification:_identify(src/log) by extensions ['ignore', 'ignore_ament_install']
[0.278s] Level 1:colcon.colcon_core.package_identification:_identify(src/log) by extension 'ignore'
[0.278s] Level 1:colcon.colcon_core.package_identification:_identify(src/log) ignored
[0.278s] Level 1:colcon.colcon_core.package_identification:_identify(src/myfirstpackage) by extensions ['ignore', 'ignore_ament_install']
[0.278s] Level 1:colcon.colcon_core.package_identification:_identify(src/myfirstpackage) by extension 'ignore'
[0.278s] Level 1:colcon.colcon_core.package_identification:_identify(src/myfirstpackage) by extension 'ignore_ament_install'
[0.278s] Level 1:colcon.colcon_core.package_identification:_identify(src/myfirstpackage) by extensions ['colcon_pkg']
[0.278s] Level 1:colcon.colcon_core.package_identification:_identify(src/myfirstpackage) by extension 'colcon_pkg'
[0.278s] Level 1:colcon.colcon_core.package_identification:_identify(src/myfirstpackage) by extensions ['colcon_meta']
[0.278s] Level 1:colcon.colcon_core.package_identification:_identify(src/myfirstpackage) by extension 'colcon_meta'
[0.278s] Level 1:colcon.colcon_core.package_identification:_identify(src/myfirstpackage) by extensions ['ros']
[0.278s] Level 1:colcon.colcon_core.package_identification:_identify(src/myfirstpackage) by extension 'ros'
[0.279s] DEBUG:colcon.colcon_core.package_identification:Package 'src/myfirstpackage' with type 'ros.ament_python' and name 'myfirstpackage'
[0.279s] Level 1:colcon.colcon_core.package_identification:_identify(src/pubsub) by extensions ['ignore', 'ignore_ament_install']
[0.279s] Level 1:colcon.colcon_core.package_identification:_identify(src/pubsub) by extension 'ignore'
[0.279s] Level 1:colcon.colcon_core.package_identification:_identify(src/pubsub) by extension 'ignore_ament_install'
[0.279s] Level 1:colcon.colcon_core.package_identification:_identify(src/pubsub) by extensions ['colcon_pkg']
[0.279s] Level 1:colcon.colcon_core.package_identification:_identify(src/pubsub) by extension 'colcon_pkg'
[0.279s] Level 1:colcon.colcon_core.package_identification:_identify(src/pubsub) by extensions ['colcon_meta']
[0.279s] Level 1:colcon.colcon_core.package_identification:_identify(src/pubsub) by extension 'colcon_meta'
[0.279s] Level 1:colcon.colcon_core.package_identification:_identify(src/pubsub) by extensions ['ros']
[0.279s] Level 1:colcon.colcon_core.package_identification:_identify(src/pubsub) by extension 'ros'
[0.280s] DEBUG:colcon.colcon_core.package_identification:Package 'src/pubsub' with type 'ros.ament_python' and name 'pubsub'
[0.280s] Level 1:colcon.colcon_core.package_identification:_identify(src/ros_tutorials) by extensions ['ignore', 'ignore_ament_install']
[0.280s] Level 1:colcon.colcon_core.package_identification:_identify(src/ros_tutorials) by extension 'ignore'
[0.280s] Level 1:colcon.colcon_core.package_identification:_identify(src/ros_tutorials) by extension 'ignore_ament_install'
[0.280s] Level 1:colcon.colcon_core.package_identification:_identify(src/ros_tutorials) by extensions ['colcon_pkg']
[0.280s] Level 1:colcon.colcon_core.package_identification:_identify(src/ros_tutorials) by extension 'colcon_pkg'
[0.280s] Level 1:colcon.colcon_core.package_identification:_identify(src/ros_tutorials) by extensions ['colcon_meta']
[0.280s] Level 1:colcon.colcon_core.package_identification:_identify(src/ros_tutorials) by extension 'colcon_meta'
[0.280s] Level 1:colcon.colcon_core.package_identification:_identify(src/ros_tutorials) by extensions ['ros']
[0.280s] Level 1:colcon.colcon_core.package_identification:_identify(src/ros_tutorials) by extension 'ros'
[0.280s] Level 1:colcon.colcon_core.package_identification:_identify(src/ros_tutorials) by extensions ['cmake', 'python']
[0.280s] Level 1:colcon.colcon_core.package_identification:_identify(src/ros_tutorials) by extension 'cmake'
[0.280s] Level 1:colcon.colcon_core.package_identification:_identify(src/ros_tutorials) by extension 'python'
[0.280s] Level 1:colcon.colcon_core.package_identification:_identify(src/ros_tutorials) by extensions ['python_setup_py']
[0.280s] Level 1:colcon.colcon_core.package_identification:_identify(src/ros_tutorials) by extension 'python_setup_py'
[0.280s] Level 1:colcon.colcon_core.package_identification:_identify(src/ros_tutorials/ros_tutorials) by extensions ['ignore', 'ignore_ament_install']
[0.280s] Level 1:colcon.colcon_core.package_identification:_identify(src/ros_tutorials/ros_tutorials) by extension 'ignore'
[0.280s] Level 1:colcon.colcon_core.package_identification:_identify(src/ros_tutorials/ros_tutorials) ignored
[0.281s] Level 1:colcon.colcon_core.package_identification:_identify(src/ros_tutorials/roscpp_tutorials) by extensions ['ignore', 'ignore_ament_install']
[0.281s] Level 1:colcon.colcon_core.package_identification:_identify(src/ros_tutorials/roscpp_tutorials) by extension 'ignore'
[0.281s] Level 1:colcon.colcon_core.package_identification:_identify(src/ros_tutorials/roscpp_tutorials) ignored
[0.281s] Level 1:colcon.colcon_core.package_identification:_identify(src/ros_tutorials/rospy_tutorials) by extensions ['ignore', 'ignore_ament_install']
[0.281s] Level 1:colcon.colcon_core.package_identification:_identify(src/ros_tutorials/rospy_tutorials) by extension 'ignore'
[0.281s] Level 1:colcon.colcon_core.package_identification:_identify(src/ros_tutorials/rospy_tutorials) ignored
[0.281s] Level 1:colcon.colcon_core.package_identification:_identify(src/ros_tutorials/turtlesim) by extensions ['ignore', 'ignore_ament_install']
[0.281s] Level 1:colcon.colcon_core.package_identification:_identify(src/ros_tutorials/turtlesim) by extension 'ignore'
[0.281s] Level 1:colcon.colcon_core.package_identification:_identify(src/ros_tutorials/turtlesim) by extension 'ignore_ament_install'
[0.281s] Level 1:colcon.colcon_core.package_identification:_identify(src/ros_tutorials/turtlesim) by extensions ['colcon_pkg']
[0.281s] Level 1:colcon.colcon_core.package_identification:_identify(src/ros_tutorials/turtlesim) by extension 'colcon_pkg'
[0.281s] Level 1:colcon.colcon_core.package_identification:_identify(src/ros_tutorials/turtlesim) by extensions ['colcon_meta']
[0.281s] Level 1:colcon.colcon_core.package_identification:_identify(src/ros_tutorials/turtlesim) by extension 'colcon_meta'
[0.281s] Level 1:colcon.colcon_core.package_identification:_identify(src/ros_tutorials/turtlesim) by extensions ['ros']
[0.281s] Level 1:colcon.colcon_core.package_identification:_identify(src/ros_tutorials/turtlesim) by extension 'ros'
[0.282s] DEBUG:colcon.colcon_core.package_identification:Package 'src/ros_tutorials/turtlesim' with type 'ros.ament_cmake' and name 'turtlesim'
[0.283s] Level 1:colcon.colcon_core.package_identification:_identify(src/rqt_joy) by extensions ['ignore', 'ignore_ament_install']
[0.283s] Level 1:colcon.colcon_core.package_identification:_identify(src/rqt_joy) by extension 'ignore'
[0.283s] Level 1:colcon.colcon_core.package_identification:_identify(src/rqt_joy) by extension 'ignore_ament_install'
[0.283s] Level 1:colcon.colcon_core.package_identification:_identify(src/rqt_joy) by extensions ['colcon_pkg']
[0.283s] Level 1:colcon.colcon_core.package_identification:_identify(src/rqt_joy) by extension 'colcon_pkg'
[0.283s] Level 1:colcon.colcon_core.package_identification:_identify(src/rqt_joy) by extensions ['colcon_meta']
[0.283s] Level 1:colcon.colcon_core.package_identification:_identify(src/rqt_joy) by extension 'colcon_meta'
[0.283s] Level 1:colcon.colcon_core.package_identification:_identify(src/rqt_joy) by extensions ['ros']
[0.283s] Level 1:colcon.colcon_core.package_identification:_identify(src/rqt_joy) by extension 'ros'
[0.283s] DEBUG:colcon.colcon_core.package_identification:Package 'src/rqt_joy' with type 'ros.ament_python' and name 'rqt_joy'
[0.283s] Level 1:colcon.colcon_core.package_identification:_identify(src/srv_examples) by extensions ['ignore', 'ignore_ament_install']
[0.284s] Level 1:colcon.colcon_core.package_identification:_identify(src/srv_examples) by extension 'ignore'
[0.284s] Level 1:colcon.colcon_core.package_identification:_identify(src/srv_examples) by extension 'ignore_ament_install'
[0.284s] Level 1:colcon.colcon_core.package_identification:_identify(src/srv_examples) by extensions ['colcon_pkg']
[0.284s] Level 1:colcon.colcon_core.package_identification:_identify(src/srv_examples) by extension 'colcon_pkg'
[0.284s] Level 1:colcon.colcon_core.package_identification:_identify(src/srv_examples) by extensions ['colcon_meta']
[0.284s] Level 1:colcon.colcon_core.package_identification:_identify(src/srv_examples) by extension 'colcon_meta'
[0.284s] Level 1:colcon.colcon_core.package_identification:_identify(src/srv_examples) by extensions ['ros']
[0.284s] Level 1:colcon.colcon_core.package_identification:_identify(src/srv_examples) by extension 'ros'
[0.284s] DEBUG:colcon.colcon_core.package_identification:Package 'src/srv_examples' with type 'ros.ament_python' and name 'srv_examples'
[0.284s] Level 1:colcon.colcon_core.package_identification:_identify(src/tb3_teleop) by extensions ['ignore', 'ignore_ament_install']
[0.284s] Level 1:colcon.colcon_core.package_identification:_identify(src/tb3_teleop) by extension 'ignore'
[0.285s] Level 1:colcon.colcon_core.package_identification:_identify(src/tb3_teleop) by extension 'ignore_ament_install'
[0.285s] Level 1:colcon.colcon_core.package_identification:_identify(src/tb3_teleop) by extensions ['colcon_pkg']
[0.285s] Level 1:colcon.colcon_core.package_identification:_identify(src/tb3_teleop) by extension 'colcon_pkg'
[0.285s] Level 1:colcon.colcon_core.package_identification:_identify(src/tb3_teleop) by extensions ['colcon_meta']
[0.285s] Level 1:colcon.colcon_core.package_identification:_identify(src/tb3_teleop) by extension 'colcon_meta'
[0.285s] Level 1:colcon.colcon_core.package_identification:_identify(src/tb3_teleop) by extensions ['ros']
[0.285s] Level 1:colcon.colcon_core.package_identification:_identify(src/tb3_teleop) by extension 'ros'
[0.285s] DEBUG:colcon.colcon_core.package_identification:Package 'src/tb3_teleop' with type 'ros.ament_python' and name 'tb3_teleop'
[0.285s] Level 1:colcon.colcon_core.package_discovery:discover_packages(recursive) using defaults
[0.285s] Level 1:colcon.colcon_core.package_discovery:discover_packages(ignore) discover
[0.285s] Level 1:colcon.colcon_core.package_discovery:discover_packages(ignore) using defaults
[0.285s] Level 1:colcon.colcon_core.package_discovery:discover_packages(path) discover
[0.285s] Level 1:colcon.colcon_core.package_discovery:discover_packages(path) using defaults
[0.302s] Level 5:colcon.colcon_core.verb:set package 'hello_world' build argument 'cmake_args' from command line to 'None'
[0.302s] Level 5:colcon.colcon_core.verb:set package 'hello_world' build argument 'cmake_target' from command line to 'None'
[0.302s] Level 5:colcon.colcon_core.verb:set package 'hello_world' build argument 'cmake_target_skip_unavailable' from command line to 'False'
[0.302s] Level 5:colcon.colcon_core.verb:set package 'hello_world' build argument 'cmake_clean_cache' from command line to 'False'
[0.302s] Level 5:colcon.colcon_core.verb:set package 'hello_world' build argument 'cmake_clean_first' from command line to 'False'
[0.302s] Level 5:colcon.colcon_core.verb:set package 'hello_world' build argument 'cmake_force_configure' from command line to 'False'
[0.303s] Level 5:colcon.colcon_core.verb:set package 'hello_world' build argument 'ament_cmake_args' from command line to 'None'
[0.303s] Level 5:colcon.colcon_core.verb:set package 'hello_world' build argument 'catkin_cmake_args' from command line to 'None'
[0.303s] Level 5:colcon.colcon_core.verb:set package 'hello_world' build argument 'catkin_skip_building_tests' from command line to 'False'
[0.303s] DEBUG:colcon.colcon_core.verb:Building package 'hello_world' with the following arguments: {'ament_cmake_args': None, 'build_base': '/home/mark-ros2/ROS2_tutorials/build/hello_world', 'catkin_cmake_args': None, 'catkin_skip_building_tests': False, 'cmake_args': None, 'cmake_clean_cache': False, 'cmake_clean_first': False, 'cmake_force_configure': False, 'cmake_target': None, 'cmake_target_skip_unavailable': False, 'install_base': '/home/mark-ros2/ROS2_tutorials/install/hello_world', 'merge_install': False, 'path': '/home/mark-ros2/ROS2_tutorials/src/hello_world', 'symlink_install': False, 'test_result_base': None}
[0.305s] Level 5:colcon.colcon_core.verb:set package 'myfirstpackage' build argument 'cmake_args' from command line to 'None'
[0.305s] Level 5:colcon.colcon_core.verb:set package 'myfirstpackage' build argument 'cmake_target' from command line to 'None'
[0.305s] Level 5:colcon.colcon_core.verb:set package 'myfirstpackage' build argument 'cmake_target_skip_unavailable' from command line to 'False'
[0.305s] Level 5:colcon.colcon_core.verb:set package 'myfirstpackage' build argument 'cmake_clean_cache' from command line to 'False'
[0.305s] Level 5:colcon.colcon_core.verb:set package 'myfirstpackage' build argument 'cmake_clean_first' from command line to 'False'
[0.305s] Level 5:colcon.colcon_core.verb:set package 'myfirstpackage' build argument 'cmake_force_configure' from command line to 'False'
[0.305s] Level 5:colcon.colcon_core.verb:set package 'myfirstpackage' build argument 'ament_cmake_args' from command line to 'None'
[0.305s] Level 5:colcon.colcon_core.verb:set package 'myfirstpackage' build argument 'catkin_cmake_args' from command line to 'None'
[0.305s] Level 5:colcon.colcon_core.verb:set package 'myfirstpackage' build argument 'catkin_skip_building_tests' from command line to 'False'
[0.305s] DEBUG:colcon.colcon_core.verb:Building package 'myfirstpackage' with the following arguments: {'ament_cmake_args': None, 'build_base': '/home/mark-ros2/ROS2_tutorials/build/myfirstpackage', 'catkin_cmake_args': None, 'catkin_skip_building_tests': False, 'cmake_args': None, 'cmake_clean_cache': False, 'cmake_clean_first': False, 'cmake_force_configure': False, 'cmake_target': None, 'cmake_target_skip_unavailable': False, 'install_base': '/home/mark-ros2/ROS2_tutorials/install/myfirstpackage', 'merge_install': False, 'path': '/home/mark-ros2/ROS2_tutorials/src/myfirstpackage', 'symlink_install': False, 'test_result_base': None}
[0.307s] Level 5:colcon.colcon_core.verb:set package 'pubsub' build argument 'cmake_args' from command line to 'None'
[0.307s] Level 5:colcon.colcon_core.verb:set package 'pubsub' build argument 'cmake_target' from command line to 'None'
[0.307s] Level 5:colcon.colcon_core.verb:set package 'pubsub' build argument 'cmake_target_skip_unavailable' from command line to 'False'
[0.307s] Level 5:colcon.colcon_core.verb:set package 'pubsub' build argument 'cmake_clean_cache' from command line to 'False'
[0.307s] Level 5:colcon.colcon_core.verb:set package 'pubsub' build argument 'cmake_clean_first' from command line to 'False'
[0.307s] Level 5:colcon.colcon_core.verb:set package 'pubsub' build argument 'cmake_force_configure' from command line to 'False'
[0.307s] Level 5:colcon.colcon_core.verb:set package 'pubsub' build argument 'ament_cmake_args' from command line to 'None'
[0.307s] Level 5:colcon.colcon_core.verb:set package 'pubsub' build argument 'catkin_cmake_args' from command line to 'None'
[0.307s] Level 5:colcon.colcon_core.verb:set package 'pubsub' build argument 'catkin_skip_building_tests' from command line to 'False'
[0.307s] DEBUG:colcon.colcon_core.verb:Building package 'pubsub' with the following arguments: {'ament_cmake_args': None, 'build_base': '/home/mark-ros2/ROS2_tutorials/build/pubsub', 'catkin_cmake_args': None, 'catkin_skip_building_tests': False, 'cmake_args': None, 'cmake_clean_cache': False, 'cmake_clean_first': False, 'cmake_force_configure': False, 'cmake_target': None, 'cmake_target_skip_unavailable': False, 'install_base': '/home/mark-ros2/ROS2_tutorials/install/pubsub', 'merge_install': False, 'path': '/home/mark-ros2/ROS2_tutorials/src/pubsub', 'symlink_install': False, 'test_result_base': None}
[0.310s] Level 5:colcon.colcon_core.verb:set package 'rqt_joy' build argument 'cmake_args' from command line to 'None'
[0.310s] Level 5:colcon.colcon_core.verb:set package 'rqt_joy' build argument 'cmake_target' from command line to 'None'
[0.310s] Level 5:colcon.colcon_core.verb:set package 'rqt_joy' build argument 'cmake_target_skip_unavailable' from command line to 'False'
[0.310s] Level 5:colcon.colcon_core.verb:set package 'rqt_joy' build argument 'cmake_clean_cache' from command line to 'False'
[0.310s] Level 5:colcon.colcon_core.verb:set package 'rqt_joy' build argument 'cmake_clean_first' from command line to 'False'
[0.310s] Level 5:colcon.colcon_core.verb:set package 'rqt_joy' build argument 'cmake_force_configure' from command line to 'False'
[0.310s] Level 5:colcon.colcon_core.verb:set package 'rqt_joy' build argument 'ament_cmake_args' from command line to 'None'
[0.310s] Level 5:colcon.colcon_core.verb:set package 'rqt_joy' build argument 'catkin_cmake_args' from command line to 'None'
[0.310s] Level 5:colcon.colcon_core.verb:set package 'rqt_joy' build argument 'catkin_skip_building_tests' from command line to 'False'
[0.310s] DEBUG:colcon.colcon_core.verb:Building package 'rqt_joy' with the following arguments: {'ament_cmake_args': None, 'build_base': '/home/mark-ros2/ROS2_tutorials/build/rqt_joy', 'catkin_cmake_args': None, 'catkin_skip_building_tests': False, 'cmake_args': None, 'cmake_clean_cache': False, 'cmake_clean_first': False, 'cmake_force_configure': False, 'cmake_target': None, 'cmake_target_skip_unavailable': False, 'install_base': '/home/mark-ros2/ROS2_tutorials/install/rqt_joy', 'merge_install': False, 'path': '/home/mark-ros2/ROS2_tutorials/src/rqt_joy', 'symlink_install': False, 'test_result_base': None}
[0.312s] Level 5:colcon.colcon_core.verb:set package 'srv_examples' build argument 'cmake_args' from command line to 'None'
[0.312s] Level 5:colcon.colcon_core.verb:set package 'srv_examples' build argument 'cmake_target' from command line to 'None'
[0.312s] Level 5:colcon.colcon_core.verb:set package 'srv_examples' build argument 'cmake_target_skip_unavailable' from command line to 'False'
[0.312s] Level 5:colcon.colcon_core.verb:set package 'srv_examples' build argument 'cmake_clean_cache' from command line to 'False'
[0.312s] Level 5:colcon.colcon_core.verb:set package 'srv_examples' build argument 'cmake_clean_first' from command line to 'False'
[0.312s] Level 5:colcon.colcon_core.verb:set package 'srv_examples' build argument 'cmake_force_configure' from command line to 'False'
[0.312s] Level 5:colcon.colcon_core.verb:set package 'srv_examples' build argument 'ament_cmake_args' from command line to 'None'
[0.312s] Level 5:colcon.colcon_core.verb:set package 'srv_examples' build argument 'catkin_cmake_args' from command line to 'None'
[0.312s] Level 5:colcon.colcon_core.verb:set package 'srv_examples' build argument 'catkin_skip_building_tests' from command line to 'False'
[0.312s] DEBUG:colcon.colcon_core.verb:Building package 'srv_examples' with the following arguments: {'ament_cmake_args': None, 'build_base': '/home/mark-ros2/ROS2_tutorials/build/srv_examples', 'catkin_cmake_args': None, 'catkin_skip_building_tests': False, 'cmake_args': None, 'cmake_clean_cache': False, 'cmake_clean_first': False, 'cmake_force_configure': False, 'cmake_target': None, 'cmake_target_skip_unavailable': False, 'install_base': '/home/mark-ros2/ROS2_tutorials/install/srv_examples', 'merge_install': False, 'path': '/home/mark-ros2/ROS2_tutorials/src/srv_examples', 'symlink_install': False, 'test_result_base': None}
[0.315s] Level 5:colcon.colcon_core.verb:set package 'tb3_teleop' build argument 'cmake_args' from command line to 'None'
[0.315s] Level 5:colcon.colcon_core.verb:set package 'tb3_teleop' build argument 'cmake_target' from command line to 'None'
[0.315s] Level 5:colcon.colcon_core.verb:set package 'tb3_teleop' build argument 'cmake_target_skip_unavailable' from command line to 'False'
[0.315s] Level 5:colcon.colcon_core.verb:set package 'tb3_teleop' build argument 'cmake_clean_cache' from command line to 'False'
[0.315s] Level 5:colcon.colcon_core.verb:set package 'tb3_teleop' build argument 'cmake_clean_first' from command line to 'False'
[0.315s] Level 5:colcon.colcon_core.verb:set package 'tb3_teleop' build argument 'cmake_force_configure' from command line to 'False'
[0.315s] Level 5:colcon.colcon_core.verb:set package 'tb3_teleop' build argument 'ament_cmake_args' from command line to 'None'
[0.315s] Level 5:colcon.colcon_core.verb:set package 'tb3_teleop' build argument 'catkin_cmake_args' from command line to 'None'
[0.315s] Level 5:colcon.colcon_core.verb:set package 'tb3_teleop' build argument 'catkin_skip_building_tests' from command line to 'False'
[0.315s] DEBUG:colcon.colcon_core.verb:Building package 'tb3_teleop' with the following arguments: {'ament_cmake_args': None, 'build_base': '/home/mark-ros2/ROS2_tutorials/build/tb3_teleop', 'catkin_cmake_args': None, 'catkin_skip_building_tests': False, 'cmake_args': None, 'cmake_clean_cache': False, 'cmake_clean_first': False, 'cmake_force_configure': False, 'cmake_target': None, 'cmake_target_skip_unavailable': False, 'install_base': '/home/mark-ros2/ROS2_tutorials/install/tb3_teleop', 'merge_install': False, 'path': '/home/mark-ros2/ROS2_tutorials/src/tb3_teleop', 'symlink_install': False, 'test_result_base': None}
[0.317s] Level 5:colcon.colcon_core.verb:set package 'turtlesim' build argument 'cmake_args' from command line to 'None'
[0.317s] Level 5:colcon.colcon_core.verb:set package 'turtlesim' build argument 'cmake_target' from command line to 'None'
[0.317s] Level 5:colcon.colcon_core.verb:set package 'turtlesim' build argument 'cmake_target_skip_unavailable' from command line to 'False'
[0.317s] Level 5:colcon.colcon_core.verb:set package 'turtlesim' build argument 'cmake_clean_cache' from command line to 'False'
[0.317s] Level 5:colcon.colcon_core.verb:set package 'turtlesim' build argument 'cmake_clean_first' from command line to 'False'
[0.317s] Level 5:colcon.colcon_core.verb:set package 'turtlesim' build argument 'cmake_force_configure' from command line to 'False'
[0.317s] Level 5:colcon.colcon_core.verb:set package 'turtlesim' build argument 'ament_cmake_args' from command line to 'None'
[0.317s] Level 5:colcon.colcon_core.verb:set package 'turtlesim' build argument 'catkin_cmake_args' from command line to 'None'
[0.317s] Level 5:colcon.colcon_core.verb:set package 'turtlesim' build argument 'catkin_skip_building_tests' from command line to 'False'
[0.317s] DEBUG:colcon.colcon_core.verb:Building package 'turtlesim' with the following arguments: {'ament_cmake_args': None, 'build_base': '/home/mark-ros2/ROS2_tutorials/build/turtlesim', 'catkin_cmake_args': None, 'catkin_skip_building_tests': False, 'cmake_args': None, 'cmake_clean_cache': False, 'cmake_clean_first': False, 'cmake_force_configure': False, 'cmake_target': None, 'cmake_target_skip_unavailable': False, 'install_base': '/home/mark-ros2/ROS2_tutorials/install/turtlesim', 'merge_install': False, 'path': '/home/mark-ros2/ROS2_tutorials/src/ros_tutorials/turtlesim', 'symlink_install': False, 'test_result_base': None}
[0.317s] INFO:colcon.colcon_core.executor:Executing jobs using 'parallel' executor
[0.319s] DEBUG:colcon.colcon_parallel_executor.executor.parallel:run_until_complete
[0.319s] INFO:colcon.colcon_ros.task.ament_python.build:Building ROS package in '/home/mark-ros2/ROS2_tutorials/src/hello_world' with build type 'ament_python'
[0.319s] Level 1:colcon.colcon_core.shell:create_environment_hook('hello_world', 'ament_prefix_path')
[0.323s] INFO:colcon.colcon_core.plugin_system:Skipping extension 'colcon_core.shell.bat': Not used on non-Windows systems
[0.323s] INFO:colcon.colcon_core.shell:Creating environment hook '/home/mark-ros2/ROS2_tutorials/install/hello_world/share/hello_world/hook/ament_prefix_path.ps1'
[0.323s] INFO:colcon.colcon_core.shell:Creating environment descriptor '/home/mark-ros2/ROS2_tutorials/install/hello_world/share/hello_world/hook/ament_prefix_path.dsv'
[0.323s] INFO:colcon.colcon_core.shell:Creating environment hook '/home/mark-ros2/ROS2_tutorials/install/hello_world/share/hello_world/hook/ament_prefix_path.sh'
[0.324s] INFO:colcon.colcon_core.shell:Skip shell extension 'powershell' for command environment: Not usable outside of PowerShell
[0.324s] DEBUG:colcon.colcon_core.shell:Skip shell extension 'dsv' for command environment
[0.327s] DEBUG:colcon.colcon_core.shell:Ignoring prefix path '/opt/ros/foxy'
[0.328s] INFO:colcon.colcon_ros.task.ament_python.build:Building ROS package in '/home/mark-ros2/ROS2_tutorials/src/myfirstpackage' with build type 'ament_python'
[0.329s] Level 1:colcon.colcon_core.shell:create_environment_hook('myfirstpackage', 'ament_prefix_path')
[0.329s] INFO:colcon.colcon_core.shell:Creating environment hook '/home/mark-ros2/ROS2_tutorials/install/myfirstpackage/share/myfirstpackage/hook/ament_prefix_path.ps1'
[0.330s] INFO:colcon.colcon_core.shell:Creating environment descriptor '/home/mark-ros2/ROS2_tutorials/install/myfirstpackage/share/myfirstpackage/hook/ament_prefix_path.dsv'
[0.330s] INFO:colcon.colcon_core.shell:Creating environment hook '/home/mark-ros2/ROS2_tutorials/install/myfirstpackage/share/myfirstpackage/hook/ament_prefix_path.sh'
[0.331s] INFO:colcon.colcon_core.shell:Skip shell extension 'powershell' for command environment: Not usable outside of PowerShell
[0.331s] DEBUG:colcon.colcon_core.shell:Skip shell extension 'dsv' for command environment
[0.333s] DEBUG:colcon.colcon_core.shell:Ignoring prefix path '/opt/ros/foxy'
[0.334s] INFO:colcon.colcon_ros.task.ament_python.build:Building ROS package in '/home/mark-ros2/ROS2_tutorials/src/pubsub' with build type 'ament_python'
[0.334s] Level 1:colcon.colcon_core.shell:create_environment_hook('pubsub', 'ament_prefix_path')
[0.335s] INFO:colcon.colcon_core.shell:Creating environment hook '/home/mark-ros2/ROS2_tutorials/install/pubsub/share/pubsub/hook/ament_prefix_path.ps1'
[0.335s] INFO:colcon.colcon_core.shell:Creating environment descriptor '/home/mark-ros2/ROS2_tutorials/install/pubsub/share/pubsub/hook/ament_prefix_path.dsv'
[0.336s] INFO:colcon.colcon_core.shell:Creating environment hook '/home/mark-ros2/ROS2_tutorials/install/pubsub/share/pubsub/hook/ament_prefix_path.sh'
[0.336s] INFO:colcon.colcon_core.shell:Skip shell extension 'powershell' for command environment: Not usable outside of PowerShell
[0.336s] DEBUG:colcon.colcon_core.shell:Skip shell extension 'dsv' for command environment
[0.338s] DEBUG:colcon.colcon_core.shell:Ignoring prefix path '/opt/ros/foxy'
[0.339s] INFO:colcon.colcon_ros.task.ament_python.build:Building ROS package in '/home/mark-ros2/ROS2_tutorials/src/rqt_joy' with build type 'ament_python'
[0.340s] Level 1:colcon.colcon_core.shell:create_environment_hook('rqt_joy', 'ament_prefix_path')
[0.340s] INFO:colcon.colcon_core.shell:Creating environment hook '/home/mark-ros2/ROS2_tutorials/install/rqt_joy/share/rqt_joy/hook/ament_prefix_path.ps1'
[0.341s] INFO:colcon.colcon_core.shell:Creating environment descriptor '/home/mark-ros2/ROS2_tutorials/install/rqt_joy/share/rqt_joy/hook/ament_prefix_path.dsv'
[0.341s] INFO:colcon.colcon_core.shell:Creating environment hook '/home/mark-ros2/ROS2_tutorials/install/rqt_joy/share/rqt_joy/hook/ament_prefix_path.sh'
[0.342s] INFO:colcon.colcon_core.shell:Skip shell extension 'powershell' for command environment: Not usable outside of PowerShell
[0.342s] DEBUG:colcon.colcon_core.shell:Skip shell extension 'dsv' for command environment
[0.343s] DEBUG:colcon.colcon_core.shell:Ignoring prefix path '/opt/ros/foxy'
[0.345s] INFO:colcon.colcon_ros.task.ament_python.build:Building ROS package in '/home/mark-ros2/ROS2_tutorials/src/srv_examples' with build type 'ament_python'
[0.345s] Level 1:colcon.colcon_core.shell:create_environment_hook('srv_examples', 'ament_prefix_path')
[0.346s] INFO:colcon.colcon_core.shell:Creating environment hook '/home/mark-ros2/ROS2_tutorials/install/srv_examples/share/srv_examples/hook/ament_prefix_path.ps1'
[0.346s] INFO:colcon.colcon_core.shell:Creating environment descriptor '/home/mark-ros2/ROS2_tutorials/install/srv_examples/share/srv_examples/hook/ament_prefix_path.dsv'
[0.347s] INFO:colcon.colcon_core.shell:Creating environment hook '/home/mark-ros2/ROS2_tutorials/install/srv_examples/share/srv_examples/hook/ament_prefix_path.sh'
[0.347s] INFO:colcon.colcon_core.shell:Skip shell extension 'powershell' for command environment: Not usable outside of PowerShell
[0.347s] DEBUG:colcon.colcon_core.shell:Skip shell extension 'dsv' for command environment
[0.349s] DEBUG:colcon.colcon_core.shell:Ignoring prefix path '/opt/ros/foxy'
[0.350s] INFO:colcon.colcon_ros.task.ament_python.build:Building ROS package in '/home/mark-ros2/ROS2_tutorials/src/tb3_teleop' with build type 'ament_python'
[0.351s] Level 1:colcon.colcon_core.shell:create_environment_hook('tb3_teleop', 'ament_prefix_path')
[0.352s] INFO:colcon.colcon_core.shell:Creating environment hook '/home/mark-ros2/ROS2_tutorials/install/tb3_teleop/share/tb3_teleop/hook/ament_prefix_path.ps1'
[0.353s] INFO:colcon.colcon_core.shell:Creating environment descriptor '/home/mark-ros2/ROS2_tutorials/install/tb3_teleop/share/tb3_teleop/hook/ament_prefix_path.dsv'
[0.353s] INFO:colcon.colcon_core.shell:Creating environment hook '/home/mark-ros2/ROS2_tutorials/install/tb3_teleop/share/tb3_teleop/hook/ament_prefix_path.sh'
[0.354s] INFO:colcon.colcon_core.shell:Skip shell extension 'powershell' for command environment: Not usable outside of PowerShell
[0.354s] DEBUG:colcon.colcon_core.shell:Skip shell extension 'dsv' for command environment
[0.355s] DEBUG:colcon.colcon_core.shell:Ignoring prefix path '/opt/ros/foxy'
[0.357s] INFO:colcon.colcon_ros.task.ament_cmake.build:Building ROS package in '/home/mark-ros2/ROS2_tutorials/src/ros_tutorials/turtlesim' with build type 'ament_cmake'
[0.357s] INFO:colcon.colcon_cmake.task.cmake.build:Building CMake package in '/home/mark-ros2/ROS2_tutorials/src/ros_tutorials/turtlesim'
[0.357s] INFO:colcon.colcon_core.shell:Skip shell extension 'powershell' for command environment: Not usable outside of PowerShell
[0.358s] DEBUG:colcon.colcon_core.shell:Skip shell extension 'dsv' for command environment
[0.359s] DEBUG:colcon.colcon_core.shell:Ignoring prefix path '/opt/ros/foxy'
[0.547s] INFO:colcon.colcon_core.task.python.build:Building Python package in '/home/mark-ros2/ROS2_tutorials/src/hello_world'
[0.548s] INFO:colcon.colcon_core.shell:Skip shell extension 'powershell' for command environment: Not usable outside of PowerShell
[0.548s] DEBUG:colcon.colcon_core.shell:Skip shell extension 'dsv' for command environment
[0.550s] DEBUG:colcon.colcon_core.shell:Ignoring prefix path '/opt/ros/foxy'
[0.733s] INFO:colcon.colcon_core.task.python.build:Building Python package in '/home/mark-ros2/ROS2_tutorials/src/myfirstpackage'
[0.734s] INFO:colcon.colcon_core.shell:Skip shell extension 'powershell' for command environment: Not usable outside of PowerShell
[0.734s] DEBUG:colcon.colcon_core.shell:Skip shell extension 'dsv' for command environment
[0.736s] DEBUG:colcon.colcon_core.shell:Ignoring prefix path '/opt/ros/foxy'
[0.920s] INFO:colcon.colcon_core.task.python.build:Building Python package in '/home/mark-ros2/ROS2_tutorials/src/pubsub'
[0.921s] INFO:colcon.colcon_core.shell:Skip shell extension 'powershell' for command environment: Not usable outside of PowerShell
[0.921s] DEBUG:colcon.colcon_core.shell:Skip shell extension 'dsv' for command environment
[0.923s] DEBUG:colcon.colcon_core.shell:Ignoring prefix path '/opt/ros/foxy'
[1.103s] INFO:colcon.colcon_core.task.python.build:Building Python package in '/home/mark-ros2/ROS2_tutorials/src/rqt_joy'
[1.104s] INFO:colcon.colcon_core.shell:Skip shell extension 'powershell' for command environment: Not usable outside of PowerShell
[1.104s] DEBUG:colcon.colcon_core.shell:Skip shell extension 'dsv' for command environment
[1.105s] DEBUG:colcon.colcon_core.shell:Ignoring prefix path '/opt/ros/foxy'
[1.285s] INFO:colcon.colcon_core.task.python.build:Building Python package in '/home/mark-ros2/ROS2_tutorials/src/srv_examples'
[1.285s] INFO:colcon.colcon_core.shell:Skip shell extension 'powershell' for command environment: Not usable outside of PowerShell
[1.285s] DEBUG:colcon.colcon_core.shell:Skip shell extension 'dsv' for command environment
[1.287s] DEBUG:colcon.colcon_core.shell:Ignoring prefix path '/opt/ros/foxy'
[1.467s] INFO:colcon.colcon_core.task.python.build:Building Python package in '/home/mark-ros2/ROS2_tutorials/src/tb3_teleop'
[1.468s] INFO:colcon.colcon_core.shell:Skip shell extension 'powershell' for command environment: Not usable outside of PowerShell
[1.468s] DEBUG:colcon.colcon_core.shell:Skip shell extension 'dsv' for command environment
[1.470s] DEBUG:colcon.colcon_core.shell:Ignoring prefix path '/opt/ros/foxy'
[1.476s] DEBUG:colcon.colcon_core.event_handler.log_command:Invoking command in '/home/mark-ros2/ROS2_tutorials/build/turtlesim': CMAKE_PREFIX_PATH=${CMAKE_PREFIX_PATH}:/home/mark-ros2/ROS2_tutorials/install/tb3_teleop:/home/mark-ros2/ROS2_tutorials/install/srv_examples:/home/mark-ros2/ROS2_tutorials/install/rqt_joy:/home/mark-ros2/ROS2_tutorials/install/myfirstpackage:/home/mark-ros2/ROS2_tutorials/install/hello_world:/opt/ros/foxy /usr/bin/cmake --build /home/mark-ros2/ROS2_tutorials/build/turtlesim -- -j12 -l12
[1.483s] DEBUG:colcon.colcon_core.event_handler.log_command:Invoking command in '/home/mark-ros2/ROS2_tutorials/src/hello_world': PYTHONPATH=/home/mark-ros2/ROS2_tutorials/install/hello_world/lib/python3.8/site-packages:${PYTHONPATH} /usr/bin/python3 setup.py egg_info --egg-base ../../build/hello_world build --build-base /home/mark-ros2/ROS2_tutorials/build/hello_world/build install --prefix /home/mark-ros2/ROS2_tutorials/install/hello_world --record /home/mark-ros2/ROS2_tutorials/build/hello_world/install.log --single-version-externally-managed
[1.484s] DEBUG:colcon.colcon_core.event_handler.log_command:Invoking command in '/home/mark-ros2/ROS2_tutorials/src/myfirstpackage': PYTHONPATH=/home/mark-ros2/ROS2_tutorials/install/myfirstpackage/lib/python3.8/site-packages:${PYTHONPATH} /usr/bin/python3 setup.py egg_info --egg-base ../../build/myfirstpackage build --build-base /home/mark-ros2/ROS2_tutorials/build/myfirstpackage/build install --prefix /home/mark-ros2/ROS2_tutorials/install/myfirstpackage --record /home/mark-ros2/ROS2_tutorials/build/myfirstpackage/install.log --single-version-externally-managed
[1.487s] DEBUG:colcon.colcon_core.event_handler.log_command:Invoking command in '/home/mark-ros2/ROS2_tutorials/src/pubsub': PYTHONPATH=/home/mark-ros2/ROS2_tutorials/install/pubsub/lib/python3.8/site-packages:${PYTHONPATH} /usr/bin/python3 setup.py egg_info --egg-base ../../build/pubsub build --build-base /home/mark-ros2/ROS2_tutorials/build/pubsub/build install --prefix /home/mark-ros2/ROS2_tutorials/install/pubsub --record /home/mark-ros2/ROS2_tutorials/build/pubsub/install.log --single-version-externally-managed
[1.492s] DEBUG:colcon.colcon_core.event_handler.log_command:Invoking command in '/home/mark-ros2/ROS2_tutorials/src/rqt_joy': PYTHONPATH=/home/mark-ros2/ROS2_tutorials/install/rqt_joy/lib/python3.8/site-packages:${PYTHONPATH} /usr/bin/python3 setup.py egg_info --egg-base ../../build/rqt_joy build --build-base /home/mark-ros2/ROS2_tutorials/build/rqt_joy/build install --prefix /home/mark-ros2/ROS2_tutorials/install/rqt_joy --record /home/mark-ros2/ROS2_tutorials/build/rqt_joy/install.log --single-version-externally-managed
[1.495s] DEBUG:colcon.colcon_core.event_handler.log_command:Invoking command in '/home/mark-ros2/ROS2_tutorials/src/srv_examples': PYTHONPATH=/home/mark-ros2/ROS2_tutorials/install/srv_examples/lib/python3.8/site-packages:${PYTHONPATH} /usr/bin/python3 setup.py egg_info --egg-base ../../build/srv_examples build --build-base /home/mark-ros2/ROS2_tutorials/build/srv_examples/build install --prefix /home/mark-ros2/ROS2_tutorials/install/srv_examples --record /home/mark-ros2/ROS2_tutorials/build/srv_examples/install.log --single-version-externally-managed
[1.499s] DEBUG:colcon.colcon_core.event_handler.log_command:Invoking command in '/home/mark-ros2/ROS2_tutorials/src/tb3_teleop': PYTHONPATH=/home/mark-ros2/ROS2_tutorials/install/tb3_teleop/lib/python3.8/site-packages:${PYTHONPATH} /usr/bin/python3 setup.py egg_info --egg-base ../../build/tb3_teleop build --build-base /home/mark-ros2/ROS2_tutorials/build/tb3_teleop/build install --prefix /home/mark-ros2/ROS2_tutorials/install/tb3_teleop --record /home/mark-ros2/ROS2_tutorials/build/tb3_teleop/install.log --single-version-externally-managed
[1.696s] DEBUG:colcon.colcon_core.event_handler.log_command:Invoked command in '/home/mark-ros2/ROS2_tutorials/build/turtlesim' returned '0': CMAKE_PREFIX_PATH=${CMAKE_PREFIX_PATH}:/home/mark-ros2/ROS2_tutorials/install/tb3_teleop:/home/mark-ros2/ROS2_tutorials/install/srv_examples:/home/mark-ros2/ROS2_tutorials/install/rqt_joy:/home/mark-ros2/ROS2_tutorials/install/myfirstpackage:/home/mark-ros2/ROS2_tutorials/install/hello_world:/opt/ros/foxy /usr/bin/cmake --build /home/mark-ros2/ROS2_tutorials/build/turtlesim -- -j12 -l12
[1.785s] DEBUG:colcon.colcon_core.event_handler.log_command:Invoked command in '/home/mark-ros2/ROS2_tutorials/src/srv_examples' returned '0': PYTHONPATH=/home/mark-ros2/ROS2_tutorials/install/srv_examples/lib/python3.8/site-packages:${PYTHONPATH} /usr/bin/python3 setup.py egg_info --egg-base ../../build/srv_examples build --build-base /home/mark-ros2/ROS2_tutorials/build/srv_examples/build install --prefix /home/mark-ros2/ROS2_tutorials/install/srv_examples --record /home/mark-ros2/ROS2_tutorials/build/srv_examples/install.log --single-version-externally-managed
[1.788s] Level 1:colcon.colcon_core.environment:checking '/home/mark-ros2/ROS2_tutorials/install/srv_examples' for CMake module files
[1.789s] Level 1:colcon.colcon_core.environment:checking '/home/mark-ros2/ROS2_tutorials/install/srv_examples' for CMake config files
[1.789s] Level 1:colcon.colcon_core.environment:checking '/home/mark-ros2/ROS2_tutorials/install/srv_examples/lib'
[1.789s] Level 1:colcon.colcon_core.environment:checking '/home/mark-ros2/ROS2_tutorials/install/srv_examples/bin'
[1.790s] Level 1:colcon.colcon_core.environment:checking '/home/mark-ros2/ROS2_tutorials/install/srv_examples/lib/pkgconfig/srv_examples.pc'
[1.790s] Level 1:colcon.colcon_core.environment:checking '/home/mark-ros2/ROS2_tutorials/install/srv_examples/lib/python3.8/site-packages'
[1.790s] Level 1:colcon.colcon_core.shell:create_environment_hook('srv_examples', 'pythonpath')
[1.790s] INFO:colcon.colcon_core.shell:Creating environment hook '/home/mark-ros2/ROS2_tutorials/install/srv_examples/share/srv_examples/hook/pythonpath.ps1'
[1.791s] INFO:colcon.colcon_core.shell:Creating environment descriptor '/home/mark-ros2/ROS2_tutorials/install/srv_examples/share/srv_examples/hook/pythonpath.dsv'
[1.791s] INFO:colcon.colcon_core.shell:Creating environment hook '/home/mark-ros2/ROS2_tutorials/install/srv_examples/share/srv_examples/hook/pythonpath.sh'
[1.791s] Level 1:colcon.colcon_core.environment:create_environment_scripts_only(srv_examples)
[1.792s] INFO:colcon.colcon_core.shell:Creating package script '/home/mark-ros2/ROS2_tutorials/install/srv_examples/share/srv_examples/package.ps1'
[1.793s] INFO:colcon.colcon_core.shell:Creating package descriptor '/home/mark-ros2/ROS2_tutorials/install/srv_examples/share/srv_examples/package.dsv'
[1.793s] INFO:colcon.colcon_core.shell:Creating package script '/home/mark-ros2/ROS2_tutorials/install/srv_examples/share/srv_examples/package.sh'
[1.794s] INFO:colcon.colcon_core.shell:Creating package script '/home/mark-ros2/ROS2_tutorials/install/srv_examples/share/srv_examples/package.bash'
[1.795s] INFO:colcon.colcon_core.shell:Creating package script '/home/mark-ros2/ROS2_tutorials/install/srv_examples/share/srv_examples/package.zsh'
[1.795s] Level 1:colcon.colcon_core.environment:create_file_with_runtime_dependencies(/home/mark-ros2/ROS2_tutorials/install/srv_examples/share/colcon-core/packages/srv_examples)
[1.798s] Level 1:colcon.colcon_core.environment:checking '/home/mark-ros2/ROS2_tutorials/install/pubsub' for CMake module files
[1.799s] DEBUG:colcon.colcon_core.event_handler.log_command:Invoked command in '/home/mark-ros2/ROS2_tutorials/src/pubsub' returned '0': PYTHONPATH=/home/mark-ros2/ROS2_tutorials/install/pubsub/lib/python3.8/site-packages:${PYTHONPATH} /usr/bin/python3 setup.py egg_info --egg-base ../../build/pubsub build --build-base /home/mark-ros2/ROS2_tutorials/build/pubsub/build install --prefix /home/mark-ros2/ROS2_tutorials/install/pubsub --record /home/mark-ros2/ROS2_tutorials/build/pubsub/install.log --single-version-externally-managed
[1.799s] Level 1:colcon.colcon_core.environment:checking '/home/mark-ros2/ROS2_tutorials/install/pubsub' for CMake config files
[1.799s] Level 1:colcon.colcon_core.shell:create_environment_hook('pubsub', 'cmake_prefix_path')
[1.800s] INFO:colcon.colcon_core.shell:Creating environment hook '/home/mark-ros2/ROS2_tutorials/install/pubsub/share/pubsub/hook/cmake_prefix_path.ps1'
[1.800s] INFO:colcon.colcon_core.shell:Creating environment descriptor '/home/mark-ros2/ROS2_tutorials/install/pubsub/share/pubsub/hook/cmake_prefix_path.dsv'
[1.800s] INFO:colcon.colcon_core.shell:Creating environment hook '/home/mark-ros2/ROS2_tutorials/install/pubsub/share/pubsub/hook/cmake_prefix_path.sh'
[1.801s] Level 1:colcon.colcon_core.environment:checking '/home/mark-ros2/ROS2_tutorials/install/pubsub/lib'
[1.801s] Level 1:colcon.colcon_core.environment:checking '/home/mark-ros2/ROS2_tutorials/install/pubsub/bin'
[1.801s] Level 1:colcon.colcon_core.environment:checking '/home/mark-ros2/ROS2_tutorials/install/pubsub/lib/pkgconfig/pubsub.pc'
[1.801s] Level 1:colcon.colcon_core.environment:checking '/home/mark-ros2/ROS2_tutorials/install/pubsub/lib/python3.8/site-packages'
[1.801s] Level 1:colcon.colcon_core.shell:create_environment_hook('pubsub', 'pythonpath')
[1.802s] INFO:colcon.colcon_core.shell:Creating environment hook '/home/mark-ros2/ROS2_tutorials/install/pubsub/share/pubsub/hook/pythonpath.ps1'
[1.802s] INFO:colcon.colcon_core.shell:Creating environment descriptor '/home/mark-ros2/ROS2_tutorials/install/pubsub/share/pubsub/hook/pythonpath.dsv'
[1.803s] INFO:colcon.colcon_core.shell:Creating environment hook '/home/mark-ros2/ROS2_tutorials/install/pubsub/share/pubsub/hook/pythonpath.sh'
[1.803s] Level 1:colcon.colcon_core.environment:create_environment_scripts_only(pubsub)
[1.804s] INFO:colcon.colcon_core.shell:Creating package script '/home/mark-ros2/ROS2_tutorials/install/pubsub/share/pubsub/package.ps1'
[1.805s] INFO:colcon.colcon_core.shell:Creating package descriptor '/home/mark-ros2/ROS2_tutorials/install/pubsub/share/pubsub/package.dsv'
[1.805s] INFO:colcon.colcon_core.shell:Creating package script '/home/mark-ros2/ROS2_tutorials/install/pubsub/share/pubsub/package.sh'
[1.805s] INFO:colcon.colcon_core.shell:Creating package script '/home/mark-ros2/ROS2_tutorials/install/pubsub/share/pubsub/package.bash'
[1.806s] INFO:colcon.colcon_core.shell:Creating package script '/home/mark-ros2/ROS2_tutorials/install/pubsub/share/pubsub/package.zsh'
[1.806s] Level 1:colcon.colcon_core.environment:create_file_with_runtime_dependencies(/home/mark-ros2/ROS2_tutorials/install/pubsub/share/colcon-core/packages/pubsub)
[1.807s] Level 1:colcon.colcon_core.environment:checking '/home/mark-ros2/ROS2_tutorials/install/rqt_joy' for CMake module files
[1.808s] Level 1:colcon.colcon_core.environment:checking '/home/mark-ros2/ROS2_tutorials/install/rqt_joy' for CMake config files
[1.808s] DEBUG:colcon.colcon_core.event_handler.log_command:Invoked command in '/home/mark-ros2/ROS2_tutorials/src/rqt_joy' returned '0': PYTHONPATH=/home/mark-ros2/ROS2_tutorials/install/rqt_joy/lib/python3.8/site-packages:${PYTHONPATH} /usr/bin/python3 setup.py egg_info --egg-base ../../build/rqt_joy build --build-base /home/mark-ros2/ROS2_tutorials/build/rqt_joy/build install --prefix /home/mark-ros2/ROS2_tutorials/install/rqt_joy --record /home/mark-ros2/ROS2_tutorials/build/rqt_joy/install.log --single-version-externally-managed
[1.809s] Level 1:colcon.colcon_core.environment:checking '/home/mark-ros2/ROS2_tutorials/install/rqt_joy/lib'
[1.809s] Level 1:colcon.colcon_core.environment:checking '/home/mark-ros2/ROS2_tutorials/install/rqt_joy/bin'
[1.809s] Level 1:colcon.colcon_core.shell:create_environment_hook('rqt_joy', 'path')
[1.809s] INFO:colcon.colcon_core.shell:Creating environment hook '/home/mark-ros2/ROS2_tutorials/install/rqt_joy/share/rqt_joy/hook/path.ps1'
[1.810s] INFO:colcon.colcon_core.shell:Creating environment descriptor '/home/mark-ros2/ROS2_tutorials/install/rqt_joy/share/rqt_joy/hook/path.dsv'
[1.810s] INFO:colcon.colcon_core.shell:Creating environment hook '/home/mark-ros2/ROS2_tutorials/install/rqt_joy/share/rqt_joy/hook/path.sh'
[1.810s] Level 1:colcon.colcon_core.environment:checking '/home/mark-ros2/ROS2_tutorials/install/rqt_joy/lib/pkgconfig/rqt_joy.pc'
[1.810s] Level 1:colcon.colcon_core.environment:checking '/home/mark-ros2/ROS2_tutorials/install/rqt_joy/lib/python3.8/site-packages'
[1.810s] Level 1:colcon.colcon_core.shell:create_environment_hook('rqt_joy', 'pythonpath')
[1.811s] INFO:colcon.colcon_core.shell:Creating environment hook '/home/mark-ros2/ROS2_tutorials/install/rqt_joy/share/rqt_joy/hook/pythonpath.ps1'
[1.811s] INFO:colcon.colcon_core.shell:Creating environment descriptor '/home/mark-ros2/ROS2_tutorials/install/rqt_joy/share/rqt_joy/hook/pythonpath.dsv'
[1.812s] INFO:colcon.colcon_core.shell:Creating environment hook '/home/mark-ros2/ROS2_tutorials/install/rqt_joy/share/rqt_joy/hook/pythonpath.sh'
[1.812s] Level 1:colcon.colcon_core.environment:create_environment_scripts_only(rqt_joy)
[1.812s] INFO:colcon.colcon_core.shell:Creating package script '/home/mark-ros2/ROS2_tutorials/install/rqt_joy/share/rqt_joy/package.ps1'
[1.813s] INFO:colcon.colcon_core.shell:Creating package descriptor '/home/mark-ros2/ROS2_tutorials/install/rqt_joy/share/rqt_joy/package.dsv'
[1.813s] INFO:colcon.colcon_core.shell:Creating package script '/home/mark-ros2/ROS2_tutorials/install/rqt_joy/share/rqt_joy/package.sh'
[1.814s] INFO:colcon.colcon_core.shell:Creating package script '/home/mark-ros2/ROS2_tutorials/install/rqt_joy/share/rqt_joy/package.bash'
[1.814s] INFO:colcon.colcon_core.shell:Creating package script '/home/mark-ros2/ROS2_tutorials/install/rqt_joy/share/rqt_joy/package.zsh'
[1.814s] Level 1:colcon.colcon_core.environment:create_file_with_runtime_dependencies(/home/mark-ros2/ROS2_tutorials/install/rqt_joy/share/colcon-core/packages/rqt_joy)
[1.816s] Level 1:colcon.colcon_core.environment:checking '/home/mark-ros2/ROS2_tutorials/install/myfirstpackage' for CMake module files
[1.816s] Level 1:colcon.colcon_core.environment:checking '/home/mark-ros2/ROS2_tutorials/install/myfirstpackage' for CMake config files
[1.817s] DEBUG:colcon.colcon_core.event_handler.log_command:Invoked command in '/home/mark-ros2/ROS2_tutorials/src/myfirstpackage' returned '0': PYTHONPATH=/home/mark-ros2/ROS2_tutorials/install/myfirstpackage/lib/python3.8/site-packages:${PYTHONPATH} /usr/bin/python3 setup.py egg_info --egg-base ../../build/myfirstpackage build --build-base /home/mark-ros2/ROS2_tutorials/build/myfirstpackage/build install --prefix /home/mark-ros2/ROS2_tutorials/install/myfirstpackage --record /home/mark-ros2/ROS2_tutorials/build/myfirstpackage/install.log --single-version-externally-managed
[1.817s] Level 1:colcon.colcon_core.environment:checking '/home/mark-ros2/ROS2_tutorials/install/myfirstpackage/lib'
[1.817s] Level 1:colcon.colcon_core.environment:checking '/home/mark-ros2/ROS2_tutorials/install/myfirstpackage/bin'
[1.817s] Level 1:colcon.colcon_core.environment:checking '/home/mark-ros2/ROS2_tutorials/install/myfirstpackage/lib/pkgconfig/myfirstpackage.pc'
[1.817s] Level 1:colcon.colcon_core.environment:checking '/home/mark-ros2/ROS2_tutorials/install/myfirstpackage/lib/python3.8/site-packages'
[1.817s] Level 1:colcon.colcon_core.shell:create_environment_hook('myfirstpackage', 'pythonpath')
[1.818s] INFO:colcon.colcon_core.shell:Creating environment hook '/home/mark-ros2/ROS2_tutorials/install/myfirstpackage/share/myfirstpackage/hook/pythonpath.ps1'
[1.818s] INFO:colcon.colcon_core.shell:Creating environment descriptor '/home/mark-ros2/ROS2_tutorials/install/myfirstpackage/share/myfirstpackage/hook/pythonpath.dsv'
[1.818s] INFO:colcon.colcon_core.shell:Creating environment hook '/home/mark-ros2/ROS2_tutorials/install/myfirstpackage/share/myfirstpackage/hook/pythonpath.sh'
[1.819s] Level 1:colcon.colcon_core.environment:create_environment_scripts_only(myfirstpackage)
[1.819s] INFO:colcon.colcon_core.shell:Creating package script '/home/mark-ros2/ROS2_tutorials/install/myfirstpackage/share/myfirstpackage/package.ps1'
[1.820s] INFO:colcon.colcon_core.shell:Creating package descriptor '/home/mark-ros2/ROS2_tutorials/install/myfirstpackage/share/myfirstpackage/package.dsv'
[1.820s] INFO:colcon.colcon_core.shell:Creating package script '/home/mark-ros2/ROS2_tutorials/install/myfirstpackage/share/myfirstpackage/package.sh'
[1.820s] INFO:colcon.colcon_core.shell:Creating package script '/home/mark-ros2/ROS2_tutorials/install/myfirstpackage/share/myfirstpackage/package.bash'
[1.821s] INFO:colcon.colcon_core.shell:Creating package script '/home/mark-ros2/ROS2_tutorials/install/myfirstpackage/share/myfirstpackage/package.zsh'
[1.821s] Level 1:colcon.colcon_core.environment:create_file_with_runtime_dependencies(/home/mark-ros2/ROS2_tutorials/install/myfirstpackage/share/colcon-core/packages/myfirstpackage)
[1.832s] DEBUG:colcon.colcon_core.event_handler.log_command:Invoking command in '/home/mark-ros2/ROS2_tutorials/build/turtlesim': CMAKE_PREFIX_PATH=${CMAKE_PREFIX_PATH}:/home/mark-ros2/ROS2_tutorials/install/tb3_teleop:/home/mark-ros2/ROS2_tutorials/install/srv_examples:/home/mark-ros2/ROS2_tutorials/install/rqt_joy:/home/mark-ros2/ROS2_tutorials/install/myfirstpackage:/home/mark-ros2/ROS2_tutorials/install/hello_world:/opt/ros/foxy /usr/bin/cmake --install /home/mark-ros2/ROS2_tutorials/build/turtlesim
[1.871s] Level 1:colcon.colcon_core.environment:checking '/home/mark-ros2/ROS2_tutorials/install/hello_world' for CMake module files
[1.871s] DEBUG:colcon.colcon_core.event_handler.log_command:Invoked command in '/home/mark-ros2/ROS2_tutorials/src/hello_world' returned '0': PYTHONPATH=/home/mark-ros2/ROS2_tutorials/install/hello_world/lib/python3.8/site-packages:${PYTHONPATH} /usr/bin/python3 setup.py egg_info --egg-base ../../build/hello_world build --build-base /home/mark-ros2/ROS2_tutorials/build/hello_world/build install --prefix /home/mark-ros2/ROS2_tutorials/install/hello_world --record /home/mark-ros2/ROS2_tutorials/build/hello_world/install.log --single-version-externally-managed
[1.872s] Level 1:colcon.colcon_core.environment:checking '/home/mark-ros2/ROS2_tutorials/install/hello_world' for CMake config files
[1.872s] Level 1:colcon.colcon_core.environment:checking '/home/mark-ros2/ROS2_tutorials/install/hello_world/lib'
[1.872s] Level 1:colcon.colcon_core.environment:checking '/home/mark-ros2/ROS2_tutorials/install/hello_world/bin'
[1.872s] Level 1:colcon.colcon_core.environment:checking '/home/mark-ros2/ROS2_tutorials/install/hello_world/lib/pkgconfig/hello_world.pc'
[1.872s] Level 1:colcon.colcon_core.environment:checking '/home/mark-ros2/ROS2_tutorials/install/hello_world/lib/python3.8/site-packages'
[1.872s] Level 1:colcon.colcon_core.shell:create_environment_hook('hello_world', 'pythonpath')
[1.873s] INFO:colcon.colcon_core.shell:Creating environment hook '/home/mark-ros2/ROS2_tutorials/install/hello_world/share/hello_world/hook/pythonpath.ps1'
[1.873s] INFO:colcon.colcon_core.shell:Creating environment descriptor '/home/mark-ros2/ROS2_tutorials/install/hello_world/share/hello_world/hook/pythonpath.dsv'
[1.874s] INFO:colcon.colcon_core.shell:Creating environment hook '/home/mark-ros2/ROS2_tutorials/install/hello_world/share/hello_world/hook/pythonpath.sh'
[1.874s] Level 1:colcon.colcon_core.environment:create_environment_scripts_only(hello_world)
[1.875s] INFO:colcon.colcon_core.shell:Creating package script '/home/mark-ros2/ROS2_tutorials/install/hello_world/share/hello_world/package.ps1'
[1.875s] INFO:colcon.colcon_core.shell:Creating package descriptor '/home/mark-ros2/ROS2_tutorials/install/hello_world/share/hello_world/package.dsv'
[1.875s] INFO:colcon.colcon_core.shell:Creating package script '/home/mark-ros2/ROS2_tutorials/install/hello_world/share/hello_world/package.sh'
[1.876s] INFO:colcon.colcon_core.shell:Creating package script '/home/mark-ros2/ROS2_tutorials/install/hello_world/share/hello_world/package.bash'
[1.877s] INFO:colcon.colcon_core.shell:Creating package script '/home/mark-ros2/ROS2_tutorials/install/hello_world/share/hello_world/package.zsh'
[1.877s] Level 1:colcon.colcon_core.environment:create_file_with_runtime_dependencies(/home/mark-ros2/ROS2_tutorials/install/hello_world/share/colcon-core/packages/hello_world)
[1.880s] Level 1:colcon.colcon_core.environment:checking '/home/mark-ros2/ROS2_tutorials/install/tb3_teleop' for CMake module files
[1.881s] Level 1:colcon.colcon_core.environment:checking '/home/mark-ros2/ROS2_tutorials/install/tb3_teleop' for CMake config files
[1.883s] Level 1:colcon.colcon_core.environment:checking '/home/mark-ros2/ROS2_tutorials/install/tb3_teleop/lib'
[1.883s] Level 1:colcon.colcon_core.environment:checking '/home/mark-ros2/ROS2_tutorials/install/tb3_teleop/bin'
[1.883s] Level 1:colcon.colcon_core.environment:checking '/home/mark-ros2/ROS2_tutorials/install/tb3_teleop/lib/pkgconfig/tb3_teleop.pc'
[1.883s] Level 1:colcon.colcon_core.environment:checking '/home/mark-ros2/ROS2_tutorials/install/tb3_teleop/lib/python3.8/site-packages'
[1.884s] Level 1:colcon.colcon_core.shell:create_environment_hook('tb3_teleop', 'pythonpath')
[1.884s] INFO:colcon.colcon_core.shell:Creating environment hook '/home/mark-ros2/ROS2_tutorials/install/tb3_teleop/share/tb3_teleop/hook/pythonpath.ps1'
[1.885s] INFO:colcon.colcon_core.shell:Creating environment descriptor '/home/mark-ros2/ROS2_tutorials/install/tb3_teleop/share/tb3_teleop/hook/pythonpath.dsv'
[1.885s] INFO:colcon.colcon_core.shell:Creating environment hook '/home/mark-ros2/ROS2_tutorials/install/tb3_teleop/share/tb3_teleop/hook/pythonpath.sh'
[1.886s] Level 1:colcon.colcon_core.environment:create_environment_scripts_only(tb3_teleop)
[1.886s] DEBUG:colcon.colcon_core.event_handler.log_command:Invoked command in '/home/mark-ros2/ROS2_tutorials/src/tb3_teleop' returned '0': PYTHONPATH=/home/mark-ros2/ROS2_tutorials/install/tb3_teleop/lib/python3.8/site-packages:${PYTHONPATH} /usr/bin/python3 setup.py egg_info --egg-base ../../build/tb3_teleop build --build-base /home/mark-ros2/ROS2_tutorials/build/tb3_teleop/build install --prefix /home/mark-ros2/ROS2_tutorials/install/tb3_teleop --record /home/mark-ros2/ROS2_tutorials/build/tb3_teleop/install.log --single-version-externally-managed
[1.887s] INFO:colcon.colcon_core.shell:Creating package script '/home/mark-ros2/ROS2_tutorials/install/tb3_teleop/share/tb3_teleop/package.ps1'
[1.887s] INFO:colcon.colcon_core.shell:Creating package descriptor '/home/mark-ros2/ROS2_tutorials/install/tb3_teleop/share/tb3_teleop/package.dsv'
[1.888s] INFO:colcon.colcon_core.shell:Creating package script '/home/mark-ros2/ROS2_tutorials/install/tb3_teleop/share/tb3_teleop/package.sh'
[1.889s] INFO:colcon.colcon_core.shell:Creating package script '/home/mark-ros2/ROS2_tutorials/install/tb3_teleop/share/tb3_teleop/package.bash'
[1.889s] INFO:colcon.colcon_core.shell:Creating package script '/home/mark-ros2/ROS2_tutorials/install/tb3_teleop/share/tb3_teleop/package.zsh'
[1.889s] Level 1:colcon.colcon_core.environment:create_file_with_runtime_dependencies(/home/mark-ros2/ROS2_tutorials/install/tb3_teleop/share/colcon-core/packages/tb3_teleop)
[1.890s] Level 1:colcon.colcon_core.environment:create_environment_scripts_only(turtlesim)
[1.891s] Level 1:colcon.colcon_core.environment:checking '/home/mark-ros2/ROS2_tutorials/install/turtlesim' for CMake module files
[1.892s] Level 1:colcon.colcon_core.environment:checking '/home/mark-ros2/ROS2_tutorials/install/turtlesim' for CMake config files
[1.893s] Level 1:colcon.colcon_core.shell:create_environment_hook('turtlesim', 'cmake_prefix_path')
[1.894s] INFO:colcon.colcon_core.shell:Creating environment hook '/home/mark-ros2/ROS2_tutorials/install/turtlesim/share/turtlesim/hook/cmake_prefix_path.ps1'
[1.894s] INFO:colcon.colcon_core.shell:Creating environment descriptor '/home/mark-ros2/ROS2_tutorials/install/turtlesim/share/turtlesim/hook/cmake_prefix_path.dsv'
[1.895s] INFO:colcon.colcon_core.shell:Creating environment hook '/home/mark-ros2/ROS2_tutorials/install/turtlesim/share/turtlesim/hook/cmake_prefix_path.sh'
[1.895s] Level 1:colcon.colcon_core.environment:checking '/home/mark-ros2/ROS2_tutorials/install/turtlesim/lib'
[1.896s] Level 1:colcon.colcon_core.shell:create_environment_hook('turtlesim', 'ld_library_path_lib')
[1.896s] INFO:colcon.colcon_core.shell:Creating environment hook '/home/mark-ros2/ROS2_tutorials/install/turtlesim/share/turtlesim/hook/ld_library_path_lib.ps1'
[1.896s] DEBUG:colcon.colcon_core.event_handler.log_command:Invoked command in '/home/mark-ros2/ROS2_tutorials/build/turtlesim' returned '0': CMAKE_PREFIX_PATH=${CMAKE_PREFIX_PATH}:/home/mark-ros2/ROS2_tutorials/install/tb3_teleop:/home/mark-ros2/ROS2_tutorials/install/srv_examples:/home/mark-ros2/ROS2_tutorials/install/rqt_joy:/home/mark-ros2/ROS2_tutorials/install/myfirstpackage:/home/mark-ros2/ROS2_tutorials/install/hello_world:/opt/ros/foxy /usr/bin/cmake --install /home/mark-ros2/ROS2_tutorials/build/turtlesim
[1.897s] INFO:colcon.colcon_core.shell:Creating environment descriptor '/home/mark-ros2/ROS2_tutorials/install/turtlesim/share/turtlesim/hook/ld_library_path_lib.dsv'
[1.897s] INFO:colcon.colcon_core.shell:Creating environment hook '/home/mark-ros2/ROS2_tutorials/install/turtlesim/share/turtlesim/hook/ld_library_path_lib.sh'
[1.897s] Level 1:colcon.colcon_core.environment:checking '/home/mark-ros2/ROS2_tutorials/install/turtlesim/bin'
[1.897s] Level 1:colcon.colcon_core.environment:checking '/home/mark-ros2/ROS2_tutorials/install/turtlesim/lib/pkgconfig/turtlesim.pc'
[1.897s] Level 1:colcon.colcon_core.environment:checking '/home/mark-ros2/ROS2_tutorials/install/turtlesim/lib/python3.8/site-packages'
[1.897s] Level 1:colcon.colcon_core.shell:create_environment_hook('turtlesim', 'pythonpath')
[1.898s] INFO:colcon.colcon_core.shell:Creating environment hook '/home/mark-ros2/ROS2_tutorials/install/turtlesim/share/turtlesim/hook/pythonpath.ps1'
[1.898s] INFO:colcon.colcon_core.shell:Creating environment descriptor '/home/mark-ros2/ROS2_tutorials/install/turtlesim/share/turtlesim/hook/pythonpath.dsv'
[1.898s] INFO:colcon.colcon_core.shell:Creating environment hook '/home/mark-ros2/ROS2_tutorials/install/turtlesim/share/turtlesim/hook/pythonpath.sh'
[1.899s] INFO:colcon.colcon_core.shell:Creating package script '/home/mark-ros2/ROS2_tutorials/install/turtlesim/share/turtlesim/package.ps1'
[1.900s] INFO:colcon.colcon_core.shell:Creating package descriptor '/home/mark-ros2/ROS2_tutorials/install/turtlesim/share/turtlesim/package.dsv'
[1.900s] INFO:colcon.colcon_core.shell:Creating package script '/home/mark-ros2/ROS2_tutorials/install/turtlesim/share/turtlesim/package.sh'
[1.900s] INFO:colcon.colcon_core.shell:Creating package script '/home/mark-ros2/ROS2_tutorials/install/turtlesim/share/turtlesim/package.bash'
[1.901s] INFO:colcon.colcon_core.shell:Creating package script '/home/mark-ros2/ROS2_tutorials/install/turtlesim/share/turtlesim/package.zsh'
[1.901s] Level 1:colcon.colcon_core.environment:create_file_with_runtime_dependencies(/home/mark-ros2/ROS2_tutorials/install/turtlesim/share/colcon-core/packages/turtlesim)
[2.000s] Level 1:colcon.colcon_core.environment:create_environment_scripts_only(turtlesim)
[2.000s] Level 1:colcon.colcon_core.environment:checking '/home/mark-ros2/ROS2_tutorials/install/turtlesim' for CMake module files
[2.001s] Level 1:colcon.colcon_core.environment:checking '/home/mark-ros2/ROS2_tutorials/install/turtlesim' for CMake config files
[2.001s] Level 1:colcon.colcon_core.shell:create_environment_hook('turtlesim', 'cmake_prefix_path')
[2.001s] INFO:colcon.colcon_core.shell:Creating environment hook '/home/mark-ros2/ROS2_tutorials/install/turtlesim/share/turtlesim/hook/cmake_prefix_path.ps1'
[2.002s] INFO:colcon.colcon_core.shell:Creating environment descriptor '/home/mark-ros2/ROS2_tutorials/install/turtlesim/share/turtlesim/hook/cmake_prefix_path.dsv'
[2.002s] INFO:colcon.colcon_core.shell:Creating environment hook '/home/mark-ros2/ROS2_tutorials/install/turtlesim/share/turtlesim/hook/cmake_prefix_path.sh'
[2.002s] Level 1:colcon.colcon_core.environment:checking '/home/mark-ros2/ROS2_tutorials/install/turtlesim/lib'
[2.002s] Level 1:colcon.colcon_core.shell:create_environment_hook('turtlesim', 'ld_library_path_lib')
[2.003s] INFO:colcon.colcon_core.shell:Creating environment hook '/home/mark-ros2/ROS2_tutorials/install/turtlesim/share/turtlesim/hook/ld_library_path_lib.ps1'
[2.003s] INFO:colcon.colcon_core.shell:Creating environment descriptor '/home/mark-ros2/ROS2_tutorials/install/turtlesim/share/turtlesim/hook/ld_library_path_lib.dsv'
[2.003s] INFO:colcon.colcon_core.shell:Creating environment hook '/home/mark-ros2/ROS2_tutorials/install/turtlesim/share/turtlesim/hook/ld_library_path_lib.sh'
[2.003s] Level 1:colcon.colcon_core.environment:checking '/home/mark-ros2/ROS2_tutorials/install/turtlesim/bin'
[2.003s] Level 1:colcon.colcon_core.environment:checking '/home/mark-ros2/ROS2_tutorials/install/turtlesim/lib/pkgconfig/turtlesim.pc'
[2.003s] Level 1:colcon.colcon_core.environment:checking '/home/mark-ros2/ROS2_tutorials/install/turtlesim/lib/python3.8/site-packages'
[2.003s] Level 1:colcon.colcon_core.shell:create_environment_hook('turtlesim', 'pythonpath')
[2.004s] INFO:colcon.colcon_core.shell:Creating environment hook '/home/mark-ros2/ROS2_tutorials/install/turtlesim/share/turtlesim/hook/pythonpath.ps1'
[2.004s] INFO:colcon.colcon_core.shell:Creating environment descriptor '/home/mark-ros2/ROS2_tutorials/install/turtlesim/share/turtlesim/hook/pythonpath.dsv'
[2.004s] INFO:colcon.colcon_core.shell:Creating environment hook '/home/mark-ros2/ROS2_tutorials/install/turtlesim/share/turtlesim/hook/pythonpath.sh'
[2.005s] INFO:colcon.colcon_core.shell:Creating package script '/home/mark-ros2/ROS2_tutorials/install/turtlesim/share/turtlesim/package.ps1'
[2.005s] INFO:colcon.colcon_core.shell:Creating package descriptor '/home/mark-ros2/ROS2_tutorials/install/turtlesim/share/turtlesim/package.dsv'
[2.006s] INFO:colcon.colcon_core.shell:Creating package script '/home/mark-ros2/ROS2_tutorials/install/turtlesim/share/turtlesim/package.sh'
[2.006s] INFO:colcon.colcon_core.shell:Creating package script '/home/mark-ros2/ROS2_tutorials/install/turtlesim/share/turtlesim/package.bash'
[2.006s] INFO:colcon.colcon_core.shell:Creating package script '/home/mark-ros2/ROS2_tutorials/install/turtlesim/share/turtlesim/package.zsh'
[2.007s] Level 1:colcon.colcon_core.environment:create_file_with_runtime_dependencies(/home/mark-ros2/ROS2_tutorials/install/turtlesim/share/colcon-core/packages/turtlesim)
[2.007s] DEBUG:colcon.colcon_parallel_executor.executor.parallel:closing loop
[2.007s] DEBUG:colcon.colcon_parallel_executor.executor.parallel:loop closed
[2.007s] DEBUG:colcon.colcon_parallel_executor.executor.parallel:run_until_complete finished with '0'
[2.007s] DEBUG:colcon.colcon_core.event_reactor:joining thread
[2.012s] INFO:colcon.colcon_core.plugin_system:Skipping extension 'colcon_notification.desktop_notification.terminal_notifier': Not used on non-Darwin systems
[2.012s] INFO:colcon.colcon_core.plugin_system:Skipping extension 'colcon_notification.desktop_notification.win32': Not used on non-Windows systems
[2.012s] INFO:colcon.colcon_notification.desktop_notification:Sending desktop notification using 'notify2'
[2.022s] DEBUG:colcon.colcon_core.event_reactor:joined thread
[2.022s] INFO:colcon.colcon_core.shell:Creating prefix script '/home/mark-ros2/ROS2_tutorials/install/local_setup.ps1'
[2.023s] INFO:colcon.colcon_core.shell:Creating prefix util module '/home/mark-ros2/ROS2_tutorials/install/_local_setup_util_ps1.py'
[2.024s] INFO:colcon.colcon_core.shell:Creating prefix chain script '/home/mark-ros2/ROS2_tutorials/install/setup.ps1'
[2.026s] INFO:colcon.colcon_core.shell:Creating prefix script '/home/mark-ros2/ROS2_tutorials/install/local_setup.sh'
[2.026s] INFO:colcon.colcon_core.shell:Creating prefix util module '/home/mark-ros2/ROS2_tutorials/install/_local_setup_util_sh.py'
[2.026s] INFO:colcon.colcon_core.shell:Creating prefix chain script '/home/mark-ros2/ROS2_tutorials/install/setup.sh'
[2.028s] INFO:colcon.colcon_core.shell:Creating prefix script '/home/mark-ros2/ROS2_tutorials/install/local_setup.bash'
[2.028s] INFO:colcon.colcon_core.shell:Creating prefix chain script '/home/mark-ros2/ROS2_tutorials/install/setup.bash'
[2.030s] INFO:colcon.colcon_core.shell:Creating prefix script '/home/mark-ros2/ROS2_tutorials/install/local_setup.zsh'
[2.030s] INFO:colcon.colcon_core.shell:Creating prefix chain script '/home/mark-ros2/ROS2_tutorials/install/setup.zsh'
