[0.984s] Invoking command in '/home/mark-ros2/ROS2_tutorials/src/pubsub': PYTHONPATH=/home/mark-ros2/ROS2_tutorials/src/install/pubsub/lib/python3.8/site-packages:${PYTHONPATH} /usr/bin/python3 setup.py egg_info --egg-base ../build/pubsub build --build-base /home/mark-ros2/ROS2_tutorials/src/build/pubsub/build install --prefix /home/mark-ros2/ROS2_tutorials/src/install/pubsub --record /home/mark-ros2/ROS2_tutorials/src/build/pubsub/install.log --single-version-externally-managed
[1.179s] running egg_info
[1.179s] creating ../build/pubsub/pubsub.egg-info
[1.180s] writing ../build/pubsub/pubsub.egg-info/PKG-INFO
[1.180s] writing dependency_links to ../build/pubsub/pubsub.egg-info/dependency_links.txt
[1.180s] writing entry points to ../build/pubsub/pubsub.egg-info/entry_points.txt
[1.180s] writing requirements to ../build/pubsub/pubsub.egg-info/requires.txt
[1.180s] writing top-level names to ../build/pubsub/pubsub.egg-info/top_level.txt
[1.182s] writing manifest file '../build/pubsub/pubsub.egg-info/SOURCES.txt'
[1.229s] reading manifest file '../build/pubsub/pubsub.egg-info/SOURCES.txt'
[1.230s] writing manifest file '../build/pubsub/pubsub.egg-info/SOURCES.txt'
[1.231s] running build
[1.231s] running build_py
[1.231s] creating /home/mark-ros2/ROS2_tutorials/src/build/pubsub/build
[1.231s] creating /home/mark-ros2/ROS2_tutorials/src/build/pubsub/build/lib
[1.231s] creating /home/mark-ros2/ROS2_tutorials/src/build/pubsub/build/lib/pubsub
[1.231s] copying pubsub/__init__.py -> /home/mark-ros2/ROS2_tutorials/src/build/pubsub/build/lib/pubsub
[1.231s] copying pubsub/publisher.py -> /home/mark-ros2/ROS2_tutorials/src/build/pubsub/build/lib/pubsub
[1.232s] copying pubsub/subscriber.py -> /home/mark-ros2/ROS2_tutorials/src/build/pubsub/build/lib/pubsub
[1.232s] running install
[1.233s] running install_lib
[1.234s] creating /home/mark-ros2/ROS2_tutorials/src/install/pubsub/lib/python3.8/site-packages/pubsub
[1.234s] copying /home/mark-ros2/ROS2_tutorials/src/build/pubsub/build/lib/pubsub/__init__.py -> /home/mark-ros2/ROS2_tutorials/src/install/pubsub/lib/python3.8/site-packages/pubsub
[1.234s] copying /home/mark-ros2/ROS2_tutorials/src/build/pubsub/build/lib/pubsub/publisher.py -> /home/mark-ros2/ROS2_tutorials/src/install/pubsub/lib/python3.8/site-packages/pubsub
[1.234s] copying /home/mark-ros2/ROS2_tutorials/src/build/pubsub/build/lib/pubsub/subscriber.py -> /home/mark-ros2/ROS2_tutorials/src/install/pubsub/lib/python3.8/site-packages/pubsub
[1.235s] byte-compiling /home/mark-ros2/ROS2_tutorials/src/install/pubsub/lib/python3.8/site-packages/pubsub/__init__.py to __init__.cpython-38.pyc
[1.237s] byte-compiling /home/mark-ros2/ROS2_tutorials/src/install/pubsub/lib/python3.8/site-packages/pubsub/publisher.py to publisher.cpython-38.pyc
[1.237s] byte-compiling /home/mark-ros2/ROS2_tutorials/src/install/pubsub/lib/python3.8/site-packages/pubsub/subscriber.py to subscriber.cpython-38.pyc
[1.237s] running install_data
[1.238s] creating /home/mark-ros2/ROS2_tutorials/src/install/pubsub/share/ament_index
[1.238s] creating /home/mark-ros2/ROS2_tutorials/src/install/pubsub/share/ament_index/resource_index
[1.238s] creating /home/mark-ros2/ROS2_tutorials/src/install/pubsub/share/ament_index/resource_index/packages
[1.239s] copying resource/pubsub -> /home/mark-ros2/ROS2_tutorials/src/install/pubsub/share/ament_index/resource_index/packages
[1.239s] copying package.xml -> /home/mark-ros2/ROS2_tutorials/src/install/pubsub/share/pubsub
[1.239s] running install_egg_info
[1.241s] Copying ../build/pubsub/pubsub.egg-info to /home/mark-ros2/ROS2_tutorials/src/install/pubsub/lib/python3.8/site-packages/pubsub-0.0.0-py3.8.egg-info
[1.242s] running install_scripts
[1.270s] Installing publisher script to /home/mark-ros2/ROS2_tutorials/src/install/pubsub/lib/pubsub
[1.270s] Installing subscriber script to /home/mark-ros2/ROS2_tutorials/src/install/pubsub/lib/pubsub
[1.270s] writing list of installed files to '/home/mark-ros2/ROS2_tutorials/src/build/pubsub/install.log'
[1.298s] Invoked command in '/home/mark-ros2/ROS2_tutorials/src/pubsub' returned '0': PYTHONPATH=/home/mark-ros2/ROS2_tutorials/src/install/pubsub/lib/python3.8/site-packages:${PYTHONPATH} /usr/bin/python3 setup.py egg_info --egg-base ../build/pubsub build --build-base /home/mark-ros2/ROS2_tutorials/src/build/pubsub/build install --prefix /home/mark-ros2/ROS2_tutorials/src/install/pubsub --record /home/mark-ros2/ROS2_tutorials/src/build/pubsub/install.log --single-version-externally-managed
