[0.747s] Invoking command in '/home/mark-ros2/ROS2_tutorials/src/myfirstpackage': PYTHONPATH=/home/mark-ros2/ROS2_tutorials/install/myfirstpackage/lib/python3.8/site-packages:${PYTHONPATH} /usr/bin/python3 setup.py egg_info --egg-base ../../build/myfirstpackage build --build-base /home/mark-ros2/ROS2_tutorials/build/myfirstpackage/build install --prefix /home/mark-ros2/ROS2_tutorials/install/myfirstpackage --record /home/mark-ros2/ROS2_tutorials/build/myfirstpackage/install.log --single-version-externally-managed
[0.920s] running egg_info
[0.920s] writing ../../build/myfirstpackage/myfirstpackage.egg-info/PKG-INFO
[0.922s] writing dependency_links to ../../build/myfirstpackage/myfirstpackage.egg-info/dependency_links.txt
[0.922s] writing entry points to ../../build/myfirstpackage/myfirstpackage.egg-info/entry_points.txt
[0.922s] writing requirements to ../../build/myfirstpackage/myfirstpackage.egg-info/requires.txt
[0.922s] writing top-level names to ../../build/myfirstpackage/myfirstpackage.egg-info/top_level.txt
[0.946s] reading manifest file '../../build/myfirstpackage/myfirstpackage.egg-info/SOURCES.txt'
[0.947s] writing manifest file '../../build/myfirstpackage/myfirstpackage.egg-info/SOURCES.txt'
[0.947s] running build
[0.948s] running build_py
[0.948s] running install
[0.948s] running install_lib
[0.949s] running install_data
[0.950s] running install_egg_info
[0.951s] removing '/home/mark-ros2/ROS2_tutorials/install/myfirstpackage/lib/python3.8/site-packages/myfirstpackage-0.0.0-py3.8.egg-info' (and everything under it)
[0.951s] Copying ../../build/myfirstpackage/myfirstpackage.egg-info to /home/mark-ros2/ROS2_tutorials/install/myfirstpackage/lib/python3.8/site-packages/myfirstpackage-0.0.0-py3.8.egg-info
[0.952s] running install_scripts
[0.965s] Installing myfirstnode script to /home/mark-ros2/ROS2_tutorials/install/myfirstpackage/lib/myfirstpackage
[0.965s] Installing param_node script to /home/mark-ros2/ROS2_tutorials/install/myfirstpackage/lib/myfirstpackage
[0.966s] writing list of installed files to '/home/mark-ros2/ROS2_tutorials/build/myfirstpackage/install.log'
[1.001s] Invoked command in '/home/mark-ros2/ROS2_tutorials/src/myfirstpackage' returned '0': PYTHONPATH=/home/mark-ros2/ROS2_tutorials/install/myfirstpackage/lib/python3.8/site-packages:${PYTHONPATH} /usr/bin/python3 setup.py egg_info --egg-base ../../build/myfirstpackage build --build-base /home/mark-ros2/ROS2_tutorials/build/myfirstpackage/build install --prefix /home/mark-ros2/ROS2_tutorials/install/myfirstpackage --record /home/mark-ros2/ROS2_tutorials/build/myfirstpackage/install.log --single-version-externally-managed
