[0.761s] Invoking command in '/home/mark-ros2/ROS2_tutorials/src/hello_world': PYTHONPATH=/home/mark-ros2/ROS2_tutorials/install/hello_world/lib/python3.8/site-packages:${PYTHONPATH} /usr/bin/python3 setup.py egg_info --egg-base ../../build/hello_world build --build-base /home/mark-ros2/ROS2_tutorials/build/hello_world/build install --prefix /home/mark-ros2/ROS2_tutorials/install/hello_world --record /home/mark-ros2/ROS2_tutorials/build/hello_world/install.log --single-version-externally-managed
[0.976s] running egg_info
[0.977s] writing ../../build/hello_world/hello_world.egg-info/PKG-INFO
[0.977s] writing dependency_links to ../../build/hello_world/hello_world.egg-info/dependency_links.txt
[0.977s] writing entry points to ../../build/hello_world/hello_world.egg-info/entry_points.txt
[0.977s] writing requirements to ../../build/hello_world/hello_world.egg-info/requires.txt
[0.978s] writing top-level names to ../../build/hello_world/hello_world.egg-info/top_level.txt
[1.007s] reading manifest file '../../build/hello_world/hello_world.egg-info/SOURCES.txt'
[1.007s] writing manifest file '../../build/hello_world/hello_world.egg-info/SOURCES.txt'
[1.007s] running build
[1.008s] running build_py
[1.008s] running install
[1.009s] running install_lib
[1.010s] running install_data
[1.010s] running install_egg_info
[1.012s] removing '/home/mark-ros2/ROS2_tutorials/install/hello_world/lib/python3.8/site-packages/hello_world-0.0.0-py3.8.egg-info' (and everything under it)
[1.012s] Copying ../../build/hello_world/hello_world.egg-info to /home/mark-ros2/ROS2_tutorials/install/hello_world/lib/python3.8/site-packages/hello_world-0.0.0-py3.8.egg-info
[1.013s] running install_scripts
[1.029s] Installing hello_world script to /home/mark-ros2/ROS2_tutorials/install/hello_world/lib/hello_world
[1.030s] writing list of installed files to '/home/mark-ros2/ROS2_tutorials/build/hello_world/install.log'
[1.071s] Invoked command in '/home/mark-ros2/ROS2_tutorials/src/hello_world' returned '0': PYTHONPATH=/home/mark-ros2/ROS2_tutorials/install/hello_world/lib/python3.8/site-packages:${PYTHONPATH} /usr/bin/python3 setup.py egg_info --egg-base ../../build/hello_world build --build-base /home/mark-ros2/ROS2_tutorials/build/hello_world/build install --prefix /home/mark-ros2/ROS2_tutorials/install/hello_world --record /home/mark-ros2/ROS2_tutorials/build/hello_world/install.log --single-version-externally-managed
