[0.981s] Invoking command in '/home/mark-ros2/ROS2_tutorials/src/rqt_joy': PYTHONPATH=/home/mark-ros2/ROS2_tutorials/src/install/rqt_joy/lib/python3.8/site-packages:${PYTHONPATH} /usr/bin/python3 setup.py egg_info --egg-base ../build/rqt_joy build --build-base /home/mark-ros2/ROS2_tutorials/src/build/rqt_joy/build install --prefix /home/mark-ros2/ROS2_tutorials/src/install/rqt_joy --record /home/mark-ros2/ROS2_tutorials/src/build/rqt_joy/install.log --single-version-externally-managed
[1.163s] running egg_info
[1.164s] creating ../build/rqt_joy/rqt_joy.egg-info
[1.164s] writing ../build/rqt_joy/rqt_joy.egg-info/PKG-INFO
[1.164s] writing dependency_links to ../build/rqt_joy/rqt_joy.egg-info/dependency_links.txt
[1.164s] writing requirements to ../build/rqt_joy/rqt_joy.egg-info/requires.txt
[1.165s] writing top-level names to ../build/rqt_joy/rqt_joy.egg-info/top_level.txt
[1.166s] writing manifest file '../build/rqt_joy/rqt_joy.egg-info/SOURCES.txt'
[1.199s] reading manifest file '../build/rqt_joy/rqt_joy.egg-info/SOURCES.txt'
[1.201s] writing manifest file '../build/rqt_joy/rqt_joy.egg-info/SOURCES.txt'
[1.201s] running build
[1.201s] running build_py
[1.201s] creating /home/mark-ros2/ROS2_tutorials/src/build/rqt_joy/build
[1.202s] creating /home/mark-ros2/ROS2_tutorials/src/build/rqt_joy/build/lib
[1.202s] creating /home/mark-ros2/ROS2_tutorials/src/build/rqt_joy/build/lib/rqt_joy
[1.202s] copying src/rqt_joy/__init__.py -> /home/mark-ros2/ROS2_tutorials/src/build/rqt_joy/build/lib/rqt_joy
[1.202s] copying src/rqt_joy/joy.py -> /home/mark-ros2/ROS2_tutorials/src/build/rqt_joy/build/lib/rqt_joy
[1.202s] running build_scripts
[1.202s] creating /home/mark-ros2/ROS2_tutorials/src/build/rqt_joy/build/scripts-3.8
[1.203s] copying and adjusting scripts/rqt_joy -> /home/mark-ros2/ROS2_tutorials/src/build/rqt_joy/build/scripts-3.8
[1.203s] changing mode of /home/mark-ros2/ROS2_tutorials/src/build/rqt_joy/build/scripts-3.8/rqt_joy from 664 to 775
[1.203s] running install
[1.203s] running install_lib
[1.203s] creating /home/mark-ros2/ROS2_tutorials/src/install/rqt_joy/lib/python3.8/site-packages/rqt_joy
[1.203s] copying /home/mark-ros2/ROS2_tutorials/src/build/rqt_joy/build/lib/rqt_joy/__init__.py -> /home/mark-ros2/ROS2_tutorials/src/install/rqt_joy/lib/python3.8/site-packages/rqt_joy
[1.203s] copying /home/mark-ros2/ROS2_tutorials/src/build/rqt_joy/build/lib/rqt_joy/joy.py -> /home/mark-ros2/ROS2_tutorials/src/install/rqt_joy/lib/python3.8/site-packages/rqt_joy
[1.205s] byte-compiling /home/mark-ros2/ROS2_tutorials/src/install/rqt_joy/lib/python3.8/site-packages/rqt_joy/__init__.py to __init__.cpython-38.pyc
[1.205s] byte-compiling /home/mark-ros2/ROS2_tutorials/src/install/rqt_joy/lib/python3.8/site-packages/rqt_joy/joy.py to joy.cpython-38.pyc
[1.207s] running install_data
[1.207s] creating /home/mark-ros2/ROS2_tutorials/src/install/rqt_joy/share/ament_index
[1.208s] creating /home/mark-ros2/ROS2_tutorials/src/install/rqt_joy/share/ament_index/resource_index
[1.208s] creating /home/mark-ros2/ROS2_tutorials/src/install/rqt_joy/share/ament_index/resource_index/packages
[1.208s] copying resource/rqt_joy -> /home/mark-ros2/ROS2_tutorials/src/install/rqt_joy/share/ament_index/resource_index/packages
[1.208s] creating /home/mark-ros2/ROS2_tutorials/src/install/rqt_joy/share/rqt_joy/resource
[1.208s] copying resource/VirtualJoy.ui -> /home/mark-ros2/ROS2_tutorials/src/install/rqt_joy/share/rqt_joy/resource
[1.208s] copying package.xml -> /home/mark-ros2/ROS2_tutorials/src/install/rqt_joy/share/rqt_joy
[1.209s] copying plugin.xml -> /home/mark-ros2/ROS2_tutorials/src/install/rqt_joy/share/rqt_joy
[1.209s] creating /home/mark-ros2/ROS2_tutorials/src/install/rqt_joy/lib/rqt_joy
[1.209s] copying scripts/rqt_joy -> /home/mark-ros2/ROS2_tutorials/src/install/rqt_joy/lib/rqt_joy
[1.209s] running install_egg_info
[1.210s] Copying ../build/rqt_joy/rqt_joy.egg-info to /home/mark-ros2/ROS2_tutorials/src/install/rqt_joy/lib/python3.8/site-packages/rqt_joy-1.0.0-py3.8.egg-info
[1.210s] running install_scripts
[1.221s] creating /home/mark-ros2/ROS2_tutorials/src/install/rqt_joy/bin
[1.222s] copying /home/mark-ros2/ROS2_tutorials/src/build/rqt_joy/build/scripts-3.8/rqt_joy -> /home/mark-ros2/ROS2_tutorials/src/install/rqt_joy/bin
[1.222s] changing mode of /home/mark-ros2/ROS2_tutorials/src/install/rqt_joy/bin/rqt_joy to 775
[1.223s] writing list of installed files to '/home/mark-ros2/ROS2_tutorials/src/build/rqt_joy/install.log'
[1.248s] Invoked command in '/home/mark-ros2/ROS2_tutorials/src/rqt_joy' returned '0': PYTHONPATH=/home/mark-ros2/ROS2_tutorials/src/install/rqt_joy/lib/python3.8/site-packages:${PYTHONPATH} /usr/bin/python3 setup.py egg_info --egg-base ../build/rqt_joy build --build-base /home/mark-ros2/ROS2_tutorials/src/build/rqt_joy/build install --prefix /home/mark-ros2/ROS2_tutorials/src/install/rqt_joy --record /home/mark-ros2/ROS2_tutorials/src/build/rqt_joy/install.log --single-version-externally-managed
