[0.798s] Invoking command in '/home/mark-ros2/ROS2_tutorials/src/srv_examples': PYTHONPATH=/home/mark-ros2/ROS2_tutorials/install/srv_examples/lib/python3.8/site-packages:${PYTHONPATH} /usr/bin/python3 setup.py egg_info --egg-base ../../build/srv_examples build --build-base /home/mark-ros2/ROS2_tutorials/build/srv_examples/build install --prefix /home/mark-ros2/ROS2_tutorials/install/srv_examples --record /home/mark-ros2/ROS2_tutorials/build/srv_examples/install.log --single-version-externally-managed
[1.011s] running egg_info
[1.012s] writing ../../build/srv_examples/srv_examples.egg-info/PKG-INFO
[1.012s] writing dependency_links to ../../build/srv_examples/srv_examples.egg-info/dependency_links.txt
[1.013s] writing entry points to ../../build/srv_examples/srv_examples.egg-info/entry_points.txt
[1.013s] writing requirements to ../../build/srv_examples/srv_examples.egg-info/requires.txt
[1.013s] writing top-level names to ../../build/srv_examples/srv_examples.egg-info/top_level.txt
[1.062s] reading manifest file '../../build/srv_examples/srv_examples.egg-info/SOURCES.txt'
[1.063s] writing manifest file '../../build/srv_examples/srv_examples.egg-info/SOURCES.txt'
[1.063s] running build
[1.064s] running build_py
[1.064s] copying srv_examples/close_gripper_service_server.py -> /home/mark-ros2/ROS2_tutorials/build/srv_examples/build/lib/srv_examples
[1.064s] running install
[1.065s] running install_lib
[1.066s] copying /home/mark-ros2/ROS2_tutorials/build/srv_examples/build/lib/srv_examples/close_gripper_service_server.py -> /home/mark-ros2/ROS2_tutorials/install/srv_examples/lib/python3.8/site-packages/srv_examples
[1.067s] byte-compiling /home/mark-ros2/ROS2_tutorials/install/srv_examples/lib/python3.8/site-packages/srv_examples/close_gripper_service_server.py to close_gripper_service_server.cpython-38.pyc
[1.069s] running install_data
[1.070s] running install_egg_info
[1.072s] removing '/home/mark-ros2/ROS2_tutorials/install/srv_examples/lib/python3.8/site-packages/srv_examples-0.0.0-py3.8.egg-info' (and everything under it)
[1.072s] Copying ../../build/srv_examples/srv_examples.egg-info to /home/mark-ros2/ROS2_tutorials/install/srv_examples/lib/python3.8/site-packages/srv_examples-0.0.0-py3.8.egg-info
[1.073s] running install_scripts
[1.098s] Installing close_gripper_service_server script to /home/mark-ros2/ROS2_tutorials/install/srv_examples/lib/srv_examples
[1.098s] Installing open_gripper_service_server script to /home/mark-ros2/ROS2_tutorials/install/srv_examples/lib/srv_examples
[1.098s] Installing turtlesim_geofence_reset_srv script to /home/mark-ros2/ROS2_tutorials/install/srv_examples/lib/srv_examples
[1.098s] writing list of installed files to '/home/mark-ros2/ROS2_tutorials/build/srv_examples/install.log'
[1.153s] Invoked command in '/home/mark-ros2/ROS2_tutorials/src/srv_examples' returned '0': PYTHONPATH=/home/mark-ros2/ROS2_tutorials/install/srv_examples/lib/python3.8/site-packages:${PYTHONPATH} /usr/bin/python3 setup.py egg_info --egg-base ../../build/srv_examples build --build-base /home/mark-ros2/ROS2_tutorials/build/srv_examples/build install --prefix /home/mark-ros2/ROS2_tutorials/install/srv_examples --record /home/mark-ros2/ROS2_tutorials/build/srv_examples/install.log --single-version-externally-managed
