[0.765s] Invoking command in '/home/mark-ros2/ROS2_tutorials/src/srv_examples': PYTHONPATH=/home/mark-ros2/ROS2_tutorials/install/srv_examples/lib/python3.8/site-packages:${PYTHONPATH} /usr/bin/python3 setup.py egg_info --egg-base ../../build/srv_examples build --build-base /home/mark-ros2/ROS2_tutorials/build/srv_examples/build install --prefix /home/mark-ros2/ROS2_tutorials/install/srv_examples --record /home/mark-ros2/ROS2_tutorials/build/srv_examples/install.log --single-version-externally-managed
[0.935s] running egg_info
[0.935s] writing ../../build/srv_examples/srv_examples.egg-info/PKG-INFO
[0.936s] writing dependency_links to ../../build/srv_examples/srv_examples.egg-info/dependency_links.txt
[0.936s] writing entry points to ../../build/srv_examples/srv_examples.egg-info/entry_points.txt
[0.936s] writing requirements to ../../build/srv_examples/srv_examples.egg-info/requires.txt
[0.936s] writing top-level names to ../../build/srv_examples/srv_examples.egg-info/top_level.txt
[0.961s] reading manifest file '../../build/srv_examples/srv_examples.egg-info/SOURCES.txt'
[0.962s] writing manifest file '../../build/srv_examples/srv_examples.egg-info/SOURCES.txt'
[0.962s] running build
[0.962s] running build_py
[0.962s] running install
[0.963s] running install_lib
[0.964s] running install_data
[0.964s] running install_egg_info
[0.965s] removing '/home/mark-ros2/ROS2_tutorials/install/srv_examples/lib/python3.8/site-packages/srv_examples-0.0.0-py3.8.egg-info' (and everything under it)
[0.965s] Copying ../../build/srv_examples/srv_examples.egg-info to /home/mark-ros2/ROS2_tutorials/install/srv_examples/lib/python3.8/site-packages/srv_examples-0.0.0-py3.8.egg-info
[0.966s] running install_scripts
[0.979s] Installing invert_gripper_service_server script to /home/mark-ros2/ROS2_tutorials/install/srv_examples/lib/srv_examples
[0.979s] Installing open_gripper_service_server script to /home/mark-ros2/ROS2_tutorials/install/srv_examples/lib/srv_examples
[0.979s] Installing turtlesim_geofence_reset_srv script to /home/mark-ros2/ROS2_tutorials/install/srv_examples/lib/srv_examples
[0.980s] writing list of installed files to '/home/mark-ros2/ROS2_tutorials/build/srv_examples/install.log'
[1.010s] Invoked command in '/home/mark-ros2/ROS2_tutorials/src/srv_examples' returned '0': PYTHONPATH=/home/mark-ros2/ROS2_tutorials/install/srv_examples/lib/python3.8/site-packages:${PYTHONPATH} /usr/bin/python3 setup.py egg_info --egg-base ../../build/srv_examples build --build-base /home/mark-ros2/ROS2_tutorials/build/srv_examples/build install --prefix /home/mark-ros2/ROS2_tutorials/install/srv_examples --record /home/mark-ros2/ROS2_tutorials/build/srv_examples/install.log --single-version-externally-managed
