[0.246s] DEBUG:colcon:Command line arguments: ['/usr/bin/colcon', 'build']
[0.246s] DEBUG:colcon:Parsed command line arguments: Namespace(ament_cmake_args=None, base_paths=['.'], build_base='build', catkin_cmake_args=None, catkin_skip_building_tests=False, cmake_args=None, cmake_clean_cache=False, cmake_clean_first=False, cmake_force_configure=False, cmake_target=None, cmake_target_skip_unavailable=False, continue_on_error=False, event_handlers=None, executor='parallel', ignore_user_meta=False, install_base='install', log_base=None, log_level=None, main=<bound method BuildVerb.main of <colcon_core.verb.build.BuildVerb object at 0x7ff8da923100>>, merge_install=False, metas=['./colcon.meta'], packages_above=None, packages_above_and_dependencies=None, packages_above_depth=None, packages_end=None, packages_ignore=None, packages_ignore_regex=None, packages_select=None, packages_select_build_failed=False, packages_select_by_dep=None, packages_select_regex=None, packages_select_test_failures=False, packages_skip=None, packages_skip_build_finished=False, packages_skip_by_dep=None, packages_skip_regex=None, packages_skip_test_passed=False, packages_skip_up_to=None, packages_start=None, packages_up_to=None, packages_up_to_regex=None, parallel_workers=12, paths=None, symlink_install=False, test_result_base=None, verb_extension=<colcon_core.verb.build.BuildVerb object at 0x7ff8da923100>, verb_name='build', verb_parser=<colcon_defaults.argument_parser.defaults.DefaultArgumentsDecorator object at 0x7ff8da923580>)
[0.250s] Level 1:colcon.colcon_core.package_discovery:discover_packages(colcon_meta) check parameters
[0.250s] Level 1:colcon.colcon_core.package_discovery:discover_packages(recursive) check parameters
[0.250s] Level 1:colcon.colcon_core.package_discovery:discover_packages(ignore) check parameters
[0.250s] Level 1:colcon.colcon_core.package_discovery:discover_packages(path) check parameters
[0.250s] Level 1:colcon.colcon_core.package_discovery:discover_packages(colcon_meta) discover
[0.250s] Level 1:colcon.colcon_core.package_discovery:discover_packages(recursive) discover
[0.250s] INFO:colcon.colcon_core.package_discovery:Crawling recursively for packages in '/home/mark-ros2/ROS2_tutorials'
[0.250s] Level 1:colcon.colcon_core.package_identification:_identify(.) by extensions ['ignore', 'ignore_ament_install']
[0.250s] Level 1:colcon.colcon_core.package_identification:_identify(.) by extension 'ignore'
[0.250s] Level 1:colcon.colcon_core.package_identification:_identify(.) by extension 'ignore_ament_install'
[0.250s] Level 1:colcon.colcon_core.package_identification:_identify(.) by extensions ['colcon_pkg']
[0.250s] Level 1:colcon.colcon_core.package_identification:_identify(.) by extension 'colcon_pkg'
[0.250s] Level 1:colcon.colcon_core.package_identification:_identify(.) by extensions ['colcon_meta']
[0.250s] Level 1:colcon.colcon_core.package_identification:_identify(.) by extension 'colcon_meta'
[0.250s] Level 1:colcon.colcon_core.package_identification:_identify(.) by extensions ['ros']
[0.250s] Level 1:colcon.colcon_core.package_identification:_identify(.) by extension 'ros'
[0.258s] Level 1:colcon.colcon_core.package_identification:_identify(.) by extensions ['cmake', 'python']
[0.259s] Level 1:colcon.colcon_core.package_identification:_identify(.) by extension 'cmake'
[0.259s] Level 1:colcon.colcon_core.package_identification:_identify(.) by extension 'python'
[0.259s] Level 1:colcon.colcon_core.package_identification:_identify(.) by extensions ['python_setup_py']
[0.259s] Level 1:colcon.colcon_core.package_identification:_identify(.) by extension 'python_setup_py'
[0.259s] Level 1:colcon.colcon_core.package_identification:_identify(build) by extensions ['ignore', 'ignore_ament_install']
[0.259s] Level 1:colcon.colcon_core.package_identification:_identify(build) by extension 'ignore'
[0.259s] Level 1:colcon.colcon_core.package_identification:_identify(build) ignored
[0.259s] Level 1:colcon.colcon_core.package_identification:_identify(install) by extensions ['ignore', 'ignore_ament_install']
[0.259s] Level 1:colcon.colcon_core.package_identification:_identify(install) by extension 'ignore'
[0.259s] Level 1:colcon.colcon_core.package_identification:_identify(install) ignored
[0.259s] Level 1:colcon.colcon_core.package_identification:_identify(log) by extensions ['ignore', 'ignore_ament_install']
[0.259s] Level 1:colcon.colcon_core.package_identification:_identify(log) by extension 'ignore'
[0.259s] Level 1:colcon.colcon_core.package_identification:_identify(log) ignored
[0.259s] Level 1:colcon.colcon_core.package_identification:_identify(src) by extensions ['ignore', 'ignore_ament_install']
[0.259s] Level 1:colcon.colcon_core.package_identification:_identify(src) by extension 'ignore'
[0.259s] Level 1:colcon.colcon_core.package_identification:_identify(src) by extension 'ignore_ament_install'
[0.260s] Level 1:colcon.colcon_core.package_identification:_identify(src) by extensions ['colcon_pkg']
[0.260s] Level 1:colcon.colcon_core.package_identification:_identify(src) by extension 'colcon_pkg'
[0.260s] Level 1:colcon.colcon_core.package_identification:_identify(src) by extensions ['colcon_meta']
[0.260s] Level 1:colcon.colcon_core.package_identification:_identify(src) by extension 'colcon_meta'
[0.260s] Level 1:colcon.colcon_core.package_identification:_identify(src) by extensions ['ros']
[0.260s] Level 1:colcon.colcon_core.package_identification:_identify(src) by extension 'ros'
[0.260s] Level 1:colcon.colcon_core.package_identification:_identify(src) by extensions ['cmake', 'python']
[0.260s] Level 1:colcon.colcon_core.package_identification:_identify(src) by extension 'cmake'
[0.260s] Level 1:colcon.colcon_core.package_identification:_identify(src) by extension 'python'
[0.260s] Level 1:colcon.colcon_core.package_identification:_identify(src) by extensions ['python_setup_py']
[0.260s] Level 1:colcon.colcon_core.package_identification:_identify(src) by extension 'python_setup_py'
[0.260s] Level 1:colcon.colcon_core.package_identification:_identify(src/hello_world) by extensions ['ignore', 'ignore_ament_install']
[0.260s] Level 1:colcon.colcon_core.package_identification:_identify(src/hello_world) by extension 'ignore'
[0.260s] Level 1:colcon.colcon_core.package_identification:_identify(src/hello_world) by extension 'ignore_ament_install'
[0.260s] Level 1:colcon.colcon_core.package_identification:_identify(src/hello_world) by extensions ['colcon_pkg']
[0.260s] Level 1:colcon.colcon_core.package_identification:_identify(src/hello_world) by extension 'colcon_pkg'
[0.260s] Level 1:colcon.colcon_core.package_identification:_identify(src/hello_world) by extensions ['colcon_meta']
[0.260s] Level 1:colcon.colcon_core.package_identification:_identify(src/hello_world) by extension 'colcon_meta'
[0.260s] Level 1:colcon.colcon_core.package_identification:_identify(src/hello_world) by extensions ['ros']
[0.260s] Level 1:colcon.colcon_core.package_identification:_identify(src/hello_world) by extension 'ros'
[0.262s] DEBUG:colcon.colcon_core.package_identification:Package 'src/hello_world' with type 'ros.ament_python' and name 'hello_world'
[0.262s] Level 1:colcon.colcon_core.package_identification:_identify(src/myfirstpackage) by extensions ['ignore', 'ignore_ament_install']
[0.262s] Level 1:colcon.colcon_core.package_identification:_identify(src/myfirstpackage) by extension 'ignore'
[0.262s] Level 1:colcon.colcon_core.package_identification:_identify(src/myfirstpackage) by extension 'ignore_ament_install'
[0.262s] Level 1:colcon.colcon_core.package_identification:_identify(src/myfirstpackage) by extensions ['colcon_pkg']
[0.262s] Level 1:colcon.colcon_core.package_identification:_identify(src/myfirstpackage) by extension 'colcon_pkg'
[0.262s] Level 1:colcon.colcon_core.package_identification:_identify(src/myfirstpackage) by extensions ['colcon_meta']
[0.262s] Level 1:colcon.colcon_core.package_identification:_identify(src/myfirstpackage) by extension 'colcon_meta'
[0.262s] Level 1:colcon.colcon_core.package_identification:_identify(src/myfirstpackage) by extensions ['ros']
[0.262s] Level 1:colcon.colcon_core.package_identification:_identify(src/myfirstpackage) by extension 'ros'
[0.263s] DEBUG:colcon.colcon_core.package_identification:Package 'src/myfirstpackage' with type 'ros.ament_python' and name 'myfirstpackage'
[0.263s] Level 1:colcon.colcon_core.package_identification:_identify(src/pubsub) by extensions ['ignore', 'ignore_ament_install']
[0.263s] Level 1:colcon.colcon_core.package_identification:_identify(src/pubsub) by extension 'ignore'
[0.263s] Level 1:colcon.colcon_core.package_identification:_identify(src/pubsub) by extension 'ignore_ament_install'
[0.263s] Level 1:colcon.colcon_core.package_identification:_identify(src/pubsub) by extensions ['colcon_pkg']
[0.263s] Level 1:colcon.colcon_core.package_identification:_identify(src/pubsub) by extension 'colcon_pkg'
[0.263s] Level 1:colcon.colcon_core.package_identification:_identify(src/pubsub) by extensions ['colcon_meta']
[0.263s] Level 1:colcon.colcon_core.package_identification:_identify(src/pubsub) by extension 'colcon_meta'
[0.263s] Level 1:colcon.colcon_core.package_identification:_identify(src/pubsub) by extensions ['ros']
[0.263s] Level 1:colcon.colcon_core.package_identification:_identify(src/pubsub) by extension 'ros'
[0.264s] DEBUG:colcon.colcon_core.package_identification:Package 'src/pubsub' with type 'ros.ament_python' and name 'pubsub'
[0.264s] Level 1:colcon.colcon_core.package_identification:_identify(src/ros_tutorials) by extensions ['ignore', 'ignore_ament_install']
[0.264s] Level 1:colcon.colcon_core.package_identification:_identify(src/ros_tutorials) by extension 'ignore'
[0.264s] Level 1:colcon.colcon_core.package_identification:_identify(src/ros_tutorials) by extension 'ignore_ament_install'
[0.264s] Level 1:colcon.colcon_core.package_identification:_identify(src/ros_tutorials) by extensions ['colcon_pkg']
[0.264s] Level 1:colcon.colcon_core.package_identification:_identify(src/ros_tutorials) by extension 'colcon_pkg'
[0.264s] Level 1:colcon.colcon_core.package_identification:_identify(src/ros_tutorials) by extensions ['colcon_meta']
[0.264s] Level 1:colcon.colcon_core.package_identification:_identify(src/ros_tutorials) by extension 'colcon_meta'
[0.264s] Level 1:colcon.colcon_core.package_identification:_identify(src/ros_tutorials) by extensions ['ros']
[0.264s] Level 1:colcon.colcon_core.package_identification:_identify(src/ros_tutorials) by extension 'ros'
[0.264s] Level 1:colcon.colcon_core.package_identification:_identify(src/ros_tutorials) by extensions ['cmake', 'python']
[0.265s] Level 1:colcon.colcon_core.package_identification:_identify(src/ros_tutorials) by extension 'cmake'
[0.265s] Level 1:colcon.colcon_core.package_identification:_identify(src/ros_tutorials) by extension 'python'
[0.265s] Level 1:colcon.colcon_core.package_identification:_identify(src/ros_tutorials) by extensions ['python_setup_py']
[0.265s] Level 1:colcon.colcon_core.package_identification:_identify(src/ros_tutorials) by extension 'python_setup_py'
[0.265s] Level 1:colcon.colcon_core.package_identification:_identify(src/ros_tutorials/ros_tutorials) by extensions ['ignore', 'ignore_ament_install']
[0.265s] Level 1:colcon.colcon_core.package_identification:_identify(src/ros_tutorials/ros_tutorials) by extension 'ignore'
[0.265s] Level 1:colcon.colcon_core.package_identification:_identify(src/ros_tutorials/ros_tutorials) ignored
[0.265s] Level 1:colcon.colcon_core.package_identification:_identify(src/ros_tutorials/roscpp_tutorials) by extensions ['ignore', 'ignore_ament_install']
[0.265s] Level 1:colcon.colcon_core.package_identification:_identify(src/ros_tutorials/roscpp_tutorials) by extension 'ignore'
[0.265s] Level 1:colcon.colcon_core.package_identification:_identify(src/ros_tutorials/roscpp_tutorials) ignored
[0.265s] Level 1:colcon.colcon_core.package_identification:_identify(src/ros_tutorials/rospy_tutorials) by extensions ['ignore', 'ignore_ament_install']
[0.265s] Level 1:colcon.colcon_core.package_identification:_identify(src/ros_tutorials/rospy_tutorials) by extension 'ignore'
[0.265s] Level 1:colcon.colcon_core.package_identification:_identify(src/ros_tutorials/rospy_tutorials) ignored
[0.265s] Level 1:colcon.colcon_core.package_identification:_identify(src/ros_tutorials/turtlesim) by extensions ['ignore', 'ignore_ament_install']
[0.265s] Level 1:colcon.colcon_core.package_identification:_identify(src/ros_tutorials/turtlesim) by extension 'ignore'
[0.265s] Level 1:colcon.colcon_core.package_identification:_identify(src/ros_tutorials/turtlesim) by extension 'ignore_ament_install'
[0.265s] Level 1:colcon.colcon_core.package_identification:_identify(src/ros_tutorials/turtlesim) by extensions ['colcon_pkg']
[0.265s] Level 1:colcon.colcon_core.package_identification:_identify(src/ros_tutorials/turtlesim) by extension 'colcon_pkg'
[0.266s] Level 1:colcon.colcon_core.package_identification:_identify(src/ros_tutorials/turtlesim) by extensions ['colcon_meta']
[0.266s] Level 1:colcon.colcon_core.package_identification:_identify(src/ros_tutorials/turtlesim) by extension 'colcon_meta'
[0.266s] Level 1:colcon.colcon_core.package_identification:_identify(src/ros_tutorials/turtlesim) by extensions ['ros']
[0.266s] Level 1:colcon.colcon_core.package_identification:_identify(src/ros_tutorials/turtlesim) by extension 'ros'
[0.266s] DEBUG:colcon.colcon_core.package_identification:Package 'src/ros_tutorials/turtlesim' with type 'ros.ament_cmake' and name 'turtlesim'
[0.266s] Level 1:colcon.colcon_core.package_identification:_identify(src/srv_examples) by extensions ['ignore', 'ignore_ament_install']
[0.267s] Level 1:colcon.colcon_core.package_identification:_identify(src/srv_examples) by extension 'ignore'
[0.267s] Level 1:colcon.colcon_core.package_identification:_identify(src/srv_examples) by extension 'ignore_ament_install'
[0.267s] Level 1:colcon.colcon_core.package_identification:_identify(src/srv_examples) by extensions ['colcon_pkg']
[0.267s] Level 1:colcon.colcon_core.package_identification:_identify(src/srv_examples) by extension 'colcon_pkg'
[0.267s] Level 1:colcon.colcon_core.package_identification:_identify(src/srv_examples) by extensions ['colcon_meta']
[0.267s] Level 1:colcon.colcon_core.package_identification:_identify(src/srv_examples) by extension 'colcon_meta'
[0.267s] Level 1:colcon.colcon_core.package_identification:_identify(src/srv_examples) by extensions ['ros']
[0.267s] Level 1:colcon.colcon_core.package_identification:_identify(src/srv_examples) by extension 'ros'
[0.267s] DEBUG:colcon.colcon_core.package_identification:Package 'src/srv_examples' with type 'ros.ament_python' and name 'srv_examples'
[0.267s] Level 1:colcon.colcon_core.package_discovery:discover_packages(recursive) using defaults
[0.267s] Level 1:colcon.colcon_core.package_discovery:discover_packages(ignore) discover
[0.267s] Level 1:colcon.colcon_core.package_discovery:discover_packages(ignore) using defaults
[0.267s] Level 1:colcon.colcon_core.package_discovery:discover_packages(path) discover
[0.267s] Level 1:colcon.colcon_core.package_discovery:discover_packages(path) using defaults
[0.282s] Level 5:colcon.colcon_core.verb:set package 'hello_world' build argument 'cmake_args' from command line to 'None'
[0.282s] Level 5:colcon.colcon_core.verb:set package 'hello_world' build argument 'cmake_target' from command line to 'None'
[0.282s] Level 5:colcon.colcon_core.verb:set package 'hello_world' build argument 'cmake_target_skip_unavailable' from command line to 'False'
[0.282s] Level 5:colcon.colcon_core.verb:set package 'hello_world' build argument 'cmake_clean_cache' from command line to 'False'
[0.282s] Level 5:colcon.colcon_core.verb:set package 'hello_world' build argument 'cmake_clean_first' from command line to 'False'
[0.282s] Level 5:colcon.colcon_core.verb:set package 'hello_world' build argument 'cmake_force_configure' from command line to 'False'
[0.282s] Level 5:colcon.colcon_core.verb:set package 'hello_world' build argument 'ament_cmake_args' from command line to 'None'
[0.282s] Level 5:colcon.colcon_core.verb:set package 'hello_world' build argument 'catkin_cmake_args' from command line to 'None'
[0.282s] Level 5:colcon.colcon_core.verb:set package 'hello_world' build argument 'catkin_skip_building_tests' from command line to 'False'
[0.282s] DEBUG:colcon.colcon_core.verb:Building package 'hello_world' with the following arguments: {'ament_cmake_args': None, 'build_base': '/home/mark-ros2/ROS2_tutorials/build/hello_world', 'catkin_cmake_args': None, 'catkin_skip_building_tests': False, 'cmake_args': None, 'cmake_clean_cache': False, 'cmake_clean_first': False, 'cmake_force_configure': False, 'cmake_target': None, 'cmake_target_skip_unavailable': False, 'install_base': '/home/mark-ros2/ROS2_tutorials/install/hello_world', 'merge_install': False, 'path': '/home/mark-ros2/ROS2_tutorials/src/hello_world', 'symlink_install': False, 'test_result_base': None}
[0.284s] Level 5:colcon.colcon_core.verb:set package 'myfirstpackage' build argument 'cmake_args' from command line to 'None'
[0.284s] Level 5:colcon.colcon_core.verb:set package 'myfirstpackage' build argument 'cmake_target' from command line to 'None'
[0.284s] Level 5:colcon.colcon_core.verb:set package 'myfirstpackage' build argument 'cmake_target_skip_unavailable' from command line to 'False'
[0.284s] Level 5:colcon.colcon_core.verb:set package 'myfirstpackage' build argument 'cmake_clean_cache' from command line to 'False'
[0.284s] Level 5:colcon.colcon_core.verb:set package 'myfirstpackage' build argument 'cmake_clean_first' from command line to 'False'
[0.284s] Level 5:colcon.colcon_core.verb:set package 'myfirstpackage' build argument 'cmake_force_configure' from command line to 'False'
[0.284s] Level 5:colcon.colcon_core.verb:set package 'myfirstpackage' build argument 'ament_cmake_args' from command line to 'None'
[0.284s] Level 5:colcon.colcon_core.verb:set package 'myfirstpackage' build argument 'catkin_cmake_args' from command line to 'None'
[0.284s] Level 5:colcon.colcon_core.verb:set package 'myfirstpackage' build argument 'catkin_skip_building_tests' from command line to 'False'
[0.284s] DEBUG:colcon.colcon_core.verb:Building package 'myfirstpackage' with the following arguments: {'ament_cmake_args': None, 'build_base': '/home/mark-ros2/ROS2_tutorials/build/myfirstpackage', 'catkin_cmake_args': None, 'catkin_skip_building_tests': False, 'cmake_args': None, 'cmake_clean_cache': False, 'cmake_clean_first': False, 'cmake_force_configure': False, 'cmake_target': None, 'cmake_target_skip_unavailable': False, 'install_base': '/home/mark-ros2/ROS2_tutorials/install/myfirstpackage', 'merge_install': False, 'path': '/home/mark-ros2/ROS2_tutorials/src/myfirstpackage', 'symlink_install': False, 'test_result_base': None}
[0.286s] Level 5:colcon.colcon_core.verb:set package 'pubsub' build argument 'cmake_args' from command line to 'None'
[0.286s] Level 5:colcon.colcon_core.verb:set package 'pubsub' build argument 'cmake_target' from command line to 'None'
[0.286s] Level 5:colcon.colcon_core.verb:set package 'pubsub' build argument 'cmake_target_skip_unavailable' from command line to 'False'
[0.286s] Level 5:colcon.colcon_core.verb:set package 'pubsub' build argument 'cmake_clean_cache' from command line to 'False'
[0.286s] Level 5:colcon.colcon_core.verb:set package 'pubsub' build argument 'cmake_clean_first' from command line to 'False'
[0.286s] Level 5:colcon.colcon_core.verb:set package 'pubsub' build argument 'cmake_force_configure' from command line to 'False'
[0.286s] Level 5:colcon.colcon_core.verb:set package 'pubsub' build argument 'ament_cmake_args' from command line to 'None'
[0.286s] Level 5:colcon.colcon_core.verb:set package 'pubsub' build argument 'catkin_cmake_args' from command line to 'None'
[0.286s] Level 5:colcon.colcon_core.verb:set package 'pubsub' build argument 'catkin_skip_building_tests' from command line to 'False'
[0.286s] DEBUG:colcon.colcon_core.verb:Building package 'pubsub' with the following arguments: {'ament_cmake_args': None, 'build_base': '/home/mark-ros2/ROS2_tutorials/build/pubsub', 'catkin_cmake_args': None, 'catkin_skip_building_tests': False, 'cmake_args': None, 'cmake_clean_cache': False, 'cmake_clean_first': False, 'cmake_force_configure': False, 'cmake_target': None, 'cmake_target_skip_unavailable': False, 'install_base': '/home/mark-ros2/ROS2_tutorials/install/pubsub', 'merge_install': False, 'path': '/home/mark-ros2/ROS2_tutorials/src/pubsub', 'symlink_install': False, 'test_result_base': None}
[0.288s] Level 5:colcon.colcon_core.verb:set package 'srv_examples' build argument 'cmake_args' from command line to 'None'
[0.288s] Level 5:colcon.colcon_core.verb:set package 'srv_examples' build argument 'cmake_target' from command line to 'None'
[0.288s] Level 5:colcon.colcon_core.verb:set package 'srv_examples' build argument 'cmake_target_skip_unavailable' from command line to 'False'
[0.288s] Level 5:colcon.colcon_core.verb:set package 'srv_examples' build argument 'cmake_clean_cache' from command line to 'False'
[0.288s] Level 5:colcon.colcon_core.verb:set package 'srv_examples' build argument 'cmake_clean_first' from command line to 'False'
[0.288s] Level 5:colcon.colcon_core.verb:set package 'srv_examples' build argument 'cmake_force_configure' from command line to 'False'
[0.288s] Level 5:colcon.colcon_core.verb:set package 'srv_examples' build argument 'ament_cmake_args' from command line to 'None'
[0.288s] Level 5:colcon.colcon_core.verb:set package 'srv_examples' build argument 'catkin_cmake_args' from command line to 'None'
[0.288s] Level 5:colcon.colcon_core.verb:set package 'srv_examples' build argument 'catkin_skip_building_tests' from command line to 'False'
[0.288s] DEBUG:colcon.colcon_core.verb:Building package 'srv_examples' with the following arguments: {'ament_cmake_args': None, 'build_base': '/home/mark-ros2/ROS2_tutorials/build/srv_examples', 'catkin_cmake_args': None, 'catkin_skip_building_tests': False, 'cmake_args': None, 'cmake_clean_cache': False, 'cmake_clean_first': False, 'cmake_force_configure': False, 'cmake_target': None, 'cmake_target_skip_unavailable': False, 'install_base': '/home/mark-ros2/ROS2_tutorials/install/srv_examples', 'merge_install': False, 'path': '/home/mark-ros2/ROS2_tutorials/src/srv_examples', 'symlink_install': False, 'test_result_base': None}
[0.290s] Level 5:colcon.colcon_core.verb:set package 'turtlesim' build argument 'cmake_args' from command line to 'None'
[0.290s] Level 5:colcon.colcon_core.verb:set package 'turtlesim' build argument 'cmake_target' from command line to 'None'
[0.290s] Level 5:colcon.colcon_core.verb:set package 'turtlesim' build argument 'cmake_target_skip_unavailable' from command line to 'False'
[0.290s] Level 5:colcon.colcon_core.verb:set package 'turtlesim' build argument 'cmake_clean_cache' from command line to 'False'
[0.290s] Level 5:colcon.colcon_core.verb:set package 'turtlesim' build argument 'cmake_clean_first' from command line to 'False'
[0.290s] Level 5:colcon.colcon_core.verb:set package 'turtlesim' build argument 'cmake_force_configure' from command line to 'False'
[0.290s] Level 5:colcon.colcon_core.verb:set package 'turtlesim' build argument 'ament_cmake_args' from command line to 'None'
[0.290s] Level 5:colcon.colcon_core.verb:set package 'turtlesim' build argument 'catkin_cmake_args' from command line to 'None'
[0.290s] Level 5:colcon.colcon_core.verb:set package 'turtlesim' build argument 'catkin_skip_building_tests' from command line to 'False'
[0.290s] DEBUG:colcon.colcon_core.verb:Building package 'turtlesim' with the following arguments: {'ament_cmake_args': None, 'build_base': '/home/mark-ros2/ROS2_tutorials/build/turtlesim', 'catkin_cmake_args': None, 'catkin_skip_building_tests': False, 'cmake_args': None, 'cmake_clean_cache': False, 'cmake_clean_first': False, 'cmake_force_configure': False, 'cmake_target': None, 'cmake_target_skip_unavailable': False, 'install_base': '/home/mark-ros2/ROS2_tutorials/install/turtlesim', 'merge_install': False, 'path': '/home/mark-ros2/ROS2_tutorials/src/ros_tutorials/turtlesim', 'symlink_install': False, 'test_result_base': None}
[0.290s] INFO:colcon.colcon_core.executor:Executing jobs using 'parallel' executor
[0.292s] DEBUG:colcon.colcon_parallel_executor.executor.parallel:run_until_complete
[0.292s] INFO:colcon.colcon_ros.task.ament_python.build:Building ROS package in '/home/mark-ros2/ROS2_tutorials/src/hello_world' with build type 'ament_python'
[0.292s] Level 1:colcon.colcon_core.shell:create_environment_hook('hello_world', 'ament_prefix_path')
[0.295s] INFO:colcon.colcon_core.plugin_system:Skipping extension 'colcon_core.shell.bat': Not used on non-Windows systems
[0.295s] INFO:colcon.colcon_core.shell:Creating environment hook '/home/mark-ros2/ROS2_tutorials/install/hello_world/share/hello_world/hook/ament_prefix_path.ps1'
[0.295s] INFO:colcon.colcon_core.shell:Creating environment descriptor '/home/mark-ros2/ROS2_tutorials/install/hello_world/share/hello_world/hook/ament_prefix_path.dsv'
[0.296s] INFO:colcon.colcon_core.shell:Creating environment hook '/home/mark-ros2/ROS2_tutorials/install/hello_world/share/hello_world/hook/ament_prefix_path.sh'
[0.296s] INFO:colcon.colcon_core.shell:Skip shell extension 'powershell' for command environment: Not usable outside of PowerShell
[0.296s] DEBUG:colcon.colcon_core.shell:Skip shell extension 'dsv' for command environment
[0.298s] DEBUG:colcon.colcon_core.shell:Ignoring prefix path '/opt/ros/foxy'
[0.300s] INFO:colcon.colcon_ros.task.ament_python.build:Building ROS package in '/home/mark-ros2/ROS2_tutorials/src/myfirstpackage' with build type 'ament_python'
[0.300s] Level 1:colcon.colcon_core.shell:create_environment_hook('myfirstpackage', 'ament_prefix_path')
[0.300s] INFO:colcon.colcon_core.shell:Creating environment hook '/home/mark-ros2/ROS2_tutorials/install/myfirstpackage/share/myfirstpackage/hook/ament_prefix_path.ps1'
[0.301s] INFO:colcon.colcon_core.shell:Creating environment descriptor '/home/mark-ros2/ROS2_tutorials/install/myfirstpackage/share/myfirstpackage/hook/ament_prefix_path.dsv'
[0.301s] INFO:colcon.colcon_core.shell:Creating environment hook '/home/mark-ros2/ROS2_tutorials/install/myfirstpackage/share/myfirstpackage/hook/ament_prefix_path.sh'
[0.302s] INFO:colcon.colcon_core.shell:Skip shell extension 'powershell' for command environment: Not usable outside of PowerShell
[0.302s] DEBUG:colcon.colcon_core.shell:Skip shell extension 'dsv' for command environment
[0.303s] DEBUG:colcon.colcon_core.shell:Ignoring prefix path '/opt/ros/foxy'
[0.304s] INFO:colcon.colcon_ros.task.ament_python.build:Building ROS package in '/home/mark-ros2/ROS2_tutorials/src/pubsub' with build type 'ament_python'
[0.305s] Level 1:colcon.colcon_core.shell:create_environment_hook('pubsub', 'ament_prefix_path')
[0.305s] INFO:colcon.colcon_core.shell:Creating environment hook '/home/mark-ros2/ROS2_tutorials/install/pubsub/share/pubsub/hook/ament_prefix_path.ps1'
[0.306s] INFO:colcon.colcon_core.shell:Creating environment descriptor '/home/mark-ros2/ROS2_tutorials/install/pubsub/share/pubsub/hook/ament_prefix_path.dsv'
[0.306s] INFO:colcon.colcon_core.shell:Creating environment hook '/home/mark-ros2/ROS2_tutorials/install/pubsub/share/pubsub/hook/ament_prefix_path.sh'
[0.307s] INFO:colcon.colcon_core.shell:Skip shell extension 'powershell' for command environment: Not usable outside of PowerShell
[0.307s] DEBUG:colcon.colcon_core.shell:Skip shell extension 'dsv' for command environment
[0.308s] DEBUG:colcon.colcon_core.shell:Ignoring prefix path '/opt/ros/foxy'
[0.310s] INFO:colcon.colcon_ros.task.ament_python.build:Building ROS package in '/home/mark-ros2/ROS2_tutorials/src/srv_examples' with build type 'ament_python'
[0.310s] Level 1:colcon.colcon_core.shell:create_environment_hook('srv_examples', 'ament_prefix_path')
[0.310s] INFO:colcon.colcon_core.shell:Creating environment hook '/home/mark-ros2/ROS2_tutorials/install/srv_examples/share/srv_examples/hook/ament_prefix_path.ps1'
[0.311s] INFO:colcon.colcon_core.shell:Creating environment descriptor '/home/mark-ros2/ROS2_tutorials/install/srv_examples/share/srv_examples/hook/ament_prefix_path.dsv'
[0.311s] INFO:colcon.colcon_core.shell:Creating environment hook '/home/mark-ros2/ROS2_tutorials/install/srv_examples/share/srv_examples/hook/ament_prefix_path.sh'
[0.312s] INFO:colcon.colcon_core.shell:Skip shell extension 'powershell' for command environment: Not usable outside of PowerShell
[0.312s] DEBUG:colcon.colcon_core.shell:Skip shell extension 'dsv' for command environment
[0.313s] DEBUG:colcon.colcon_core.shell:Ignoring prefix path '/opt/ros/foxy'
[0.314s] INFO:colcon.colcon_ros.task.ament_cmake.build:Building ROS package in '/home/mark-ros2/ROS2_tutorials/src/ros_tutorials/turtlesim' with build type 'ament_cmake'
[0.314s] INFO:colcon.colcon_cmake.task.cmake.build:Building CMake package in '/home/mark-ros2/ROS2_tutorials/src/ros_tutorials/turtlesim'
[0.315s] INFO:colcon.colcon_core.shell:Skip shell extension 'powershell' for command environment: Not usable outside of PowerShell
[0.315s] DEBUG:colcon.colcon_core.shell:Skip shell extension 'dsv' for command environment
[0.316s] DEBUG:colcon.colcon_core.shell:Ignoring prefix path '/opt/ros/foxy'
[0.480s] INFO:colcon.colcon_core.task.python.build:Building Python package in '/home/mark-ros2/ROS2_tutorials/src/hello_world'
[0.480s] INFO:colcon.colcon_core.shell:Skip shell extension 'powershell' for command environment: Not usable outside of PowerShell
[0.480s] DEBUG:colcon.colcon_core.shell:Skip shell extension 'dsv' for command environment
[0.482s] DEBUG:colcon.colcon_core.shell:Ignoring prefix path '/opt/ros/foxy'
[0.643s] INFO:colcon.colcon_core.task.python.build:Building Python package in '/home/mark-ros2/ROS2_tutorials/src/myfirstpackage'
[0.643s] INFO:colcon.colcon_core.shell:Skip shell extension 'powershell' for command environment: Not usable outside of PowerShell
[0.643s] DEBUG:colcon.colcon_core.shell:Skip shell extension 'dsv' for command environment
[0.645s] DEBUG:colcon.colcon_core.shell:Ignoring prefix path '/opt/ros/foxy'
[0.804s] INFO:colcon.colcon_core.task.python.build:Building Python package in '/home/mark-ros2/ROS2_tutorials/src/pubsub'
[0.805s] INFO:colcon.colcon_core.shell:Skip shell extension 'powershell' for command environment: Not usable outside of PowerShell
[0.805s] DEBUG:colcon.colcon_core.shell:Skip shell extension 'dsv' for command environment
[0.807s] DEBUG:colcon.colcon_core.shell:Ignoring prefix path '/opt/ros/foxy'
[0.966s] INFO:colcon.colcon_core.task.python.build:Building Python package in '/home/mark-ros2/ROS2_tutorials/src/srv_examples'
[0.967s] INFO:colcon.colcon_core.shell:Skip shell extension 'powershell' for command environment: Not usable outside of PowerShell
[0.967s] DEBUG:colcon.colcon_core.shell:Skip shell extension 'dsv' for command environment
[0.969s] DEBUG:colcon.colcon_core.shell:Ignoring prefix path '/opt/ros/foxy'
[0.974s] DEBUG:colcon.colcon_core.event_handler.log_command:Invoking command in '/home/mark-ros2/ROS2_tutorials/build/turtlesim': CMAKE_PREFIX_PATH=${CMAKE_PREFIX_PATH}:/home/mark-ros2/ROS2_tutorials/install/srv_examples:/home/mark-ros2/ROS2_tutorials/install/myfirstpackage:/home/mark-ros2/ROS2_tutorials/install/hello_world:/opt/ros/foxy /usr/bin/cmake --build /home/mark-ros2/ROS2_tutorials/build/turtlesim -- -j12 -l12
[0.980s] DEBUG:colcon.colcon_core.event_handler.log_command:Invoking command in '/home/mark-ros2/ROS2_tutorials/src/hello_world': PYTHONPATH=/home/mark-ros2/ROS2_tutorials/install/hello_world/lib/python3.8/site-packages:${PYTHONPATH} /usr/bin/python3 setup.py egg_info --egg-base ../../build/hello_world build --build-base /home/mark-ros2/ROS2_tutorials/build/hello_world/build install --prefix /home/mark-ros2/ROS2_tutorials/install/hello_world --record /home/mark-ros2/ROS2_tutorials/build/hello_world/install.log --single-version-externally-managed
[0.983s] DEBUG:colcon.colcon_core.event_handler.log_command:Invoking command in '/home/mark-ros2/ROS2_tutorials/src/myfirstpackage': PYTHONPATH=/home/mark-ros2/ROS2_tutorials/install/myfirstpackage/lib/python3.8/site-packages:${PYTHONPATH} /usr/bin/python3 setup.py egg_info --egg-base ../../build/myfirstpackage build --build-base /home/mark-ros2/ROS2_tutorials/build/myfirstpackage/build install --prefix /home/mark-ros2/ROS2_tutorials/install/myfirstpackage --record /home/mark-ros2/ROS2_tutorials/build/myfirstpackage/install.log --single-version-externally-managed
[0.984s] DEBUG:colcon.colcon_core.event_handler.log_command:Invoking command in '/home/mark-ros2/ROS2_tutorials/src/pubsub': PYTHONPATH=/home/mark-ros2/ROS2_tutorials/install/pubsub/lib/python3.8/site-packages:${PYTHONPATH} /usr/bin/python3 setup.py egg_info --egg-base ../../build/pubsub build --build-base /home/mark-ros2/ROS2_tutorials/build/pubsub/build install --prefix /home/mark-ros2/ROS2_tutorials/install/pubsub --record /home/mark-ros2/ROS2_tutorials/build/pubsub/install.log --single-version-externally-managed
[0.987s] DEBUG:colcon.colcon_core.event_handler.log_command:Invoking command in '/home/mark-ros2/ROS2_tutorials/src/srv_examples': PYTHONPATH=/home/mark-ros2/ROS2_tutorials/install/srv_examples/lib/python3.8/site-packages:${PYTHONPATH} /usr/bin/python3 setup.py egg_info --egg-base ../../build/srv_examples build --build-base /home/mark-ros2/ROS2_tutorials/build/srv_examples/build install --prefix /home/mark-ros2/ROS2_tutorials/install/srv_examples --record /home/mark-ros2/ROS2_tutorials/build/srv_examples/install.log --single-version-externally-managed
[1.151s] DEBUG:colcon.colcon_core.event_handler.log_command:Invoked command in '/home/mark-ros2/ROS2_tutorials/build/turtlesim' returned '0': CMAKE_PREFIX_PATH=${CMAKE_PREFIX_PATH}:/home/mark-ros2/ROS2_tutorials/install/srv_examples:/home/mark-ros2/ROS2_tutorials/install/myfirstpackage:/home/mark-ros2/ROS2_tutorials/install/hello_world:/opt/ros/foxy /usr/bin/cmake --build /home/mark-ros2/ROS2_tutorials/build/turtlesim -- -j12 -l12
[1.220s] DEBUG:colcon.colcon_core.event_handler.log_command:Invoked command in '/home/mark-ros2/ROS2_tutorials/src/hello_world' returned '0': PYTHONPATH=/home/mark-ros2/ROS2_tutorials/install/hello_world/lib/python3.8/site-packages:${PYTHONPATH} /usr/bin/python3 setup.py egg_info --egg-base ../../build/hello_world build --build-base /home/mark-ros2/ROS2_tutorials/build/hello_world/build install --prefix /home/mark-ros2/ROS2_tutorials/install/hello_world --record /home/mark-ros2/ROS2_tutorials/build/hello_world/install.log --single-version-externally-managed
[1.223s] Level 1:colcon.colcon_core.environment:checking '/home/mark-ros2/ROS2_tutorials/install/hello_world' for CMake module files
[1.224s] Level 1:colcon.colcon_core.environment:checking '/home/mark-ros2/ROS2_tutorials/install/hello_world' for CMake config files
[1.225s] Level 1:colcon.colcon_core.environment:checking '/home/mark-ros2/ROS2_tutorials/install/hello_world/lib'
[1.225s] Level 1:colcon.colcon_core.environment:checking '/home/mark-ros2/ROS2_tutorials/install/hello_world/bin'
[1.225s] Level 1:colcon.colcon_core.environment:checking '/home/mark-ros2/ROS2_tutorials/install/hello_world/lib/pkgconfig/hello_world.pc'
[1.225s] Level 1:colcon.colcon_core.environment:checking '/home/mark-ros2/ROS2_tutorials/install/hello_world/lib/python3.8/site-packages'
[1.225s] Level 1:colcon.colcon_core.shell:create_environment_hook('hello_world', 'pythonpath')
[1.226s] INFO:colcon.colcon_core.shell:Creating environment hook '/home/mark-ros2/ROS2_tutorials/install/hello_world/share/hello_world/hook/pythonpath.ps1'
[1.226s] INFO:colcon.colcon_core.shell:Creating environment descriptor '/home/mark-ros2/ROS2_tutorials/install/hello_world/share/hello_world/hook/pythonpath.dsv'
[1.226s] INFO:colcon.colcon_core.shell:Creating environment hook '/home/mark-ros2/ROS2_tutorials/install/hello_world/share/hello_world/hook/pythonpath.sh'
[1.227s] Level 1:colcon.colcon_core.environment:create_environment_scripts_only(hello_world)
[1.228s] INFO:colcon.colcon_core.shell:Creating package script '/home/mark-ros2/ROS2_tutorials/install/hello_world/share/hello_world/package.ps1'
[1.228s] INFO:colcon.colcon_core.shell:Creating package descriptor '/home/mark-ros2/ROS2_tutorials/install/hello_world/share/hello_world/package.dsv'
[1.229s] INFO:colcon.colcon_core.shell:Creating package script '/home/mark-ros2/ROS2_tutorials/install/hello_world/share/hello_world/package.sh'
[1.230s] INFO:colcon.colcon_core.shell:Creating package script '/home/mark-ros2/ROS2_tutorials/install/hello_world/share/hello_world/package.bash'
[1.230s] INFO:colcon.colcon_core.shell:Creating package script '/home/mark-ros2/ROS2_tutorials/install/hello_world/share/hello_world/package.zsh'
[1.231s] Level 1:colcon.colcon_core.environment:create_file_with_runtime_dependencies(/home/mark-ros2/ROS2_tutorials/install/hello_world/share/colcon-core/packages/hello_world)
[1.233s] Level 1:colcon.colcon_core.environment:checking '/home/mark-ros2/ROS2_tutorials/install/myfirstpackage' for CMake module files
[1.233s] Level 1:colcon.colcon_core.environment:checking '/home/mark-ros2/ROS2_tutorials/install/myfirstpackage' for CMake config files
[1.234s] DEBUG:colcon.colcon_core.event_handler.log_command:Invoked command in '/home/mark-ros2/ROS2_tutorials/src/myfirstpackage' returned '0': PYTHONPATH=/home/mark-ros2/ROS2_tutorials/install/myfirstpackage/lib/python3.8/site-packages:${PYTHONPATH} /usr/bin/python3 setup.py egg_info --egg-base ../../build/myfirstpackage build --build-base /home/mark-ros2/ROS2_tutorials/build/myfirstpackage/build install --prefix /home/mark-ros2/ROS2_tutorials/install/myfirstpackage --record /home/mark-ros2/ROS2_tutorials/build/myfirstpackage/install.log --single-version-externally-managed
[1.234s] Level 1:colcon.colcon_core.environment:checking '/home/mark-ros2/ROS2_tutorials/install/myfirstpackage/lib'
[1.234s] Level 1:colcon.colcon_core.environment:checking '/home/mark-ros2/ROS2_tutorials/install/myfirstpackage/bin'
[1.234s] Level 1:colcon.colcon_core.environment:checking '/home/mark-ros2/ROS2_tutorials/install/myfirstpackage/lib/pkgconfig/myfirstpackage.pc'
[1.234s] Level 1:colcon.colcon_core.environment:checking '/home/mark-ros2/ROS2_tutorials/install/myfirstpackage/lib/python3.8/site-packages'
[1.234s] Level 1:colcon.colcon_core.shell:create_environment_hook('myfirstpackage', 'pythonpath')
[1.235s] INFO:colcon.colcon_core.shell:Creating environment hook '/home/mark-ros2/ROS2_tutorials/install/myfirstpackage/share/myfirstpackage/hook/pythonpath.ps1'
[1.235s] INFO:colcon.colcon_core.shell:Creating environment descriptor '/home/mark-ros2/ROS2_tutorials/install/myfirstpackage/share/myfirstpackage/hook/pythonpath.dsv'
[1.236s] INFO:colcon.colcon_core.shell:Creating environment hook '/home/mark-ros2/ROS2_tutorials/install/myfirstpackage/share/myfirstpackage/hook/pythonpath.sh'
[1.236s] Level 1:colcon.colcon_core.environment:create_environment_scripts_only(myfirstpackage)
[1.236s] INFO:colcon.colcon_core.shell:Creating package script '/home/mark-ros2/ROS2_tutorials/install/myfirstpackage/share/myfirstpackage/package.ps1'
[1.237s] INFO:colcon.colcon_core.shell:Creating package descriptor '/home/mark-ros2/ROS2_tutorials/install/myfirstpackage/share/myfirstpackage/package.dsv'
[1.237s] INFO:colcon.colcon_core.shell:Creating package script '/home/mark-ros2/ROS2_tutorials/install/myfirstpackage/share/myfirstpackage/package.sh'
[1.238s] INFO:colcon.colcon_core.shell:Creating package script '/home/mark-ros2/ROS2_tutorials/install/myfirstpackage/share/myfirstpackage/package.bash'
[1.238s] INFO:colcon.colcon_core.shell:Creating package script '/home/mark-ros2/ROS2_tutorials/install/myfirstpackage/share/myfirstpackage/package.zsh'
[1.238s] Level 1:colcon.colcon_core.environment:create_file_with_runtime_dependencies(/home/mark-ros2/ROS2_tutorials/install/myfirstpackage/share/colcon-core/packages/myfirstpackage)
[1.239s] Level 1:colcon.colcon_core.environment:checking '/home/mark-ros2/ROS2_tutorials/install/srv_examples' for CMake module files
[1.240s] Level 1:colcon.colcon_core.environment:checking '/home/mark-ros2/ROS2_tutorials/install/srv_examples' for CMake config files
[1.240s] DEBUG:colcon.colcon_core.event_handler.log_command:Invoked command in '/home/mark-ros2/ROS2_tutorials/src/srv_examples' returned '0': PYTHONPATH=/home/mark-ros2/ROS2_tutorials/install/srv_examples/lib/python3.8/site-packages:${PYTHONPATH} /usr/bin/python3 setup.py egg_info --egg-base ../../build/srv_examples build --build-base /home/mark-ros2/ROS2_tutorials/build/srv_examples/build install --prefix /home/mark-ros2/ROS2_tutorials/install/srv_examples --record /home/mark-ros2/ROS2_tutorials/build/srv_examples/install.log --single-version-externally-managed
[1.241s] Level 1:colcon.colcon_core.environment:checking '/home/mark-ros2/ROS2_tutorials/install/srv_examples/lib'
[1.241s] Level 1:colcon.colcon_core.environment:checking '/home/mark-ros2/ROS2_tutorials/install/srv_examples/bin'
[1.241s] Level 1:colcon.colcon_core.environment:checking '/home/mark-ros2/ROS2_tutorials/install/srv_examples/lib/pkgconfig/srv_examples.pc'
[1.241s] Level 1:colcon.colcon_core.environment:checking '/home/mark-ros2/ROS2_tutorials/install/srv_examples/lib/python3.8/site-packages'
[1.241s] Level 1:colcon.colcon_core.shell:create_environment_hook('srv_examples', 'pythonpath')
[1.241s] INFO:colcon.colcon_core.shell:Creating environment hook '/home/mark-ros2/ROS2_tutorials/install/srv_examples/share/srv_examples/hook/pythonpath.ps1'
[1.242s] INFO:colcon.colcon_core.shell:Creating environment descriptor '/home/mark-ros2/ROS2_tutorials/install/srv_examples/share/srv_examples/hook/pythonpath.dsv'
[1.242s] INFO:colcon.colcon_core.shell:Creating environment hook '/home/mark-ros2/ROS2_tutorials/install/srv_examples/share/srv_examples/hook/pythonpath.sh'
[1.242s] Level 1:colcon.colcon_core.environment:create_environment_scripts_only(srv_examples)
[1.243s] INFO:colcon.colcon_core.shell:Creating package script '/home/mark-ros2/ROS2_tutorials/install/srv_examples/share/srv_examples/package.ps1'
[1.243s] INFO:colcon.colcon_core.shell:Creating package descriptor '/home/mark-ros2/ROS2_tutorials/install/srv_examples/share/srv_examples/package.dsv'
[1.244s] INFO:colcon.colcon_core.shell:Creating package script '/home/mark-ros2/ROS2_tutorials/install/srv_examples/share/srv_examples/package.sh'
[1.244s] INFO:colcon.colcon_core.shell:Creating package script '/home/mark-ros2/ROS2_tutorials/install/srv_examples/share/srv_examples/package.bash'
[1.244s] INFO:colcon.colcon_core.shell:Creating package script '/home/mark-ros2/ROS2_tutorials/install/srv_examples/share/srv_examples/package.zsh'
[1.245s] Level 1:colcon.colcon_core.environment:create_file_with_runtime_dependencies(/home/mark-ros2/ROS2_tutorials/install/srv_examples/share/colcon-core/packages/srv_examples)
[1.246s] Level 1:colcon.colcon_core.environment:checking '/home/mark-ros2/ROS2_tutorials/install/pubsub' for CMake module files
[1.246s] DEBUG:colcon.colcon_core.event_handler.log_command:Invoked command in '/home/mark-ros2/ROS2_tutorials/src/pubsub' returned '0': PYTHONPATH=/home/mark-ros2/ROS2_tutorials/install/pubsub/lib/python3.8/site-packages:${PYTHONPATH} /usr/bin/python3 setup.py egg_info --egg-base ../../build/pubsub build --build-base /home/mark-ros2/ROS2_tutorials/build/pubsub/build install --prefix /home/mark-ros2/ROS2_tutorials/install/pubsub --record /home/mark-ros2/ROS2_tutorials/build/pubsub/install.log --single-version-externally-managed
[1.247s] Level 1:colcon.colcon_core.environment:checking '/home/mark-ros2/ROS2_tutorials/install/pubsub' for CMake config files
[1.247s] Level 1:colcon.colcon_core.shell:create_environment_hook('pubsub', 'cmake_prefix_path')
[1.247s] INFO:colcon.colcon_core.shell:Creating environment hook '/home/mark-ros2/ROS2_tutorials/install/pubsub/share/pubsub/hook/cmake_prefix_path.ps1'
[1.248s] INFO:colcon.colcon_core.shell:Creating environment descriptor '/home/mark-ros2/ROS2_tutorials/install/pubsub/share/pubsub/hook/cmake_prefix_path.dsv'
[1.248s] INFO:colcon.colcon_core.shell:Creating environment hook '/home/mark-ros2/ROS2_tutorials/install/pubsub/share/pubsub/hook/cmake_prefix_path.sh'
[1.248s] Level 1:colcon.colcon_core.environment:checking '/home/mark-ros2/ROS2_tutorials/install/pubsub/lib'
[1.248s] Level 1:colcon.colcon_core.environment:checking '/home/mark-ros2/ROS2_tutorials/install/pubsub/bin'
[1.248s] Level 1:colcon.colcon_core.environment:checking '/home/mark-ros2/ROS2_tutorials/install/pubsub/lib/pkgconfig/pubsub.pc'
[1.248s] Level 1:colcon.colcon_core.environment:checking '/home/mark-ros2/ROS2_tutorials/install/pubsub/lib/python3.8/site-packages'
[1.248s] Level 1:colcon.colcon_core.shell:create_environment_hook('pubsub', 'pythonpath')
[1.249s] INFO:colcon.colcon_core.shell:Creating environment hook '/home/mark-ros2/ROS2_tutorials/install/pubsub/share/pubsub/hook/pythonpath.ps1'
[1.249s] INFO:colcon.colcon_core.shell:Creating environment descriptor '/home/mark-ros2/ROS2_tutorials/install/pubsub/share/pubsub/hook/pythonpath.dsv'
[1.249s] INFO:colcon.colcon_core.shell:Creating environment hook '/home/mark-ros2/ROS2_tutorials/install/pubsub/share/pubsub/hook/pythonpath.sh'
[1.250s] Level 1:colcon.colcon_core.environment:create_environment_scripts_only(pubsub)
[1.250s] INFO:colcon.colcon_core.shell:Creating package script '/home/mark-ros2/ROS2_tutorials/install/pubsub/share/pubsub/package.ps1'
[1.251s] INFO:colcon.colcon_core.shell:Creating package descriptor '/home/mark-ros2/ROS2_tutorials/install/pubsub/share/pubsub/package.dsv'
[1.251s] INFO:colcon.colcon_core.shell:Creating package script '/home/mark-ros2/ROS2_tutorials/install/pubsub/share/pubsub/package.sh'
[1.252s] INFO:colcon.colcon_core.shell:Creating package script '/home/mark-ros2/ROS2_tutorials/install/pubsub/share/pubsub/package.bash'
[1.252s] INFO:colcon.colcon_core.shell:Creating package script '/home/mark-ros2/ROS2_tutorials/install/pubsub/share/pubsub/package.zsh'
[1.252s] Level 1:colcon.colcon_core.environment:create_file_with_runtime_dependencies(/home/mark-ros2/ROS2_tutorials/install/pubsub/share/colcon-core/packages/pubsub)
[1.262s] DEBUG:colcon.colcon_core.event_handler.log_command:Invoking command in '/home/mark-ros2/ROS2_tutorials/build/turtlesim': CMAKE_PREFIX_PATH=${CMAKE_PREFIX_PATH}:/home/mark-ros2/ROS2_tutorials/install/srv_examples:/home/mark-ros2/ROS2_tutorials/install/myfirstpackage:/home/mark-ros2/ROS2_tutorials/install/hello_world:/opt/ros/foxy /usr/bin/cmake --install /home/mark-ros2/ROS2_tutorials/build/turtlesim
[1.313s] Level 1:colcon.colcon_core.environment:create_environment_scripts_only(turtlesim)
[1.314s] Level 1:colcon.colcon_core.environment:checking '/home/mark-ros2/ROS2_tutorials/install/turtlesim' for CMake module files
[1.314s] DEBUG:colcon.colcon_core.event_handler.log_command:Invoked command in '/home/mark-ros2/ROS2_tutorials/build/turtlesim' returned '0': CMAKE_PREFIX_PATH=${CMAKE_PREFIX_PATH}:/home/mark-ros2/ROS2_tutorials/install/srv_examples:/home/mark-ros2/ROS2_tutorials/install/myfirstpackage:/home/mark-ros2/ROS2_tutorials/install/hello_world:/opt/ros/foxy /usr/bin/cmake --install /home/mark-ros2/ROS2_tutorials/build/turtlesim
[1.315s] Level 1:colcon.colcon_core.environment:checking '/home/mark-ros2/ROS2_tutorials/install/turtlesim' for CMake config files
[1.315s] Level 1:colcon.colcon_core.shell:create_environment_hook('turtlesim', 'cmake_prefix_path')
[1.315s] INFO:colcon.colcon_core.shell:Creating environment hook '/home/mark-ros2/ROS2_tutorials/install/turtlesim/share/turtlesim/hook/cmake_prefix_path.ps1'
[1.316s] INFO:colcon.colcon_core.shell:Creating environment descriptor '/home/mark-ros2/ROS2_tutorials/install/turtlesim/share/turtlesim/hook/cmake_prefix_path.dsv'
[1.316s] INFO:colcon.colcon_core.shell:Creating environment hook '/home/mark-ros2/ROS2_tutorials/install/turtlesim/share/turtlesim/hook/cmake_prefix_path.sh'
[1.317s] Level 1:colcon.colcon_core.environment:checking '/home/mark-ros2/ROS2_tutorials/install/turtlesim/lib'
[1.317s] Level 1:colcon.colcon_core.shell:create_environment_hook('turtlesim', 'ld_library_path_lib')
[1.317s] INFO:colcon.colcon_core.shell:Creating environment hook '/home/mark-ros2/ROS2_tutorials/install/turtlesim/share/turtlesim/hook/ld_library_path_lib.ps1'
[1.317s] INFO:colcon.colcon_core.shell:Creating environment descriptor '/home/mark-ros2/ROS2_tutorials/install/turtlesim/share/turtlesim/hook/ld_library_path_lib.dsv'
[1.318s] INFO:colcon.colcon_core.shell:Creating environment hook '/home/mark-ros2/ROS2_tutorials/install/turtlesim/share/turtlesim/hook/ld_library_path_lib.sh'
[1.318s] Level 1:colcon.colcon_core.environment:checking '/home/mark-ros2/ROS2_tutorials/install/turtlesim/bin'
[1.318s] Level 1:colcon.colcon_core.environment:checking '/home/mark-ros2/ROS2_tutorials/install/turtlesim/lib/pkgconfig/turtlesim.pc'
[1.318s] Level 1:colcon.colcon_core.environment:checking '/home/mark-ros2/ROS2_tutorials/install/turtlesim/lib/python3.8/site-packages'
[1.318s] Level 1:colcon.colcon_core.shell:create_environment_hook('turtlesim', 'pythonpath')
[1.318s] INFO:colcon.colcon_core.shell:Creating environment hook '/home/mark-ros2/ROS2_tutorials/install/turtlesim/share/turtlesim/hook/pythonpath.ps1'
[1.319s] INFO:colcon.colcon_core.shell:Creating environment descriptor '/home/mark-ros2/ROS2_tutorials/install/turtlesim/share/turtlesim/hook/pythonpath.dsv'
[1.319s] INFO:colcon.colcon_core.shell:Creating environment hook '/home/mark-ros2/ROS2_tutorials/install/turtlesim/share/turtlesim/hook/pythonpath.sh'
[1.320s] INFO:colcon.colcon_core.shell:Creating package script '/home/mark-ros2/ROS2_tutorials/install/turtlesim/share/turtlesim/package.ps1'
[1.320s] INFO:colcon.colcon_core.shell:Creating package descriptor '/home/mark-ros2/ROS2_tutorials/install/turtlesim/share/turtlesim/package.dsv'
[1.321s] INFO:colcon.colcon_core.shell:Creating package script '/home/mark-ros2/ROS2_tutorials/install/turtlesim/share/turtlesim/package.sh'
[1.321s] INFO:colcon.colcon_core.shell:Creating package script '/home/mark-ros2/ROS2_tutorials/install/turtlesim/share/turtlesim/package.bash'
[1.321s] INFO:colcon.colcon_core.shell:Creating package script '/home/mark-ros2/ROS2_tutorials/install/turtlesim/share/turtlesim/package.zsh'
[1.322s] Level 1:colcon.colcon_core.environment:create_file_with_runtime_dependencies(/home/mark-ros2/ROS2_tutorials/install/turtlesim/share/colcon-core/packages/turtlesim)
[1.417s] Level 1:colcon.colcon_core.environment:create_environment_scripts_only(turtlesim)
[1.417s] Level 1:colcon.colcon_core.environment:checking '/home/mark-ros2/ROS2_tutorials/install/turtlesim' for CMake module files
[1.418s] Level 1:colcon.colcon_core.environment:checking '/home/mark-ros2/ROS2_tutorials/install/turtlesim' for CMake config files
[1.418s] Level 1:colcon.colcon_core.shell:create_environment_hook('turtlesim', 'cmake_prefix_path')
[1.418s] INFO:colcon.colcon_core.shell:Creating environment hook '/home/mark-ros2/ROS2_tutorials/install/turtlesim/share/turtlesim/hook/cmake_prefix_path.ps1'
[1.419s] INFO:colcon.colcon_core.shell:Creating environment descriptor '/home/mark-ros2/ROS2_tutorials/install/turtlesim/share/turtlesim/hook/cmake_prefix_path.dsv'
[1.419s] INFO:colcon.colcon_core.shell:Creating environment hook '/home/mark-ros2/ROS2_tutorials/install/turtlesim/share/turtlesim/hook/cmake_prefix_path.sh'
[1.419s] Level 1:colcon.colcon_core.environment:checking '/home/mark-ros2/ROS2_tutorials/install/turtlesim/lib'
[1.419s] Level 1:colcon.colcon_core.shell:create_environment_hook('turtlesim', 'ld_library_path_lib')
[1.420s] INFO:colcon.colcon_core.shell:Creating environment hook '/home/mark-ros2/ROS2_tutorials/install/turtlesim/share/turtlesim/hook/ld_library_path_lib.ps1'
[1.420s] INFO:colcon.colcon_core.shell:Creating environment descriptor '/home/mark-ros2/ROS2_tutorials/install/turtlesim/share/turtlesim/hook/ld_library_path_lib.dsv'
[1.420s] INFO:colcon.colcon_core.shell:Creating environment hook '/home/mark-ros2/ROS2_tutorials/install/turtlesim/share/turtlesim/hook/ld_library_path_lib.sh'
[1.420s] Level 1:colcon.colcon_core.environment:checking '/home/mark-ros2/ROS2_tutorials/install/turtlesim/bin'
[1.420s] Level 1:colcon.colcon_core.environment:checking '/home/mark-ros2/ROS2_tutorials/install/turtlesim/lib/pkgconfig/turtlesim.pc'
[1.421s] Level 1:colcon.colcon_core.environment:checking '/home/mark-ros2/ROS2_tutorials/install/turtlesim/lib/python3.8/site-packages'
[1.421s] Level 1:colcon.colcon_core.shell:create_environment_hook('turtlesim', 'pythonpath')
[1.421s] INFO:colcon.colcon_core.shell:Creating environment hook '/home/mark-ros2/ROS2_tutorials/install/turtlesim/share/turtlesim/hook/pythonpath.ps1'
[1.421s] INFO:colcon.colcon_core.shell:Creating environment descriptor '/home/mark-ros2/ROS2_tutorials/install/turtlesim/share/turtlesim/hook/pythonpath.dsv'
[1.421s] INFO:colcon.colcon_core.shell:Creating environment hook '/home/mark-ros2/ROS2_tutorials/install/turtlesim/share/turtlesim/hook/pythonpath.sh'
[1.422s] INFO:colcon.colcon_core.shell:Creating package script '/home/mark-ros2/ROS2_tutorials/install/turtlesim/share/turtlesim/package.ps1'
[1.423s] INFO:colcon.colcon_core.shell:Creating package descriptor '/home/mark-ros2/ROS2_tutorials/install/turtlesim/share/turtlesim/package.dsv'
[1.423s] INFO:colcon.colcon_core.shell:Creating package script '/home/mark-ros2/ROS2_tutorials/install/turtlesim/share/turtlesim/package.sh'
[1.423s] INFO:colcon.colcon_core.shell:Creating package script '/home/mark-ros2/ROS2_tutorials/install/turtlesim/share/turtlesim/package.bash'
[1.423s] INFO:colcon.colcon_core.shell:Creating package script '/home/mark-ros2/ROS2_tutorials/install/turtlesim/share/turtlesim/package.zsh'
[1.424s] Level 1:colcon.colcon_core.environment:create_file_with_runtime_dependencies(/home/mark-ros2/ROS2_tutorials/install/turtlesim/share/colcon-core/packages/turtlesim)
[1.424s] DEBUG:colcon.colcon_parallel_executor.executor.parallel:closing loop
[1.424s] DEBUG:colcon.colcon_parallel_executor.executor.parallel:loop closed
[1.424s] DEBUG:colcon.colcon_parallel_executor.executor.parallel:run_until_complete finished with '0'
[1.424s] DEBUG:colcon.colcon_core.event_reactor:joining thread
[1.429s] INFO:colcon.colcon_core.plugin_system:Skipping extension 'colcon_notification.desktop_notification.terminal_notifier': Not used on non-Darwin systems
[1.429s] INFO:colcon.colcon_core.plugin_system:Skipping extension 'colcon_notification.desktop_notification.win32': Not used on non-Windows systems
[1.429s] INFO:colcon.colcon_notification.desktop_notification:Sending desktop notification using 'notify2'
[1.438s] DEBUG:colcon.colcon_core.event_reactor:joined thread
[1.439s] INFO:colcon.colcon_core.shell:Creating prefix script '/home/mark-ros2/ROS2_tutorials/install/local_setup.ps1'
[1.440s] INFO:colcon.colcon_core.shell:Creating prefix util module '/home/mark-ros2/ROS2_tutorials/install/_local_setup_util_ps1.py'
[1.440s] INFO:colcon.colcon_core.shell:Creating prefix chain script '/home/mark-ros2/ROS2_tutorials/install/setup.ps1'
[1.442s] INFO:colcon.colcon_core.shell:Creating prefix script '/home/mark-ros2/ROS2_tutorials/install/local_setup.sh'
[1.442s] INFO:colcon.colcon_core.shell:Creating prefix util module '/home/mark-ros2/ROS2_tutorials/install/_local_setup_util_sh.py'
[1.443s] INFO:colcon.colcon_core.shell:Creating prefix chain script '/home/mark-ros2/ROS2_tutorials/install/setup.sh'
[1.444s] INFO:colcon.colcon_core.shell:Creating prefix script '/home/mark-ros2/ROS2_tutorials/install/local_setup.bash'
[1.445s] INFO:colcon.colcon_core.shell:Creating prefix chain script '/home/mark-ros2/ROS2_tutorials/install/setup.bash'
[1.446s] INFO:colcon.colcon_core.shell:Creating prefix script '/home/mark-ros2/ROS2_tutorials/install/local_setup.zsh'
[1.446s] INFO:colcon.colcon_core.shell:Creating prefix chain script '/home/mark-ros2/ROS2_tutorials/install/setup.zsh'
