[1.123s] Invoking command in '/home/mark-ros2/ROS2_tutorials/src/tb3_teleop': PYTHONPATH=/home/mark-ros2/ROS2_tutorials/install/tb3_teleop/lib/python3.8/site-packages:${PYTHONPATH} /usr/bin/python3 setup.py egg_info --egg-base ../../build/tb3_teleop build --build-base /home/mark-ros2/ROS2_tutorials/build/tb3_teleop/build install --prefix /home/mark-ros2/ROS2_tutorials/install/tb3_teleop --record /home/mark-ros2/ROS2_tutorials/build/tb3_teleop/install.log --single-version-externally-managed
[1.308s] running egg_info
[1.308s] creating ../../build/tb3_teleop/tb3_teleop.egg-info
[1.309s] writing ../../build/tb3_teleop/tb3_teleop.egg-info/PKG-INFO
[1.309s] writing dependency_links to ../../build/tb3_teleop/tb3_teleop.egg-info/dependency_links.txt
[1.309s] writing entry points to ../../build/tb3_teleop/tb3_teleop.egg-info/entry_points.txt
[1.309s] writing requirements to ../../build/tb3_teleop/tb3_teleop.egg-info/requires.txt
[1.309s] writing top-level names to ../../build/tb3_teleop/tb3_teleop.egg-info/top_level.txt
[1.311s] writing manifest file '../../build/tb3_teleop/tb3_teleop.egg-info/SOURCES.txt'
[1.359s] reading manifest file '../../build/tb3_teleop/tb3_teleop.egg-info/SOURCES.txt'
[1.360s] writing manifest file '../../build/tb3_teleop/tb3_teleop.egg-info/SOURCES.txt'
[1.360s] running build
[1.360s] running build_py
[1.360s] creating /home/mark-ros2/ROS2_tutorials/build/tb3_teleop/build
[1.360s] creating /home/mark-ros2/ROS2_tutorials/build/tb3_teleop/build/lib
[1.360s] creating /home/mark-ros2/ROS2_tutorials/build/tb3_teleop/build/lib/tb3_teleop
[1.360s] copying tb3_teleop/__init__.py -> /home/mark-ros2/ROS2_tutorials/build/tb3_teleop/build/lib/tb3_teleop
[1.360s] running install
[1.361s] running install_lib
[1.362s] creating /home/mark-ros2/ROS2_tutorials/install/tb3_teleop/lib/python3.8/site-packages/tb3_teleop
[1.363s] copying /home/mark-ros2/ROS2_tutorials/build/tb3_teleop/build/lib/tb3_teleop/__init__.py -> /home/mark-ros2/ROS2_tutorials/install/tb3_teleop/lib/python3.8/site-packages/tb3_teleop
[1.363s] byte-compiling /home/mark-ros2/ROS2_tutorials/install/tb3_teleop/lib/python3.8/site-packages/tb3_teleop/__init__.py to __init__.cpython-38.pyc
[1.365s] running install_data
[1.365s] creating /home/mark-ros2/ROS2_tutorials/install/tb3_teleop/share/ament_index
[1.366s] creating /home/mark-ros2/ROS2_tutorials/install/tb3_teleop/share/ament_index/resource_index
[1.366s] creating /home/mark-ros2/ROS2_tutorials/install/tb3_teleop/share/ament_index/resource_index/packages
[1.366s] copying resource/tb3_teleop -> /home/mark-ros2/ROS2_tutorials/install/tb3_teleop/share/ament_index/resource_index/packages
[1.366s] copying package.xml -> /home/mark-ros2/ROS2_tutorials/install/tb3_teleop/share/tb3_teleop
[1.366s] running install_egg_info
[1.368s] Copying ../../build/tb3_teleop/tb3_teleop.egg-info to /home/mark-ros2/ROS2_tutorials/install/tb3_teleop/lib/python3.8/site-packages/tb3_teleop-0.0.0-py3.8.egg-info
[1.369s] running install_scripts
[1.395s] writing list of installed files to '/home/mark-ros2/ROS2_tutorials/build/tb3_teleop/install.log'
[1.445s] Invoked command in '/home/mark-ros2/ROS2_tutorials/src/tb3_teleop' returned '0': PYTHONPATH=/home/mark-ros2/ROS2_tutorials/install/tb3_teleop/lib/python3.8/site-packages:${PYTHONPATH} /usr/bin/python3 setup.py egg_info --egg-base ../../build/tb3_teleop build --build-base /home/mark-ros2/ROS2_tutorials/build/tb3_teleop/build install --prefix /home/mark-ros2/ROS2_tutorials/install/tb3_teleop --record /home/mark-ros2/ROS2_tutorials/build/tb3_teleop/install.log --single-version-externally-managed
