running egg_info
writing ../../build/myfirstpackage/myfirstpackage.egg-info/PKG-INFO
writing dependency_links to ../../build/myfirstpackage/myfirstpackage.egg-info/dependency_links.txt
writing entry points to ../../build/myfirstpackage/myfirstpackage.egg-info/entry_points.txt
writing requirements to ../../build/myfirstpackage/myfirstpackage.egg-info/requires.txt
writing top-level names to ../../build/myfirstpackage/myfirstpackage.egg-info/top_level.txt
reading manifest file '../../build/myfirstpackage/myfirstpackage.egg-info/SOURCES.txt'
writing manifest file '../../build/myfirstpackage/myfirstpackage.egg-info/SOURCES.txt'
running build
running build_py
copying myfirstpackage/myfirstnode.py -> /home/mark-ros2/robot_ws/build/myfirstpackage/build/lib/myfirstpackage
running install
running install_lib
copying /home/mark-ros2/robot_ws/build/myfirstpackage/build/lib/myfirstpackage/myfirstnode.py -> /home/mark-ros2/robot_ws/install/myfirstpackage/lib/python3.8/site-packages/myfirstpackage
byte-compiling /home/mark-ros2/robot_ws/install/myfirstpackage/lib/python3.8/site-packages/myfirstpackage/myfirstnode.py to myfirstnode.cpython-38.pyc
running install_data
running install_egg_info
removing '/home/mark-ros2/robot_ws/install/myfirstpackage/lib/python3.8/site-packages/myfirstpackage-0.0.0-py3.8.egg-info' (and everything under it)
Copying ../../build/myfirstpackage/myfirstpackage.egg-info to /home/mark-ros2/robot_ws/install/myfirstpackage/lib/python3.8/site-packages/myfirstpackage-0.0.0-py3.8.egg-info
running install_scripts
Installing myfirstnode script to /home/mark-ros2/robot_ws/install/myfirstpackage/lib/myfirstpackage
writing list of installed files to '/home/mark-ros2/robot_ws/build/myfirstpackage/install.log'
