[1.153s] Invoking command in '/home/mark-ros2/ROS2_tutorials/src/pubsub': PYTHONPATH=/home/mark-ros2/ROS2_tutorials/install/pubsub/lib/python3.8/site-packages:${PYTHONPATH} /usr/bin/python3 setup.py egg_info --egg-base ../../build/pubsub build --build-base /home/mark-ros2/ROS2_tutorials/build/pubsub/build install --prefix /home/mark-ros2/ROS2_tutorials/install/pubsub --record /home/mark-ros2/ROS2_tutorials/build/pubsub/install.log --single-version-externally-managed
[1.369s] running egg_info
[1.369s] writing ../../build/pubsub/pubsub.egg-info/PKG-INFO
[1.370s] writing dependency_links to ../../build/pubsub/pubsub.egg-info/dependency_links.txt
[1.370s] writing entry points to ../../build/pubsub/pubsub.egg-info/entry_points.txt
[1.370s] writing requirements to ../../build/pubsub/pubsub.egg-info/requires.txt
[1.371s] writing top-level names to ../../build/pubsub/pubsub.egg-info/top_level.txt
[1.400s] reading manifest file '../../build/pubsub/pubsub.egg-info/SOURCES.txt'
[1.401s] writing manifest file '../../build/pubsub/pubsub.egg-info/SOURCES.txt'
[1.402s] running build
[1.402s] running build_py
[1.402s] running install
[1.402s] running install_lib
[1.403s] running install_data
[1.404s] running install_egg_info
[1.406s] removing '/home/mark-ros2/ROS2_tutorials/install/pubsub/lib/python3.8/site-packages/pubsub-0.0.0-py3.8.egg-info' (and everything under it)
[1.406s] Copying ../../build/pubsub/pubsub.egg-info to /home/mark-ros2/ROS2_tutorials/install/pubsub/lib/python3.8/site-packages/pubsub-0.0.0-py3.8.egg-info
[1.407s] running install_scripts
[1.423s] Installing publisher script to /home/mark-ros2/ROS2_tutorials/install/pubsub/lib/pubsub
[1.423s] Installing subscriber script to /home/mark-ros2/ROS2_tutorials/install/pubsub/lib/pubsub
[1.423s] writing list of installed files to '/home/mark-ros2/ROS2_tutorials/build/pubsub/install.log'
[1.464s] Invoked command in '/home/mark-ros2/ROS2_tutorials/src/pubsub' returned '0': PYTHONPATH=/home/mark-ros2/ROS2_tutorials/install/pubsub/lib/python3.8/site-packages:${PYTHONPATH} /usr/bin/python3 setup.py egg_info --egg-base ../../build/pubsub build --build-base /home/mark-ros2/ROS2_tutorials/build/pubsub/build install --prefix /home/mark-ros2/ROS2_tutorials/install/pubsub --record /home/mark-ros2/ROS2_tutorials/build/pubsub/install.log --single-version-externally-managed
