[0.682s] Invoking command in '/home/mark-ros2/ROS2_tutorials/src/hello_world': PYTHONPATH=/home/mark-ros2/ROS2_tutorials/install/hello_world/lib/python3.8/site-packages:${PYTHONPATH} /usr/bin/python3 setup.py egg_info --egg-base ../../build/hello_world build --build-base /home/mark-ros2/ROS2_tutorials/build/hello_world/build install --prefix /home/mark-ros2/ROS2_tutorials/install/hello_world --record /home/mark-ros2/ROS2_tutorials/build/hello_world/install.log --single-version-externally-managed
[0.861s] running egg_info
[0.862s] writing ../../build/hello_world/hello_world.egg-info/PKG-INFO
[0.862s] writing dependency_links to ../../build/hello_world/hello_world.egg-info/dependency_links.txt
[0.862s] writing entry points to ../../build/hello_world/hello_world.egg-info/entry_points.txt
[0.862s] writing requirements to ../../build/hello_world/hello_world.egg-info/requires.txt
[0.862s] writing top-level names to ../../build/hello_world/hello_world.egg-info/top_level.txt
[0.887s] reading manifest file '../../build/hello_world/hello_world.egg-info/SOURCES.txt'
[0.888s] writing manifest file '../../build/hello_world/hello_world.egg-info/SOURCES.txt'
[0.888s] running build
[0.888s] running build_py
[0.888s] running install
[0.889s] running install_lib
[0.889s] running install_data
[0.890s] running install_egg_info
[0.891s] removing '/home/mark-ros2/ROS2_tutorials/install/hello_world/lib/python3.8/site-packages/hello_world-0.0.0-py3.8.egg-info' (and everything under it)
[0.891s] Copying ../../build/hello_world/hello_world.egg-info to /home/mark-ros2/ROS2_tutorials/install/hello_world/lib/python3.8/site-packages/hello_world-0.0.0-py3.8.egg-info
[0.892s] running install_scripts
[0.904s] Installing hello_world script to /home/mark-ros2/ROS2_tutorials/install/hello_world/lib/hello_world
[0.905s] writing list of installed files to '/home/mark-ros2/ROS2_tutorials/build/hello_world/install.log'
[0.929s] Invoked command in '/home/mark-ros2/ROS2_tutorials/src/hello_world' returned '0': PYTHONPATH=/home/mark-ros2/ROS2_tutorials/install/hello_world/lib/python3.8/site-packages:${PYTHONPATH} /usr/bin/python3 setup.py egg_info --egg-base ../../build/hello_world build --build-base /home/mark-ros2/ROS2_tutorials/build/hello_world/build install --prefix /home/mark-ros2/ROS2_tutorials/install/hello_world --record /home/mark-ros2/ROS2_tutorials/build/hello_world/install.log --single-version-externally-managed
