[0.385s] Invoking command in '/home/mark-ros2/robot_ws/src/hello_world': PYTHONPATH=/home/mark-ros2/robot_ws/install/hello_world/lib/python3.8/site-packages:${PYTHONPATH} /usr/bin/python3 setup.py egg_info --egg-base ../../build/hello_world build --build-base /home/mark-ros2/robot_ws/build/hello_world/build install --prefix /home/mark-ros2/robot_ws/install/hello_world --record /home/mark-ros2/robot_ws/build/hello_world/install.log --single-version-externally-managed
[0.603s] running egg_info
[0.603s] writing ../../build/hello_world/hello_world.egg-info/PKG-INFO
[0.604s] writing dependency_links to ../../build/hello_world/hello_world.egg-info/dependency_links.txt
[0.604s] writing entry points to ../../build/hello_world/hello_world.egg-info/entry_points.txt
[0.604s] writing requirements to ../../build/hello_world/hello_world.egg-info/requires.txt
[0.604s] writing top-level names to ../../build/hello_world/hello_world.egg-info/top_level.txt
[0.637s] reading manifest file '../../build/hello_world/hello_world.egg-info/SOURCES.txt'
[0.638s] writing manifest file '../../build/hello_world/hello_world.egg-info/SOURCES.txt'
[0.638s] running build
[0.638s] running build_py
[0.638s] running install
[0.640s] running install_lib
[0.641s] running install_data
[0.642s] running install_egg_info
[0.644s] removing '/home/mark-ros2/robot_ws/install/hello_world/lib/python3.8/site-packages/hello_world-0.0.0-py3.8.egg-info' (and everything under it)
[0.644s] Copying ../../build/hello_world/hello_world.egg-info to /home/mark-ros2/robot_ws/install/hello_world/lib/python3.8/site-packages/hello_world-0.0.0-py3.8.egg-info
[0.645s] running install_scripts
[0.664s] Installing hello_world script to /home/mark-ros2/robot_ws/install/hello_world/lib/hello_world
[0.664s] writing list of installed files to '/home/mark-ros2/robot_ws/build/hello_world/install.log'
[0.688s] Invoked command in '/home/mark-ros2/robot_ws/src/hello_world' returned '0': PYTHONPATH=/home/mark-ros2/robot_ws/install/hello_world/lib/python3.8/site-packages:${PYTHONPATH} /usr/bin/python3 setup.py egg_info --egg-base ../../build/hello_world build --build-base /home/mark-ros2/robot_ws/build/hello_world/build install --prefix /home/mark-ros2/robot_ws/install/hello_world --record /home/mark-ros2/robot_ws/build/hello_world/install.log --single-version-externally-managed
