[0.200s] Invoking command in '/home/mark-ros2/robot_ws/build/turtlesim': CMAKE_PREFIX_PATH=${CMAKE_PREFIX_PATH}:/home/mark-ros2/robot_ws/install/myfirstpackage:/opt/ros/foxy /usr/bin/cmake --build /home/mark-ros2/robot_ws/build/turtlesim -- -j12 -l12
[0.252s] [  1%] Built target turtlesim__cpp
[0.253s] [ 11%] Built target turtlesim__rosidl_generator_c
[0.276s] [ 31%] Built target turtlesim__rosidl_typesupport_c
[0.276s] [ 31%] Built target turtlesim__rosidl_typesupport_cpp
[0.276s] [ 41%] Built target turtlesim__rosidl_typesupport_introspection_c
[0.278s] [ 51%] Built target turtlesim__rosidl_typesupport_introspection_cpp
[0.286s] [ 61%] Built target turtlesim__rosidl_typesupport_fastrtps_cpp
[0.311s] [ 71%] Built target turtlesim__rosidl_typesupport_fastrtps_c
[0.327s] [ 71%] Built target turtlesim
[0.347s] [ 72%] Built target turtlesim__py
[0.350s] [ 73%] [32mBuilding CXX object CMakeFiles/draw_square.dir/tutorials/draw_square.cpp.o[0m
[0.357s] [ 75%] Built target mimic
[0.363s] [ 77%] Built target turtle_teleop_key
[0.372s] [ 83%] Built target turtlesim_node
[0.377s] [ 92%] Built target turtlesim__python
[0.403s] [ 98%] Built target turtlesim__rosidl_typesupport_c__pyext
[0.403s] [ 98%] Built target turtlesim__rosidl_typesupport_fastrtps_c__pyext
[0.404s] [ 98%] Built target turtlesim__rosidl_typesupport_introspection_c__pyext
[5.162s] [100%] [32m[1mLinking CXX executable draw_square[0m
[5.375s] [100%] Built target draw_square
[5.384s] Invoked command in '/home/mark-ros2/robot_ws/build/turtlesim' returned '0': CMAKE_PREFIX_PATH=${CMAKE_PREFIX_PATH}:/home/mark-ros2/robot_ws/install/myfirstpackage:/opt/ros/foxy /usr/bin/cmake --build /home/mark-ros2/robot_ws/build/turtlesim -- -j12 -l12
[5.500s] Invoking command in '/home/mark-ros2/robot_ws/build/turtlesim': CMAKE_PREFIX_PATH=${CMAKE_PREFIX_PATH}:/home/mark-ros2/robot_ws/install/myfirstpackage:/opt/ros/foxy /usr/bin/cmake --install /home/mark-ros2/robot_ws/build/turtlesim
[5.508s] -- Install configuration: ""
[5.509s] -- Up-to-date: /home/mark-ros2/robot_ws/install/turtlesim/share/ament_index/resource_index/rosidl_interfaces/turtlesim
[5.509s] -- Up-to-date: /home/mark-ros2/robot_ws/install/turtlesim/include/turtlesim
[5.509s] -- Up-to-date: /home/mark-ros2/robot_ws/install/turtlesim/include/turtlesim/srv
[5.509s] -- Up-to-date: /home/mark-ros2/robot_ws/install/turtlesim/include/turtlesim/srv/set_pen.h
[5.509s] -- Up-to-date: /home/mark-ros2/robot_ws/install/turtlesim/include/turtlesim/srv/teleport_absolute.h
[5.509s] -- Up-to-date: /home/mark-ros2/robot_ws/install/turtlesim/include/turtlesim/srv/teleport_relative.h
[5.509s] -- Up-to-date: /home/mark-ros2/robot_ws/install/turtlesim/include/turtlesim/srv/kill.h
[5.509s] -- Up-to-date: /home/mark-ros2/robot_ws/install/turtlesim/include/turtlesim/srv/spawn.h
[5.510s] -- Up-to-date: /home/mark-ros2/robot_ws/install/turtlesim/include/turtlesim/srv/detail
[5.510s] -- Up-to-date: /home/mark-ros2/robot_ws/install/turtlesim/include/turtlesim/srv/detail/set_pen__struct.h
[5.510s] -- Up-to-date: /home/mark-ros2/robot_ws/install/turtlesim/include/turtlesim/srv/detail/set_pen__type_support.h
[5.510s] -- Up-to-date: /home/mark-ros2/robot_ws/install/turtlesim/include/turtlesim/srv/detail/spawn__struct.h
[5.510s] -- Up-to-date: /home/mark-ros2/robot_ws/install/turtlesim/include/turtlesim/srv/detail/spawn__functions.c
[5.510s] -- Up-to-date: /home/mark-ros2/robot_ws/install/turtlesim/include/turtlesim/srv/detail/kill__functions.h
[5.510s] -- Up-to-date: /home/mark-ros2/robot_ws/install/turtlesim/include/turtlesim/srv/detail/set_pen__functions.h
[5.510s] -- Up-to-date: /home/mark-ros2/robot_ws/install/turtlesim/include/turtlesim/srv/detail/teleport_relative__struct.h
[5.511s] -- Up-to-date: /home/mark-ros2/robot_ws/install/turtlesim/include/turtlesim/srv/detail/set_pen__functions.c
[5.511s] -- Up-to-date: /home/mark-ros2/robot_ws/install/turtlesim/include/turtlesim/srv/detail/teleport_relative__type_support.h
[5.511s] -- Up-to-date: /home/mark-ros2/robot_ws/install/turtlesim/include/turtlesim/srv/detail/teleport_absolute__struct.h
[5.511s] -- Up-to-date: /home/mark-ros2/robot_ws/install/turtlesim/include/turtlesim/srv/detail/teleport_absolute__functions.c
[5.511s] -- Up-to-date: /home/mark-ros2/robot_ws/install/turtlesim/include/turtlesim/srv/detail/kill__struct.h
[5.511s] -- Up-to-date: /home/mark-ros2/robot_ws/install/turtlesim/include/turtlesim/srv/detail/spawn__type_support.h
[5.511s] -- Up-to-date: /home/mark-ros2/robot_ws/install/turtlesim/include/turtlesim/srv/detail/teleport_relative__functions.h
[5.511s] -- Up-to-date: /home/mark-ros2/robot_ws/install/turtlesim/include/turtlesim/srv/detail/teleport_relative__functions.c
[5.512s] -- Up-to-date: /home/mark-ros2/robot_ws/install/turtlesim/include/turtlesim/srv/detail/kill__functions.c
[5.512s] -- Up-to-date: /home/mark-ros2/robot_ws/install/turtlesim/include/turtlesim/srv/detail/spawn__functions.h
[5.512s] -- Up-to-date: /home/mark-ros2/robot_ws/install/turtlesim/include/turtlesim/srv/detail/teleport_absolute__functions.h
[5.512s] -- Up-to-date: /home/mark-ros2/robot_ws/install/turtlesim/include/turtlesim/srv/detail/teleport_absolute__type_support.h
[5.512s] -- Up-to-date: /home/mark-ros2/robot_ws/install/turtlesim/include/turtlesim/srv/detail/kill__type_support.h
[5.512s] -- Up-to-date: /home/mark-ros2/robot_ws/install/turtlesim/include/turtlesim/msg
[5.512s] -- Up-to-date: /home/mark-ros2/robot_ws/install/turtlesim/include/turtlesim/msg/rosidl_generator_c__visibility_control.h
[5.512s] -- Up-to-date: /home/mark-ros2/robot_ws/install/turtlesim/include/turtlesim/msg/color.h
[5.512s] -- Up-to-date: /home/mark-ros2/robot_ws/install/turtlesim/include/turtlesim/msg/pose.h
[5.513s] -- Up-to-date: /home/mark-ros2/robot_ws/install/turtlesim/include/turtlesim/msg/detail
[5.513s] -- Up-to-date: /home/mark-ros2/robot_ws/install/turtlesim/include/turtlesim/msg/detail/color__functions.c
[5.513s] -- Up-to-date: /home/mark-ros2/robot_ws/install/turtlesim/include/turtlesim/msg/detail/pose__type_support.h
[5.513s] -- Up-to-date: /home/mark-ros2/robot_ws/install/turtlesim/include/turtlesim/msg/detail/color__type_support.h
[5.513s] -- Up-to-date: /home/mark-ros2/robot_ws/install/turtlesim/include/turtlesim/msg/detail/pose__struct.h
[5.514s] -- Up-to-date: /home/mark-ros2/robot_ws/install/turtlesim/include/turtlesim/msg/detail/color__struct.h
[5.514s] -- Up-to-date: /home/mark-ros2/robot_ws/install/turtlesim/include/turtlesim/msg/detail/pose__functions.c
[5.514s] -- Up-to-date: /home/mark-ros2/robot_ws/install/turtlesim/include/turtlesim/msg/detail/color__functions.h
[5.514s] -- Up-to-date: /home/mark-ros2/robot_ws/install/turtlesim/include/turtlesim/msg/detail/pose__functions.h
[5.514s] -- Up-to-date: /home/mark-ros2/robot_ws/install/turtlesim/include/turtlesim/action
[5.514s] -- Up-to-date: /home/mark-ros2/robot_ws/install/turtlesim/include/turtlesim/action/rotate_absolute.h
[5.514s] -- Up-to-date: /home/mark-ros2/robot_ws/install/turtlesim/include/turtlesim/action/detail
[5.514s] -- Up-to-date: /home/mark-ros2/robot_ws/install/turtlesim/include/turtlesim/action/detail/rotate_absolute__functions.h
[5.515s] -- Up-to-date: /home/mark-ros2/robot_ws/install/turtlesim/include/turtlesim/action/detail/rotate_absolute__type_support.h
[5.515s] -- Up-to-date: /home/mark-ros2/robot_ws/install/turtlesim/include/turtlesim/action/detail/rotate_absolute__functions.c
[5.515s] -- Up-to-date: /home/mark-ros2/robot_ws/install/turtlesim/include/turtlesim/action/detail/rotate_absolute__struct.h
[5.515s] -- Up-to-date: /home/mark-ros2/robot_ws/install/turtlesim/share/turtlesim/environment/library_path.sh
[5.515s] -- Up-to-date: /home/mark-ros2/robot_ws/install/turtlesim/share/turtlesim/environment/library_path.dsv
[5.515s] -- Up-to-date: /home/mark-ros2/robot_ws/install/turtlesim/lib/libturtlesim__rosidl_generator_c.so
[5.515s] -- Up-to-date: /home/mark-ros2/robot_ws/install/turtlesim/include/turtlesim
[5.515s] -- Up-to-date: /home/mark-ros2/robot_ws/install/turtlesim/include/turtlesim/srv
[5.515s] -- Up-to-date: /home/mark-ros2/robot_ws/install/turtlesim/include/turtlesim/srv/detail
[5.515s] -- Up-to-date: /home/mark-ros2/robot_ws/install/turtlesim/include/turtlesim/srv/detail/teleport_relative__rosidl_typesupport_fastrtps_c.h
[5.516s] -- Up-to-date: /home/mark-ros2/robot_ws/install/turtlesim/include/turtlesim/srv/detail/set_pen__rosidl_typesupport_fastrtps_c.h
[5.516s] -- Up-to-date: /home/mark-ros2/robot_ws/install/turtlesim/include/turtlesim/srv/detail/spawn__rosidl_typesupport_fastrtps_c.h
[5.516s] -- Up-to-date: /home/mark-ros2/robot_ws/install/turtlesim/include/turtlesim/srv/detail/kill__rosidl_typesupport_fastrtps_c.h
[5.516s] -- Up-to-date: /home/mark-ros2/robot_ws/install/turtlesim/include/turtlesim/srv/detail/teleport_absolute__rosidl_typesupport_fastrtps_c.h
[5.516s] -- Up-to-date: /home/mark-ros2/robot_ws/install/turtlesim/include/turtlesim/msg
[5.516s] -- Up-to-date: /home/mark-ros2/robot_ws/install/turtlesim/include/turtlesim/msg/rosidl_typesupport_fastrtps_c__visibility_control.h
[5.516s] -- Up-to-date: /home/mark-ros2/robot_ws/install/turtlesim/include/turtlesim/msg/detail
[5.516s] -- Up-to-date: /home/mark-ros2/robot_ws/install/turtlesim/include/turtlesim/msg/detail/color__rosidl_typesupport_fastrtps_c.h
[5.516s] -- Up-to-date: /home/mark-ros2/robot_ws/install/turtlesim/include/turtlesim/msg/detail/pose__rosidl_typesupport_fastrtps_c.h
[5.516s] -- Up-to-date: /home/mark-ros2/robot_ws/install/turtlesim/include/turtlesim/action
[5.516s] -- Up-to-date: /home/mark-ros2/robot_ws/install/turtlesim/include/turtlesim/action/detail
[5.517s] -- Up-to-date: /home/mark-ros2/robot_ws/install/turtlesim/include/turtlesim/action/detail/rotate_absolute__rosidl_typesupport_fastrtps_c.h
[5.517s] -- Up-to-date: /home/mark-ros2/robot_ws/install/turtlesim/lib/libturtlesim__rosidl_typesupport_fastrtps_c.so
[5.517s] -- Up-to-date: /home/mark-ros2/robot_ws/install/turtlesim/include/turtlesim
[5.517s] -- Up-to-date: /home/mark-ros2/robot_ws/install/turtlesim/include/turtlesim/srv
[5.517s] -- Up-to-date: /home/mark-ros2/robot_ws/install/turtlesim/include/turtlesim/srv/detail
[5.517s] -- Up-to-date: /home/mark-ros2/robot_ws/install/turtlesim/include/turtlesim/srv/detail/teleport_relative__rosidl_typesupport_fastrtps_cpp.hpp
[5.517s] -- Up-to-date: /home/mark-ros2/robot_ws/install/turtlesim/include/turtlesim/srv/detail/spawn__rosidl_typesupport_fastrtps_cpp.hpp
[5.517s] -- Up-to-date: /home/mark-ros2/robot_ws/install/turtlesim/include/turtlesim/srv/detail/teleport_absolute__rosidl_typesupport_fastrtps_cpp.hpp
[5.517s] -- Up-to-date: /home/mark-ros2/robot_ws/install/turtlesim/include/turtlesim/srv/detail/set_pen__rosidl_typesupport_fastrtps_cpp.hpp
[5.517s] -- Up-to-date: /home/mark-ros2/robot_ws/install/turtlesim/include/turtlesim/srv/detail/kill__rosidl_typesupport_fastrtps_cpp.hpp
[5.517s] -- Up-to-date: /home/mark-ros2/robot_ws/install/turtlesim/include/turtlesim/srv/detail/dds_fastrtps
[5.517s] -- Up-to-date: /home/mark-ros2/robot_ws/install/turtlesim/include/turtlesim/msg
[5.518s] -- Up-to-date: /home/mark-ros2/robot_ws/install/turtlesim/include/turtlesim/msg/rosidl_typesupport_fastrtps_cpp__visibility_control.h
[5.518s] -- Up-to-date: /home/mark-ros2/robot_ws/install/turtlesim/include/turtlesim/msg/detail
[5.518s] -- Up-to-date: /home/mark-ros2/robot_ws/install/turtlesim/include/turtlesim/msg/detail/color__rosidl_typesupport_fastrtps_cpp.hpp
[5.518s] -- Up-to-date: /home/mark-ros2/robot_ws/install/turtlesim/include/turtlesim/msg/detail/dds_fastrtps
[5.518s] -- Up-to-date: /home/mark-ros2/robot_ws/install/turtlesim/include/turtlesim/msg/detail/pose__rosidl_typesupport_fastrtps_cpp.hpp
[5.518s] -- Up-to-date: /home/mark-ros2/robot_ws/install/turtlesim/include/turtlesim/action
[5.518s] -- Up-to-date: /home/mark-ros2/robot_ws/install/turtlesim/include/turtlesim/action/detail
[5.518s] -- Up-to-date: /home/mark-ros2/robot_ws/install/turtlesim/include/turtlesim/action/detail/rotate_absolute__rosidl_typesupport_fastrtps_cpp.hpp
[5.518s] -- Up-to-date: /home/mark-ros2/robot_ws/install/turtlesim/include/turtlesim/action/detail/dds_fastrtps
[5.518s] -- Up-to-date: /home/mark-ros2/robot_ws/install/turtlesim/lib/libturtlesim__rosidl_typesupport_fastrtps_cpp.so
[5.518s] -- Up-to-date: /home/mark-ros2/robot_ws/install/turtlesim/include/turtlesim
[5.519s] -- Up-to-date: /home/mark-ros2/robot_ws/install/turtlesim/include/turtlesim/srv
[5.519s] -- Up-to-date: /home/mark-ros2/robot_ws/install/turtlesim/include/turtlesim/srv/detail
[5.519s] -- Up-to-date: /home/mark-ros2/robot_ws/install/turtlesim/include/turtlesim/srv/detail/kill__type_support.c
[5.519s] -- Up-to-date: /home/mark-ros2/robot_ws/install/turtlesim/include/turtlesim/srv/detail/spawn__rosidl_typesupport_introspection_c.h
[5.519s] -- Up-to-date: /home/mark-ros2/robot_ws/install/turtlesim/include/turtlesim/srv/detail/set_pen__rosidl_typesupport_introspection_c.h
[5.519s] -- Up-to-date: /home/mark-ros2/robot_ws/install/turtlesim/include/turtlesim/srv/detail/kill__rosidl_typesupport_introspection_c.h
[5.519s] -- Up-to-date: /home/mark-ros2/robot_ws/install/turtlesim/include/turtlesim/srv/detail/set_pen__type_support.c
[5.519s] -- Up-to-date: /home/mark-ros2/robot_ws/install/turtlesim/include/turtlesim/srv/detail/teleport_relative__rosidl_typesupport_introspection_c.h
[5.519s] -- Up-to-date: /home/mark-ros2/robot_ws/install/turtlesim/include/turtlesim/srv/detail/teleport_absolute__rosidl_typesupport_introspection_c.h
[5.519s] -- Up-to-date: /home/mark-ros2/robot_ws/install/turtlesim/include/turtlesim/srv/detail/teleport_relative__type_support.c
[5.519s] -- Up-to-date: /home/mark-ros2/robot_ws/install/turtlesim/include/turtlesim/srv/detail/teleport_absolute__type_support.c
[5.519s] -- Up-to-date: /home/mark-ros2/robot_ws/install/turtlesim/include/turtlesim/srv/detail/spawn__type_support.c
[5.519s] -- Up-to-date: /home/mark-ros2/robot_ws/install/turtlesim/include/turtlesim/msg
[5.520s] -- Up-to-date: /home/mark-ros2/robot_ws/install/turtlesim/include/turtlesim/msg/rosidl_typesupport_introspection_c__visibility_control.h
[5.520s] -- Up-to-date: /home/mark-ros2/robot_ws/install/turtlesim/include/turtlesim/msg/detail
[5.520s] -- Up-to-date: /home/mark-ros2/robot_ws/install/turtlesim/include/turtlesim/msg/detail/pose__type_support.c
[5.520s] -- Up-to-date: /home/mark-ros2/robot_ws/install/turtlesim/include/turtlesim/msg/detail/pose__rosidl_typesupport_introspection_c.h
[5.520s] -- Up-to-date: /home/mark-ros2/robot_ws/install/turtlesim/include/turtlesim/msg/detail/color__type_support.c
[5.520s] -- Up-to-date: /home/mark-ros2/robot_ws/install/turtlesim/include/turtlesim/msg/detail/color__rosidl_typesupport_introspection_c.h
[5.520s] -- Up-to-date: /home/mark-ros2/robot_ws/install/turtlesim/include/turtlesim/action
[5.520s] -- Up-to-date: /home/mark-ros2/robot_ws/install/turtlesim/include/turtlesim/action/detail
[5.520s] -- Up-to-date: /home/mark-ros2/robot_ws/install/turtlesim/include/turtlesim/action/detail/rotate_absolute__rosidl_typesupport_introspection_c.h
[5.520s] -- Up-to-date: /home/mark-ros2/robot_ws/install/turtlesim/include/turtlesim/action/detail/rotate_absolute__type_support.c
[5.520s] -- Up-to-date: /home/mark-ros2/robot_ws/install/turtlesim/lib/libturtlesim__rosidl_typesupport_introspection_c.so
[5.520s] -- Up-to-date: /home/mark-ros2/robot_ws/install/turtlesim/lib/libturtlesim__rosidl_typesupport_c.so
[5.520s] -- Up-to-date: /home/mark-ros2/robot_ws/install/turtlesim/include/turtlesim
[5.520s] -- Up-to-date: /home/mark-ros2/robot_ws/install/turtlesim/include/turtlesim/srv
[5.521s] -- Up-to-date: /home/mark-ros2/robot_ws/install/turtlesim/include/turtlesim/srv/set_pen.hpp
[5.521s] -- Up-to-date: /home/mark-ros2/robot_ws/install/turtlesim/include/turtlesim/srv/kill.hpp
[5.521s] -- Up-to-date: /home/mark-ros2/robot_ws/install/turtlesim/include/turtlesim/srv/teleport_absolute.hpp
[5.521s] -- Up-to-date: /home/mark-ros2/robot_ws/install/turtlesim/include/turtlesim/srv/spawn.hpp
[5.521s] -- Up-to-date: /home/mark-ros2/robot_ws/install/turtlesim/include/turtlesim/srv/teleport_relative.hpp
[5.521s] -- Up-to-date: /home/mark-ros2/robot_ws/install/turtlesim/include/turtlesim/srv/detail
[5.521s] -- Up-to-date: /home/mark-ros2/robot_ws/install/turtlesim/include/turtlesim/srv/detail/set_pen__struct.hpp
[5.521s] -- Up-to-date: /home/mark-ros2/robot_ws/install/turtlesim/include/turtlesim/srv/detail/spawn__traits.hpp
[5.521s] -- Up-to-date: /home/mark-ros2/robot_ws/install/turtlesim/include/turtlesim/srv/detail/teleport_relative__struct.hpp
[5.521s] -- Up-to-date: /home/mark-ros2/robot_ws/install/turtlesim/include/turtlesim/srv/detail/teleport_absolute__struct.hpp
[5.521s] -- Up-to-date: /home/mark-ros2/robot_ws/install/turtlesim/include/turtlesim/srv/detail/kill__struct.hpp
[5.521s] -- Up-to-date: /home/mark-ros2/robot_ws/install/turtlesim/include/turtlesim/srv/detail/set_pen__traits.hpp
[5.521s] -- Up-to-date: /home/mark-ros2/robot_ws/install/turtlesim/include/turtlesim/srv/detail/spawn__struct.hpp
[5.522s] -- Up-to-date: /home/mark-ros2/robot_ws/install/turtlesim/include/turtlesim/srv/detail/kill__traits.hpp
[5.522s] -- Up-to-date: /home/mark-ros2/robot_ws/install/turtlesim/include/turtlesim/srv/detail/teleport_absolute__builder.hpp
[5.522s] -- Up-to-date: /home/mark-ros2/robot_ws/install/turtlesim/include/turtlesim/srv/detail/teleport_relative__traits.hpp
[5.522s] -- Up-to-date: /home/mark-ros2/robot_ws/install/turtlesim/include/turtlesim/srv/detail/kill__builder.hpp
[5.522s] -- Up-to-date: /home/mark-ros2/robot_ws/install/turtlesim/include/turtlesim/srv/detail/teleport_relative__builder.hpp
[5.522s] -- Up-to-date: /home/mark-ros2/robot_ws/install/turtlesim/include/turtlesim/srv/detail/set_pen__builder.hpp
[5.522s] -- Up-to-date: /home/mark-ros2/robot_ws/install/turtlesim/include/turtlesim/srv/detail/spawn__builder.hpp
[5.522s] -- Up-to-date: /home/mark-ros2/robot_ws/install/turtlesim/include/turtlesim/srv/detail/teleport_absolute__traits.hpp
[5.522s] -- Up-to-date: /home/mark-ros2/robot_ws/install/turtlesim/include/turtlesim/msg
[5.522s] -- Up-to-date: /home/mark-ros2/robot_ws/install/turtlesim/include/turtlesim/msg/pose.hpp
[5.522s] -- Up-to-date: /home/mark-ros2/robot_ws/install/turtlesim/include/turtlesim/msg/color.hpp
[5.522s] -- Up-to-date: /home/mark-ros2/robot_ws/install/turtlesim/include/turtlesim/msg/detail
[5.522s] -- Up-to-date: /home/mark-ros2/robot_ws/install/turtlesim/include/turtlesim/msg/detail/pose__builder.hpp
[5.523s] -- Up-to-date: /home/mark-ros2/robot_ws/install/turtlesim/include/turtlesim/msg/detail/color__traits.hpp
[5.523s] -- Up-to-date: /home/mark-ros2/robot_ws/install/turtlesim/include/turtlesim/msg/detail/pose__struct.hpp
[5.523s] -- Up-to-date: /home/mark-ros2/robot_ws/install/turtlesim/include/turtlesim/msg/detail/pose__traits.hpp
[5.523s] -- Up-to-date: /home/mark-ros2/robot_ws/install/turtlesim/include/turtlesim/msg/detail/color__struct.hpp
[5.523s] -- Up-to-date: /home/mark-ros2/robot_ws/install/turtlesim/include/turtlesim/msg/detail/color__builder.hpp
[5.523s] -- Up-to-date: /home/mark-ros2/robot_ws/install/turtlesim/include/turtlesim/action
[5.523s] -- Up-to-date: /home/mark-ros2/robot_ws/install/turtlesim/include/turtlesim/action/rotate_absolute.hpp
[5.523s] -- Up-to-date: /home/mark-ros2/robot_ws/install/turtlesim/include/turtlesim/action/detail
[5.523s] -- Up-to-date: /home/mark-ros2/robot_ws/install/turtlesim/include/turtlesim/action/detail/rotate_absolute__traits.hpp
[5.523s] -- Up-to-date: /home/mark-ros2/robot_ws/install/turtlesim/include/turtlesim/action/detail/rotate_absolute__struct.hpp
[5.523s] -- Up-to-date: /home/mark-ros2/robot_ws/install/turtlesim/include/turtlesim/action/detail/rotate_absolute__builder.hpp
[5.523s] -- Up-to-date: /home/mark-ros2/robot_ws/install/turtlesim/include/turtlesim
[5.523s] -- Up-to-date: /home/mark-ros2/robot_ws/install/turtlesim/include/turtlesim/srv
[5.523s] -- Up-to-date: /home/mark-ros2/robot_ws/install/turtlesim/include/turtlesim/srv/detail
[5.524s] -- Up-to-date: /home/mark-ros2/robot_ws/install/turtlesim/include/turtlesim/srv/detail/teleport_relative__rosidl_typesupport_introspection_cpp.hpp
[5.524s] -- Up-to-date: /home/mark-ros2/robot_ws/install/turtlesim/include/turtlesim/srv/detail/spawn__rosidl_typesupport_introspection_cpp.hpp
[5.524s] -- Up-to-date: /home/mark-ros2/robot_ws/install/turtlesim/include/turtlesim/srv/detail/teleport_absolute__rosidl_typesupport_introspection_cpp.hpp
[5.524s] -- Up-to-date: /home/mark-ros2/robot_ws/install/turtlesim/include/turtlesim/srv/detail/set_pen__rosidl_typesupport_introspection_cpp.hpp
[5.524s] -- Up-to-date: /home/mark-ros2/robot_ws/install/turtlesim/include/turtlesim/srv/detail/set_pen__type_support.cpp
[5.524s] -- Up-to-date: /home/mark-ros2/robot_ws/install/turtlesim/include/turtlesim/srv/detail/spawn__type_support.cpp
[5.524s] -- Up-to-date: /home/mark-ros2/robot_ws/install/turtlesim/include/turtlesim/srv/detail/teleport_relative__type_support.cpp
[5.524s] -- Up-to-date: /home/mark-ros2/robot_ws/install/turtlesim/include/turtlesim/srv/detail/kill__type_support.cpp
[5.524s] -- Up-to-date: /home/mark-ros2/robot_ws/install/turtlesim/include/turtlesim/srv/detail/kill__rosidl_typesupport_introspection_cpp.hpp
[5.524s] -- Up-to-date: /home/mark-ros2/robot_ws/install/turtlesim/include/turtlesim/srv/detail/teleport_absolute__type_support.cpp
[5.524s] -- Up-to-date: /home/mark-ros2/robot_ws/install/turtlesim/include/turtlesim/msg
[5.524s] -- Up-to-date: /home/mark-ros2/robot_ws/install/turtlesim/include/turtlesim/msg/detail
[5.524s] -- Up-to-date: /home/mark-ros2/robot_ws/install/turtlesim/include/turtlesim/msg/detail/pose__rosidl_typesupport_introspection_cpp.hpp
[5.525s] -- Up-to-date: /home/mark-ros2/robot_ws/install/turtlesim/include/turtlesim/msg/detail/color__type_support.cpp
[5.525s] -- Up-to-date: /home/mark-ros2/robot_ws/install/turtlesim/include/turtlesim/msg/detail/pose__type_support.cpp
[5.525s] -- Up-to-date: /home/mark-ros2/robot_ws/install/turtlesim/include/turtlesim/msg/detail/color__rosidl_typesupport_introspection_cpp.hpp
[5.525s] -- Up-to-date: /home/mark-ros2/robot_ws/install/turtlesim/include/turtlesim/action
[5.525s] -- Up-to-date: /home/mark-ros2/robot_ws/install/turtlesim/include/turtlesim/action/detail
[5.525s] -- Up-to-date: /home/mark-ros2/robot_ws/install/turtlesim/include/turtlesim/action/detail/rotate_absolute__rosidl_typesupport_introspection_cpp.hpp
[5.525s] -- Up-to-date: /home/mark-ros2/robot_ws/install/turtlesim/include/turtlesim/action/detail/rotate_absolute__type_support.cpp
[5.525s] -- Up-to-date: /home/mark-ros2/robot_ws/install/turtlesim/lib/libturtlesim__rosidl_typesupport_introspection_cpp.so
[5.525s] -- Up-to-date: /home/mark-ros2/robot_ws/install/turtlesim/lib/libturtlesim__rosidl_typesupport_cpp.so
[5.525s] -- Up-to-date: /home/mark-ros2/robot_ws/install/turtlesim/share/turtlesim/environment/pythonpath.sh
[5.525s] -- Up-to-date: /home/mark-ros2/robot_ws/install/turtlesim/share/turtlesim/environment/pythonpath.dsv
[5.525s] -- Up-to-date: /home/mark-ros2/robot_ws/install/turtlesim/lib/python3.8/site-packages/turtlesim/__init__.py
[5.550s] -- Up-to-date: /home/mark-ros2/robot_ws/install/turtlesim/lib/python3.8/site-packages/turtlesim/action
[5.550s] -- Up-to-date: /home/mark-ros2/robot_ws/install/turtlesim/lib/python3.8/site-packages/turtlesim/action/__init__.py
[5.551s] -- Up-to-date: /home/mark-ros2/robot_ws/install/turtlesim/lib/python3.8/site-packages/turtlesim/action/_rotate_absolute_s.c
[5.551s] -- Up-to-date: /home/mark-ros2/robot_ws/install/turtlesim/lib/python3.8/site-packages/turtlesim/action/_rotate_absolute.py
[5.551s] -- Up-to-date: /home/mark-ros2/robot_ws/install/turtlesim/lib/python3.8/site-packages/turtlesim/msg
[5.551s] -- Up-to-date: /home/mark-ros2/robot_ws/install/turtlesim/lib/python3.8/site-packages/turtlesim/msg/__init__.py
[5.551s] -- Up-to-date: /home/mark-ros2/robot_ws/install/turtlesim/lib/python3.8/site-packages/turtlesim/msg/_color_s.c
[5.551s] -- Up-to-date: /home/mark-ros2/robot_ws/install/turtlesim/lib/python3.8/site-packages/turtlesim/msg/_pose_s.c
[5.551s] -- Up-to-date: /home/mark-ros2/robot_ws/install/turtlesim/lib/python3.8/site-packages/turtlesim/msg/_color.py
[5.551s] -- Up-to-date: /home/mark-ros2/robot_ws/install/turtlesim/lib/python3.8/site-packages/turtlesim/msg/_pose.py
[5.551s] -- Up-to-date: /home/mark-ros2/robot_ws/install/turtlesim/lib/python3.8/site-packages/turtlesim/srv
[5.551s] -- Up-to-date: /home/mark-ros2/robot_ws/install/turtlesim/lib/python3.8/site-packages/turtlesim/srv/__init__.py
[5.552s] -- Up-to-date: /home/mark-ros2/robot_ws/install/turtlesim/lib/python3.8/site-packages/turtlesim/srv/_teleport_absolute_s.c
[5.552s] -- Up-to-date: /home/mark-ros2/robot_ws/install/turtlesim/lib/python3.8/site-packages/turtlesim/srv/_spawn_s.c
[5.552s] -- Up-to-date: /home/mark-ros2/robot_ws/install/turtlesim/lib/python3.8/site-packages/turtlesim/srv/_spawn.py
[5.552s] -- Up-to-date: /home/mark-ros2/robot_ws/install/turtlesim/lib/python3.8/site-packages/turtlesim/srv/_set_pen_s.c
[5.552s] -- Up-to-date: /home/mark-ros2/robot_ws/install/turtlesim/lib/python3.8/site-packages/turtlesim/srv/_kill_s.c
[5.552s] -- Up-to-date: /home/mark-ros2/robot_ws/install/turtlesim/lib/python3.8/site-packages/turtlesim/srv/_teleport_relative.py
[5.552s] -- Up-to-date: /home/mark-ros2/robot_ws/install/turtlesim/lib/python3.8/site-packages/turtlesim/srv/_kill.py
[5.552s] -- Up-to-date: /home/mark-ros2/robot_ws/install/turtlesim/lib/python3.8/site-packages/turtlesim/srv/_set_pen.py
[5.552s] -- Up-to-date: /home/mark-ros2/robot_ws/install/turtlesim/lib/python3.8/site-packages/turtlesim/srv/_teleport_relative_s.c
[5.552s] -- Up-to-date: /home/mark-ros2/robot_ws/install/turtlesim/lib/python3.8/site-packages/turtlesim/srv/_teleport_absolute.py
[5.552s] -- Up-to-date: /home/mark-ros2/robot_ws/install/turtlesim/lib/python3.8/site-packages/turtlesim/turtlesim_s__rosidl_typesupport_fastrtps_c.cpython-38-x86_64-linux-gnu.so
[5.553s] -- Up-to-date: /home/mark-ros2/robot_ws/install/turtlesim/lib/python3.8/site-packages/turtlesim/turtlesim_s__rosidl_typesupport_introspection_c.cpython-38-x86_64-linux-gnu.so
[5.553s] -- Up-to-date: /home/mark-ros2/robot_ws/install/turtlesim/lib/python3.8/site-packages/turtlesim/turtlesim_s__rosidl_typesupport_c.cpython-38-x86_64-linux-gnu.so
[5.553s] -- Up-to-date: /home/mark-ros2/robot_ws/install/turtlesim/lib/libturtlesim__python.so
[5.553s] -- Up-to-date: /home/mark-ros2/robot_ws/install/turtlesim/share/turtlesim/action/RotateAbsolute.idl
[5.553s] -- Up-to-date: /home/mark-ros2/robot_ws/install/turtlesim/share/turtlesim/msg/Color.idl
[5.553s] -- Up-to-date: /home/mark-ros2/robot_ws/install/turtlesim/share/turtlesim/msg/Pose.idl
[5.554s] -- Up-to-date: /home/mark-ros2/robot_ws/install/turtlesim/share/turtlesim/srv/Kill.idl
[5.554s] -- Up-to-date: /home/mark-ros2/robot_ws/install/turtlesim/share/turtlesim/srv/SetPen.idl
[5.554s] -- Up-to-date: /home/mark-ros2/robot_ws/install/turtlesim/share/turtlesim/srv/Spawn.idl
[5.554s] -- Up-to-date: /home/mark-ros2/robot_ws/install/turtlesim/share/turtlesim/srv/TeleportAbsolute.idl
[5.554s] -- Up-to-date: /home/mark-ros2/robot_ws/install/turtlesim/share/turtlesim/srv/TeleportRelative.idl
[5.554s] -- Up-to-date: /home/mark-ros2/robot_ws/install/turtlesim/share/turtlesim/action/RotateAbsolute.action
[5.554s] -- Up-to-date: /home/mark-ros2/robot_ws/install/turtlesim/share/turtlesim/msg/Color.msg
[5.554s] -- Up-to-date: /home/mark-ros2/robot_ws/install/turtlesim/share/turtlesim/msg/Pose.msg
[5.555s] -- Up-to-date: /home/mark-ros2/robot_ws/install/turtlesim/share/turtlesim/srv/Kill.srv
[5.555s] -- Up-to-date: /home/mark-ros2/robot_ws/install/turtlesim/share/turtlesim/srv/Kill_Request.msg
[5.555s] -- Up-to-date: /home/mark-ros2/robot_ws/install/turtlesim/share/turtlesim/srv/Kill_Response.msg
[5.555s] -- Up-to-date: /home/mark-ros2/robot_ws/install/turtlesim/share/turtlesim/srv/SetPen.srv
[5.555s] -- Up-to-date: /home/mark-ros2/robot_ws/install/turtlesim/share/turtlesim/srv/SetPen_Request.msg
[5.555s] -- Up-to-date: /home/mark-ros2/robot_ws/install/turtlesim/share/turtlesim/srv/SetPen_Response.msg
[5.555s] -- Up-to-date: /home/mark-ros2/robot_ws/install/turtlesim/share/turtlesim/srv/Spawn.srv
[5.555s] -- Up-to-date: /home/mark-ros2/robot_ws/install/turtlesim/share/turtlesim/srv/Spawn_Request.msg
[5.555s] -- Up-to-date: /home/mark-ros2/robot_ws/install/turtlesim/share/turtlesim/srv/Spawn_Response.msg
[5.556s] -- Up-to-date: /home/mark-ros2/robot_ws/install/turtlesim/share/turtlesim/srv/TeleportAbsolute.srv
[5.556s] -- Up-to-date: /home/mark-ros2/robot_ws/install/turtlesim/share/turtlesim/srv/TeleportAbsolute_Request.msg
[5.556s] -- Up-to-date: /home/mark-ros2/robot_ws/install/turtlesim/share/turtlesim/srv/TeleportAbsolute_Response.msg
[5.556s] -- Up-to-date: /home/mark-ros2/robot_ws/install/turtlesim/share/turtlesim/srv/TeleportRelative.srv
[5.556s] -- Up-to-date: /home/mark-ros2/robot_ws/install/turtlesim/share/turtlesim/srv/TeleportRelative_Request.msg
[5.556s] -- Up-to-date: /home/mark-ros2/robot_ws/install/turtlesim/share/turtlesim/srv/TeleportRelative_Response.msg
[5.556s] -- Up-to-date: /home/mark-ros2/robot_ws/install/turtlesim/lib/turtlesim/turtlesim_node
[5.556s] -- Up-to-date: /home/mark-ros2/robot_ws/install/turtlesim/lib/turtlesim/turtle_teleop_key
[5.556s] -- Installing: /home/mark-ros2/robot_ws/install/turtlesim/lib/turtlesim/draw_square
[5.558s] -- Set runtime path of "/home/mark-ros2/robot_ws/install/turtlesim/lib/turtlesim/draw_square" to ""
[5.559s] -- Up-to-date: /home/mark-ros2/robot_ws/install/turtlesim/lib/turtlesim/mimic
[5.559s] -- Up-to-date: /home/mark-ros2/robot_ws/install/turtlesim/share/turtlesim/images
[5.559s] -- Up-to-date: /home/mark-ros2/robot_ws/install/turtlesim/share/turtlesim/images/dashing.png
[5.559s] -- Up-to-date: /home/mark-ros2/robot_ws/install/turtlesim/share/turtlesim/images/foxy.png
[5.559s] -- Up-to-date: /home/mark-ros2/robot_ws/install/turtlesim/share/turtlesim/images/eloquent.png
[5.559s] -- Up-to-date: /home/mark-ros2/robot_ws/install/turtlesim/share/turtlesim/images/ardent.png
[5.559s] -- Up-to-date: /home/mark-ros2/robot_ws/install/turtlesim/share/turtlesim/images/crystal.png
[5.560s] -- Up-to-date: /home/mark-ros2/robot_ws/install/turtlesim/share/turtlesim/images/bouncy.png
[5.560s] -- Up-to-date: /home/mark-ros2/robot_ws/install/turtlesim/share/turtlesim/launch
[5.560s] -- Up-to-date: /home/mark-ros2/robot_ws/install/turtlesim/share/turtlesim/launch/multisim.launch.py
[5.560s] -- Up-to-date: /home/mark-ros2/robot_ws/install/turtlesim/share/ament_index/resource_index/package_run_dependencies/turtlesim
[5.560s] -- Up-to-date: /home/mark-ros2/robot_ws/install/turtlesim/share/ament_index/resource_index/parent_prefix_path/turtlesim
[5.560s] -- Up-to-date: /home/mark-ros2/robot_ws/install/turtlesim/share/turtlesim/environment/ament_prefix_path.sh
[5.560s] -- Up-to-date: /home/mark-ros2/robot_ws/install/turtlesim/share/turtlesim/environment/ament_prefix_path.dsv
[5.560s] -- Up-to-date: /home/mark-ros2/robot_ws/install/turtlesim/share/turtlesim/environment/path.sh
[5.560s] -- Up-to-date: /home/mark-ros2/robot_ws/install/turtlesim/share/turtlesim/environment/path.dsv
[5.560s] -- Up-to-date: /home/mark-ros2/robot_ws/install/turtlesim/share/turtlesim/local_setup.bash
[5.561s] -- Up-to-date: /home/mark-ros2/robot_ws/install/turtlesim/share/turtlesim/local_setup.sh
[5.561s] -- Up-to-date: /home/mark-ros2/robot_ws/install/turtlesim/share/turtlesim/local_setup.zsh
[5.561s] -- Up-to-date: /home/mark-ros2/robot_ws/install/turtlesim/share/turtlesim/local_setup.dsv
[5.561s] -- Installing: /home/mark-ros2/robot_ws/install/turtlesim/share/turtlesim/package.dsv
[5.561s] -- Up-to-date: /home/mark-ros2/robot_ws/install/turtlesim/share/ament_index/resource_index/packages/turtlesim
[5.561s] -- Up-to-date: /home/mark-ros2/robot_ws/install/turtlesim/share/turtlesim/cmake/turtlesim__rosidl_generator_cExport.cmake
[5.561s] -- Up-to-date: /home/mark-ros2/robot_ws/install/turtlesim/share/turtlesim/cmake/turtlesim__rosidl_generator_cExport-noconfig.cmake
[5.561s] -- Up-to-date: /home/mark-ros2/robot_ws/install/turtlesim/share/turtlesim/cmake/turtlesim__rosidl_typesupport_introspection_cExport.cmake
[5.562s] -- Up-to-date: /home/mark-ros2/robot_ws/install/turtlesim/share/turtlesim/cmake/turtlesim__rosidl_typesupport_introspection_cExport-noconfig.cmake
[5.562s] -- Up-to-date: /home/mark-ros2/robot_ws/install/turtlesim/share/turtlesim/cmake/turtlesim__rosidl_typesupport_cExport.cmake
[5.562s] -- Up-to-date: /home/mark-ros2/robot_ws/install/turtlesim/share/turtlesim/cmake/turtlesim__rosidl_typesupport_cExport-noconfig.cmake
[5.562s] -- Up-to-date: /home/mark-ros2/robot_ws/install/turtlesim/share/turtlesim/cmake/turtlesim__rosidl_generator_cppExport.cmake
[5.562s] -- Up-to-date: /home/mark-ros2/robot_ws/install/turtlesim/share/turtlesim/cmake/turtlesim__rosidl_typesupport_introspection_cppExport.cmake
[5.562s] -- Up-to-date: /home/mark-ros2/robot_ws/install/turtlesim/share/turtlesim/cmake/turtlesim__rosidl_typesupport_introspection_cppExport-noconfig.cmake
[5.562s] -- Up-to-date: /home/mark-ros2/robot_ws/install/turtlesim/share/turtlesim/cmake/turtlesim__rosidl_typesupport_cppExport.cmake
[5.562s] -- Up-to-date: /home/mark-ros2/robot_ws/install/turtlesim/share/turtlesim/cmake/turtlesim__rosidl_typesupport_cppExport-noconfig.cmake
[5.562s] -- Up-to-date: /home/mark-ros2/robot_ws/install/turtlesim/share/turtlesim/cmake/rosidl_cmake-extras.cmake
[5.563s] -- Up-to-date: /home/mark-ros2/robot_ws/install/turtlesim/share/turtlesim/cmake/ament_cmake_export_dependencies-extras.cmake
[5.563s] -- Up-to-date: /home/mark-ros2/robot_ws/install/turtlesim/share/turtlesim/cmake/ament_cmake_export_libraries-extras.cmake
[5.563s] -- Up-to-date: /home/mark-ros2/robot_ws/install/turtlesim/share/turtlesim/cmake/ament_cmake_export_targets-extras.cmake
[5.563s] -- Up-to-date: /home/mark-ros2/robot_ws/install/turtlesim/share/turtlesim/cmake/ament_cmake_export_include_directories-extras.cmake
[5.563s] -- Up-to-date: /home/mark-ros2/robot_ws/install/turtlesim/share/turtlesim/cmake/rosidl_cmake_export_typesupport_libraries-extras.cmake
[5.563s] -- Up-to-date: /home/mark-ros2/robot_ws/install/turtlesim/share/turtlesim/cmake/rosidl_cmake_export_typesupport_targets-extras.cmake
[5.563s] -- Up-to-date: /home/mark-ros2/robot_ws/install/turtlesim/share/turtlesim/cmake/turtlesimConfig.cmake
[5.563s] -- Up-to-date: /home/mark-ros2/robot_ws/install/turtlesim/share/turtlesim/cmake/turtlesimConfig-version.cmake
[5.563s] -- Up-to-date: /home/mark-ros2/robot_ws/install/turtlesim/share/turtlesim/package.xml
[5.566s] Invoked command in '/home/mark-ros2/robot_ws/build/turtlesim' returned '0': CMAKE_PREFIX_PATH=${CMAKE_PREFIX_PATH}:/home/mark-ros2/robot_ws/install/myfirstpackage:/opt/ros/foxy /usr/bin/cmake --install /home/mark-ros2/robot_ws/build/turtlesim
