/home/mark-ros2/ROS2_tutorials/src/install/myfirstpackage/lib/python3.8/site-packages/myfirstpackage/__init__.py
/home/mark-ros2/ROS2_tutorials/src/install/myfirstpackage/lib/python3.8/site-packages/myfirstpackage/param_node.py
/home/mark-ros2/ROS2_tutorials/src/install/myfirstpackage/lib/python3.8/site-packages/myfirstpackage/myfirstnode.py
/home/mark-ros2/ROS2_tutorials/src/install/myfirstpackage/lib/python3.8/site-packages/myfirstpackage/__pycache__/__init__.cpython-38.pyc
/home/mark-ros2/ROS2_tutorials/src/install/myfirstpackage/lib/python3.8/site-packages/myfirstpackage/__pycache__/param_node.cpython-38.pyc
/home/mark-ros2/ROS2_tutorials/src/install/myfirstpackage/lib/python3.8/site-packages/myfirstpackage/__pycache__/myfirstnode.cpython-38.pyc
/home/mark-ros2/ROS2_tutorials/src/install/myfirstpackage/share/ament_index/resource_index/packages/myfirstpackage
/home/mark-ros2/ROS2_tutorials/src/install/myfirstpackage/share/myfirstpackage/package.xml
/home/mark-ros2/ROS2_tutorials/src/install/myfirstpackage/share/myfirstpackage/turtle2.launch.py
/home/mark-ros2/ROS2_tutorials/src/install/myfirstpackage/share/myfirstpackage/multi_turtle.launch.py
/home/mark-ros2/ROS2_tutorials/src/install/myfirstpackage/share/myfirstpackage/turtle.launch.py
/home/mark-ros2/ROS2_tutorials/src/install/myfirstpackage/share/myfirstpackage/turtlesim.yaml
/home/mark-ros2/ROS2_tutorials/src/install/myfirstpackage/share/myfirstpackage/turtlesim_fh.yaml
/home/mark-ros2/ROS2_tutorials/src/install/myfirstpackage/share/myfirstpackage/turtlesim_random.yaml
/home/mark-ros2/ROS2_tutorials/src/install/myfirstpackage/lib/python3.8/site-packages/myfirstpackage-0.0.0-py3.8.egg-info/requires.txt
/home/mark-ros2/ROS2_tutorials/src/install/myfirstpackage/lib/python3.8/site-packages/myfirstpackage-0.0.0-py3.8.egg-info/dependency_links.txt
/home/mark-ros2/ROS2_tutorials/src/install/myfirstpackage/lib/python3.8/site-packages/myfirstpackage-0.0.0-py3.8.egg-info/entry_points.txt
/home/mark-ros2/ROS2_tutorials/src/install/myfirstpackage/lib/python3.8/site-packages/myfirstpackage-0.0.0-py3.8.egg-info/top_level.txt
/home/mark-ros2/ROS2_tutorials/src/install/myfirstpackage/lib/python3.8/site-packages/myfirstpackage-0.0.0-py3.8.egg-info/zip-safe
/home/mark-ros2/ROS2_tutorials/src/install/myfirstpackage/lib/python3.8/site-packages/myfirstpackage-0.0.0-py3.8.egg-info/SOURCES.txt
/home/mark-ros2/ROS2_tutorials/src/install/myfirstpackage/lib/python3.8/site-packages/myfirstpackage-0.0.0-py3.8.egg-info/PKG-INFO
/home/mark-ros2/ROS2_tutorials/src/install/myfirstpackage/lib/myfirstpackage/myfirstnode
/home/mark-ros2/ROS2_tutorials/src/install/myfirstpackage/lib/myfirstpackage/param_node
