[0.180s] Invoking command in '/home/mark-ros2/robot_ws/build/turtlesim': CMAKE_PREFIX_PATH=${CMAKE_PREFIX_PATH}:/home/mark-ros2/robot_ws/install/myfirstpackage:/opt/ros/foxy /usr/bin/cmake --build /home/mark-ros2/robot_ws/build/turtlesim -- -j12 -l12
[0.225s] [  1%] Built target turtlesim__cpp
[0.226s] [ 11%] Built target turtlesim__rosidl_generator_c
[0.248s] [ 40%] Built target turtlesim__rosidl_typesupport_cpp
[0.248s] [ 41%] Built target turtlesim__rosidl_typesupport_c
[0.249s] [ 41%] Built target turtlesim__rosidl_typesupport_introspection_cpp
[0.249s] [ 51%] Built target turtlesim__rosidl_typesupport_introspection_c
[0.253s] [ 61%] Built target turtlesim__rosidl_typesupport_fastrtps_cpp
[0.278s] [ 71%] Built target turtlesim__rosidl_typesupport_fastrtps_c
[0.295s] [ 71%] Built target turtlesim
[0.305s] [35m[1mScanning dependencies of target draw_square[0m
[0.314s] [ 72%] Built target turtlesim__py
[0.326s] [ 74%] Built target turtle_teleop_key
[0.332s] [ 76%] Built target mimic
[0.337s] [ 77%] [32mBuilding CXX object CMakeFiles/draw_square.dir/tutorials/draw_square.cpp.o[0m
[0.338s] [ 83%] Built target turtlesim_node
[0.345s] [ 92%] Built target turtlesim__python
[0.368s] [ 98%] Built target turtlesim__rosidl_typesupport_fastrtps_c__pyext
[0.369s] [ 98%] Built target turtlesim__rosidl_typesupport_introspection_c__pyext
[0.369s] [ 98%] Built target turtlesim__rosidl_typesupport_c__pyext
[5.454s] [100%] [32m[1mLinking CXX executable draw_square[0m
[5.671s] [100%] Built target draw_square
[5.680s] Invoked command in '/home/mark-ros2/robot_ws/build/turtlesim' returned '0': CMAKE_PREFIX_PATH=${CMAKE_PREFIX_PATH}:/home/mark-ros2/robot_ws/install/myfirstpackage:/opt/ros/foxy /usr/bin/cmake --build /home/mark-ros2/robot_ws/build/turtlesim -- -j12 -l12
[5.790s] Invoking command in '/home/mark-ros2/robot_ws/build/turtlesim': CMAKE_PREFIX_PATH=${CMAKE_PREFIX_PATH}:/home/mark-ros2/robot_ws/install/myfirstpackage:/opt/ros/foxy /usr/bin/cmake --install /home/mark-ros2/robot_ws/build/turtlesim
[5.797s] -- Install configuration: ""
[5.797s] -- Up-to-date: /home/mark-ros2/robot_ws/install/turtlesim/share/ament_index/resource_index/rosidl_interfaces/turtlesim
[5.798s] -- Up-to-date: /home/mark-ros2/robot_ws/install/turtlesim/include/turtlesim
[5.798s] -- Up-to-date: /home/mark-ros2/robot_ws/install/turtlesim/include/turtlesim/srv
[5.798s] -- Up-to-date: /home/mark-ros2/robot_ws/install/turtlesim/include/turtlesim/srv/set_pen.h
[5.798s] -- Up-to-date: /home/mark-ros2/robot_ws/install/turtlesim/include/turtlesim/srv/teleport_absolute.h
[5.799s] -- Up-to-date: /home/mark-ros2/robot_ws/install/turtlesim/include/turtlesim/srv/teleport_relative.h
[5.799s] -- Up-to-date: /home/mark-ros2/robot_ws/install/turtlesim/include/turtlesim/srv/kill.h
[5.799s] -- Up-to-date: /home/mark-ros2/robot_ws/install/turtlesim/include/turtlesim/srv/spawn.h
[5.799s] -- Up-to-date: /home/mark-ros2/robot_ws/install/turtlesim/include/turtlesim/srv/detail
[5.800s] -- Up-to-date: /home/mark-ros2/robot_ws/install/turtlesim/include/turtlesim/srv/detail/set_pen__struct.h
[5.800s] -- Up-to-date: /home/mark-ros2/robot_ws/install/turtlesim/include/turtlesim/srv/detail/set_pen__type_support.h
[5.800s] -- Up-to-date: /home/mark-ros2/robot_ws/install/turtlesim/include/turtlesim/srv/detail/spawn__struct.h
[5.800s] -- Up-to-date: /home/mark-ros2/robot_ws/install/turtlesim/include/turtlesim/srv/detail/spawn__functions.c
[5.800s] -- Up-to-date: /home/mark-ros2/robot_ws/install/turtlesim/include/turtlesim/srv/detail/kill__functions.h
[5.801s] -- Up-to-date: /home/mark-ros2/robot_ws/install/turtlesim/include/turtlesim/srv/detail/set_pen__functions.h
[5.801s] -- Up-to-date: /home/mark-ros2/robot_ws/install/turtlesim/include/turtlesim/srv/detail/teleport_relative__struct.h
[5.801s] -- Up-to-date: /home/mark-ros2/robot_ws/install/turtlesim/include/turtlesim/srv/detail/set_pen__functions.c
[5.801s] -- Up-to-date: /home/mark-ros2/robot_ws/install/turtlesim/include/turtlesim/srv/detail/teleport_relative__type_support.h
[5.801s] -- Up-to-date: /home/mark-ros2/robot_ws/install/turtlesim/include/turtlesim/srv/detail/teleport_absolute__struct.h
[5.802s] -- Up-to-date: /home/mark-ros2/robot_ws/install/turtlesim/include/turtlesim/srv/detail/teleport_absolute__functions.c
[5.802s] -- Up-to-date: /home/mark-ros2/robot_ws/install/turtlesim/include/turtlesim/srv/detail/kill__struct.h
[5.802s] -- Up-to-date: /home/mark-ros2/robot_ws/install/turtlesim/include/turtlesim/srv/detail/spawn__type_support.h
[5.803s] -- Up-to-date: /home/mark-ros2/robot_ws/install/turtlesim/include/turtlesim/srv/detail/teleport_relative__functions.h
[5.803s] -- Up-to-date: /home/mark-ros2/robot_ws/install/turtlesim/include/turtlesim/srv/detail/teleport_relative__functions.c
[5.803s] -- Up-to-date: /home/mark-ros2/robot_ws/install/turtlesim/include/turtlesim/srv/detail/kill__functions.c
[5.803s] -- Up-to-date: /home/mark-ros2/robot_ws/install/turtlesim/include/turtlesim/srv/detail/spawn__functions.h
[5.803s] -- Up-to-date: /home/mark-ros2/robot_ws/install/turtlesim/include/turtlesim/srv/detail/teleport_absolute__functions.h
[5.803s] -- Up-to-date: /home/mark-ros2/robot_ws/install/turtlesim/include/turtlesim/srv/detail/teleport_absolute__type_support.h
[5.804s] -- Up-to-date: /home/mark-ros2/robot_ws/install/turtlesim/include/turtlesim/srv/detail/kill__type_support.h
[5.804s] -- Up-to-date: /home/mark-ros2/robot_ws/install/turtlesim/include/turtlesim/msg
[5.804s] -- Up-to-date: /home/mark-ros2/robot_ws/install/turtlesim/include/turtlesim/msg/rosidl_generator_c__visibility_control.h
[5.804s] -- Up-to-date: /home/mark-ros2/robot_ws/install/turtlesim/include/turtlesim/msg/color.h
[5.804s] -- Up-to-date: /home/mark-ros2/robot_ws/install/turtlesim/include/turtlesim/msg/pose.h
[5.804s] -- Up-to-date: /home/mark-ros2/robot_ws/install/turtlesim/include/turtlesim/msg/detail
[5.805s] -- Up-to-date: /home/mark-ros2/robot_ws/install/turtlesim/include/turtlesim/msg/detail/color__functions.c
[5.805s] -- Up-to-date: /home/mark-ros2/robot_ws/install/turtlesim/include/turtlesim/msg/detail/pose__type_support.h
[5.805s] -- Up-to-date: /home/mark-ros2/robot_ws/install/turtlesim/include/turtlesim/msg/detail/color__type_support.h
[5.805s] -- Up-to-date: /home/mark-ros2/robot_ws/install/turtlesim/include/turtlesim/msg/detail/pose__struct.h
[5.805s] -- Up-to-date: /home/mark-ros2/robot_ws/install/turtlesim/include/turtlesim/msg/detail/color__struct.h
[5.805s] -- Up-to-date: /home/mark-ros2/robot_ws/install/turtlesim/include/turtlesim/msg/detail/pose__functions.c
[5.805s] -- Up-to-date: /home/mark-ros2/robot_ws/install/turtlesim/include/turtlesim/msg/detail/color__functions.h
[5.806s] -- Up-to-date: /home/mark-ros2/robot_ws/install/turtlesim/include/turtlesim/msg/detail/pose__functions.h
[5.806s] -- Up-to-date: /home/mark-ros2/robot_ws/install/turtlesim/include/turtlesim/action
[5.806s] -- Up-to-date: /home/mark-ros2/robot_ws/install/turtlesim/include/turtlesim/action/rotate_absolute.h
[5.806s] -- Up-to-date: /home/mark-ros2/robot_ws/install/turtlesim/include/turtlesim/action/detail
[5.806s] -- Up-to-date: /home/mark-ros2/robot_ws/install/turtlesim/include/turtlesim/action/detail/rotate_absolute__functions.h
[5.806s] -- Up-to-date: /home/mark-ros2/robot_ws/install/turtlesim/include/turtlesim/action/detail/rotate_absolute__type_support.h
[5.806s] -- Up-to-date: /home/mark-ros2/robot_ws/install/turtlesim/include/turtlesim/action/detail/rotate_absolute__functions.c
[5.807s] -- Up-to-date: /home/mark-ros2/robot_ws/install/turtlesim/include/turtlesim/action/detail/rotate_absolute__struct.h
[5.807s] -- Up-to-date: /home/mark-ros2/robot_ws/install/turtlesim/share/turtlesim/environment/library_path.sh
[5.807s] -- Up-to-date: /home/mark-ros2/robot_ws/install/turtlesim/share/turtlesim/environment/library_path.dsv
[5.807s] -- Up-to-date: /home/mark-ros2/robot_ws/install/turtlesim/lib/libturtlesim__rosidl_generator_c.so
[5.807s] -- Up-to-date: /home/mark-ros2/robot_ws/install/turtlesim/include/turtlesim
[5.807s] -- Up-to-date: /home/mark-ros2/robot_ws/install/turtlesim/include/turtlesim/srv
[5.807s] -- Up-to-date: /home/mark-ros2/robot_ws/install/turtlesim/include/turtlesim/srv/detail
[5.807s] -- Up-to-date: /home/mark-ros2/robot_ws/install/turtlesim/include/turtlesim/srv/detail/teleport_relative__rosidl_typesupport_fastrtps_c.h
[5.808s] -- Up-to-date: /home/mark-ros2/robot_ws/install/turtlesim/include/turtlesim/srv/detail/set_pen__rosidl_typesupport_fastrtps_c.h
[5.808s] -- Up-to-date: /home/mark-ros2/robot_ws/install/turtlesim/include/turtlesim/srv/detail/spawn__rosidl_typesupport_fastrtps_c.h
[5.808s] -- Up-to-date: /home/mark-ros2/robot_ws/install/turtlesim/include/turtlesim/srv/detail/kill__rosidl_typesupport_fastrtps_c.h
[5.808s] -- Up-to-date: /home/mark-ros2/robot_ws/install/turtlesim/include/turtlesim/srv/detail/teleport_absolute__rosidl_typesupport_fastrtps_c.h
[5.808s] -- Up-to-date: /home/mark-ros2/robot_ws/install/turtlesim/include/turtlesim/msg
[5.808s] -- Up-to-date: /home/mark-ros2/robot_ws/install/turtlesim/include/turtlesim/msg/rosidl_typesupport_fastrtps_c__visibility_control.h
[5.808s] -- Up-to-date: /home/mark-ros2/robot_ws/install/turtlesim/include/turtlesim/msg/detail
[5.809s] -- Up-to-date: /home/mark-ros2/robot_ws/install/turtlesim/include/turtlesim/msg/detail/color__rosidl_typesupport_fastrtps_c.h
[5.809s] -- Up-to-date: /home/mark-ros2/robot_ws/install/turtlesim/include/turtlesim/msg/detail/pose__rosidl_typesupport_fastrtps_c.h
[5.809s] -- Up-to-date: /home/mark-ros2/robot_ws/install/turtlesim/include/turtlesim/action
[5.809s] -- Up-to-date: /home/mark-ros2/robot_ws/install/turtlesim/include/turtlesim/action/detail
[5.809s] -- Up-to-date: /home/mark-ros2/robot_ws/install/turtlesim/include/turtlesim/action/detail/rotate_absolute__rosidl_typesupport_fastrtps_c.h
[5.809s] -- Up-to-date: /home/mark-ros2/robot_ws/install/turtlesim/lib/libturtlesim__rosidl_typesupport_fastrtps_c.so
[5.809s] -- Up-to-date: /home/mark-ros2/robot_ws/install/turtlesim/include/turtlesim
[5.809s] -- Up-to-date: /home/mark-ros2/robot_ws/install/turtlesim/include/turtlesim/srv
[5.810s] -- Up-to-date: /home/mark-ros2/robot_ws/install/turtlesim/include/turtlesim/srv/detail
[5.810s] -- Up-to-date: /home/mark-ros2/robot_ws/install/turtlesim/include/turtlesim/srv/detail/teleport_relative__rosidl_typesupport_fastrtps_cpp.hpp
[5.810s] -- Up-to-date: /home/mark-ros2/robot_ws/install/turtlesim/include/turtlesim/srv/detail/spawn__rosidl_typesupport_fastrtps_cpp.hpp
[5.810s] -- Up-to-date: /home/mark-ros2/robot_ws/install/turtlesim/include/turtlesim/srv/detail/teleport_absolute__rosidl_typesupport_fastrtps_cpp.hpp
[5.810s] -- Up-to-date: /home/mark-ros2/robot_ws/install/turtlesim/include/turtlesim/srv/detail/set_pen__rosidl_typesupport_fastrtps_cpp.hpp
[5.810s] -- Up-to-date: /home/mark-ros2/robot_ws/install/turtlesim/include/turtlesim/srv/detail/kill__rosidl_typesupport_fastrtps_cpp.hpp
[5.810s] -- Up-to-date: /home/mark-ros2/robot_ws/install/turtlesim/include/turtlesim/srv/detail/dds_fastrtps
[5.810s] -- Up-to-date: /home/mark-ros2/robot_ws/install/turtlesim/include/turtlesim/msg
[5.811s] -- Up-to-date: /home/mark-ros2/robot_ws/install/turtlesim/include/turtlesim/msg/rosidl_typesupport_fastrtps_cpp__visibility_control.h
[5.811s] -- Up-to-date: /home/mark-ros2/robot_ws/install/turtlesim/include/turtlesim/msg/detail
[5.811s] -- Up-to-date: /home/mark-ros2/robot_ws/install/turtlesim/include/turtlesim/msg/detail/color__rosidl_typesupport_fastrtps_cpp.hpp
[5.811s] -- Up-to-date: /home/mark-ros2/robot_ws/install/turtlesim/include/turtlesim/msg/detail/dds_fastrtps
[5.811s] -- Up-to-date: /home/mark-ros2/robot_ws/install/turtlesim/include/turtlesim/msg/detail/pose__rosidl_typesupport_fastrtps_cpp.hpp
[5.811s] -- Up-to-date: /home/mark-ros2/robot_ws/install/turtlesim/include/turtlesim/action
[5.811s] -- Up-to-date: /home/mark-ros2/robot_ws/install/turtlesim/include/turtlesim/action/detail
[5.811s] -- Up-to-date: /home/mark-ros2/robot_ws/install/turtlesim/include/turtlesim/action/detail/rotate_absolute__rosidl_typesupport_fastrtps_cpp.hpp
[5.812s] -- Up-to-date: /home/mark-ros2/robot_ws/install/turtlesim/include/turtlesim/action/detail/dds_fastrtps
[5.812s] -- Up-to-date: /home/mark-ros2/robot_ws/install/turtlesim/lib/libturtlesim__rosidl_typesupport_fastrtps_cpp.so
[5.812s] -- Up-to-date: /home/mark-ros2/robot_ws/install/turtlesim/include/turtlesim
[5.812s] -- Up-to-date: /home/mark-ros2/robot_ws/install/turtlesim/include/turtlesim/srv
[5.812s] -- Up-to-date: /home/mark-ros2/robot_ws/install/turtlesim/include/turtlesim/srv/detail
[5.812s] -- Up-to-date: /home/mark-ros2/robot_ws/install/turtlesim/include/turtlesim/srv/detail/kill__type_support.c
[5.812s] -- Up-to-date: /home/mark-ros2/robot_ws/install/turtlesim/include/turtlesim/srv/detail/spawn__rosidl_typesupport_introspection_c.h
[5.812s] -- Up-to-date: /home/mark-ros2/robot_ws/install/turtlesim/include/turtlesim/srv/detail/set_pen__rosidl_typesupport_introspection_c.h
[5.812s] -- Up-to-date: /home/mark-ros2/robot_ws/install/turtlesim/include/turtlesim/srv/detail/kill__rosidl_typesupport_introspection_c.h
[5.813s] -- Up-to-date: /home/mark-ros2/robot_ws/install/turtlesim/include/turtlesim/srv/detail/set_pen__type_support.c
[5.813s] -- Up-to-date: /home/mark-ros2/robot_ws/install/turtlesim/include/turtlesim/srv/detail/teleport_relative__rosidl_typesupport_introspection_c.h
[5.813s] -- Up-to-date: /home/mark-ros2/robot_ws/install/turtlesim/include/turtlesim/srv/detail/teleport_absolute__rosidl_typesupport_introspection_c.h
[5.813s] -- Up-to-date: /home/mark-ros2/robot_ws/install/turtlesim/include/turtlesim/srv/detail/teleport_relative__type_support.c
[5.813s] -- Up-to-date: /home/mark-ros2/robot_ws/install/turtlesim/include/turtlesim/srv/detail/teleport_absolute__type_support.c
[5.813s] -- Up-to-date: /home/mark-ros2/robot_ws/install/turtlesim/include/turtlesim/srv/detail/spawn__type_support.c
[5.813s] -- Up-to-date: /home/mark-ros2/robot_ws/install/turtlesim/include/turtlesim/msg
[5.813s] -- Up-to-date: /home/mark-ros2/robot_ws/install/turtlesim/include/turtlesim/msg/rosidl_typesupport_introspection_c__visibility_control.h
[5.814s] -- Up-to-date: /home/mark-ros2/robot_ws/install/turtlesim/include/turtlesim/msg/detail
[5.814s] -- Up-to-date: /home/mark-ros2/robot_ws/install/turtlesim/include/turtlesim/msg/detail/pose__type_support.c
[5.814s] -- Up-to-date: /home/mark-ros2/robot_ws/install/turtlesim/include/turtlesim/msg/detail/pose__rosidl_typesupport_introspection_c.h
[5.814s] -- Up-to-date: /home/mark-ros2/robot_ws/install/turtlesim/include/turtlesim/msg/detail/color__type_support.c
[5.814s] -- Up-to-date: /home/mark-ros2/robot_ws/install/turtlesim/include/turtlesim/msg/detail/color__rosidl_typesupport_introspection_c.h
[5.814s] -- Up-to-date: /home/mark-ros2/robot_ws/install/turtlesim/include/turtlesim/action
[5.814s] -- Up-to-date: /home/mark-ros2/robot_ws/install/turtlesim/include/turtlesim/action/detail
[5.814s] -- Up-to-date: /home/mark-ros2/robot_ws/install/turtlesim/include/turtlesim/action/detail/rotate_absolute__rosidl_typesupport_introspection_c.h
[5.814s] -- Up-to-date: /home/mark-ros2/robot_ws/install/turtlesim/include/turtlesim/action/detail/rotate_absolute__type_support.c
[5.815s] -- Up-to-date: /home/mark-ros2/robot_ws/install/turtlesim/lib/libturtlesim__rosidl_typesupport_introspection_c.so
[5.815s] -- Up-to-date: /home/mark-ros2/robot_ws/install/turtlesim/lib/libturtlesim__rosidl_typesupport_c.so
[5.815s] -- Up-to-date: /home/mark-ros2/robot_ws/install/turtlesim/include/turtlesim
[5.815s] -- Up-to-date: /home/mark-ros2/robot_ws/install/turtlesim/include/turtlesim/srv
[5.815s] -- Up-to-date: /home/mark-ros2/robot_ws/install/turtlesim/include/turtlesim/srv/set_pen.hpp
[5.815s] -- Up-to-date: /home/mark-ros2/robot_ws/install/turtlesim/include/turtlesim/srv/kill.hpp
[5.815s] -- Up-to-date: /home/mark-ros2/robot_ws/install/turtlesim/include/turtlesim/srv/teleport_absolute.hpp
[5.815s] -- Up-to-date: /home/mark-ros2/robot_ws/install/turtlesim/include/turtlesim/srv/spawn.hpp
[5.815s] -- Up-to-date: /home/mark-ros2/robot_ws/install/turtlesim/include/turtlesim/srv/teleport_relative.hpp
[5.816s] -- Up-to-date: /home/mark-ros2/robot_ws/install/turtlesim/include/turtlesim/srv/detail
[5.816s] -- Up-to-date: /home/mark-ros2/robot_ws/install/turtlesim/include/turtlesim/srv/detail/set_pen__struct.hpp
[5.816s] -- Up-to-date: /home/mark-ros2/robot_ws/install/turtlesim/include/turtlesim/srv/detail/spawn__traits.hpp
[5.816s] -- Up-to-date: /home/mark-ros2/robot_ws/install/turtlesim/include/turtlesim/srv/detail/teleport_relative__struct.hpp
[5.816s] -- Up-to-date: /home/mark-ros2/robot_ws/install/turtlesim/include/turtlesim/srv/detail/teleport_absolute__struct.hpp
[5.816s] -- Up-to-date: /home/mark-ros2/robot_ws/install/turtlesim/include/turtlesim/srv/detail/kill__struct.hpp
[5.816s] -- Up-to-date: /home/mark-ros2/robot_ws/install/turtlesim/include/turtlesim/srv/detail/set_pen__traits.hpp
[5.816s] -- Up-to-date: /home/mark-ros2/robot_ws/install/turtlesim/include/turtlesim/srv/detail/spawn__struct.hpp
[5.816s] -- Up-to-date: /home/mark-ros2/robot_ws/install/turtlesim/include/turtlesim/srv/detail/kill__traits.hpp
[5.817s] -- Up-to-date: /home/mark-ros2/robot_ws/install/turtlesim/include/turtlesim/srv/detail/teleport_absolute__builder.hpp
[5.817s] -- Up-to-date: /home/mark-ros2/robot_ws/install/turtlesim/include/turtlesim/srv/detail/teleport_relative__traits.hpp
[5.817s] -- Up-to-date: /home/mark-ros2/robot_ws/install/turtlesim/include/turtlesim/srv/detail/kill__builder.hpp
[5.817s] -- Up-to-date: /home/mark-ros2/robot_ws/install/turtlesim/include/turtlesim/srv/detail/teleport_relative__builder.hpp
[5.817s] -- Up-to-date: /home/mark-ros2/robot_ws/install/turtlesim/include/turtlesim/srv/detail/set_pen__builder.hpp
[5.817s] -- Up-to-date: /home/mark-ros2/robot_ws/install/turtlesim/include/turtlesim/srv/detail/spawn__builder.hpp
[5.817s] -- Up-to-date: /home/mark-ros2/robot_ws/install/turtlesim/include/turtlesim/srv/detail/teleport_absolute__traits.hpp
[5.817s] -- Up-to-date: /home/mark-ros2/robot_ws/install/turtlesim/include/turtlesim/msg
[5.817s] -- Up-to-date: /home/mark-ros2/robot_ws/install/turtlesim/include/turtlesim/msg/pose.hpp
[5.818s] -- Up-to-date: /home/mark-ros2/robot_ws/install/turtlesim/include/turtlesim/msg/color.hpp
[5.818s] -- Up-to-date: /home/mark-ros2/robot_ws/install/turtlesim/include/turtlesim/msg/detail
[5.818s] -- Up-to-date: /home/mark-ros2/robot_ws/install/turtlesim/include/turtlesim/msg/detail/pose__builder.hpp
[5.818s] -- Up-to-date: /home/mark-ros2/robot_ws/install/turtlesim/include/turtlesim/msg/detail/color__traits.hpp
[5.818s] -- Up-to-date: /home/mark-ros2/robot_ws/install/turtlesim/include/turtlesim/msg/detail/pose__struct.hpp
[5.818s] -- Up-to-date: /home/mark-ros2/robot_ws/install/turtlesim/include/turtlesim/msg/detail/pose__traits.hpp
[5.818s] -- Up-to-date: /home/mark-ros2/robot_ws/install/turtlesim/include/turtlesim/msg/detail/color__struct.hpp
[5.818s] -- Up-to-date: /home/mark-ros2/robot_ws/install/turtlesim/include/turtlesim/msg/detail/color__builder.hpp
[5.819s] -- Up-to-date: /home/mark-ros2/robot_ws/install/turtlesim/include/turtlesim/action
[5.819s] -- Up-to-date: /home/mark-ros2/robot_ws/install/turtlesim/include/turtlesim/action/rotate_absolute.hpp
[5.819s] -- Up-to-date: /home/mark-ros2/robot_ws/install/turtlesim/include/turtlesim/action/detail
[5.819s] -- Up-to-date: /home/mark-ros2/robot_ws/install/turtlesim/include/turtlesim/action/detail/rotate_absolute__traits.hpp
[5.819s] -- Up-to-date: /home/mark-ros2/robot_ws/install/turtlesim/include/turtlesim/action/detail/rotate_absolute__struct.hpp
[5.819s] -- Up-to-date: /home/mark-ros2/robot_ws/install/turtlesim/include/turtlesim/action/detail/rotate_absolute__builder.hpp
[5.819s] -- Up-to-date: /home/mark-ros2/robot_ws/install/turtlesim/include/turtlesim
[5.819s] -- Up-to-date: /home/mark-ros2/robot_ws/install/turtlesim/include/turtlesim/srv
[5.819s] -- Up-to-date: /home/mark-ros2/robot_ws/install/turtlesim/include/turtlesim/srv/detail
[5.820s] -- Up-to-date: /home/mark-ros2/robot_ws/install/turtlesim/include/turtlesim/srv/detail/teleport_relative__rosidl_typesupport_introspection_cpp.hpp
[5.820s] -- Up-to-date: /home/mark-ros2/robot_ws/install/turtlesim/include/turtlesim/srv/detail/spawn__rosidl_typesupport_introspection_cpp.hpp
[5.820s] -- Up-to-date: /home/mark-ros2/robot_ws/install/turtlesim/include/turtlesim/srv/detail/teleport_absolute__rosidl_typesupport_introspection_cpp.hpp
[5.820s] -- Up-to-date: /home/mark-ros2/robot_ws/install/turtlesim/include/turtlesim/srv/detail/set_pen__rosidl_typesupport_introspection_cpp.hpp
[5.820s] -- Up-to-date: /home/mark-ros2/robot_ws/install/turtlesim/include/turtlesim/srv/detail/set_pen__type_support.cpp
[5.820s] -- Up-to-date: /home/mark-ros2/robot_ws/install/turtlesim/include/turtlesim/srv/detail/spawn__type_support.cpp
[5.820s] -- Up-to-date: /home/mark-ros2/robot_ws/install/turtlesim/include/turtlesim/srv/detail/teleport_relative__type_support.cpp
[5.820s] -- Up-to-date: /home/mark-ros2/robot_ws/install/turtlesim/include/turtlesim/srv/detail/kill__type_support.cpp
[5.820s] -- Up-to-date: /home/mark-ros2/robot_ws/install/turtlesim/include/turtlesim/srv/detail/kill__rosidl_typesupport_introspection_cpp.hpp
[5.820s] -- Up-to-date: /home/mark-ros2/robot_ws/install/turtlesim/include/turtlesim/srv/detail/teleport_absolute__type_support.cpp
[5.821s] -- Up-to-date: /home/mark-ros2/robot_ws/install/turtlesim/include/turtlesim/msg
[5.821s] -- Up-to-date: /home/mark-ros2/robot_ws/install/turtlesim/include/turtlesim/msg/detail
[5.821s] -- Up-to-date: /home/mark-ros2/robot_ws/install/turtlesim/include/turtlesim/msg/detail/pose__rosidl_typesupport_introspection_cpp.hpp
[5.821s] -- Up-to-date: /home/mark-ros2/robot_ws/install/turtlesim/include/turtlesim/msg/detail/color__type_support.cpp
[5.821s] -- Up-to-date: /home/mark-ros2/robot_ws/install/turtlesim/include/turtlesim/msg/detail/pose__type_support.cpp
[5.821s] -- Up-to-date: /home/mark-ros2/robot_ws/install/turtlesim/include/turtlesim/msg/detail/color__rosidl_typesupport_introspection_cpp.hpp
[5.821s] -- Up-to-date: /home/mark-ros2/robot_ws/install/turtlesim/include/turtlesim/action
[5.821s] -- Up-to-date: /home/mark-ros2/robot_ws/install/turtlesim/include/turtlesim/action/detail
[5.821s] -- Up-to-date: /home/mark-ros2/robot_ws/install/turtlesim/include/turtlesim/action/detail/rotate_absolute__rosidl_typesupport_introspection_cpp.hpp
[5.821s] -- Up-to-date: /home/mark-ros2/robot_ws/install/turtlesim/include/turtlesim/action/detail/rotate_absolute__type_support.cpp
[5.821s] -- Up-to-date: /home/mark-ros2/robot_ws/install/turtlesim/lib/libturtlesim__rosidl_typesupport_introspection_cpp.so
[5.822s] -- Up-to-date: /home/mark-ros2/robot_ws/install/turtlesim/lib/libturtlesim__rosidl_typesupport_cpp.so
[5.822s] -- Up-to-date: /home/mark-ros2/robot_ws/install/turtlesim/share/turtlesim/environment/pythonpath.sh
[5.822s] -- Up-to-date: /home/mark-ros2/robot_ws/install/turtlesim/share/turtlesim/environment/pythonpath.dsv
[5.822s] -- Up-to-date: /home/mark-ros2/robot_ws/install/turtlesim/lib/python3.8/site-packages/turtlesim/__init__.py
[5.836s] -- Up-to-date: /home/mark-ros2/robot_ws/install/turtlesim/lib/python3.8/site-packages/turtlesim/action
[5.836s] -- Up-to-date: /home/mark-ros2/robot_ws/install/turtlesim/lib/python3.8/site-packages/turtlesim/action/__init__.py
[5.836s] -- Up-to-date: /home/mark-ros2/robot_ws/install/turtlesim/lib/python3.8/site-packages/turtlesim/action/_rotate_absolute_s.c
[5.836s] -- Up-to-date: /home/mark-ros2/robot_ws/install/turtlesim/lib/python3.8/site-packages/turtlesim/action/_rotate_absolute.py
[5.836s] -- Up-to-date: /home/mark-ros2/robot_ws/install/turtlesim/lib/python3.8/site-packages/turtlesim/msg
[5.837s] -- Up-to-date: /home/mark-ros2/robot_ws/install/turtlesim/lib/python3.8/site-packages/turtlesim/msg/__init__.py
[5.837s] -- Up-to-date: /home/mark-ros2/robot_ws/install/turtlesim/lib/python3.8/site-packages/turtlesim/msg/_color_s.c
[5.837s] -- Up-to-date: /home/mark-ros2/robot_ws/install/turtlesim/lib/python3.8/site-packages/turtlesim/msg/_pose_s.c
[5.837s] -- Up-to-date: /home/mark-ros2/robot_ws/install/turtlesim/lib/python3.8/site-packages/turtlesim/msg/_color.py
[5.837s] -- Up-to-date: /home/mark-ros2/robot_ws/install/turtlesim/lib/python3.8/site-packages/turtlesim/msg/_pose.py
[5.837s] -- Up-to-date: /home/mark-ros2/robot_ws/install/turtlesim/lib/python3.8/site-packages/turtlesim/srv
[5.837s] -- Up-to-date: /home/mark-ros2/robot_ws/install/turtlesim/lib/python3.8/site-packages/turtlesim/srv/__init__.py
[5.838s] -- Up-to-date: /home/mark-ros2/robot_ws/install/turtlesim/lib/python3.8/site-packages/turtlesim/srv/_teleport_absolute_s.c
[5.838s] -- Up-to-date: /home/mark-ros2/robot_ws/install/turtlesim/lib/python3.8/site-packages/turtlesim/srv/_spawn_s.c
[5.838s] -- Up-to-date: /home/mark-ros2/robot_ws/install/turtlesim/lib/python3.8/site-packages/turtlesim/srv/_spawn.py
[5.838s] -- Up-to-date: /home/mark-ros2/robot_ws/install/turtlesim/lib/python3.8/site-packages/turtlesim/srv/_set_pen_s.c
[5.838s] -- Up-to-date: /home/mark-ros2/robot_ws/install/turtlesim/lib/python3.8/site-packages/turtlesim/srv/_kill_s.c
[5.838s] -- Up-to-date: /home/mark-ros2/robot_ws/install/turtlesim/lib/python3.8/site-packages/turtlesim/srv/_teleport_relative.py
[5.839s] -- Up-to-date: /home/mark-ros2/robot_ws/install/turtlesim/lib/python3.8/site-packages/turtlesim/srv/_kill.py
[5.839s] -- Up-to-date: /home/mark-ros2/robot_ws/install/turtlesim/lib/python3.8/site-packages/turtlesim/srv/_set_pen.py
[5.839s] -- Up-to-date: /home/mark-ros2/robot_ws/install/turtlesim/lib/python3.8/site-packages/turtlesim/srv/_teleport_relative_s.c
[5.839s] -- Up-to-date: /home/mark-ros2/robot_ws/install/turtlesim/lib/python3.8/site-packages/turtlesim/srv/_teleport_absolute.py
[5.839s] -- Up-to-date: /home/mark-ros2/robot_ws/install/turtlesim/lib/python3.8/site-packages/turtlesim/turtlesim_s__rosidl_typesupport_fastrtps_c.cpython-38-x86_64-linux-gnu.so
[5.840s] -- Up-to-date: /home/mark-ros2/robot_ws/install/turtlesim/lib/python3.8/site-packages/turtlesim/turtlesim_s__rosidl_typesupport_introspection_c.cpython-38-x86_64-linux-gnu.so
[5.840s] -- Up-to-date: /home/mark-ros2/robot_ws/install/turtlesim/lib/python3.8/site-packages/turtlesim/turtlesim_s__rosidl_typesupport_c.cpython-38-x86_64-linux-gnu.so
[5.840s] -- Up-to-date: /home/mark-ros2/robot_ws/install/turtlesim/lib/libturtlesim__python.so
[5.840s] -- Up-to-date: /home/mark-ros2/robot_ws/install/turtlesim/share/turtlesim/action/RotateAbsolute.idl
[5.840s] -- Up-to-date: /home/mark-ros2/robot_ws/install/turtlesim/share/turtlesim/msg/Color.idl
[5.840s] -- Up-to-date: /home/mark-ros2/robot_ws/install/turtlesim/share/turtlesim/msg/Pose.idl
[5.840s] -- Up-to-date: /home/mark-ros2/robot_ws/install/turtlesim/share/turtlesim/srv/Kill.idl
[5.841s] -- Up-to-date: /home/mark-ros2/robot_ws/install/turtlesim/share/turtlesim/srv/SetPen.idl
[5.841s] -- Up-to-date: /home/mark-ros2/robot_ws/install/turtlesim/share/turtlesim/srv/Spawn.idl
[5.841s] -- Up-to-date: /home/mark-ros2/robot_ws/install/turtlesim/share/turtlesim/srv/TeleportAbsolute.idl
[5.841s] -- Up-to-date: /home/mark-ros2/robot_ws/install/turtlesim/share/turtlesim/srv/TeleportRelative.idl
[5.841s] -- Up-to-date: /home/mark-ros2/robot_ws/install/turtlesim/share/turtlesim/action/RotateAbsolute.action
[5.841s] -- Up-to-date: /home/mark-ros2/robot_ws/install/turtlesim/share/turtlesim/msg/Color.msg
[5.841s] -- Up-to-date: /home/mark-ros2/robot_ws/install/turtlesim/share/turtlesim/msg/Pose.msg
[5.842s] -- Up-to-date: /home/mark-ros2/robot_ws/install/turtlesim/share/turtlesim/srv/Kill.srv
[5.842s] -- Up-to-date: /home/mark-ros2/robot_ws/install/turtlesim/share/turtlesim/srv/Kill_Request.msg
[5.842s] -- Up-to-date: /home/mark-ros2/robot_ws/install/turtlesim/share/turtlesim/srv/Kill_Response.msg
[5.842s] -- Up-to-date: /home/mark-ros2/robot_ws/install/turtlesim/share/turtlesim/srv/SetPen.srv
[5.842s] -- Up-to-date: /home/mark-ros2/robot_ws/install/turtlesim/share/turtlesim/srv/SetPen_Request.msg
[5.842s] -- Up-to-date: /home/mark-ros2/robot_ws/install/turtlesim/share/turtlesim/srv/SetPen_Response.msg
[5.842s] -- Up-to-date: /home/mark-ros2/robot_ws/install/turtlesim/share/turtlesim/srv/Spawn.srv
[5.842s] -- Up-to-date: /home/mark-ros2/robot_ws/install/turtlesim/share/turtlesim/srv/Spawn_Request.msg
[5.843s] -- Up-to-date: /home/mark-ros2/robot_ws/install/turtlesim/share/turtlesim/srv/Spawn_Response.msg
[5.843s] -- Up-to-date: /home/mark-ros2/robot_ws/install/turtlesim/share/turtlesim/srv/TeleportAbsolute.srv
[5.843s] -- Up-to-date: /home/mark-ros2/robot_ws/install/turtlesim/share/turtlesim/srv/TeleportAbsolute_Request.msg
[5.843s] -- Up-to-date: /home/mark-ros2/robot_ws/install/turtlesim/share/turtlesim/srv/TeleportAbsolute_Response.msg
[5.843s] -- Up-to-date: /home/mark-ros2/robot_ws/install/turtlesim/share/turtlesim/srv/TeleportRelative.srv
[5.843s] -- Up-to-date: /home/mark-ros2/robot_ws/install/turtlesim/share/turtlesim/srv/TeleportRelative_Request.msg
[5.843s] -- Up-to-date: /home/mark-ros2/robot_ws/install/turtlesim/share/turtlesim/srv/TeleportRelative_Response.msg
[5.844s] -- Up-to-date: /home/mark-ros2/robot_ws/install/turtlesim/lib/turtlesim/turtlesim_node
[5.844s] -- Up-to-date: /home/mark-ros2/robot_ws/install/turtlesim/lib/turtlesim/turtle_teleop_key
[5.844s] -- Installing: /home/mark-ros2/robot_ws/install/turtlesim/lib/turtlesim/draw_square
[5.844s] -- Set runtime path of "/home/mark-ros2/robot_ws/install/turtlesim/lib/turtlesim/draw_square" to ""
[5.844s] -- Up-to-date: /home/mark-ros2/robot_ws/install/turtlesim/lib/turtlesim/mimic
[5.844s] -- Up-to-date: /home/mark-ros2/robot_ws/install/turtlesim/share/turtlesim/images
[5.845s] -- Up-to-date: /home/mark-ros2/robot_ws/install/turtlesim/share/turtlesim/images/dashing.png
[5.845s] -- Up-to-date: /home/mark-ros2/robot_ws/install/turtlesim/share/turtlesim/images/foxy.png
[5.845s] -- Up-to-date: /home/mark-ros2/robot_ws/install/turtlesim/share/turtlesim/images/eloquent.png
[5.845s] -- Up-to-date: /home/mark-ros2/robot_ws/install/turtlesim/share/turtlesim/images/ardent.png
[5.845s] -- Up-to-date: /home/mark-ros2/robot_ws/install/turtlesim/share/turtlesim/images/crystal.png
[5.845s] -- Up-to-date: /home/mark-ros2/robot_ws/install/turtlesim/share/turtlesim/images/bouncy.png
[5.846s] -- Up-to-date: /home/mark-ros2/robot_ws/install/turtlesim/share/turtlesim/launch
[5.846s] -- Up-to-date: /home/mark-ros2/robot_ws/install/turtlesim/share/turtlesim/launch/multisim.launch.py
[5.846s] -- Up-to-date: /home/mark-ros2/robot_ws/install/turtlesim/share/ament_index/resource_index/package_run_dependencies/turtlesim
[5.846s] -- Up-to-date: /home/mark-ros2/robot_ws/install/turtlesim/share/ament_index/resource_index/parent_prefix_path/turtlesim
[5.846s] -- Up-to-date: /home/mark-ros2/robot_ws/install/turtlesim/share/turtlesim/environment/ament_prefix_path.sh
[5.846s] -- Up-to-date: /home/mark-ros2/robot_ws/install/turtlesim/share/turtlesim/environment/ament_prefix_path.dsv
[5.847s] -- Up-to-date: /home/mark-ros2/robot_ws/install/turtlesim/share/turtlesim/environment/path.sh
[5.849s] -- Up-to-date: /home/mark-ros2/robot_ws/install/turtlesim/share/turtlesim/environment/path.dsv
[5.849s] -- Up-to-date: /home/mark-ros2/robot_ws/install/turtlesim/share/turtlesim/local_setup.bash
[5.849s] -- Up-to-date: /home/mark-ros2/robot_ws/install/turtlesim/share/turtlesim/local_setup.sh
[5.850s] -- Up-to-date: /home/mark-ros2/robot_ws/install/turtlesim/share/turtlesim/local_setup.zsh
[5.850s] -- Up-to-date: /home/mark-ros2/robot_ws/install/turtlesim/share/turtlesim/local_setup.dsv
[5.850s] -- Installing: /home/mark-ros2/robot_ws/install/turtlesim/share/turtlesim/package.dsv
[5.850s] -- Up-to-date: /home/mark-ros2/robot_ws/install/turtlesim/share/ament_index/resource_index/packages/turtlesim
[5.851s] -- Up-to-date: /home/mark-ros2/robot_ws/install/turtlesim/share/turtlesim/cmake/turtlesim__rosidl_generator_cExport.cmake
[5.851s] -- Up-to-date: /home/mark-ros2/robot_ws/install/turtlesim/share/turtlesim/cmake/turtlesim__rosidl_generator_cExport-noconfig.cmake
[5.851s] -- Up-to-date: /home/mark-ros2/robot_ws/install/turtlesim/share/turtlesim/cmake/turtlesim__rosidl_typesupport_introspection_cExport.cmake
[5.851s] -- Up-to-date: /home/mark-ros2/robot_ws/install/turtlesim/share/turtlesim/cmake/turtlesim__rosidl_typesupport_introspection_cExport-noconfig.cmake
[5.852s] -- Up-to-date: /home/mark-ros2/robot_ws/install/turtlesim/share/turtlesim/cmake/turtlesim__rosidl_typesupport_cExport.cmake
[5.853s] -- Up-to-date: /home/mark-ros2/robot_ws/install/turtlesim/share/turtlesim/cmake/turtlesim__rosidl_typesupport_cExport-noconfig.cmake
[5.853s] -- Up-to-date: /home/mark-ros2/robot_ws/install/turtlesim/share/turtlesim/cmake/turtlesim__rosidl_generator_cppExport.cmake
[5.853s] -- Up-to-date: /home/mark-ros2/robot_ws/install/turtlesim/share/turtlesim/cmake/turtlesim__rosidl_typesupport_introspection_cppExport.cmake
[5.854s] -- Up-to-date: /home/mark-ros2/robot_ws/install/turtlesim/share/turtlesim/cmake/turtlesim__rosidl_typesupport_introspection_cppExport-noconfig.cmake
[5.854s] -- Up-to-date: /home/mark-ros2/robot_ws/install/turtlesim/share/turtlesim/cmake/turtlesim__rosidl_typesupport_cppExport.cmake
[5.854s] -- Up-to-date: /home/mark-ros2/robot_ws/install/turtlesim/share/turtlesim/cmake/turtlesim__rosidl_typesupport_cppExport-noconfig.cmake
[5.855s] -- Up-to-date: /home/mark-ros2/robot_ws/install/turtlesim/share/turtlesim/cmake/rosidl_cmake-extras.cmake
[5.855s] -- Up-to-date: /home/mark-ros2/robot_ws/install/turtlesim/share/turtlesim/cmake/ament_cmake_export_dependencies-extras.cmake
[5.856s] -- Up-to-date: /home/mark-ros2/robot_ws/install/turtlesim/share/turtlesim/cmake/ament_cmake_export_libraries-extras.cmake
[5.856s] -- Up-to-date: /home/mark-ros2/robot_ws/install/turtlesim/share/turtlesim/cmake/ament_cmake_export_targets-extras.cmake
[5.856s] -- Up-to-date: /home/mark-ros2/robot_ws/install/turtlesim/share/turtlesim/cmake/ament_cmake_export_include_directories-extras.cmake
[5.857s] -- Up-to-date: /home/mark-ros2/robot_ws/install/turtlesim/share/turtlesim/cmake/rosidl_cmake_export_typesupport_libraries-extras.cmake
[5.857s] -- Up-to-date: /home/mark-ros2/robot_ws/install/turtlesim/share/turtlesim/cmake/rosidl_cmake_export_typesupport_targets-extras.cmake
[5.857s] -- Up-to-date: /home/mark-ros2/robot_ws/install/turtlesim/share/turtlesim/cmake/turtlesimConfig.cmake
[5.858s] -- Up-to-date: /home/mark-ros2/robot_ws/install/turtlesim/share/turtlesim/cmake/turtlesimConfig-version.cmake
[5.859s] -- Up-to-date: /home/mark-ros2/robot_ws/install/turtlesim/share/turtlesim/package.xml
[5.859s] Invoked command in '/home/mark-ros2/robot_ws/build/turtlesim' returned '0': CMAKE_PREFIX_PATH=${CMAKE_PREFIX_PATH}:/home/mark-ros2/robot_ws/install/myfirstpackage:/opt/ros/foxy /usr/bin/cmake --install /home/mark-ros2/robot_ws/build/turtlesim
