[0.319s] Invoking command in '/home/mark-ros2/ROS2_tutorials/build/turtlesim': CMAKE_PREFIX_PATH=${CMAKE_PREFIX_PATH}:/home/mark-ros2/robot_ws/install/myfirstpackage:/home/mark-ros2/robot_ws/install/hello_world:/opt/ros/foxy /usr/bin/cmake /home/mark-ros2/ROS2_tutorials/src/ros_tutorials/turtlesim -DCMAKE_INSTALL_PREFIX=/home/mark-ros2/ROS2_tutorials/install/turtlesim
[0.409s] -- The C compiler identification is GNU 9.3.0
[0.486s] -- The CXX compiler identification is GNU 9.3.0
[0.491s] -- Check for working C compiler: /usr/bin/cc
[0.544s] -- Check for working C compiler: /usr/bin/cc -- works
[0.544s] -- Detecting C compiler ABI info
[0.596s] -- Detecting C compiler ABI info - done
[0.607s] -- Detecting C compile features
[0.608s] -- Detecting C compile features - done
[0.610s] -- Check for working CXX compiler: /usr/bin/c++
[0.670s] -- Check for working CXX compiler: /usr/bin/c++ -- works
[0.671s] -- Detecting CXX compiler ABI info
[0.731s] -- Detecting CXX compiler ABI info - done
[0.741s] -- Detecting CXX compile features
[0.742s] -- Detecting CXX compile features - done
[0.744s] -- Found ament_cmake: 0.9.8 (/opt/ros/foxy/share/ament_cmake/cmake)
[0.766s] -- Found PythonInterp: /usr/bin/python3 (found suitable version "3.8.5", minimum required is "3") 
[0.766s] -- Using PYTHON_EXECUTABLE: /usr/bin/python3
[1.012s] -- Found ament_index_cpp: 1.0.2 (/opt/ros/foxy/share/ament_index_cpp/cmake)
[1.023s] -- Found geometry_msgs: 2.0.3 (/opt/ros/foxy/share/geometry_msgs/cmake)
[1.060s] -- Using all available rosidl_typesupport_c: rosidl_typesupport_fastrtps_c;rosidl_typesupport_introspection_c
[1.067s] -- Found rosidl_adapter: 1.2.0 (/opt/ros/foxy/share/rosidl_adapter/cmake)
[1.170s] -- Found OpenSSL: /usr/lib/x86_64-linux-gnu/libcrypto.so (found version "1.1.1f")  
[1.194s] -- Found FastRTPS: /opt/ros/foxy/include  
[1.321s] -- Using all available rosidl_typesupport_cpp: rosidl_typesupport_fastrtps_cpp;rosidl_typesupport_introspection_cpp
[1.421s] -- Found rclcpp: 2.3.0 (/opt/ros/foxy/share/rclcpp/cmake)
[1.460s] -- Found rmw_implementation_cmake: 1.0.2 (/opt/ros/foxy/share/rmw_implementation_cmake/cmake)
[1.462s] -- Using RMW implementation 'rmw_fastrtps_cpp' as default
[1.463s] -- Looking for pthread.h
[1.514s] -- Looking for pthread.h - found
[1.514s] -- Performing Test CMAKE_HAVE_LIBC_PTHREAD
[1.562s] -- Performing Test CMAKE_HAVE_LIBC_PTHREAD - Failed
[1.562s] -- Looking for pthread_create in pthreads
[1.600s] -- Looking for pthread_create in pthreads - not found
[1.600s] -- Looking for pthread_create in pthread
[1.646s] -- Looking for pthread_create in pthread - found
[1.646s] -- Found Threads: TRUE  
[1.761s] -- Found rclcpp_action: 2.3.0 (/opt/ros/foxy/share/rclcpp_action/cmake)
[1.826s] -- Found rosidl_default_generators: 1.0.0 (/opt/ros/foxy/share/rosidl_default_generators/cmake)
[1.837s] -- Found std_srvs: 2.0.3 (/opt/ros/foxy/share/std_srvs/cmake)
[1.862s] -- Found PythonInterp: /usr/bin/python3 (found version "3.8.5") 
[2.000s] -- Found ament_cmake_ros: 0.9.1 (/opt/ros/foxy/share/ament_cmake_ros/cmake)
[2.097s] -- Using all available rosidl_typesupport_c: rosidl_typesupport_fastrtps_c;rosidl_typesupport_introspection_c
[2.117s] -- Using all available rosidl_typesupport_cpp: rosidl_typesupport_fastrtps_cpp;rosidl_typesupport_introspection_cpp
[2.136s] -- Found PythonInterp: /usr/bin/python3 (found suitable version "3.8.5", minimum required is "3.5") 
[2.137s] -- Found python_cmake_module: 0.8.0 (/opt/ros/foxy/share/python_cmake_module/cmake)
[2.157s] -- Found PythonLibs: /usr/lib/x86_64-linux-gnu/libpython3.8.so (found suitable version "3.8.5", minimum required is "3.5") 
[2.157s] -- Using PYTHON_EXECUTABLE: /usr/bin/python3
[2.157s] -- Using PYTHON_INCLUDE_DIRS: /usr/include/python3.8
[2.157s] -- Using PYTHON_LIBRARIES: /usr/lib/x86_64-linux-gnu/libpython3.8.so
[2.172s] -- Found PythonExtra: .so  
[2.225s] -- Configuring done
[2.290s] -- Generating done
[2.292s] -- Build files have been written to: /home/mark-ros2/ROS2_tutorials/build/turtlesim
[2.298s] Invoked command in '/home/mark-ros2/ROS2_tutorials/build/turtlesim' returned '0': CMAKE_PREFIX_PATH=${CMAKE_PREFIX_PATH}:/home/mark-ros2/robot_ws/install/myfirstpackage:/home/mark-ros2/robot_ws/install/hello_world:/opt/ros/foxy /usr/bin/cmake /home/mark-ros2/ROS2_tutorials/src/ros_tutorials/turtlesim -DCMAKE_INSTALL_PREFIX=/home/mark-ros2/ROS2_tutorials/install/turtlesim
[2.301s] Invoking command in '/home/mark-ros2/ROS2_tutorials/build/turtlesim': CMAKE_PREFIX_PATH=${CMAKE_PREFIX_PATH}:/home/mark-ros2/robot_ws/install/myfirstpackage:/home/mark-ros2/robot_ws/install/hello_world:/opt/ros/foxy /usr/bin/cmake --build /home/mark-ros2/ROS2_tutorials/build/turtlesim -- -j12 -l12
[2.330s] [  1%] [34m[1mGenerating C code for ROS interfaces[0m
[2.330s] [35m[1mScanning dependencies of target turtlesim__cpp[0m
[2.337s] [  2%] [34m[1mGenerating C++ code for ROS interfaces[0m
[2.943s] [  2%] Built target turtlesim__cpp
[2.943s] [35m[1mScanning dependencies of target turtlesim__rosidl_generator_c[0m
[2.950s] [  5%] [34m[1mGenerating C++ introspection for ROS interfaces[0m
[2.950s] [  5%] [34m[1mGenerating C++ type support dispatch for ROS interfaces[0m
[2.950s] [  5%] [34m[1mGenerating C++ type support for eProsima Fast-RTPS[0m
[2.955s] [  6%] [32mBuilding C object CMakeFiles/turtlesim__rosidl_generator_c.dir/rosidl_generator_c/turtlesim/msg/detail/pose__functions.c.o[0m
[2.957s] [  8%] [32mBuilding C object CMakeFiles/turtlesim__rosidl_generator_c.dir/rosidl_generator_c/turtlesim/msg/detail/color__functions.c.o[0m
[2.957s] [  8%] [32mBuilding C object CMakeFiles/turtlesim__rosidl_generator_c.dir/rosidl_generator_c/turtlesim/action/detail/rotate_absolute__functions.c.o[0m
[2.957s] [  9%] [32mBuilding C object CMakeFiles/turtlesim__rosidl_generator_c.dir/rosidl_generator_c/turtlesim/srv/detail/kill__functions.c.o[0m
[2.957s] [ 11%] [32mBuilding C object CMakeFiles/turtlesim__rosidl_generator_c.dir/rosidl_generator_c/turtlesim/srv/detail/teleport_absolute__functions.c.o[0m
[2.958s] [ 11%] [32mBuilding C object CMakeFiles/turtlesim__rosidl_generator_c.dir/rosidl_generator_c/turtlesim/srv/detail/set_pen__functions.c.o[0m
[2.958s] [ 12%] [32mBuilding C object CMakeFiles/turtlesim__rosidl_generator_c.dir/rosidl_generator_c/turtlesim/srv/detail/spawn__functions.c.o[0m
[2.958s] [ 13%] [32mBuilding C object CMakeFiles/turtlesim__rosidl_generator_c.dir/rosidl_generator_c/turtlesim/srv/detail/teleport_relative__functions.c.o[0m
[3.029s] [ 14%] [32m[1mLinking C shared library libturtlesim__rosidl_generator_c.so[0m
[3.059s] [ 14%] Built target turtlesim__rosidl_generator_c
[3.066s] [ 16%] [34m[1mGenerating C introspection for ROS interfaces[0m
[3.066s] [ 16%] [34m[1mGenerating C type support dispatch for ROS interfaces[0m
[3.328s] [35m[1mScanning dependencies of target turtlesim__rosidl_typesupport_cpp[0m
[3.344s] [ 17%] [32mBuilding CXX object CMakeFiles/turtlesim__rosidl_typesupport_cpp.dir/rosidl_typesupport_cpp/turtlesim/action/rotate_absolute__type_support.cpp.o[0m
[3.345s] [ 18%] [32mBuilding CXX object CMakeFiles/turtlesim__rosidl_typesupport_cpp.dir/rosidl_typesupport_cpp/turtlesim/msg/color__type_support.cpp.o[0m
[3.345s] [ 19%] [32mBuilding CXX object CMakeFiles/turtlesim__rosidl_typesupport_cpp.dir/rosidl_typesupport_cpp/turtlesim/srv/set_pen__type_support.cpp.o[0m
[3.345s] [ 20%] [32mBuilding CXX object CMakeFiles/turtlesim__rosidl_typesupport_cpp.dir/rosidl_typesupport_cpp/turtlesim/msg/pose__type_support.cpp.o[0m
[3.346s] [ 21%] [32mBuilding CXX object CMakeFiles/turtlesim__rosidl_typesupport_cpp.dir/rosidl_typesupport_cpp/turtlesim/srv/spawn__type_support.cpp.o[0m
[3.346s] [ 22%] [32mBuilding CXX object CMakeFiles/turtlesim__rosidl_typesupport_cpp.dir/rosidl_typesupport_cpp/turtlesim/srv/teleport_absolute__type_support.cpp.o[0m
[3.346s] [ 23%] [32mBuilding CXX object CMakeFiles/turtlesim__rosidl_typesupport_cpp.dir/rosidl_typesupport_cpp/turtlesim/srv/kill__type_support.cpp.o[0m
[3.352s] [ 24%] [32mBuilding CXX object CMakeFiles/turtlesim__rosidl_typesupport_cpp.dir/rosidl_typesupport_cpp/turtlesim/srv/teleport_relative__type_support.cpp.o[0m
[3.516s] [35m[1mScanning dependencies of target turtlesim__rosidl_typesupport_c[0m
[3.534s] [ 25%] [32mBuilding CXX object CMakeFiles/turtlesim__rosidl_typesupport_c.dir/rosidl_typesupport_c/turtlesim/action/rotate_absolute__type_support.cpp.o[0m
[3.592s] [ 26%] [32mBuilding CXX object CMakeFiles/turtlesim__rosidl_typesupport_c.dir/rosidl_typesupport_c/turtlesim/msg/color__type_support.cpp.o[0m
[3.592s] [35m[1mScanning dependencies of target turtlesim__rosidl_typesupport_introspection_cpp[0m
[3.625s] [ 27%] [32mBuilding CXX object CMakeFiles/turtlesim__rosidl_typesupport_introspection_cpp.dir/rosidl_typesupport_introspection_cpp/turtlesim/action/detail/rotate_absolute__type_support.cpp.o[0m
[3.641s] [ 28%] [32mBuilding CXX object CMakeFiles/turtlesim__rosidl_typesupport_c.dir/rosidl_typesupport_c/turtlesim/msg/pose__type_support.cpp.o[0m
[3.679s] [ 29%] [32mBuilding CXX object CMakeFiles/turtlesim__rosidl_typesupport_c.dir/rosidl_typesupport_c/turtlesim/srv/kill__type_support.cpp.o[0m
[3.721s] [ 30%] [32mBuilding CXX object CMakeFiles/turtlesim__rosidl_typesupport_c.dir/rosidl_typesupport_c/turtlesim/srv/set_pen__type_support.cpp.o[0m
[3.750s] [ 32%] [32mBuilding CXX object CMakeFiles/turtlesim__rosidl_typesupport_introspection_cpp.dir/rosidl_typesupport_introspection_cpp/turtlesim/msg/detail/pose__type_support.cpp.o[0m
[3.751s] [ 32%] [32mBuilding CXX object CMakeFiles/turtlesim__rosidl_typesupport_introspection_cpp.dir/rosidl_typesupport_introspection_cpp/turtlesim/msg/detail/color__type_support.cpp.o[0m
[3.759s] [ 33%] [32mBuilding CXX object CMakeFiles/turtlesim__rosidl_typesupport_c.dir/rosidl_typesupport_c/turtlesim/srv/teleport_absolute__type_support.cpp.o[0m
[3.760s] [ 34%] [32mBuilding CXX object CMakeFiles/turtlesim__rosidl_typesupport_c.dir/rosidl_typesupport_c/turtlesim/srv/spawn__type_support.cpp.o[0m
[3.785s] [ 35%] [32mBuilding CXX object CMakeFiles/turtlesim__rosidl_typesupport_introspection_cpp.dir/rosidl_typesupport_introspection_cpp/turtlesim/srv/detail/kill__type_support.cpp.o[0m
[3.786s] [ 36%] [32mBuilding CXX object CMakeFiles/turtlesim__rosidl_typesupport_introspection_cpp.dir/rosidl_typesupport_introspection_cpp/turtlesim/srv/detail/set_pen__type_support.cpp.o[0m
[3.791s] [ 37%] [32mBuilding CXX object CMakeFiles/turtlesim__rosidl_typesupport_introspection_cpp.dir/rosidl_typesupport_introspection_cpp/turtlesim/srv/detail/spawn__type_support.cpp.o[0m
[3.800s] [ 39%] [32mBuilding CXX object CMakeFiles/turtlesim__rosidl_typesupport_introspection_cpp.dir/rosidl_typesupport_introspection_cpp/turtlesim/srv/detail/teleport_absolute__type_support.cpp.o[0m
[3.800s] [ 39%] [32mBuilding CXX object CMakeFiles/turtlesim__rosidl_typesupport_c.dir/rosidl_typesupport_c/turtlesim/srv/teleport_relative__type_support.cpp.o[0m
[3.800s] [35m[1mScanning dependencies of target turtlesim__rosidl_typesupport_fastrtps_cpp[0m
[3.811s] [ 40%] [32mBuilding CXX object CMakeFiles/turtlesim__rosidl_typesupport_introspection_cpp.dir/rosidl_typesupport_introspection_cpp/turtlesim/srv/detail/teleport_relative__type_support.cpp.o[0m
[3.839s] [ 42%] [32m[1mLinking CXX shared library libturtlesim__rosidl_typesupport_cpp.so[0m
[3.839s] [ 42%] [32m[1mLinking CXX shared library libturtlesim__rosidl_typesupport_c.so[0m
[3.840s] [ 43%] [32mBuilding CXX object CMakeFiles/turtlesim__rosidl_typesupport_fastrtps_cpp.dir/rosidl_typesupport_fastrtps_cpp/turtlesim/action/detail/dds_fastrtps/rotate_absolute__type_support.cpp.o[0m
[3.843s] [35m[1mScanning dependencies of target turtlesim__rosidl_typesupport_introspection_c[0m
[3.867s] [ 44%] [32mBuilding C object CMakeFiles/turtlesim__rosidl_typesupport_introspection_c.dir/rosidl_typesupport_introspection_c/turtlesim/action/detail/rotate_absolute__type_support.c.o[0m
[3.894s] [ 44%] Built target turtlesim__rosidl_typesupport_c
[3.895s] [ 44%] Built target turtlesim__rosidl_typesupport_cpp
[3.907s] [ 46%] [32mBuilding C object CMakeFiles/turtlesim__rosidl_typesupport_introspection_c.dir/rosidl_typesupport_introspection_c/turtlesim/msg/detail/color__type_support.c.o[0m
[3.907s] [ 46%] [32mBuilding CXX object CMakeFiles/turtlesim__rosidl_typesupport_fastrtps_cpp.dir/rosidl_typesupport_fastrtps_cpp/turtlesim/msg/detail/dds_fastrtps/color__type_support.cpp.o[0m
[3.927s] [ 47%] [32mBuilding C object CMakeFiles/turtlesim__rosidl_typesupport_introspection_c.dir/rosidl_typesupport_introspection_c/turtlesim/msg/detail/pose__type_support.c.o[0m
[3.951s] [ 48%] [32mBuilding C object CMakeFiles/turtlesim__rosidl_typesupport_introspection_c.dir/rosidl_typesupport_introspection_c/turtlesim/srv/detail/kill__type_support.c.o[0m
[3.968s] [ 49%] [32mBuilding C object CMakeFiles/turtlesim__rosidl_typesupport_introspection_c.dir/rosidl_typesupport_introspection_c/turtlesim/srv/detail/set_pen__type_support.c.o[0m
[3.998s] [ 50%] [32mBuilding C object CMakeFiles/turtlesim__rosidl_typesupport_introspection_c.dir/rosidl_typesupport_introspection_c/turtlesim/srv/detail/spawn__type_support.c.o[0m
[4.014s] [ 51%] [32mBuilding CXX object CMakeFiles/turtlesim__rosidl_typesupport_fastrtps_cpp.dir/rosidl_typesupport_fastrtps_cpp/turtlesim/msg/detail/dds_fastrtps/pose__type_support.cpp.o[0m
[4.043s] [ 52%] [32mBuilding C object CMakeFiles/turtlesim__rosidl_typesupport_introspection_c.dir/rosidl_typesupport_introspection_c/turtlesim/srv/detail/teleport_absolute__type_support.c.o[0m
[4.096s] [ 53%] [32mBuilding C object CMakeFiles/turtlesim__rosidl_typesupport_introspection_c.dir/rosidl_typesupport_introspection_c/turtlesim/srv/detail/teleport_relative__type_support.c.o[0m
[4.128s] [ 54%] [32mBuilding CXX object CMakeFiles/turtlesim__rosidl_typesupport_fastrtps_cpp.dir/rosidl_typesupport_fastrtps_cpp/turtlesim/srv/detail/dds_fastrtps/kill__type_support.cpp.o[0m
[4.139s] [ 55%] [32mBuilding CXX object CMakeFiles/turtlesim__rosidl_typesupport_fastrtps_cpp.dir/rosidl_typesupport_fastrtps_cpp/turtlesim/srv/detail/dds_fastrtps/set_pen__type_support.cpp.o[0m
[4.141s] [ 56%] [32m[1mLinking C shared library libturtlesim__rosidl_typesupport_introspection_c.so[0m
[4.180s] [ 57%] [32mBuilding CXX object CMakeFiles/turtlesim__rosidl_typesupport_fastrtps_cpp.dir/rosidl_typesupport_fastrtps_cpp/turtlesim/srv/detail/dds_fastrtps/teleport_absolute__type_support.cpp.o[0m
[4.181s] [ 58%] [32mBuilding CXX object CMakeFiles/turtlesim__rosidl_typesupport_fastrtps_cpp.dir/rosidl_typesupport_fastrtps_cpp/turtlesim/srv/detail/dds_fastrtps/spawn__type_support.cpp.o[0m
[4.187s] [ 58%] Built target turtlesim__rosidl_typesupport_introspection_c
[4.204s] [ 59%] [32mBuilding CXX object CMakeFiles/turtlesim__rosidl_typesupport_fastrtps_cpp.dir/rosidl_typesupport_fastrtps_cpp/turtlesim/srv/detail/dds_fastrtps/teleport_relative__type_support.cpp.o[0m
[4.222s] [ 60%] [32m[1mLinking CXX shared library libturtlesim__rosidl_typesupport_introspection_cpp.so[0m
[4.288s] [ 60%] Built target turtlesim__rosidl_typesupport_introspection_cpp
[4.701s] [ 61%] [32m[1mLinking CXX shared library libturtlesim__rosidl_typesupport_fastrtps_cpp.so[0m
[4.771s] [ 61%] Built target turtlesim__rosidl_typesupport_fastrtps_cpp
[4.779s] [ 62%] [34m[1mGenerating C type support for eProsima Fast-RTPS[0m
[5.316s] [35m[1mScanning dependencies of target turtlesim__rosidl_typesupport_fastrtps_c[0m
[5.338s] [ 64%] [32mBuilding CXX object CMakeFiles/turtlesim__rosidl_typesupport_fastrtps_c.dir/rosidl_typesupport_fastrtps_c/turtlesim/srv/detail/set_pen__type_support_c.cpp.o[0m
[5.339s] [ 64%] [32mBuilding CXX object CMakeFiles/turtlesim__rosidl_typesupport_fastrtps_c.dir/rosidl_typesupport_fastrtps_c/turtlesim/srv/detail/kill__type_support_c.cpp.o[0m
[5.340s] [ 66%] [32mBuilding CXX object CMakeFiles/turtlesim__rosidl_typesupport_fastrtps_c.dir/rosidl_typesupport_fastrtps_c/turtlesim/msg/detail/color__type_support_c.cpp.o[0m
[5.340s] [ 66%] [32mBuilding CXX object CMakeFiles/turtlesim__rosidl_typesupport_fastrtps_c.dir/rosidl_typesupport_fastrtps_c/turtlesim/action/detail/rotate_absolute__type_support_c.cpp.o[0m
[5.340s] [ 67%] [32mBuilding CXX object CMakeFiles/turtlesim__rosidl_typesupport_fastrtps_c.dir/rosidl_typesupport_fastrtps_c/turtlesim/msg/detail/pose__type_support_c.cpp.o[0m
[5.341s] [ 68%] [32mBuilding CXX object CMakeFiles/turtlesim__rosidl_typesupport_fastrtps_c.dir/rosidl_typesupport_fastrtps_c/turtlesim/srv/detail/spawn__type_support_c.cpp.o[0m
[5.341s] [ 69%] [32mBuilding CXX object CMakeFiles/turtlesim__rosidl_typesupport_fastrtps_c.dir/rosidl_typesupport_fastrtps_c/turtlesim/srv/detail/teleport_absolute__type_support_c.cpp.o[0m
[5.341s] [ 70%] [32mBuilding CXX object CMakeFiles/turtlesim__rosidl_typesupport_fastrtps_c.dir/rosidl_typesupport_fastrtps_c/turtlesim/srv/detail/teleport_relative__type_support_c.cpp.o[0m
[5.772s] [ 71%] [32m[1mLinking CXX shared library libturtlesim__rosidl_typesupport_fastrtps_c.so[0m
[5.838s] [ 71%] Built target turtlesim__rosidl_typesupport_fastrtps_c
[5.846s] [35m[1mScanning dependencies of target turtlesim[0m
[5.853s] [ 71%] Built target turtlesim
[5.861s] [35m[1mScanning dependencies of target draw_square[0m
[5.861s] [35m[1mScanning dependencies of target mimic[0m
[5.862s] [35m[1mScanning dependencies of target turtle_teleop_key[0m
[5.862s] [ 72%] [34m[1mGenerating include/turtlesim/moc_turtle_frame.cpp[0m
[5.862s] [35m[1mScanning dependencies of target turtlesim__py[0m
[5.869s] [ 73%] [34m[1mGenerating Python code for ROS interfaces[0m
[5.916s] [ 74%] [32mBuilding CXX object CMakeFiles/mimic.dir/tutorials/mimic.cpp.o[0m
[5.918s] [ 75%] [32mBuilding CXX object CMakeFiles/draw_square.dir/tutorials/draw_square.cpp.o[0m
[5.919s] [ 76%] [32mBuilding CXX object CMakeFiles/turtle_teleop_key.dir/tutorials/teleop_turtle_key.cpp.o[0m
[5.922s] [35m[1mScanning dependencies of target turtlesim_node[0m
[5.986s] [ 77%] [32mBuilding CXX object CMakeFiles/turtlesim_node.dir/src/turtle_frame.cpp.o[0m
[5.987s] [ 78%] [32mBuilding CXX object CMakeFiles/turtlesim_node.dir/src/turtlesim.cpp.o[0m
[5.988s] [ 79%] [32mBuilding CXX object CMakeFiles/turtlesim_node.dir/src/turtle.cpp.o[0m
[5.989s] [ 80%] [32mBuilding CXX object CMakeFiles/turtlesim_node.dir/include/turtlesim/moc_turtle_frame.cpp.o[0m
[7.506s] [ 80%] Built target turtlesim__py
[7.514s] [35m[1mScanning dependencies of target turtlesim__python[0m
[7.558s] [ 82%] [32mBuilding C object CMakeFiles/turtlesim__python.dir/rosidl_generator_py/turtlesim/msg/_color_s.c.o[0m
[7.558s] [ 82%] [32mBuilding C object CMakeFiles/turtlesim__python.dir/rosidl_generator_py/turtlesim/action/_rotate_absolute_s.c.o[0m
[7.558s] [ 83%] [32mBuilding C object CMakeFiles/turtlesim__python.dir/rosidl_generator_py/turtlesim/srv/_set_pen_s.c.o[0m
[7.559s] [ 84%] [32mBuilding C object CMakeFiles/turtlesim__python.dir/rosidl_generator_py/turtlesim/msg/_pose_s.c.o[0m
[7.563s] [ 85%] [32mBuilding C object CMakeFiles/turtlesim__python.dir/rosidl_generator_py/turtlesim/srv/_kill_s.c.o[0m
[7.688s] [ 87%] [32mBuilding C object CMakeFiles/turtlesim__python.dir/rosidl_generator_py/turtlesim/srv/_spawn_s.c.o[0m
[7.689s] [ 87%] [32mBuilding C object CMakeFiles/turtlesim__python.dir/rosidl_generator_py/turtlesim/srv/_teleport_absolute_s.c.o[0m
[7.705s] [ 88%] [32mBuilding C object CMakeFiles/turtlesim__python.dir/rosidl_generator_py/turtlesim/srv/_teleport_relative_s.c.o[0m
[7.830s] [ 89%] [32m[1mLinking C shared library rosidl_generator_py/turtlesim/libturtlesim__python.so[0m
[7.876s] [ 89%] Built target turtlesim__python
[7.888s] [35m[1mScanning dependencies of target turtlesim__rosidl_typesupport_introspection_c__pyext[0m
[7.889s] [35m[1mScanning dependencies of target turtlesim__rosidl_typesupport_c__pyext[0m
[7.889s] [35m[1mScanning dependencies of target turtlesim__rosidl_typesupport_fastrtps_c__pyext[0m
[7.915s] [ 90%] [32mBuilding C object CMakeFiles/turtlesim__rosidl_typesupport_introspection_c__pyext.dir/rosidl_generator_py/turtlesim/_turtlesim_s.ep.rosidl_typesupport_introspection_c.c.o[0m
[7.918s] [ 91%] [32mBuilding C object CMakeFiles/turtlesim__rosidl_typesupport_fastrtps_c__pyext.dir/rosidl_generator_py/turtlesim/_turtlesim_s.ep.rosidl_typesupport_fastrtps_c.c.o[0m
[7.924s] [ 92%] [32mBuilding C object CMakeFiles/turtlesim__rosidl_typesupport_c__pyext.dir/rosidl_generator_py/turtlesim/_turtlesim_s.ep.rosidl_typesupport_c.c.o[0m
[8.058s] [ 93%] [32m[1mLinking C shared library rosidl_generator_py/turtlesim/turtlesim_s__rosidl_typesupport_c.cpython-38-x86_64-linux-gnu.so[0m
[8.092s] [ 93%] Built target turtlesim__rosidl_typesupport_c__pyext
[8.114s] [ 94%] [32m[1mLinking C shared library rosidl_generator_py/turtlesim/turtlesim_s__rosidl_typesupport_introspection_c.cpython-38-x86_64-linux-gnu.so[0m
[8.141s] [ 95%] [32m[1mLinking CXX shared library rosidl_generator_py/turtlesim/turtlesim_s__rosidl_typesupport_fastrtps_c.cpython-38-x86_64-linux-gnu.so[0m
[8.148s] [ 95%] Built target turtlesim__rosidl_typesupport_introspection_c__pyext
[8.206s] [ 95%] Built target turtlesim__rosidl_typesupport_fastrtps_c__pyext
[10.702s] [ 96%] [32m[1mLinking CXX executable turtle_teleop_key[0m
[10.927s] [ 96%] Built target turtle_teleop_key
[11.559s] [ 97%] [32m[1mLinking CXX executable mimic[0m
[11.563s] [ 98%] [32m[1mLinking CXX executable draw_square[0m
[11.782s] [ 98%] Built target mimic
[11.806s] [ 98%] Built target draw_square
[14.149s] [100%] [32m[1mLinking CXX executable turtlesim_node[0m
[15.374s] [100%] Built target turtlesim_node
[15.385s] Invoked command in '/home/mark-ros2/ROS2_tutorials/build/turtlesim' returned '0': CMAKE_PREFIX_PATH=${CMAKE_PREFIX_PATH}:/home/mark-ros2/robot_ws/install/myfirstpackage:/home/mark-ros2/robot_ws/install/hello_world:/opt/ros/foxy /usr/bin/cmake --build /home/mark-ros2/ROS2_tutorials/build/turtlesim -- -j12 -l12
[15.489s] Invoking command in '/home/mark-ros2/ROS2_tutorials/build/turtlesim': CMAKE_PREFIX_PATH=${CMAKE_PREFIX_PATH}:/home/mark-ros2/robot_ws/install/myfirstpackage:/home/mark-ros2/robot_ws/install/hello_world:/opt/ros/foxy /usr/bin/cmake --install /home/mark-ros2/ROS2_tutorials/build/turtlesim
[15.494s] -- Install configuration: ""
[15.495s] -- Installing: /home/mark-ros2/ROS2_tutorials/install/turtlesim/share/ament_index/resource_index/rosidl_interfaces/turtlesim
[15.495s] -- Up-to-date: /home/mark-ros2/ROS2_tutorials/install/turtlesim/include/turtlesim
[15.495s] -- Up-to-date: /home/mark-ros2/ROS2_tutorials/install/turtlesim/include/turtlesim/srv
[15.495s] -- Installing: /home/mark-ros2/ROS2_tutorials/install/turtlesim/include/turtlesim/srv/set_pen.h
[15.495s] -- Installing: /home/mark-ros2/ROS2_tutorials/install/turtlesim/include/turtlesim/srv/teleport_absolute.h
[15.495s] -- Installing: /home/mark-ros2/ROS2_tutorials/install/turtlesim/include/turtlesim/srv/teleport_relative.h
[15.495s] -- Installing: /home/mark-ros2/ROS2_tutorials/install/turtlesim/include/turtlesim/srv/kill.h
[15.495s] -- Installing: /home/mark-ros2/ROS2_tutorials/install/turtlesim/include/turtlesim/srv/spawn.h
[15.495s] -- Up-to-date: /home/mark-ros2/ROS2_tutorials/install/turtlesim/include/turtlesim/srv/detail
[15.495s] -- Installing: /home/mark-ros2/ROS2_tutorials/install/turtlesim/include/turtlesim/srv/detail/set_pen__struct.h
[15.495s] -- Installing: /home/mark-ros2/ROS2_tutorials/install/turtlesim/include/turtlesim/srv/detail/set_pen__type_support.h
[15.496s] -- Installing: /home/mark-ros2/ROS2_tutorials/install/turtlesim/include/turtlesim/srv/detail/spawn__struct.h
[15.496s] -- Installing: /home/mark-ros2/ROS2_tutorials/install/turtlesim/include/turtlesim/srv/detail/spawn__functions.c
[15.496s] -- Installing: /home/mark-ros2/ROS2_tutorials/install/turtlesim/include/turtlesim/srv/detail/kill__functions.h
[15.496s] -- Installing: /home/mark-ros2/ROS2_tutorials/install/turtlesim/include/turtlesim/srv/detail/set_pen__functions.h
[15.496s] -- Installing: /home/mark-ros2/ROS2_tutorials/install/turtlesim/include/turtlesim/srv/detail/teleport_relative__struct.h
[15.496s] -- Installing: /home/mark-ros2/ROS2_tutorials/install/turtlesim/include/turtlesim/srv/detail/set_pen__functions.c
[15.496s] -- Installing: /home/mark-ros2/ROS2_tutorials/install/turtlesim/include/turtlesim/srv/detail/teleport_relative__type_support.h
[15.496s] -- Installing: /home/mark-ros2/ROS2_tutorials/install/turtlesim/include/turtlesim/srv/detail/teleport_absolute__struct.h
[15.496s] -- Installing: /home/mark-ros2/ROS2_tutorials/install/turtlesim/include/turtlesim/srv/detail/teleport_absolute__functions.c
[15.496s] -- Installing: /home/mark-ros2/ROS2_tutorials/install/turtlesim/include/turtlesim/srv/detail/kill__struct.h
[15.496s] -- Installing: /home/mark-ros2/ROS2_tutorials/install/turtlesim/include/turtlesim/srv/detail/spawn__type_support.h
[15.497s] -- Installing: /home/mark-ros2/ROS2_tutorials/install/turtlesim/include/turtlesim/srv/detail/teleport_relative__functions.h
[15.497s] -- Installing: /home/mark-ros2/ROS2_tutorials/install/turtlesim/include/turtlesim/srv/detail/teleport_relative__functions.c
[15.497s] -- Installing: /home/mark-ros2/ROS2_tutorials/install/turtlesim/include/turtlesim/srv/detail/kill__functions.c
[15.497s] -- Installing: /home/mark-ros2/ROS2_tutorials/install/turtlesim/include/turtlesim/srv/detail/spawn__functions.h
[15.497s] -- Installing: /home/mark-ros2/ROS2_tutorials/install/turtlesim/include/turtlesim/srv/detail/teleport_absolute__functions.h
[15.497s] -- Installing: /home/mark-ros2/ROS2_tutorials/install/turtlesim/include/turtlesim/srv/detail/teleport_absolute__type_support.h
[15.497s] -- Installing: /home/mark-ros2/ROS2_tutorials/install/turtlesim/include/turtlesim/srv/detail/kill__type_support.h
[15.497s] -- Up-to-date: /home/mark-ros2/ROS2_tutorials/install/turtlesim/include/turtlesim/msg
[15.497s] -- Installing: /home/mark-ros2/ROS2_tutorials/install/turtlesim/include/turtlesim/msg/rosidl_generator_c__visibility_control.h
[15.497s] -- Installing: /home/mark-ros2/ROS2_tutorials/install/turtlesim/include/turtlesim/msg/color.h
[15.497s] -- Installing: /home/mark-ros2/ROS2_tutorials/install/turtlesim/include/turtlesim/msg/pose.h
[15.497s] -- Up-to-date: /home/mark-ros2/ROS2_tutorials/install/turtlesim/include/turtlesim/msg/detail
[15.497s] -- Installing: /home/mark-ros2/ROS2_tutorials/install/turtlesim/include/turtlesim/msg/detail/color__functions.c
[15.497s] -- Installing: /home/mark-ros2/ROS2_tutorials/install/turtlesim/include/turtlesim/msg/detail/pose__type_support.h
[15.497s] -- Installing: /home/mark-ros2/ROS2_tutorials/install/turtlesim/include/turtlesim/msg/detail/color__type_support.h
[15.498s] -- Installing: /home/mark-ros2/ROS2_tutorials/install/turtlesim/include/turtlesim/msg/detail/pose__struct.h
[15.498s] -- Installing: /home/mark-ros2/ROS2_tutorials/install/turtlesim/include/turtlesim/msg/detail/color__struct.h
[15.498s] -- Installing: /home/mark-ros2/ROS2_tutorials/install/turtlesim/include/turtlesim/msg/detail/pose__functions.c
[15.498s] -- Installing: /home/mark-ros2/ROS2_tutorials/install/turtlesim/include/turtlesim/msg/detail/color__functions.h
[15.498s] -- Installing: /home/mark-ros2/ROS2_tutorials/install/turtlesim/include/turtlesim/msg/detail/pose__functions.h
[15.498s] -- Up-to-date: /home/mark-ros2/ROS2_tutorials/install/turtlesim/include/turtlesim/action
[15.498s] -- Installing: /home/mark-ros2/ROS2_tutorials/install/turtlesim/include/turtlesim/action/rotate_absolute.h
[15.498s] -- Up-to-date: /home/mark-ros2/ROS2_tutorials/install/turtlesim/include/turtlesim/action/detail
[15.498s] -- Installing: /home/mark-ros2/ROS2_tutorials/install/turtlesim/include/turtlesim/action/detail/rotate_absolute__functions.h
[15.498s] -- Installing: /home/mark-ros2/ROS2_tutorials/install/turtlesim/include/turtlesim/action/detail/rotate_absolute__type_support.h
[15.498s] -- Installing: /home/mark-ros2/ROS2_tutorials/install/turtlesim/include/turtlesim/action/detail/rotate_absolute__functions.c
[15.498s] -- Installing: /home/mark-ros2/ROS2_tutorials/install/turtlesim/include/turtlesim/action/detail/rotate_absolute__struct.h
[15.498s] -- Up-to-date: /home/mark-ros2/ROS2_tutorials/install/turtlesim/share/turtlesim/environment/library_path.sh
[15.499s] -- Installing: /home/mark-ros2/ROS2_tutorials/install/turtlesim/share/turtlesim/environment/library_path.dsv
[15.499s] -- Installing: /home/mark-ros2/ROS2_tutorials/install/turtlesim/lib/libturtlesim__rosidl_generator_c.so
[15.499s] -- Set runtime path of "/home/mark-ros2/ROS2_tutorials/install/turtlesim/lib/libturtlesim__rosidl_generator_c.so" to ""
[15.499s] -- Up-to-date: /home/mark-ros2/ROS2_tutorials/install/turtlesim/include/turtlesim
[15.499s] -- Up-to-date: /home/mark-ros2/ROS2_tutorials/install/turtlesim/include/turtlesim/srv
[15.499s] -- Up-to-date: /home/mark-ros2/ROS2_tutorials/install/turtlesim/include/turtlesim/srv/detail
[15.499s] -- Installing: /home/mark-ros2/ROS2_tutorials/install/turtlesim/include/turtlesim/srv/detail/teleport_relative__rosidl_typesupport_fastrtps_c.h
[15.499s] -- Installing: /home/mark-ros2/ROS2_tutorials/install/turtlesim/include/turtlesim/srv/detail/set_pen__rosidl_typesupport_fastrtps_c.h
[15.499s] -- Installing: /home/mark-ros2/ROS2_tutorials/install/turtlesim/include/turtlesim/srv/detail/spawn__rosidl_typesupport_fastrtps_c.h
[15.499s] -- Installing: /home/mark-ros2/ROS2_tutorials/install/turtlesim/include/turtlesim/srv/detail/kill__rosidl_typesupport_fastrtps_c.h
[15.499s] -- Installing: /home/mark-ros2/ROS2_tutorials/install/turtlesim/include/turtlesim/srv/detail/teleport_absolute__rosidl_typesupport_fastrtps_c.h
[15.499s] -- Up-to-date: /home/mark-ros2/ROS2_tutorials/install/turtlesim/include/turtlesim/msg
[15.500s] -- Installing: /home/mark-ros2/ROS2_tutorials/install/turtlesim/include/turtlesim/msg/rosidl_typesupport_fastrtps_c__visibility_control.h
[15.500s] -- Up-to-date: /home/mark-ros2/ROS2_tutorials/install/turtlesim/include/turtlesim/msg/detail
[15.500s] -- Installing: /home/mark-ros2/ROS2_tutorials/install/turtlesim/include/turtlesim/msg/detail/color__rosidl_typesupport_fastrtps_c.h
[15.500s] -- Installing: /home/mark-ros2/ROS2_tutorials/install/turtlesim/include/turtlesim/msg/detail/pose__rosidl_typesupport_fastrtps_c.h
[15.500s] -- Up-to-date: /home/mark-ros2/ROS2_tutorials/install/turtlesim/include/turtlesim/action
[15.500s] -- Up-to-date: /home/mark-ros2/ROS2_tutorials/install/turtlesim/include/turtlesim/action/detail
[15.500s] -- Installing: /home/mark-ros2/ROS2_tutorials/install/turtlesim/include/turtlesim/action/detail/rotate_absolute__rosidl_typesupport_fastrtps_c.h
[15.500s] -- Installing: /home/mark-ros2/ROS2_tutorials/install/turtlesim/lib/libturtlesim__rosidl_typesupport_fastrtps_c.so
[15.500s] -- Set runtime path of "/home/mark-ros2/ROS2_tutorials/install/turtlesim/lib/libturtlesim__rosidl_typesupport_fastrtps_c.so" to ""
[15.500s] -- Up-to-date: /home/mark-ros2/ROS2_tutorials/install/turtlesim/include/turtlesim
[15.500s] -- Up-to-date: /home/mark-ros2/ROS2_tutorials/install/turtlesim/include/turtlesim/srv
[15.500s] -- Up-to-date: /home/mark-ros2/ROS2_tutorials/install/turtlesim/include/turtlesim/srv/detail
[15.500s] -- Installing: /home/mark-ros2/ROS2_tutorials/install/turtlesim/include/turtlesim/srv/detail/teleport_relative__rosidl_typesupport_fastrtps_cpp.hpp
[15.500s] -- Installing: /home/mark-ros2/ROS2_tutorials/install/turtlesim/include/turtlesim/srv/detail/spawn__rosidl_typesupport_fastrtps_cpp.hpp
[15.501s] -- Installing: /home/mark-ros2/ROS2_tutorials/install/turtlesim/include/turtlesim/srv/detail/teleport_absolute__rosidl_typesupport_fastrtps_cpp.hpp
[15.501s] -- Installing: /home/mark-ros2/ROS2_tutorials/install/turtlesim/include/turtlesim/srv/detail/set_pen__rosidl_typesupport_fastrtps_cpp.hpp
[15.501s] -- Installing: /home/mark-ros2/ROS2_tutorials/install/turtlesim/include/turtlesim/srv/detail/kill__rosidl_typesupport_fastrtps_cpp.hpp
[15.501s] -- Up-to-date: /home/mark-ros2/ROS2_tutorials/install/turtlesim/include/turtlesim/srv/detail/dds_fastrtps
[15.501s] -- Up-to-date: /home/mark-ros2/ROS2_tutorials/install/turtlesim/include/turtlesim/msg
[15.501s] -- Installing: /home/mark-ros2/ROS2_tutorials/install/turtlesim/include/turtlesim/msg/rosidl_typesupport_fastrtps_cpp__visibility_control.h
[15.501s] -- Up-to-date: /home/mark-ros2/ROS2_tutorials/install/turtlesim/include/turtlesim/msg/detail
[15.501s] -- Installing: /home/mark-ros2/ROS2_tutorials/install/turtlesim/include/turtlesim/msg/detail/color__rosidl_typesupport_fastrtps_cpp.hpp
[15.501s] -- Up-to-date: /home/mark-ros2/ROS2_tutorials/install/turtlesim/include/turtlesim/msg/detail/dds_fastrtps
[15.501s] -- Installing: /home/mark-ros2/ROS2_tutorials/install/turtlesim/include/turtlesim/msg/detail/pose__rosidl_typesupport_fastrtps_cpp.hpp
[15.501s] -- Up-to-date: /home/mark-ros2/ROS2_tutorials/install/turtlesim/include/turtlesim/action
[15.501s] -- Up-to-date: /home/mark-ros2/ROS2_tutorials/install/turtlesim/include/turtlesim/action/detail
[15.501s] -- Installing: /home/mark-ros2/ROS2_tutorials/install/turtlesim/include/turtlesim/action/detail/rotate_absolute__rosidl_typesupport_fastrtps_cpp.hpp
[15.501s] -- Up-to-date: /home/mark-ros2/ROS2_tutorials/install/turtlesim/include/turtlesim/action/detail/dds_fastrtps
[15.502s] -- Installing: /home/mark-ros2/ROS2_tutorials/install/turtlesim/lib/libturtlesim__rosidl_typesupport_fastrtps_cpp.so
[15.502s] -- Set runtime path of "/home/mark-ros2/ROS2_tutorials/install/turtlesim/lib/libturtlesim__rosidl_typesupport_fastrtps_cpp.so" to ""
[15.502s] -- Up-to-date: /home/mark-ros2/ROS2_tutorials/install/turtlesim/include/turtlesim
[15.502s] -- Up-to-date: /home/mark-ros2/ROS2_tutorials/install/turtlesim/include/turtlesim/srv
[15.502s] -- Up-to-date: /home/mark-ros2/ROS2_tutorials/install/turtlesim/include/turtlesim/srv/detail
[15.502s] -- Installing: /home/mark-ros2/ROS2_tutorials/install/turtlesim/include/turtlesim/srv/detail/kill__type_support.c
[15.502s] -- Installing: /home/mark-ros2/ROS2_tutorials/install/turtlesim/include/turtlesim/srv/detail/spawn__rosidl_typesupport_introspection_c.h
[15.502s] -- Installing: /home/mark-ros2/ROS2_tutorials/install/turtlesim/include/turtlesim/srv/detail/set_pen__rosidl_typesupport_introspection_c.h
[15.502s] -- Installing: /home/mark-ros2/ROS2_tutorials/install/turtlesim/include/turtlesim/srv/detail/kill__rosidl_typesupport_introspection_c.h
[15.502s] -- Installing: /home/mark-ros2/ROS2_tutorials/install/turtlesim/include/turtlesim/srv/detail/set_pen__type_support.c
[15.502s] -- Installing: /home/mark-ros2/ROS2_tutorials/install/turtlesim/include/turtlesim/srv/detail/teleport_relative__rosidl_typesupport_introspection_c.h
[15.502s] -- Installing: /home/mark-ros2/ROS2_tutorials/install/turtlesim/include/turtlesim/srv/detail/teleport_absolute__rosidl_typesupport_introspection_c.h
[15.502s] -- Installing: /home/mark-ros2/ROS2_tutorials/install/turtlesim/include/turtlesim/srv/detail/teleport_relative__type_support.c
[15.502s] -- Installing: /home/mark-ros2/ROS2_tutorials/install/turtlesim/include/turtlesim/srv/detail/teleport_absolute__type_support.c
[15.503s] -- Installing: /home/mark-ros2/ROS2_tutorials/install/turtlesim/include/turtlesim/srv/detail/spawn__type_support.c
[15.503s] -- Up-to-date: /home/mark-ros2/ROS2_tutorials/install/turtlesim/include/turtlesim/msg
[15.503s] -- Installing: /home/mark-ros2/ROS2_tutorials/install/turtlesim/include/turtlesim/msg/rosidl_typesupport_introspection_c__visibility_control.h
[15.503s] -- Up-to-date: /home/mark-ros2/ROS2_tutorials/install/turtlesim/include/turtlesim/msg/detail
[15.503s] -- Installing: /home/mark-ros2/ROS2_tutorials/install/turtlesim/include/turtlesim/msg/detail/pose__type_support.c
[15.503s] -- Installing: /home/mark-ros2/ROS2_tutorials/install/turtlesim/include/turtlesim/msg/detail/pose__rosidl_typesupport_introspection_c.h
[15.503s] -- Installing: /home/mark-ros2/ROS2_tutorials/install/turtlesim/include/turtlesim/msg/detail/color__type_support.c
[15.503s] -- Installing: /home/mark-ros2/ROS2_tutorials/install/turtlesim/include/turtlesim/msg/detail/color__rosidl_typesupport_introspection_c.h
[15.503s] -- Up-to-date: /home/mark-ros2/ROS2_tutorials/install/turtlesim/include/turtlesim/action
[15.503s] -- Up-to-date: /home/mark-ros2/ROS2_tutorials/install/turtlesim/include/turtlesim/action/detail
[15.503s] -- Installing: /home/mark-ros2/ROS2_tutorials/install/turtlesim/include/turtlesim/action/detail/rotate_absolute__rosidl_typesupport_introspection_c.h
[15.504s] -- Installing: /home/mark-ros2/ROS2_tutorials/install/turtlesim/include/turtlesim/action/detail/rotate_absolute__type_support.c
[15.504s] -- Installing: /home/mark-ros2/ROS2_tutorials/install/turtlesim/lib/libturtlesim__rosidl_typesupport_introspection_c.so
[15.504s] -- Set runtime path of "/home/mark-ros2/ROS2_tutorials/install/turtlesim/lib/libturtlesim__rosidl_typesupport_introspection_c.so" to ""
[15.504s] -- Installing: /home/mark-ros2/ROS2_tutorials/install/turtlesim/lib/libturtlesim__rosidl_typesupport_c.so
[15.504s] -- Set runtime path of "/home/mark-ros2/ROS2_tutorials/install/turtlesim/lib/libturtlesim__rosidl_typesupport_c.so" to ""
[15.504s] -- Up-to-date: /home/mark-ros2/ROS2_tutorials/install/turtlesim/include/turtlesim
[15.504s] -- Up-to-date: /home/mark-ros2/ROS2_tutorials/install/turtlesim/include/turtlesim/srv
[15.504s] -- Installing: /home/mark-ros2/ROS2_tutorials/install/turtlesim/include/turtlesim/srv/set_pen.hpp
[15.504s] -- Installing: /home/mark-ros2/ROS2_tutorials/install/turtlesim/include/turtlesim/srv/kill.hpp
[15.504s] -- Installing: /home/mark-ros2/ROS2_tutorials/install/turtlesim/include/turtlesim/srv/teleport_absolute.hpp
[15.504s] -- Installing: /home/mark-ros2/ROS2_tutorials/install/turtlesim/include/turtlesim/srv/spawn.hpp
[15.504s] -- Installing: /home/mark-ros2/ROS2_tutorials/install/turtlesim/include/turtlesim/srv/teleport_relative.hpp
[15.504s] -- Up-to-date: /home/mark-ros2/ROS2_tutorials/install/turtlesim/include/turtlesim/srv/detail
[15.504s] -- Installing: /home/mark-ros2/ROS2_tutorials/install/turtlesim/include/turtlesim/srv/detail/set_pen__struct.hpp
[15.504s] -- Installing: /home/mark-ros2/ROS2_tutorials/install/turtlesim/include/turtlesim/srv/detail/spawn__traits.hpp
[15.505s] -- Installing: /home/mark-ros2/ROS2_tutorials/install/turtlesim/include/turtlesim/srv/detail/teleport_relative__struct.hpp
[15.505s] -- Installing: /home/mark-ros2/ROS2_tutorials/install/turtlesim/include/turtlesim/srv/detail/teleport_absolute__struct.hpp
[15.505s] -- Installing: /home/mark-ros2/ROS2_tutorials/install/turtlesim/include/turtlesim/srv/detail/kill__struct.hpp
[15.505s] -- Installing: /home/mark-ros2/ROS2_tutorials/install/turtlesim/include/turtlesim/srv/detail/set_pen__traits.hpp
[15.505s] -- Installing: /home/mark-ros2/ROS2_tutorials/install/turtlesim/include/turtlesim/srv/detail/spawn__struct.hpp
[15.505s] -- Installing: /home/mark-ros2/ROS2_tutorials/install/turtlesim/include/turtlesim/srv/detail/kill__traits.hpp
[15.505s] -- Installing: /home/mark-ros2/ROS2_tutorials/install/turtlesim/include/turtlesim/srv/detail/teleport_absolute__builder.hpp
[15.505s] -- Installing: /home/mark-ros2/ROS2_tutorials/install/turtlesim/include/turtlesim/srv/detail/teleport_relative__traits.hpp
[15.505s] -- Installing: /home/mark-ros2/ROS2_tutorials/install/turtlesim/include/turtlesim/srv/detail/kill__builder.hpp
[15.505s] -- Installing: /home/mark-ros2/ROS2_tutorials/install/turtlesim/include/turtlesim/srv/detail/teleport_relative__builder.hpp
[15.505s] -- Installing: /home/mark-ros2/ROS2_tutorials/install/turtlesim/include/turtlesim/srv/detail/set_pen__builder.hpp
[15.505s] -- Installing: /home/mark-ros2/ROS2_tutorials/install/turtlesim/include/turtlesim/srv/detail/spawn__builder.hpp
[15.505s] -- Installing: /home/mark-ros2/ROS2_tutorials/install/turtlesim/include/turtlesim/srv/detail/teleport_absolute__traits.hpp
[15.505s] -- Up-to-date: /home/mark-ros2/ROS2_tutorials/install/turtlesim/include/turtlesim/msg
[15.505s] -- Installing: /home/mark-ros2/ROS2_tutorials/install/turtlesim/include/turtlesim/msg/pose.hpp
[15.505s] -- Installing: /home/mark-ros2/ROS2_tutorials/install/turtlesim/include/turtlesim/msg/color.hpp
[15.505s] -- Up-to-date: /home/mark-ros2/ROS2_tutorials/install/turtlesim/include/turtlesim/msg/detail
[15.506s] -- Installing: /home/mark-ros2/ROS2_tutorials/install/turtlesim/include/turtlesim/msg/detail/pose__builder.hpp
[15.506s] -- Installing: /home/mark-ros2/ROS2_tutorials/install/turtlesim/include/turtlesim/msg/detail/color__traits.hpp
[15.506s] -- Installing: /home/mark-ros2/ROS2_tutorials/install/turtlesim/include/turtlesim/msg/detail/pose__struct.hpp
[15.506s] -- Installing: /home/mark-ros2/ROS2_tutorials/install/turtlesim/include/turtlesim/msg/detail/pose__traits.hpp
[15.506s] -- Installing: /home/mark-ros2/ROS2_tutorials/install/turtlesim/include/turtlesim/msg/detail/color__struct.hpp
[15.506s] -- Installing: /home/mark-ros2/ROS2_tutorials/install/turtlesim/include/turtlesim/msg/detail/color__builder.hpp
[15.506s] -- Up-to-date: /home/mark-ros2/ROS2_tutorials/install/turtlesim/include/turtlesim/action
[15.506s] -- Installing: /home/mark-ros2/ROS2_tutorials/install/turtlesim/include/turtlesim/action/rotate_absolute.hpp
[15.506s] -- Up-to-date: /home/mark-ros2/ROS2_tutorials/install/turtlesim/include/turtlesim/action/detail
[15.506s] -- Installing: /home/mark-ros2/ROS2_tutorials/install/turtlesim/include/turtlesim/action/detail/rotate_absolute__traits.hpp
[15.506s] -- Installing: /home/mark-ros2/ROS2_tutorials/install/turtlesim/include/turtlesim/action/detail/rotate_absolute__struct.hpp
[15.506s] -- Installing: /home/mark-ros2/ROS2_tutorials/install/turtlesim/include/turtlesim/action/detail/rotate_absolute__builder.hpp
[15.506s] -- Up-to-date: /home/mark-ros2/ROS2_tutorials/install/turtlesim/include/turtlesim
[15.506s] -- Up-to-date: /home/mark-ros2/ROS2_tutorials/install/turtlesim/include/turtlesim/srv
[15.506s] -- Up-to-date: /home/mark-ros2/ROS2_tutorials/install/turtlesim/include/turtlesim/srv/detail
[15.506s] -- Installing: /home/mark-ros2/ROS2_tutorials/install/turtlesim/include/turtlesim/srv/detail/teleport_relative__rosidl_typesupport_introspection_cpp.hpp
[15.506s] -- Installing: /home/mark-ros2/ROS2_tutorials/install/turtlesim/include/turtlesim/srv/detail/spawn__rosidl_typesupport_introspection_cpp.hpp
[15.506s] -- Installing: /home/mark-ros2/ROS2_tutorials/install/turtlesim/include/turtlesim/srv/detail/teleport_absolute__rosidl_typesupport_introspection_cpp.hpp
[15.506s] -- Installing: /home/mark-ros2/ROS2_tutorials/install/turtlesim/include/turtlesim/srv/detail/set_pen__rosidl_typesupport_introspection_cpp.hpp
[15.507s] -- Installing: /home/mark-ros2/ROS2_tutorials/install/turtlesim/include/turtlesim/srv/detail/set_pen__type_support.cpp
[15.507s] -- Installing: /home/mark-ros2/ROS2_tutorials/install/turtlesim/include/turtlesim/srv/detail/spawn__type_support.cpp
[15.507s] -- Installing: /home/mark-ros2/ROS2_tutorials/install/turtlesim/include/turtlesim/srv/detail/teleport_relative__type_support.cpp
[15.507s] -- Installing: /home/mark-ros2/ROS2_tutorials/install/turtlesim/include/turtlesim/srv/detail/kill__type_support.cpp
[15.507s] -- Installing: /home/mark-ros2/ROS2_tutorials/install/turtlesim/include/turtlesim/srv/detail/kill__rosidl_typesupport_introspection_cpp.hpp
[15.507s] -- Installing: /home/mark-ros2/ROS2_tutorials/install/turtlesim/include/turtlesim/srv/detail/teleport_absolute__type_support.cpp
[15.507s] -- Up-to-date: /home/mark-ros2/ROS2_tutorials/install/turtlesim/include/turtlesim/msg
[15.507s] -- Up-to-date: /home/mark-ros2/ROS2_tutorials/install/turtlesim/include/turtlesim/msg/detail
[15.507s] -- Installing: /home/mark-ros2/ROS2_tutorials/install/turtlesim/include/turtlesim/msg/detail/pose__rosidl_typesupport_introspection_cpp.hpp
[15.507s] -- Installing: /home/mark-ros2/ROS2_tutorials/install/turtlesim/include/turtlesim/msg/detail/color__type_support.cpp
[15.507s] -- Installing: /home/mark-ros2/ROS2_tutorials/install/turtlesim/include/turtlesim/msg/detail/pose__type_support.cpp
[15.507s] -- Installing: /home/mark-ros2/ROS2_tutorials/install/turtlesim/include/turtlesim/msg/detail/color__rosidl_typesupport_introspection_cpp.hpp
[15.507s] -- Up-to-date: /home/mark-ros2/ROS2_tutorials/install/turtlesim/include/turtlesim/action
[15.507s] -- Up-to-date: /home/mark-ros2/ROS2_tutorials/install/turtlesim/include/turtlesim/action/detail
[15.507s] -- Installing: /home/mark-ros2/ROS2_tutorials/install/turtlesim/include/turtlesim/action/detail/rotate_absolute__rosidl_typesupport_introspection_cpp.hpp
[15.507s] -- Installing: /home/mark-ros2/ROS2_tutorials/install/turtlesim/include/turtlesim/action/detail/rotate_absolute__type_support.cpp
[15.507s] -- Installing: /home/mark-ros2/ROS2_tutorials/install/turtlesim/lib/libturtlesim__rosidl_typesupport_introspection_cpp.so
[15.507s] -- Set runtime path of "/home/mark-ros2/ROS2_tutorials/install/turtlesim/lib/libturtlesim__rosidl_typesupport_introspection_cpp.so" to ""
[15.507s] -- Installing: /home/mark-ros2/ROS2_tutorials/install/turtlesim/lib/libturtlesim__rosidl_typesupport_cpp.so
[15.507s] -- Set runtime path of "/home/mark-ros2/ROS2_tutorials/install/turtlesim/lib/libturtlesim__rosidl_typesupport_cpp.so" to ""
[15.507s] -- Installing: /home/mark-ros2/ROS2_tutorials/install/turtlesim/share/turtlesim/environment/pythonpath.sh
[15.508s] -- Installing: /home/mark-ros2/ROS2_tutorials/install/turtlesim/share/turtlesim/environment/pythonpath.dsv
[15.508s] -- Installing: /home/mark-ros2/ROS2_tutorials/install/turtlesim/lib/python3.8/site-packages/turtlesim/__init__.py
[15.527s] Compiling '/home/mark-ros2/ROS2_tutorials/install/turtlesim/lib/python3.8/site-packages/turtlesim/__init__.py'...
[15.530s] -- Up-to-date: /home/mark-ros2/ROS2_tutorials/install/turtlesim/lib/python3.8/site-packages/turtlesim/action
[15.530s] -- Installing: /home/mark-ros2/ROS2_tutorials/install/turtlesim/lib/python3.8/site-packages/turtlesim/action/__init__.py
[15.530s] -- Installing: /home/mark-ros2/ROS2_tutorials/install/turtlesim/lib/python3.8/site-packages/turtlesim/action/_rotate_absolute_s.c
[15.530s] -- Installing: /home/mark-ros2/ROS2_tutorials/install/turtlesim/lib/python3.8/site-packages/turtlesim/action/_rotate_absolute.py
[15.530s] -- Up-to-date: /home/mark-ros2/ROS2_tutorials/install/turtlesim/lib/python3.8/site-packages/turtlesim/msg
[15.530s] -- Installing: /home/mark-ros2/ROS2_tutorials/install/turtlesim/lib/python3.8/site-packages/turtlesim/msg/__init__.py
[15.531s] -- Installing: /home/mark-ros2/ROS2_tutorials/install/turtlesim/lib/python3.8/site-packages/turtlesim/msg/_color_s.c
[15.531s] -- Installing: /home/mark-ros2/ROS2_tutorials/install/turtlesim/lib/python3.8/site-packages/turtlesim/msg/_pose_s.c
[15.531s] -- Installing: /home/mark-ros2/ROS2_tutorials/install/turtlesim/lib/python3.8/site-packages/turtlesim/msg/_color.py
[15.531s] -- Installing: /home/mark-ros2/ROS2_tutorials/install/turtlesim/lib/python3.8/site-packages/turtlesim/msg/_pose.py
[15.531s] -- Up-to-date: /home/mark-ros2/ROS2_tutorials/install/turtlesim/lib/python3.8/site-packages/turtlesim/srv
[15.531s] -- Installing: /home/mark-ros2/ROS2_tutorials/install/turtlesim/lib/python3.8/site-packages/turtlesim/srv/__init__.py
[15.531s] -- Installing: /home/mark-ros2/ROS2_tutorials/install/turtlesim/lib/python3.8/site-packages/turtlesim/srv/_teleport_absolute_s.c
[15.531s] -- Installing: /home/mark-ros2/ROS2_tutorials/install/turtlesim/lib/python3.8/site-packages/turtlesim/srv/_spawn_s.c
[15.531s] -- Installing: /home/mark-ros2/ROS2_tutorials/install/turtlesim/lib/python3.8/site-packages/turtlesim/srv/_spawn.py
[15.531s] -- Installing: /home/mark-ros2/ROS2_tutorials/install/turtlesim/lib/python3.8/site-packages/turtlesim/srv/_set_pen_s.c
[15.531s] -- Installing: /home/mark-ros2/ROS2_tutorials/install/turtlesim/lib/python3.8/site-packages/turtlesim/srv/_kill_s.c
[15.531s] -- Installing: /home/mark-ros2/ROS2_tutorials/install/turtlesim/lib/python3.8/site-packages/turtlesim/srv/_teleport_relative.py
[15.531s] -- Installing: /home/mark-ros2/ROS2_tutorials/install/turtlesim/lib/python3.8/site-packages/turtlesim/srv/_kill.py
[15.531s] -- Installing: /home/mark-ros2/ROS2_tutorials/install/turtlesim/lib/python3.8/site-packages/turtlesim/srv/_set_pen.py
[15.531s] -- Installing: /home/mark-ros2/ROS2_tutorials/install/turtlesim/lib/python3.8/site-packages/turtlesim/srv/_teleport_relative_s.c
[15.531s] -- Installing: /home/mark-ros2/ROS2_tutorials/install/turtlesim/lib/python3.8/site-packages/turtlesim/srv/_teleport_absolute.py
[15.531s] -- Installing: /home/mark-ros2/ROS2_tutorials/install/turtlesim/lib/python3.8/site-packages/turtlesim/turtlesim_s__rosidl_typesupport_fastrtps_c.cpython-38-x86_64-linux-gnu.so
[15.532s] -- Set runtime path of "/home/mark-ros2/ROS2_tutorials/install/turtlesim/lib/python3.8/site-packages/turtlesim/turtlesim_s__rosidl_typesupport_fastrtps_c.cpython-38-x86_64-linux-gnu.so" to ""
[15.532s] -- Installing: /home/mark-ros2/ROS2_tutorials/install/turtlesim/lib/python3.8/site-packages/turtlesim/turtlesim_s__rosidl_typesupport_introspection_c.cpython-38-x86_64-linux-gnu.so
[15.532s] -- Set runtime path of "/home/mark-ros2/ROS2_tutorials/install/turtlesim/lib/python3.8/site-packages/turtlesim/turtlesim_s__rosidl_typesupport_introspection_c.cpython-38-x86_64-linux-gnu.so" to ""
[15.533s] -- Installing: /home/mark-ros2/ROS2_tutorials/install/turtlesim/lib/python3.8/site-packages/turtlesim/turtlesim_s__rosidl_typesupport_c.cpython-38-x86_64-linux-gnu.so
[15.533s] -- Set runtime path of "/home/mark-ros2/ROS2_tutorials/install/turtlesim/lib/python3.8/site-packages/turtlesim/turtlesim_s__rosidl_typesupport_c.cpython-38-x86_64-linux-gnu.so" to ""
[15.533s] -- Installing: /home/mark-ros2/ROS2_tutorials/install/turtlesim/lib/libturtlesim__python.so
[15.533s] -- Set runtime path of "/home/mark-ros2/ROS2_tutorials/install/turtlesim/lib/libturtlesim__python.so" to ""
[15.533s] -- Installing: /home/mark-ros2/ROS2_tutorials/install/turtlesim/share/turtlesim/action/RotateAbsolute.idl
[15.533s] -- Installing: /home/mark-ros2/ROS2_tutorials/install/turtlesim/share/turtlesim/msg/Color.idl
[15.534s] -- Installing: /home/mark-ros2/ROS2_tutorials/install/turtlesim/share/turtlesim/msg/Pose.idl
[15.534s] -- Installing: /home/mark-ros2/ROS2_tutorials/install/turtlesim/share/turtlesim/srv/Kill.idl
[15.534s] -- Installing: /home/mark-ros2/ROS2_tutorials/install/turtlesim/share/turtlesim/srv/SetPen.idl
[15.534s] -- Installing: /home/mark-ros2/ROS2_tutorials/install/turtlesim/share/turtlesim/srv/Spawn.idl
[15.534s] -- Installing: /home/mark-ros2/ROS2_tutorials/install/turtlesim/share/turtlesim/srv/TeleportAbsolute.idl
[15.534s] -- Installing: /home/mark-ros2/ROS2_tutorials/install/turtlesim/share/turtlesim/srv/TeleportRelative.idl
[15.534s] -- Up-to-date: /home/mark-ros2/ROS2_tutorials/install/turtlesim/share/turtlesim/action/RotateAbsolute.action
[15.534s] -- Up-to-date: /home/mark-ros2/ROS2_tutorials/install/turtlesim/share/turtlesim/msg/Color.msg
[15.534s] -- Up-to-date: /home/mark-ros2/ROS2_tutorials/install/turtlesim/share/turtlesim/msg/Pose.msg
[15.534s] -- Up-to-date: /home/mark-ros2/ROS2_tutorials/install/turtlesim/share/turtlesim/srv/Kill.srv
[15.534s] -- Installing: /home/mark-ros2/ROS2_tutorials/install/turtlesim/share/turtlesim/srv/Kill_Request.msg
[15.534s] -- Installing: /home/mark-ros2/ROS2_tutorials/install/turtlesim/share/turtlesim/srv/Kill_Response.msg
[15.534s] -- Up-to-date: /home/mark-ros2/ROS2_tutorials/install/turtlesim/share/turtlesim/srv/SetPen.srv
[15.534s] -- Installing: /home/mark-ros2/ROS2_tutorials/install/turtlesim/share/turtlesim/srv/SetPen_Request.msg
[15.534s] -- Installing: /home/mark-ros2/ROS2_tutorials/install/turtlesim/share/turtlesim/srv/SetPen_Response.msg
[15.535s] -- Up-to-date: /home/mark-ros2/ROS2_tutorials/install/turtlesim/share/turtlesim/srv/Spawn.srv
[15.535s] -- Installing: /home/mark-ros2/ROS2_tutorials/install/turtlesim/share/turtlesim/srv/Spawn_Request.msg
[15.535s] -- Installing: /home/mark-ros2/ROS2_tutorials/install/turtlesim/share/turtlesim/srv/Spawn_Response.msg
[15.535s] -- Up-to-date: /home/mark-ros2/ROS2_tutorials/install/turtlesim/share/turtlesim/srv/TeleportAbsolute.srv
[15.535s] -- Installing: /home/mark-ros2/ROS2_tutorials/install/turtlesim/share/turtlesim/srv/TeleportAbsolute_Request.msg
[15.535s] -- Installing: /home/mark-ros2/ROS2_tutorials/install/turtlesim/share/turtlesim/srv/TeleportAbsolute_Response.msg
[15.535s] -- Up-to-date: /home/mark-ros2/ROS2_tutorials/install/turtlesim/share/turtlesim/srv/TeleportRelative.srv
[15.535s] -- Installing: /home/mark-ros2/ROS2_tutorials/install/turtlesim/share/turtlesim/srv/TeleportRelative_Request.msg
[15.535s] -- Installing: /home/mark-ros2/ROS2_tutorials/install/turtlesim/share/turtlesim/srv/TeleportRelative_Response.msg
[15.535s] -- Installing: /home/mark-ros2/ROS2_tutorials/install/turtlesim/lib/turtlesim/turtlesim_node
[15.538s] -- Set runtime path of "/home/mark-ros2/ROS2_tutorials/install/turtlesim/lib/turtlesim/turtlesim_node" to ""
[15.538s] -- Installing: /home/mark-ros2/ROS2_tutorials/install/turtlesim/lib/turtlesim/turtle_teleop_key
[15.539s] -- Set runtime path of "/home/mark-ros2/ROS2_tutorials/install/turtlesim/lib/turtlesim/turtle_teleop_key" to ""
[15.539s] -- Installing: /home/mark-ros2/ROS2_tutorials/install/turtlesim/lib/turtlesim/draw_square
[15.540s] -- Set runtime path of "/home/mark-ros2/ROS2_tutorials/install/turtlesim/lib/turtlesim/draw_square" to ""
[15.540s] -- Installing: /home/mark-ros2/ROS2_tutorials/install/turtlesim/lib/turtlesim/mimic
[15.541s] -- Set runtime path of "/home/mark-ros2/ROS2_tutorials/install/turtlesim/lib/turtlesim/mimic" to ""
[15.542s] -- Up-to-date: /home/mark-ros2/ROS2_tutorials/install/turtlesim/share/turtlesim/images
[15.542s] -- Up-to-date: /home/mark-ros2/ROS2_tutorials/install/turtlesim/share/turtlesim/images/dashing.png
[15.542s] -- Up-to-date: /home/mark-ros2/ROS2_tutorials/install/turtlesim/share/turtlesim/images/foxy.png
[15.542s] -- Up-to-date: /home/mark-ros2/ROS2_tutorials/install/turtlesim/share/turtlesim/images/eloquent.png
[15.542s] -- Up-to-date: /home/mark-ros2/ROS2_tutorials/install/turtlesim/share/turtlesim/images/ardent.png
[15.542s] -- Up-to-date: /home/mark-ros2/ROS2_tutorials/install/turtlesim/share/turtlesim/images/crystal.png
[15.542s] -- Up-to-date: /home/mark-ros2/ROS2_tutorials/install/turtlesim/share/turtlesim/images/bouncy.png
[15.542s] -- Up-to-date: /home/mark-ros2/ROS2_tutorials/install/turtlesim/share/turtlesim/launch
[15.542s] -- Up-to-date: /home/mark-ros2/ROS2_tutorials/install/turtlesim/share/turtlesim/launch/multisim.launch.py
[15.542s] -- Installing: /home/mark-ros2/ROS2_tutorials/install/turtlesim/share/ament_index/resource_index/package_run_dependencies/turtlesim
[15.542s] -- Installing: /home/mark-ros2/ROS2_tutorials/install/turtlesim/share/ament_index/resource_index/parent_prefix_path/turtlesim
[15.542s] -- Up-to-date: /home/mark-ros2/ROS2_tutorials/install/turtlesim/share/turtlesim/environment/ament_prefix_path.sh
[15.542s] -- Installing: /home/mark-ros2/ROS2_tutorials/install/turtlesim/share/turtlesim/environment/ament_prefix_path.dsv
[15.542s] -- Up-to-date: /home/mark-ros2/ROS2_tutorials/install/turtlesim/share/turtlesim/environment/path.sh
[15.542s] -- Installing: /home/mark-ros2/ROS2_tutorials/install/turtlesim/share/turtlesim/environment/path.dsv
[15.542s] -- Installing: /home/mark-ros2/ROS2_tutorials/install/turtlesim/share/turtlesim/local_setup.bash
[15.543s] -- Installing: /home/mark-ros2/ROS2_tutorials/install/turtlesim/share/turtlesim/local_setup.sh
[15.543s] -- Installing: /home/mark-ros2/ROS2_tutorials/install/turtlesim/share/turtlesim/local_setup.zsh
[15.543s] -- Installing: /home/mark-ros2/ROS2_tutorials/install/turtlesim/share/turtlesim/local_setup.dsv
[15.543s] -- Installing: /home/mark-ros2/ROS2_tutorials/install/turtlesim/share/turtlesim/package.dsv
[15.543s] -- Installing: /home/mark-ros2/ROS2_tutorials/install/turtlesim/share/ament_index/resource_index/packages/turtlesim
[15.543s] -- Installing: /home/mark-ros2/ROS2_tutorials/install/turtlesim/share/turtlesim/cmake/turtlesim__rosidl_generator_cExport.cmake
[15.543s] -- Installing: /home/mark-ros2/ROS2_tutorials/install/turtlesim/share/turtlesim/cmake/turtlesim__rosidl_generator_cExport-noconfig.cmake
[15.543s] -- Installing: /home/mark-ros2/ROS2_tutorials/install/turtlesim/share/turtlesim/cmake/turtlesim__rosidl_typesupport_introspection_cExport.cmake
[15.543s] -- Installing: /home/mark-ros2/ROS2_tutorials/install/turtlesim/share/turtlesim/cmake/turtlesim__rosidl_typesupport_introspection_cExport-noconfig.cmake
[15.543s] -- Installing: /home/mark-ros2/ROS2_tutorials/install/turtlesim/share/turtlesim/cmake/turtlesim__rosidl_typesupport_cExport.cmake
[15.543s] -- Installing: /home/mark-ros2/ROS2_tutorials/install/turtlesim/share/turtlesim/cmake/turtlesim__rosidl_typesupport_cExport-noconfig.cmake
[15.543s] -- Installing: /home/mark-ros2/ROS2_tutorials/install/turtlesim/share/turtlesim/cmake/turtlesim__rosidl_generator_cppExport.cmake
[15.544s] -- Installing: /home/mark-ros2/ROS2_tutorials/install/turtlesim/share/turtlesim/cmake/turtlesim__rosidl_typesupport_introspection_cppExport.cmake
[15.544s] -- Installing: /home/mark-ros2/ROS2_tutorials/install/turtlesim/share/turtlesim/cmake/turtlesim__rosidl_typesupport_introspection_cppExport-noconfig.cmake
[15.544s] -- Installing: /home/mark-ros2/ROS2_tutorials/install/turtlesim/share/turtlesim/cmake/turtlesim__rosidl_typesupport_cppExport.cmake
[15.544s] -- Installing: /home/mark-ros2/ROS2_tutorials/install/turtlesim/share/turtlesim/cmake/turtlesim__rosidl_typesupport_cppExport-noconfig.cmake
[15.544s] -- Installing: /home/mark-ros2/ROS2_tutorials/install/turtlesim/share/turtlesim/cmake/rosidl_cmake-extras.cmake
[15.544s] -- Installing: /home/mark-ros2/ROS2_tutorials/install/turtlesim/share/turtlesim/cmake/ament_cmake_export_dependencies-extras.cmake
[15.544s] -- Installing: /home/mark-ros2/ROS2_tutorials/install/turtlesim/share/turtlesim/cmake/ament_cmake_export_libraries-extras.cmake
[15.544s] -- Installing: /home/mark-ros2/ROS2_tutorials/install/turtlesim/share/turtlesim/cmake/ament_cmake_export_targets-extras.cmake
[15.544s] -- Installing: /home/mark-ros2/ROS2_tutorials/install/turtlesim/share/turtlesim/cmake/ament_cmake_export_include_directories-extras.cmake
[15.545s] -- Installing: /home/mark-ros2/ROS2_tutorials/install/turtlesim/share/turtlesim/cmake/rosidl_cmake_export_typesupport_libraries-extras.cmake
[15.545s] -- Installing: /home/mark-ros2/ROS2_tutorials/install/turtlesim/share/turtlesim/cmake/rosidl_cmake_export_typesupport_targets-extras.cmake
[15.545s] -- Installing: /home/mark-ros2/ROS2_tutorials/install/turtlesim/share/turtlesim/cmake/turtlesimConfig.cmake
[15.545s] -- Installing: /home/mark-ros2/ROS2_tutorials/install/turtlesim/share/turtlesim/cmake/turtlesimConfig-version.cmake
[15.545s] -- Up-to-date: /home/mark-ros2/ROS2_tutorials/install/turtlesim/share/turtlesim/package.xml
[15.547s] Invoked command in '/home/mark-ros2/ROS2_tutorials/build/turtlesim' returned '0': CMAKE_PREFIX_PATH=${CMAKE_PREFIX_PATH}:/home/mark-ros2/robot_ws/install/myfirstpackage:/home/mark-ros2/robot_ws/install/hello_world:/opt/ros/foxy /usr/bin/cmake --install /home/mark-ros2/ROS2_tutorials/build/turtlesim
