[0.755s] Invoking command in '/home/mark-ros2/ROS2_tutorials/src/hello_world': PYTHONPATH=/home/mark-ros2/ROS2_tutorials/install/hello_world/lib/python3.8/site-packages:${PYTHONPATH} /usr/bin/python3 setup.py egg_info --egg-base ../../build/hello_world build --build-base /home/mark-ros2/ROS2_tutorials/build/hello_world/build install --prefix /home/mark-ros2/ROS2_tutorials/install/hello_world --record /home/mark-ros2/ROS2_tutorials/build/hello_world/install.log --single-version-externally-managed
[0.961s] running egg_info
[0.962s] writing ../../build/hello_world/hello_world.egg-info/PKG-INFO
[0.962s] writing dependency_links to ../../build/hello_world/hello_world.egg-info/dependency_links.txt
[0.962s] writing entry points to ../../build/hello_world/hello_world.egg-info/entry_points.txt
[0.962s] writing requirements to ../../build/hello_world/hello_world.egg-info/requires.txt
[0.962s] writing top-level names to ../../build/hello_world/hello_world.egg-info/top_level.txt
[0.992s] reading manifest file '../../build/hello_world/hello_world.egg-info/SOURCES.txt'
[0.993s] writing manifest file '../../build/hello_world/hello_world.egg-info/SOURCES.txt'
[0.993s] running build
[0.993s] running build_py
[0.993s] running install
[0.994s] running install_lib
[0.995s] running install_data
[0.996s] running install_egg_info
[0.997s] removing '/home/mark-ros2/ROS2_tutorials/install/hello_world/lib/python3.8/site-packages/hello_world-0.0.0-py3.8.egg-info' (and everything under it)
[0.998s] Copying ../../build/hello_world/hello_world.egg-info to /home/mark-ros2/ROS2_tutorials/install/hello_world/lib/python3.8/site-packages/hello_world-0.0.0-py3.8.egg-info
[0.998s] running install_scripts
[1.015s] Installing hello_world script to /home/mark-ros2/ROS2_tutorials/install/hello_world/lib/hello_world
[1.015s] writing list of installed files to '/home/mark-ros2/ROS2_tutorials/build/hello_world/install.log'
[1.036s] Invoked command in '/home/mark-ros2/ROS2_tutorials/src/hello_world' returned '0': PYTHONPATH=/home/mark-ros2/ROS2_tutorials/install/hello_world/lib/python3.8/site-packages:${PYTHONPATH} /usr/bin/python3 setup.py egg_info --egg-base ../../build/hello_world build --build-base /home/mark-ros2/ROS2_tutorials/build/hello_world/build install --prefix /home/mark-ros2/ROS2_tutorials/install/hello_world --record /home/mark-ros2/ROS2_tutorials/build/hello_world/install.log --single-version-externally-managed
