[0.329s] Invoking command in '/home/mark-ros2/ROS2_tutorials/src/myfirstpackage': PYTHONPATH=/home/mark-ros2/ROS2_tutorials/install/myfirstpackage/lib/python3.8/site-packages:${PYTHONPATH} /usr/bin/python3 setup.py egg_info --egg-base ../../build/myfirstpackage build --build-base /home/mark-ros2/ROS2_tutorials/build/myfirstpackage/build install --prefix /home/mark-ros2/ROS2_tutorials/install/myfirstpackage --record /home/mark-ros2/ROS2_tutorials/build/myfirstpackage/install.log --single-version-externally-managed
[0.480s] running egg_info
[0.481s] creating ../../build/myfirstpackage/myfirstpackage.egg-info
[0.481s] writing ../../build/myfirstpackage/myfirstpackage.egg-info/PKG-INFO
[0.481s] writing dependency_links to ../../build/myfirstpackage/myfirstpackage.egg-info/dependency_links.txt
[0.481s] writing entry points to ../../build/myfirstpackage/myfirstpackage.egg-info/entry_points.txt
[0.481s] writing requirements to ../../build/myfirstpackage/myfirstpackage.egg-info/requires.txt
[0.481s] writing top-level names to ../../build/myfirstpackage/myfirstpackage.egg-info/top_level.txt
[0.482s] writing manifest file '../../build/myfirstpackage/myfirstpackage.egg-info/SOURCES.txt'
[0.505s] reading manifest file '../../build/myfirstpackage/myfirstpackage.egg-info/SOURCES.txt'
[0.505s] writing manifest file '../../build/myfirstpackage/myfirstpackage.egg-info/SOURCES.txt'
[0.506s] running build
[0.506s] running build_py
[0.506s] creating /home/mark-ros2/ROS2_tutorials/build/myfirstpackage/build
[0.506s] creating /home/mark-ros2/ROS2_tutorials/build/myfirstpackage/build/lib
[0.506s] creating /home/mark-ros2/ROS2_tutorials/build/myfirstpackage/build/lib/myfirstpackage
[0.506s] copying myfirstpackage/__init__.py -> /home/mark-ros2/ROS2_tutorials/build/myfirstpackage/build/lib/myfirstpackage
[0.506s] copying myfirstpackage/param_node.py -> /home/mark-ros2/ROS2_tutorials/build/myfirstpackage/build/lib/myfirstpackage
[0.506s] copying myfirstpackage/myfirstnode.py -> /home/mark-ros2/ROS2_tutorials/build/myfirstpackage/build/lib/myfirstpackage
[0.506s] running install
[0.507s] running install_lib
[0.507s] running install_data
[0.508s] running install_egg_info
[0.509s] removing '/home/mark-ros2/ROS2_tutorials/install/myfirstpackage/lib/python3.8/site-packages/myfirstpackage-0.0.0-py3.8.egg-info' (and everything under it)
[0.509s] Copying ../../build/myfirstpackage/myfirstpackage.egg-info to /home/mark-ros2/ROS2_tutorials/install/myfirstpackage/lib/python3.8/site-packages/myfirstpackage-0.0.0-py3.8.egg-info
[0.510s] running install_scripts
[0.523s] Installing myfirstnode script to /home/mark-ros2/ROS2_tutorials/install/myfirstpackage/lib/myfirstpackage
[0.523s] Installing param_node script to /home/mark-ros2/ROS2_tutorials/install/myfirstpackage/lib/myfirstpackage
[0.523s] writing list of installed files to '/home/mark-ros2/ROS2_tutorials/build/myfirstpackage/install.log'
[0.549s] Invoked command in '/home/mark-ros2/ROS2_tutorials/src/myfirstpackage' returned '0': PYTHONPATH=/home/mark-ros2/ROS2_tutorials/install/myfirstpackage/lib/python3.8/site-packages:${PYTHONPATH} /usr/bin/python3 setup.py egg_info --egg-base ../../build/myfirstpackage build --build-base /home/mark-ros2/ROS2_tutorials/build/myfirstpackage/build install --prefix /home/mark-ros2/ROS2_tutorials/install/myfirstpackage --record /home/mark-ros2/ROS2_tutorials/build/myfirstpackage/install.log --single-version-externally-managed
