[0.753s] Invoking command in '/home/mark-ros2/ROS2_tutorials/src/myfirstpackage': PYTHONPATH=/home/mark-ros2/ROS2_tutorials/install/myfirstpackage/lib/python3.8/site-packages:${PYTHONPATH} /usr/bin/python3 setup.py egg_info --egg-base ../../build/myfirstpackage build --build-base /home/mark-ros2/ROS2_tutorials/build/myfirstpackage/build install --prefix /home/mark-ros2/ROS2_tutorials/install/myfirstpackage --record /home/mark-ros2/ROS2_tutorials/build/myfirstpackage/install.log --single-version-externally-managed
[0.990s] running egg_info
[0.991s] writing ../../build/myfirstpackage/myfirstpackage.egg-info/PKG-INFO
[0.991s] writing dependency_links to ../../build/myfirstpackage/myfirstpackage.egg-info/dependency_links.txt
[0.991s] writing entry points to ../../build/myfirstpackage/myfirstpackage.egg-info/entry_points.txt
[0.991s] writing requirements to ../../build/myfirstpackage/myfirstpackage.egg-info/requires.txt
[0.991s] writing top-level names to ../../build/myfirstpackage/myfirstpackage.egg-info/top_level.txt
[1.035s] reading manifest file '../../build/myfirstpackage/myfirstpackage.egg-info/SOURCES.txt'
[1.037s] writing manifest file '../../build/myfirstpackage/myfirstpackage.egg-info/SOURCES.txt'
[1.037s] running build
[1.038s] running build_py
[1.038s] running install
[1.039s] running install_lib
[1.040s] running install_data
[1.043s] running install_egg_info
[1.044s] removing '/home/mark-ros2/ROS2_tutorials/install/myfirstpackage/lib/python3.8/site-packages/myfirstpackage-0.0.0-py3.8.egg-info' (and everything under it)
[1.044s] Copying ../../build/myfirstpackage/myfirstpackage.egg-info to /home/mark-ros2/ROS2_tutorials/install/myfirstpackage/lib/python3.8/site-packages/myfirstpackage-0.0.0-py3.8.egg-info
[1.046s] running install_scripts
[1.067s] Installing myfirstnode script to /home/mark-ros2/ROS2_tutorials/install/myfirstpackage/lib/myfirstpackage
[1.067s] Installing param_node script to /home/mark-ros2/ROS2_tutorials/install/myfirstpackage/lib/myfirstpackage
[1.067s] writing list of installed files to '/home/mark-ros2/ROS2_tutorials/build/myfirstpackage/install.log'
[1.104s] Invoked command in '/home/mark-ros2/ROS2_tutorials/src/myfirstpackage' returned '0': PYTHONPATH=/home/mark-ros2/ROS2_tutorials/install/myfirstpackage/lib/python3.8/site-packages:${PYTHONPATH} /usr/bin/python3 setup.py egg_info --egg-base ../../build/myfirstpackage build --build-base /home/mark-ros2/ROS2_tutorials/build/myfirstpackage/build install --prefix /home/mark-ros2/ROS2_tutorials/install/myfirstpackage --record /home/mark-ros2/ROS2_tutorials/build/myfirstpackage/install.log --single-version-externally-managed
