[0.389s] Invoking command in '/home/mark-ros2/ROS2_tutorials/build/pubsub': CMAKE_PREFIX_PATH=${CMAKE_PREFIX_PATH}:/home/mark-ros2/ROS2_tutorials/install/myfirstpackage:/home/mark-ros2/ROS2_tutorials/install/hello_world:/opt/ros/foxy /usr/bin/cmake /home/mark-ros2/ROS2_tutorials/src/pubsub -DCMAKE_INSTALL_PREFIX=/home/mark-ros2/ROS2_tutorials/install/pubsub
[0.433s] -- The C compiler identification is GNU 9.3.0
[0.480s] -- The CXX compiler identification is GNU 9.3.0
[0.484s] -- Check for working C compiler: /usr/bin/cc
[0.537s] -- Check for working C compiler: /usr/bin/cc -- works
[0.539s] -- Detecting C compiler ABI info
[0.593s] -- Detecting C compiler ABI info - done
[0.605s] -- Detecting C compile features
[0.605s] -- Detecting C compile features - done
[0.607s] -- Check for working CXX compiler: /usr/bin/c++
[0.673s] -- Check for working CXX compiler: /usr/bin/c++ -- works
[0.673s] -- Detecting CXX compiler ABI info
[0.737s] -- Detecting CXX compiler ABI info - done
[0.748s] -- Detecting CXX compile features
[0.748s] -- Detecting CXX compile features - done
[0.750s] -- Found ament_cmake: 0.9.8 (/opt/ros/foxy/share/ament_cmake/cmake)
[0.771s] -- Found PythonInterp: /usr/bin/python3 (found suitable version "3.8.5", minimum required is "3") 
[0.771s] -- Using PYTHON_EXECUTABLE: /usr/bin/python3
[0.942s] -- Found ament_lint_auto: 0.9.6 (/opt/ros/foxy/share/ament_lint_auto/cmake)
[1.026s] -- Added test 'copyright' to check source files copyright and LICENSE
[1.031s] -- Added test 'flake8' to check Python code syntax and style conventions
[1.032s] -- Added test 'lint_cmake' to check CMake code style
[1.034s] -- Added test 'pep257' to check Python code against some of the style conventions in PEP 257
[1.036s] -- Added test 'xmllint' to check XML markup files
[1.041s] -- Configuring done
[1.046s] -- Generating done
[1.048s] -- Build files have been written to: /home/mark-ros2/ROS2_tutorials/build/pubsub
[1.054s] Invoked command in '/home/mark-ros2/ROS2_tutorials/build/pubsub' returned '0': CMAKE_PREFIX_PATH=${CMAKE_PREFIX_PATH}:/home/mark-ros2/ROS2_tutorials/install/myfirstpackage:/home/mark-ros2/ROS2_tutorials/install/hello_world:/opt/ros/foxy /usr/bin/cmake /home/mark-ros2/ROS2_tutorials/src/pubsub -DCMAKE_INSTALL_PREFIX=/home/mark-ros2/ROS2_tutorials/install/pubsub
[1.057s] Invoking command in '/home/mark-ros2/ROS2_tutorials/build/pubsub': CMAKE_PREFIX_PATH=${CMAKE_PREFIX_PATH}:/home/mark-ros2/ROS2_tutorials/install/myfirstpackage:/home/mark-ros2/ROS2_tutorials/install/hello_world:/opt/ros/foxy /usr/bin/cmake --build /home/mark-ros2/ROS2_tutorials/build/pubsub -- -j12 -l12
[1.113s] Invoked command in '/home/mark-ros2/ROS2_tutorials/build/pubsub' returned '0': CMAKE_PREFIX_PATH=${CMAKE_PREFIX_PATH}:/home/mark-ros2/ROS2_tutorials/install/myfirstpackage:/home/mark-ros2/ROS2_tutorials/install/hello_world:/opt/ros/foxy /usr/bin/cmake --build /home/mark-ros2/ROS2_tutorials/build/pubsub -- -j12 -l12
[1.135s] Invoking command in '/home/mark-ros2/ROS2_tutorials/build/pubsub': CMAKE_PREFIX_PATH=${CMAKE_PREFIX_PATH}:/home/mark-ros2/ROS2_tutorials/install/myfirstpackage:/home/mark-ros2/ROS2_tutorials/install/hello_world:/opt/ros/foxy /usr/bin/cmake --install /home/mark-ros2/ROS2_tutorials/build/pubsub
[1.143s] -- Install configuration: ""
[1.143s] -- Installing: /home/mark-ros2/ROS2_tutorials/install/pubsub/share/ament_index/resource_index/package_run_dependencies/pubsub
[1.143s] -- Installing: /home/mark-ros2/ROS2_tutorials/install/pubsub/share/ament_index/resource_index/parent_prefix_path/pubsub
[1.143s] -- Installing: /home/mark-ros2/ROS2_tutorials/install/pubsub/share/pubsub/environment/ament_prefix_path.sh
[1.144s] -- Installing: /home/mark-ros2/ROS2_tutorials/install/pubsub/share/pubsub/environment/ament_prefix_path.dsv
[1.144s] -- Installing: /home/mark-ros2/ROS2_tutorials/install/pubsub/share/pubsub/environment/path.sh
[1.144s] -- Installing: /home/mark-ros2/ROS2_tutorials/install/pubsub/share/pubsub/environment/path.dsv
[1.144s] -- Installing: /home/mark-ros2/ROS2_tutorials/install/pubsub/share/pubsub/local_setup.bash
[1.144s] -- Installing: /home/mark-ros2/ROS2_tutorials/install/pubsub/share/pubsub/local_setup.sh
[1.144s] -- Installing: /home/mark-ros2/ROS2_tutorials/install/pubsub/share/pubsub/local_setup.zsh
[1.144s] -- Installing: /home/mark-ros2/ROS2_tutorials/install/pubsub/share/pubsub/local_setup.dsv
[1.144s] -- Installing: /home/mark-ros2/ROS2_tutorials/install/pubsub/share/pubsub/package.dsv
[1.145s] -- Installing: /home/mark-ros2/ROS2_tutorials/install/pubsub/share/ament_index/resource_index/packages/pubsub
[1.145s] -- Installing: /home/mark-ros2/ROS2_tutorials/install/pubsub/share/pubsub/cmake/pubsubConfig.cmake
[1.145s] -- Installing: /home/mark-ros2/ROS2_tutorials/install/pubsub/share/pubsub/cmake/pubsubConfig-version.cmake
[1.145s] -- Installing: /home/mark-ros2/ROS2_tutorials/install/pubsub/share/pubsub/package.xml
[1.147s] Invoked command in '/home/mark-ros2/ROS2_tutorials/build/pubsub' returned '0': CMAKE_PREFIX_PATH=${CMAKE_PREFIX_PATH}:/home/mark-ros2/ROS2_tutorials/install/myfirstpackage:/home/mark-ros2/ROS2_tutorials/install/hello_world:/opt/ros/foxy /usr/bin/cmake --install /home/mark-ros2/ROS2_tutorials/build/pubsub
