[0.732s] Invoking command in '/home/mark-ros2/ROS2_tutorials/src/srv_examples': PYTHONPATH=/home/mark-ros2/ROS2_tutorials/install/srv_examples/lib/python3.8/site-packages:${PYTHONPATH} /usr/bin/python3 setup.py egg_info --egg-base ../../build/srv_examples build --build-base /home/mark-ros2/ROS2_tutorials/build/srv_examples/build install --prefix /home/mark-ros2/ROS2_tutorials/install/srv_examples --record /home/mark-ros2/ROS2_tutorials/build/srv_examples/install.log --single-version-externally-managed
[0.910s] running egg_info
[0.910s] writing ../../build/srv_examples/srv_examples.egg-info/PKG-INFO
[0.911s] writing dependency_links to ../../build/srv_examples/srv_examples.egg-info/dependency_links.txt
[0.911s] writing entry points to ../../build/srv_examples/srv_examples.egg-info/entry_points.txt
[0.911s] writing requirements to ../../build/srv_examples/srv_examples.egg-info/requires.txt
[0.911s] writing top-level names to ../../build/srv_examples/srv_examples.egg-info/top_level.txt
[0.936s] reading manifest file '../../build/srv_examples/srv_examples.egg-info/SOURCES.txt'
[0.936s] writing manifest file '../../build/srv_examples/srv_examples.egg-info/SOURCES.txt'
[0.936s] running build
[0.937s] running build_py
[0.937s] running install
[0.937s] running install_lib
[0.938s] running install_data
[0.939s] running install_egg_info
[0.940s] removing '/home/mark-ros2/ROS2_tutorials/install/srv_examples/lib/python3.8/site-packages/srv_examples-0.0.0-py3.8.egg-info' (and everything under it)
[0.940s] Copying ../../build/srv_examples/srv_examples.egg-info to /home/mark-ros2/ROS2_tutorials/install/srv_examples/lib/python3.8/site-packages/srv_examples-0.0.0-py3.8.egg-info
[0.941s] running install_scripts
[0.954s] Installing close_gripper_service_server script to /home/mark-ros2/ROS2_tutorials/install/srv_examples/lib/srv_examples
[0.954s] Installing open_gripper_service_server script to /home/mark-ros2/ROS2_tutorials/install/srv_examples/lib/srv_examples
[0.954s] Installing turtlesim_geofence_reset_srv script to /home/mark-ros2/ROS2_tutorials/install/srv_examples/lib/srv_examples
[0.955s] writing list of installed files to '/home/mark-ros2/ROS2_tutorials/build/srv_examples/install.log'
[0.988s] Invoked command in '/home/mark-ros2/ROS2_tutorials/src/srv_examples' returned '0': PYTHONPATH=/home/mark-ros2/ROS2_tutorials/install/srv_examples/lib/python3.8/site-packages:${PYTHONPATH} /usr/bin/python3 setup.py egg_info --egg-base ../../build/srv_examples build --build-base /home/mark-ros2/ROS2_tutorials/build/srv_examples/build install --prefix /home/mark-ros2/ROS2_tutorials/install/srv_examples --record /home/mark-ros2/ROS2_tutorials/build/srv_examples/install.log --single-version-externally-managed
