[0.685s] Invoking command in '/home/mark-ros2/ROS2_tutorials/src/myfirstpackage': PYTHONPATH=/home/mark-ros2/ROS2_tutorials/install/myfirstpackage/lib/python3.8/site-packages:${PYTHONPATH} /usr/bin/python3 setup.py egg_info --egg-base ../../build/myfirstpackage build --build-base /home/mark-ros2/ROS2_tutorials/build/myfirstpackage/build install --prefix /home/mark-ros2/ROS2_tutorials/install/myfirstpackage --record /home/mark-ros2/ROS2_tutorials/build/myfirstpackage/install.log --single-version-externally-managed
[0.864s] running egg_info
[0.864s] writing ../../build/myfirstpackage/myfirstpackage.egg-info/PKG-INFO
[0.865s] writing dependency_links to ../../build/myfirstpackage/myfirstpackage.egg-info/dependency_links.txt
[0.865s] writing entry points to ../../build/myfirstpackage/myfirstpackage.egg-info/entry_points.txt
[0.866s] writing requirements to ../../build/myfirstpackage/myfirstpackage.egg-info/requires.txt
[0.866s] writing top-level names to ../../build/myfirstpackage/myfirstpackage.egg-info/top_level.txt
[0.889s] reading manifest file '../../build/myfirstpackage/myfirstpackage.egg-info/SOURCES.txt'
[0.890s] writing manifest file '../../build/myfirstpackage/myfirstpackage.egg-info/SOURCES.txt'
[0.890s] running build
[0.890s] running build_py
[0.890s] running install
[0.891s] running install_lib
[0.892s] running install_data
[0.892s] running install_egg_info
[0.893s] removing '/home/mark-ros2/ROS2_tutorials/install/myfirstpackage/lib/python3.8/site-packages/myfirstpackage-0.0.0-py3.8.egg-info' (and everything under it)
[0.894s] Copying ../../build/myfirstpackage/myfirstpackage.egg-info to /home/mark-ros2/ROS2_tutorials/install/myfirstpackage/lib/python3.8/site-packages/myfirstpackage-0.0.0-py3.8.egg-info
[0.894s] running install_scripts
[0.907s] Installing myfirstnode script to /home/mark-ros2/ROS2_tutorials/install/myfirstpackage/lib/myfirstpackage
[0.908s] Installing param_node script to /home/mark-ros2/ROS2_tutorials/install/myfirstpackage/lib/myfirstpackage
[0.908s] writing list of installed files to '/home/mark-ros2/ROS2_tutorials/build/myfirstpackage/install.log'
[0.940s] Invoked command in '/home/mark-ros2/ROS2_tutorials/src/myfirstpackage' returned '0': PYTHONPATH=/home/mark-ros2/ROS2_tutorials/install/myfirstpackage/lib/python3.8/site-packages:${PYTHONPATH} /usr/bin/python3 setup.py egg_info --egg-base ../../build/myfirstpackage build --build-base /home/mark-ros2/ROS2_tutorials/build/myfirstpackage/build install --prefix /home/mark-ros2/ROS2_tutorials/install/myfirstpackage --record /home/mark-ros2/ROS2_tutorials/build/myfirstpackage/install.log --single-version-externally-managed
