[1.130s] Invoking command in '/home/mark-ros2/ROS2_tutorials/src/pubsub': PYTHONPATH=/home/mark-ros2/ROS2_tutorials/install/pubsub/lib/python3.8/site-packages:${PYTHONPATH} /usr/bin/python3 setup.py egg_info --egg-base ../../build/pubsub build --build-base /home/mark-ros2/ROS2_tutorials/build/pubsub/build install --prefix /home/mark-ros2/ROS2_tutorials/install/pubsub --record /home/mark-ros2/ROS2_tutorials/build/pubsub/install.log --single-version-externally-managed
[1.304s] running egg_info
[1.305s] writing ../../build/pubsub/pubsub.egg-info/PKG-INFO
[1.305s] writing dependency_links to ../../build/pubsub/pubsub.egg-info/dependency_links.txt
[1.305s] writing entry points to ../../build/pubsub/pubsub.egg-info/entry_points.txt
[1.306s] writing requirements to ../../build/pubsub/pubsub.egg-info/requires.txt
[1.306s] writing top-level names to ../../build/pubsub/pubsub.egg-info/top_level.txt
[1.359s] reading manifest file '../../build/pubsub/pubsub.egg-info/SOURCES.txt'
[1.360s] writing manifest file '../../build/pubsub/pubsub.egg-info/SOURCES.txt'
[1.360s] running build
[1.360s] running build_py
[1.360s] copying pubsub/publisher.py -> /home/mark-ros2/ROS2_tutorials/build/pubsub/build/lib/pubsub
[1.361s] running install
[1.361s] running install_lib
[1.363s] copying /home/mark-ros2/ROS2_tutorials/build/pubsub/build/lib/pubsub/publisher.py -> /home/mark-ros2/ROS2_tutorials/install/pubsub/lib/python3.8/site-packages/pubsub
[1.363s] byte-compiling /home/mark-ros2/ROS2_tutorials/install/pubsub/lib/python3.8/site-packages/pubsub/publisher.py to publisher.cpython-38.pyc
[1.365s] running install_data
[1.366s] running install_egg_info
[1.368s] removing '/home/mark-ros2/ROS2_tutorials/install/pubsub/lib/python3.8/site-packages/pubsub-0.0.0-py3.8.egg-info' (and everything under it)
[1.368s] Copying ../../build/pubsub/pubsub.egg-info to /home/mark-ros2/ROS2_tutorials/install/pubsub/lib/python3.8/site-packages/pubsub-0.0.0-py3.8.egg-info
[1.369s] running install_scripts
[1.393s] Installing publisher script to /home/mark-ros2/ROS2_tutorials/install/pubsub/lib/pubsub
[1.393s] Installing subscriber script to /home/mark-ros2/ROS2_tutorials/install/pubsub/lib/pubsub
[1.394s] writing list of installed files to '/home/mark-ros2/ROS2_tutorials/build/pubsub/install.log'
[1.451s] Invoked command in '/home/mark-ros2/ROS2_tutorials/src/pubsub' returned '0': PYTHONPATH=/home/mark-ros2/ROS2_tutorials/install/pubsub/lib/python3.8/site-packages:${PYTHONPATH} /usr/bin/python3 setup.py egg_info --egg-base ../../build/pubsub build --build-base /home/mark-ros2/ROS2_tutorials/build/pubsub/build install --prefix /home/mark-ros2/ROS2_tutorials/install/pubsub --record /home/mark-ros2/ROS2_tutorials/build/pubsub/install.log --single-version-externally-managed
