[0.753s] Invoking command in '/home/mark-ros2/ROS2_tutorials/src/pubsub': PYTHONPATH=/home/mark-ros2/ROS2_tutorials/install/pubsub/lib/python3.8/site-packages:${PYTHONPATH} /usr/bin/python3 setup.py egg_info --egg-base ../../build/pubsub build --build-base /home/mark-ros2/ROS2_tutorials/build/pubsub/build install --prefix /home/mark-ros2/ROS2_tutorials/install/pubsub --record /home/mark-ros2/ROS2_tutorials/build/pubsub/install.log --single-version-externally-managed
[0.958s] running egg_info
[0.959s] writing ../../build/pubsub/pubsub.egg-info/PKG-INFO
[0.959s] writing dependency_links to ../../build/pubsub/pubsub.egg-info/dependency_links.txt
[0.959s] writing entry points to ../../build/pubsub/pubsub.egg-info/entry_points.txt
[0.959s] writing requirements to ../../build/pubsub/pubsub.egg-info/requires.txt
[0.959s] writing top-level names to ../../build/pubsub/pubsub.egg-info/top_level.txt
[0.988s] reading manifest file '../../build/pubsub/pubsub.egg-info/SOURCES.txt'
[0.989s] writing manifest file '../../build/pubsub/pubsub.egg-info/SOURCES.txt'
[0.989s] running build
[0.989s] running build_py
[0.989s] running install
[0.990s] running install_lib
[0.991s] running install_data
[0.992s] running install_egg_info
[0.993s] removing '/home/mark-ros2/ROS2_tutorials/install/pubsub/lib/python3.8/site-packages/pubsub-0.0.0-py3.8.egg-info' (and everything under it)
[0.993s] Copying ../../build/pubsub/pubsub.egg-info to /home/mark-ros2/ROS2_tutorials/install/pubsub/lib/python3.8/site-packages/pubsub-0.0.0-py3.8.egg-info
[0.994s] running install_scripts
[1.010s] Installing publisher script to /home/mark-ros2/ROS2_tutorials/install/pubsub/lib/pubsub
[1.010s] Installing subscriber script to /home/mark-ros2/ROS2_tutorials/install/pubsub/lib/pubsub
[1.011s] writing list of installed files to '/home/mark-ros2/ROS2_tutorials/build/pubsub/install.log'
[1.039s] Invoked command in '/home/mark-ros2/ROS2_tutorials/src/pubsub' returned '0': PYTHONPATH=/home/mark-ros2/ROS2_tutorials/install/pubsub/lib/python3.8/site-packages:${PYTHONPATH} /usr/bin/python3 setup.py egg_info --egg-base ../../build/pubsub build --build-base /home/mark-ros2/ROS2_tutorials/build/pubsub/build install --prefix /home/mark-ros2/ROS2_tutorials/install/pubsub --record /home/mark-ros2/ROS2_tutorials/build/pubsub/install.log --single-version-externally-managed
