[1.038s] Invoking command in '/home/mark-ros2/ROS2_tutorials/src/tb3_teleop': PYTHONPATH=/home/mark-ros2/ROS2_tutorials/install/tb3_teleop/lib/python3.8/site-packages:${PYTHONPATH} /usr/bin/python3 setup.py egg_info --egg-base ../../build/tb3_teleop build --build-base /home/mark-ros2/ROS2_tutorials/build/tb3_teleop/build install --prefix /home/mark-ros2/ROS2_tutorials/install/tb3_teleop --record /home/mark-ros2/ROS2_tutorials/build/tb3_teleop/install.log --single-version-externally-managed
[1.334s] running egg_info
[1.334s] writing ../../build/tb3_teleop/tb3_teleop.egg-info/PKG-INFO
[1.335s] writing dependency_links to ../../build/tb3_teleop/tb3_teleop.egg-info/dependency_links.txt
[1.335s] writing entry points to ../../build/tb3_teleop/tb3_teleop.egg-info/entry_points.txt
[1.335s] writing requirements to ../../build/tb3_teleop/tb3_teleop.egg-info/requires.txt
[1.336s] writing top-level names to ../../build/tb3_teleop/tb3_teleop.egg-info/top_level.txt
[1.373s] reading manifest file '../../build/tb3_teleop/tb3_teleop.egg-info/SOURCES.txt'
[1.373s] writing manifest file '../../build/tb3_teleop/tb3_teleop.egg-info/SOURCES.txt'
[1.374s] running build
[1.374s] running build_py
[1.374s] copying tb3_teleop/teleop.py -> /home/mark-ros2/ROS2_tutorials/build/tb3_teleop/build/lib/tb3_teleop
[1.374s] running install
[1.375s] running install_lib
[1.378s] copying /home/mark-ros2/ROS2_tutorials/build/tb3_teleop/build/lib/tb3_teleop/teleop.py -> /home/mark-ros2/ROS2_tutorials/install/tb3_teleop/lib/python3.8/site-packages/tb3_teleop
[1.378s] byte-compiling /home/mark-ros2/ROS2_tutorials/install/tb3_teleop/lib/python3.8/site-packages/tb3_teleop/teleop.py to teleop.cpython-38.pyc
[1.378s] running install_data
[1.379s] running install_egg_info
[1.379s] removing '/home/mark-ros2/ROS2_tutorials/install/tb3_teleop/lib/python3.8/site-packages/tb3_teleop-0.0.0-py3.8.egg-info' (and everything under it)
[1.379s] Copying ../../build/tb3_teleop/tb3_teleop.egg-info to /home/mark-ros2/ROS2_tutorials/install/tb3_teleop/lib/python3.8/site-packages/tb3_teleop-0.0.0-py3.8.egg-info
[1.380s] running install_scripts
[1.422s] Installing teleop script to /home/mark-ros2/ROS2_tutorials/install/tb3_teleop/lib/tb3_teleop
[1.422s] writing list of installed files to '/home/mark-ros2/ROS2_tutorials/build/tb3_teleop/install.log'
[1.424s] Invoked command in '/home/mark-ros2/ROS2_tutorials/src/tb3_teleop' returned '0': PYTHONPATH=/home/mark-ros2/ROS2_tutorials/install/tb3_teleop/lib/python3.8/site-packages:${PYTHONPATH} /usr/bin/python3 setup.py egg_info --egg-base ../../build/tb3_teleop build --build-base /home/mark-ros2/ROS2_tutorials/build/tb3_teleop/build install --prefix /home/mark-ros2/ROS2_tutorials/install/tb3_teleop --record /home/mark-ros2/ROS2_tutorials/build/tb3_teleop/install.log --single-version-externally-managed
