[1.300s] Invoking command in '/home/mark-ros2/ROS2_tutorials/src/srv_examples': PYTHONPATH=/home/mark-ros2/ROS2_tutorials/install/srv_examples/lib/python3.8/site-packages:${PYTHONPATH} /usr/bin/python3 setup.py egg_info --egg-base ../../build/srv_examples build --build-base /home/mark-ros2/ROS2_tutorials/build/srv_examples/build install --prefix /home/mark-ros2/ROS2_tutorials/install/srv_examples --record /home/mark-ros2/ROS2_tutorials/build/srv_examples/install.log --single-version-externally-managed
[1.556s] running egg_info
[1.556s] writing ../../build/srv_examples/srv_examples.egg-info/PKG-INFO
[1.557s] writing dependency_links to ../../build/srv_examples/srv_examples.egg-info/dependency_links.txt
[1.557s] writing entry points to ../../build/srv_examples/srv_examples.egg-info/entry_points.txt
[1.557s] writing requirements to ../../build/srv_examples/srv_examples.egg-info/requires.txt
[1.557s] writing top-level names to ../../build/srv_examples/srv_examples.egg-info/top_level.txt
[1.601s] reading manifest file '../../build/srv_examples/srv_examples.egg-info/SOURCES.txt'
[1.603s] writing manifest file '../../build/srv_examples/srv_examples.egg-info/SOURCES.txt'
[1.603s] running build
[1.603s] running build_py
[1.604s] running install
[1.605s] running install_lib
[1.608s] running install_data
[1.608s] running install_egg_info
[1.611s] removing '/home/mark-ros2/ROS2_tutorials/install/srv_examples/lib/python3.8/site-packages/srv_examples-0.0.0-py3.8.egg-info' (and everything under it)
[1.611s] Copying ../../build/srv_examples/srv_examples.egg-info to /home/mark-ros2/ROS2_tutorials/install/srv_examples/lib/python3.8/site-packages/srv_examples-0.0.0-py3.8.egg-info
[1.612s] running install_scripts
[1.633s] Installing invert_gripper_service_server script to /home/mark-ros2/ROS2_tutorials/install/srv_examples/lib/srv_examples
[1.635s] Installing open_gripper_service_server script to /home/mark-ros2/ROS2_tutorials/install/srv_examples/lib/srv_examples
[1.635s] Installing turtlesim_geofence_reset_srv script to /home/mark-ros2/ROS2_tutorials/install/srv_examples/lib/srv_examples
[1.635s] writing list of installed files to '/home/mark-ros2/ROS2_tutorials/build/srv_examples/install.log'
[1.687s] Invoked command in '/home/mark-ros2/ROS2_tutorials/src/srv_examples' returned '0': PYTHONPATH=/home/mark-ros2/ROS2_tutorials/install/srv_examples/lib/python3.8/site-packages:${PYTHONPATH} /usr/bin/python3 setup.py egg_info --egg-base ../../build/srv_examples build --build-base /home/mark-ros2/ROS2_tutorials/build/srv_examples/build install --prefix /home/mark-ros2/ROS2_tutorials/install/srv_examples --record /home/mark-ros2/ROS2_tutorials/build/srv_examples/install.log --single-version-externally-managed
