[0.367s] DEBUG:colcon:Command line arguments: ['/usr/bin/colcon', 'build']
[0.367s] DEBUG:colcon:Parsed command line arguments: Namespace(ament_cmake_args=None, base_paths=['.'], build_base='build', catkin_cmake_args=None, catkin_skip_building_tests=False, cmake_args=None, cmake_clean_cache=False, cmake_clean_first=False, cmake_force_configure=False, cmake_target=None, cmake_target_skip_unavailable=False, continue_on_error=False, event_handlers=None, executor='parallel', ignore_user_meta=False, install_base='install', log_base=None, log_level=None, main=<bound method BuildVerb.main of <colcon_core.verb.build.BuildVerb object at 0x7fe2ee3e7e80>>, merge_install=False, metas=['./colcon.meta'], packages_above=None, packages_above_and_dependencies=None, packages_above_depth=None, packages_end=None, packages_ignore=None, packages_ignore_regex=None, packages_select=None, packages_select_build_failed=False, packages_select_by_dep=None, packages_select_regex=None, packages_select_test_failures=False, packages_skip=None, packages_skip_build_finished=False, packages_skip_by_dep=None, packages_skip_regex=None, packages_skip_test_passed=False, packages_skip_up_to=None, packages_start=None, packages_up_to=None, packages_up_to_regex=None, parallel_workers=12, paths=None, symlink_install=False, test_result_base=None, verb_extension=<colcon_core.verb.build.BuildVerb object at 0x7fe2ee3e7e80>, verb_name='build', verb_parser=<colcon_defaults.argument_parser.defaults.DefaultArgumentsDecorator object at 0x7fe2ee3f1430>)
[0.374s] Level 1:colcon.colcon_core.package_discovery:discover_packages(colcon_meta) check parameters
[0.374s] Level 1:colcon.colcon_core.package_discovery:discover_packages(recursive) check parameters
[0.374s] Level 1:colcon.colcon_core.package_discovery:discover_packages(ignore) check parameters
[0.374s] Level 1:colcon.colcon_core.package_discovery:discover_packages(path) check parameters
[0.374s] Level 1:colcon.colcon_core.package_discovery:discover_packages(colcon_meta) discover
[0.374s] Level 1:colcon.colcon_core.package_discovery:discover_packages(recursive) discover
[0.374s] INFO:colcon.colcon_core.package_discovery:Crawling recursively for packages in '/home/mark-ros2/ROS2_tutorials/src'
[0.375s] Level 1:colcon.colcon_core.package_identification:_identify(.) by extensions ['ignore', 'ignore_ament_install']
[0.375s] Level 1:colcon.colcon_core.package_identification:_identify(.) by extension 'ignore'
[0.375s] Level 1:colcon.colcon_core.package_identification:_identify(.) by extension 'ignore_ament_install'
[0.375s] Level 1:colcon.colcon_core.package_identification:_identify(.) by extensions ['colcon_pkg']
[0.375s] Level 1:colcon.colcon_core.package_identification:_identify(.) by extension 'colcon_pkg'
[0.375s] Level 1:colcon.colcon_core.package_identification:_identify(.) by extensions ['colcon_meta']
[0.375s] Level 1:colcon.colcon_core.package_identification:_identify(.) by extension 'colcon_meta'
[0.375s] Level 1:colcon.colcon_core.package_identification:_identify(.) by extensions ['ros']
[0.375s] Level 1:colcon.colcon_core.package_identification:_identify(.) by extension 'ros'
[0.385s] Level 1:colcon.colcon_core.package_identification:_identify(.) by extensions ['cmake', 'python']
[0.385s] Level 1:colcon.colcon_core.package_identification:_identify(.) by extension 'cmake'
[0.386s] Level 1:colcon.colcon_core.package_identification:_identify(.) by extension 'python'
[0.386s] Level 1:colcon.colcon_core.package_identification:_identify(.) by extensions ['python_setup_py']
[0.386s] Level 1:colcon.colcon_core.package_identification:_identify(.) by extension 'python_setup_py'
[0.386s] Level 1:colcon.colcon_core.package_identification:_identify(build) by extensions ['ignore', 'ignore_ament_install']
[0.386s] Level 1:colcon.colcon_core.package_identification:_identify(build) by extension 'ignore'
[0.386s] Level 1:colcon.colcon_core.package_identification:_identify(build) ignored
[0.386s] Level 1:colcon.colcon_core.package_identification:_identify(hello_world) by extensions ['ignore', 'ignore_ament_install']
[0.386s] Level 1:colcon.colcon_core.package_identification:_identify(hello_world) by extension 'ignore'
[0.386s] Level 1:colcon.colcon_core.package_identification:_identify(hello_world) by extension 'ignore_ament_install'
[0.386s] Level 1:colcon.colcon_core.package_identification:_identify(hello_world) by extensions ['colcon_pkg']
[0.386s] Level 1:colcon.colcon_core.package_identification:_identify(hello_world) by extension 'colcon_pkg'
[0.386s] Level 1:colcon.colcon_core.package_identification:_identify(hello_world) by extensions ['colcon_meta']
[0.386s] Level 1:colcon.colcon_core.package_identification:_identify(hello_world) by extension 'colcon_meta'
[0.386s] Level 1:colcon.colcon_core.package_identification:_identify(hello_world) by extensions ['ros']
[0.386s] Level 1:colcon.colcon_core.package_identification:_identify(hello_world) by extension 'ros'
[0.389s] DEBUG:colcon.colcon_core.package_identification:Package 'hello_world' with type 'ros.ament_python' and name 'hello_world'
[0.389s] Level 1:colcon.colcon_core.package_identification:_identify(install) by extensions ['ignore', 'ignore_ament_install']
[0.389s] Level 1:colcon.colcon_core.package_identification:_identify(install) by extension 'ignore'
[0.389s] Level 1:colcon.colcon_core.package_identification:_identify(install) ignored
[0.389s] Level 1:colcon.colcon_core.package_identification:_identify(log) by extensions ['ignore', 'ignore_ament_install']
[0.389s] Level 1:colcon.colcon_core.package_identification:_identify(log) by extension 'ignore'
[0.389s] Level 1:colcon.colcon_core.package_identification:_identify(log) ignored
[0.390s] Level 1:colcon.colcon_core.package_identification:_identify(myfirstpackage) by extensions ['ignore', 'ignore_ament_install']
[0.390s] Level 1:colcon.colcon_core.package_identification:_identify(myfirstpackage) by extension 'ignore'
[0.390s] Level 1:colcon.colcon_core.package_identification:_identify(myfirstpackage) by extension 'ignore_ament_install'
[0.390s] Level 1:colcon.colcon_core.package_identification:_identify(myfirstpackage) by extensions ['colcon_pkg']
[0.390s] Level 1:colcon.colcon_core.package_identification:_identify(myfirstpackage) by extension 'colcon_pkg'
[0.390s] Level 1:colcon.colcon_core.package_identification:_identify(myfirstpackage) by extensions ['colcon_meta']
[0.390s] Level 1:colcon.colcon_core.package_identification:_identify(myfirstpackage) by extension 'colcon_meta'
[0.390s] Level 1:colcon.colcon_core.package_identification:_identify(myfirstpackage) by extensions ['ros']
[0.390s] Level 1:colcon.colcon_core.package_identification:_identify(myfirstpackage) by extension 'ros'
[0.391s] DEBUG:colcon.colcon_core.package_identification:Package 'myfirstpackage' with type 'ros.ament_python' and name 'myfirstpackage'
[0.391s] Level 1:colcon.colcon_core.package_identification:_identify(pubsub) by extensions ['ignore', 'ignore_ament_install']
[0.391s] Level 1:colcon.colcon_core.package_identification:_identify(pubsub) by extension 'ignore'
[0.391s] Level 1:colcon.colcon_core.package_identification:_identify(pubsub) by extension 'ignore_ament_install'
[0.391s] Level 1:colcon.colcon_core.package_identification:_identify(pubsub) by extensions ['colcon_pkg']
[0.391s] Level 1:colcon.colcon_core.package_identification:_identify(pubsub) by extension 'colcon_pkg'
[0.391s] Level 1:colcon.colcon_core.package_identification:_identify(pubsub) by extensions ['colcon_meta']
[0.391s] Level 1:colcon.colcon_core.package_identification:_identify(pubsub) by extension 'colcon_meta'
[0.391s] Level 1:colcon.colcon_core.package_identification:_identify(pubsub) by extensions ['ros']
[0.391s] Level 1:colcon.colcon_core.package_identification:_identify(pubsub) by extension 'ros'
[0.392s] DEBUG:colcon.colcon_core.package_identification:Package 'pubsub' with type 'ros.ament_python' and name 'pubsub'
[0.392s] Level 1:colcon.colcon_core.package_identification:_identify(ros_tutorials) by extensions ['ignore', 'ignore_ament_install']
[0.392s] Level 1:colcon.colcon_core.package_identification:_identify(ros_tutorials) by extension 'ignore'
[0.392s] Level 1:colcon.colcon_core.package_identification:_identify(ros_tutorials) by extension 'ignore_ament_install'
[0.392s] Level 1:colcon.colcon_core.package_identification:_identify(ros_tutorials) by extensions ['colcon_pkg']
[0.392s] Level 1:colcon.colcon_core.package_identification:_identify(ros_tutorials) by extension 'colcon_pkg'
[0.392s] Level 1:colcon.colcon_core.package_identification:_identify(ros_tutorials) by extensions ['colcon_meta']
[0.392s] Level 1:colcon.colcon_core.package_identification:_identify(ros_tutorials) by extension 'colcon_meta'
[0.392s] Level 1:colcon.colcon_core.package_identification:_identify(ros_tutorials) by extensions ['ros']
[0.392s] Level 1:colcon.colcon_core.package_identification:_identify(ros_tutorials) by extension 'ros'
[0.392s] Level 1:colcon.colcon_core.package_identification:_identify(ros_tutorials) by extensions ['cmake', 'python']
[0.393s] Level 1:colcon.colcon_core.package_identification:_identify(ros_tutorials) by extension 'cmake'
[0.393s] Level 1:colcon.colcon_core.package_identification:_identify(ros_tutorials) by extension 'python'
[0.393s] Level 1:colcon.colcon_core.package_identification:_identify(ros_tutorials) by extensions ['python_setup_py']
[0.393s] Level 1:colcon.colcon_core.package_identification:_identify(ros_tutorials) by extension 'python_setup_py'
[0.393s] Level 1:colcon.colcon_core.package_identification:_identify(ros_tutorials/ros_tutorials) by extensions ['ignore', 'ignore_ament_install']
[0.393s] Level 1:colcon.colcon_core.package_identification:_identify(ros_tutorials/ros_tutorials) by extension 'ignore'
[0.393s] Level 1:colcon.colcon_core.package_identification:_identify(ros_tutorials/ros_tutorials) ignored
[0.393s] Level 1:colcon.colcon_core.package_identification:_identify(ros_tutorials/roscpp_tutorials) by extensions ['ignore', 'ignore_ament_install']
[0.393s] Level 1:colcon.colcon_core.package_identification:_identify(ros_tutorials/roscpp_tutorials) by extension 'ignore'
[0.393s] Level 1:colcon.colcon_core.package_identification:_identify(ros_tutorials/roscpp_tutorials) ignored
[0.393s] Level 1:colcon.colcon_core.package_identification:_identify(ros_tutorials/rospy_tutorials) by extensions ['ignore', 'ignore_ament_install']
[0.393s] Level 1:colcon.colcon_core.package_identification:_identify(ros_tutorials/rospy_tutorials) by extension 'ignore'
[0.394s] Level 1:colcon.colcon_core.package_identification:_identify(ros_tutorials/rospy_tutorials) ignored
[0.394s] Level 1:colcon.colcon_core.package_identification:_identify(ros_tutorials/turtlesim) by extensions ['ignore', 'ignore_ament_install']
[0.394s] Level 1:colcon.colcon_core.package_identification:_identify(ros_tutorials/turtlesim) by extension 'ignore'
[0.394s] Level 1:colcon.colcon_core.package_identification:_identify(ros_tutorials/turtlesim) by extension 'ignore_ament_install'
[0.394s] Level 1:colcon.colcon_core.package_identification:_identify(ros_tutorials/turtlesim) by extensions ['colcon_pkg']
[0.394s] Level 1:colcon.colcon_core.package_identification:_identify(ros_tutorials/turtlesim) by extension 'colcon_pkg'
[0.394s] Level 1:colcon.colcon_core.package_identification:_identify(ros_tutorials/turtlesim) by extensions ['colcon_meta']
[0.394s] Level 1:colcon.colcon_core.package_identification:_identify(ros_tutorials/turtlesim) by extension 'colcon_meta'
[0.394s] Level 1:colcon.colcon_core.package_identification:_identify(ros_tutorials/turtlesim) by extensions ['ros']
[0.394s] Level 1:colcon.colcon_core.package_identification:_identify(ros_tutorials/turtlesim) by extension 'ros'
[0.396s] DEBUG:colcon.colcon_core.package_identification:Package 'ros_tutorials/turtlesim' with type 'ros.ament_cmake' and name 'turtlesim'
[0.396s] Level 1:colcon.colcon_core.package_identification:_identify(rqt_joy) by extensions ['ignore', 'ignore_ament_install']
[0.396s] Level 1:colcon.colcon_core.package_identification:_identify(rqt_joy) by extension 'ignore'
[0.396s] Level 1:colcon.colcon_core.package_identification:_identify(rqt_joy) by extension 'ignore_ament_install'
[0.396s] Level 1:colcon.colcon_core.package_identification:_identify(rqt_joy) by extensions ['colcon_pkg']
[0.396s] Level 1:colcon.colcon_core.package_identification:_identify(rqt_joy) by extension 'colcon_pkg'
[0.396s] Level 1:colcon.colcon_core.package_identification:_identify(rqt_joy) by extensions ['colcon_meta']
[0.396s] Level 1:colcon.colcon_core.package_identification:_identify(rqt_joy) by extension 'colcon_meta'
[0.396s] Level 1:colcon.colcon_core.package_identification:_identify(rqt_joy) by extensions ['ros']
[0.396s] Level 1:colcon.colcon_core.package_identification:_identify(rqt_joy) by extension 'ros'
[0.397s] DEBUG:colcon.colcon_core.package_identification:Package 'rqt_joy' with type 'ros.ament_python' and name 'rqt_joy'
[0.397s] Level 1:colcon.colcon_core.package_identification:_identify(srv_examples) by extensions ['ignore', 'ignore_ament_install']
[0.397s] Level 1:colcon.colcon_core.package_identification:_identify(srv_examples) by extension 'ignore'
[0.397s] Level 1:colcon.colcon_core.package_identification:_identify(srv_examples) by extension 'ignore_ament_install'
[0.397s] Level 1:colcon.colcon_core.package_identification:_identify(srv_examples) by extensions ['colcon_pkg']
[0.397s] Level 1:colcon.colcon_core.package_identification:_identify(srv_examples) by extension 'colcon_pkg'
[0.397s] Level 1:colcon.colcon_core.package_identification:_identify(srv_examples) by extensions ['colcon_meta']
[0.397s] Level 1:colcon.colcon_core.package_identification:_identify(srv_examples) by extension 'colcon_meta'
[0.397s] Level 1:colcon.colcon_core.package_identification:_identify(srv_examples) by extensions ['ros']
[0.397s] Level 1:colcon.colcon_core.package_identification:_identify(srv_examples) by extension 'ros'
[0.398s] DEBUG:colcon.colcon_core.package_identification:Package 'srv_examples' with type 'ros.ament_python' and name 'srv_examples'
[0.398s] Level 1:colcon.colcon_core.package_discovery:discover_packages(recursive) using defaults
[0.398s] Level 1:colcon.colcon_core.package_discovery:discover_packages(ignore) discover
[0.398s] Level 1:colcon.colcon_core.package_discovery:discover_packages(ignore) using defaults
[0.398s] Level 1:colcon.colcon_core.package_discovery:discover_packages(path) discover
[0.398s] Level 1:colcon.colcon_core.package_discovery:discover_packages(path) using defaults
[0.428s] Level 5:colcon.colcon_core.verb:set package 'hello_world' build argument 'cmake_args' from command line to 'None'
[0.428s] Level 5:colcon.colcon_core.verb:set package 'hello_world' build argument 'cmake_target' from command line to 'None'
[0.428s] Level 5:colcon.colcon_core.verb:set package 'hello_world' build argument 'cmake_target_skip_unavailable' from command line to 'False'
[0.428s] Level 5:colcon.colcon_core.verb:set package 'hello_world' build argument 'cmake_clean_cache' from command line to 'False'
[0.428s] Level 5:colcon.colcon_core.verb:set package 'hello_world' build argument 'cmake_clean_first' from command line to 'False'
[0.428s] Level 5:colcon.colcon_core.verb:set package 'hello_world' build argument 'cmake_force_configure' from command line to 'False'
[0.428s] Level 5:colcon.colcon_core.verb:set package 'hello_world' build argument 'ament_cmake_args' from command line to 'None'
[0.429s] Level 5:colcon.colcon_core.verb:set package 'hello_world' build argument 'catkin_cmake_args' from command line to 'None'
[0.429s] Level 5:colcon.colcon_core.verb:set package 'hello_world' build argument 'catkin_skip_building_tests' from command line to 'False'
[0.429s] DEBUG:colcon.colcon_core.verb:Building package 'hello_world' with the following arguments: {'ament_cmake_args': None, 'build_base': '/home/mark-ros2/ROS2_tutorials/src/build/hello_world', 'catkin_cmake_args': None, 'catkin_skip_building_tests': False, 'cmake_args': None, 'cmake_clean_cache': False, 'cmake_clean_first': False, 'cmake_force_configure': False, 'cmake_target': None, 'cmake_target_skip_unavailable': False, 'install_base': '/home/mark-ros2/ROS2_tutorials/src/install/hello_world', 'merge_install': False, 'path': '/home/mark-ros2/ROS2_tutorials/src/hello_world', 'symlink_install': False, 'test_result_base': None}
[0.431s] Level 5:colcon.colcon_core.verb:set package 'myfirstpackage' build argument 'cmake_args' from command line to 'None'
[0.431s] Level 5:colcon.colcon_core.verb:set package 'myfirstpackage' build argument 'cmake_target' from command line to 'None'
[0.431s] Level 5:colcon.colcon_core.verb:set package 'myfirstpackage' build argument 'cmake_target_skip_unavailable' from command line to 'False'
[0.431s] Level 5:colcon.colcon_core.verb:set package 'myfirstpackage' build argument 'cmake_clean_cache' from command line to 'False'
[0.431s] Level 5:colcon.colcon_core.verb:set package 'myfirstpackage' build argument 'cmake_clean_first' from command line to 'False'
[0.431s] Level 5:colcon.colcon_core.verb:set package 'myfirstpackage' build argument 'cmake_force_configure' from command line to 'False'
[0.431s] Level 5:colcon.colcon_core.verb:set package 'myfirstpackage' build argument 'ament_cmake_args' from command line to 'None'
[0.431s] Level 5:colcon.colcon_core.verb:set package 'myfirstpackage' build argument 'catkin_cmake_args' from command line to 'None'
[0.431s] Level 5:colcon.colcon_core.verb:set package 'myfirstpackage' build argument 'catkin_skip_building_tests' from command line to 'False'
[0.431s] DEBUG:colcon.colcon_core.verb:Building package 'myfirstpackage' with the following arguments: {'ament_cmake_args': None, 'build_base': '/home/mark-ros2/ROS2_tutorials/src/build/myfirstpackage', 'catkin_cmake_args': None, 'catkin_skip_building_tests': False, 'cmake_args': None, 'cmake_clean_cache': False, 'cmake_clean_first': False, 'cmake_force_configure': False, 'cmake_target': None, 'cmake_target_skip_unavailable': False, 'install_base': '/home/mark-ros2/ROS2_tutorials/src/install/myfirstpackage', 'merge_install': False, 'path': '/home/mark-ros2/ROS2_tutorials/src/myfirstpackage', 'symlink_install': False, 'test_result_base': None}
[0.433s] Level 5:colcon.colcon_core.verb:set package 'pubsub' build argument 'cmake_args' from command line to 'None'
[0.433s] Level 5:colcon.colcon_core.verb:set package 'pubsub' build argument 'cmake_target' from command line to 'None'
[0.433s] Level 5:colcon.colcon_core.verb:set package 'pubsub' build argument 'cmake_target_skip_unavailable' from command line to 'False'
[0.433s] Level 5:colcon.colcon_core.verb:set package 'pubsub' build argument 'cmake_clean_cache' from command line to 'False'
[0.434s] Level 5:colcon.colcon_core.verb:set package 'pubsub' build argument 'cmake_clean_first' from command line to 'False'
[0.434s] Level 5:colcon.colcon_core.verb:set package 'pubsub' build argument 'cmake_force_configure' from command line to 'False'
[0.434s] Level 5:colcon.colcon_core.verb:set package 'pubsub' build argument 'ament_cmake_args' from command line to 'None'
[0.434s] Level 5:colcon.colcon_core.verb:set package 'pubsub' build argument 'catkin_cmake_args' from command line to 'None'
[0.434s] Level 5:colcon.colcon_core.verb:set package 'pubsub' build argument 'catkin_skip_building_tests' from command line to 'False'
[0.434s] DEBUG:colcon.colcon_core.verb:Building package 'pubsub' with the following arguments: {'ament_cmake_args': None, 'build_base': '/home/mark-ros2/ROS2_tutorials/src/build/pubsub', 'catkin_cmake_args': None, 'catkin_skip_building_tests': False, 'cmake_args': None, 'cmake_clean_cache': False, 'cmake_clean_first': False, 'cmake_force_configure': False, 'cmake_target': None, 'cmake_target_skip_unavailable': False, 'install_base': '/home/mark-ros2/ROS2_tutorials/src/install/pubsub', 'merge_install': False, 'path': '/home/mark-ros2/ROS2_tutorials/src/pubsub', 'symlink_install': False, 'test_result_base': None}
[0.436s] Level 5:colcon.colcon_core.verb:set package 'rqt_joy' build argument 'cmake_args' from command line to 'None'
[0.436s] Level 5:colcon.colcon_core.verb:set package 'rqt_joy' build argument 'cmake_target' from command line to 'None'
[0.436s] Level 5:colcon.colcon_core.verb:set package 'rqt_joy' build argument 'cmake_target_skip_unavailable' from command line to 'False'
[0.436s] Level 5:colcon.colcon_core.verb:set package 'rqt_joy' build argument 'cmake_clean_cache' from command line to 'False'
[0.436s] Level 5:colcon.colcon_core.verb:set package 'rqt_joy' build argument 'cmake_clean_first' from command line to 'False'
[0.436s] Level 5:colcon.colcon_core.verb:set package 'rqt_joy' build argument 'cmake_force_configure' from command line to 'False'
[0.436s] Level 5:colcon.colcon_core.verb:set package 'rqt_joy' build argument 'ament_cmake_args' from command line to 'None'
[0.436s] Level 5:colcon.colcon_core.verb:set package 'rqt_joy' build argument 'catkin_cmake_args' from command line to 'None'
[0.436s] Level 5:colcon.colcon_core.verb:set package 'rqt_joy' build argument 'catkin_skip_building_tests' from command line to 'False'
[0.436s] DEBUG:colcon.colcon_core.verb:Building package 'rqt_joy' with the following arguments: {'ament_cmake_args': None, 'build_base': '/home/mark-ros2/ROS2_tutorials/src/build/rqt_joy', 'catkin_cmake_args': None, 'catkin_skip_building_tests': False, 'cmake_args': None, 'cmake_clean_cache': False, 'cmake_clean_first': False, 'cmake_force_configure': False, 'cmake_target': None, 'cmake_target_skip_unavailable': False, 'install_base': '/home/mark-ros2/ROS2_tutorials/src/install/rqt_joy', 'merge_install': False, 'path': '/home/mark-ros2/ROS2_tutorials/src/rqt_joy', 'symlink_install': False, 'test_result_base': None}
[0.438s] Level 5:colcon.colcon_core.verb:set package 'srv_examples' build argument 'cmake_args' from command line to 'None'
[0.438s] Level 5:colcon.colcon_core.verb:set package 'srv_examples' build argument 'cmake_target' from command line to 'None'
[0.438s] Level 5:colcon.colcon_core.verb:set package 'srv_examples' build argument 'cmake_target_skip_unavailable' from command line to 'False'
[0.438s] Level 5:colcon.colcon_core.verb:set package 'srv_examples' build argument 'cmake_clean_cache' from command line to 'False'
[0.438s] Level 5:colcon.colcon_core.verb:set package 'srv_examples' build argument 'cmake_clean_first' from command line to 'False'
[0.438s] Level 5:colcon.colcon_core.verb:set package 'srv_examples' build argument 'cmake_force_configure' from command line to 'False'
[0.438s] Level 5:colcon.colcon_core.verb:set package 'srv_examples' build argument 'ament_cmake_args' from command line to 'None'
[0.438s] Level 5:colcon.colcon_core.verb:set package 'srv_examples' build argument 'catkin_cmake_args' from command line to 'None'
[0.438s] Level 5:colcon.colcon_core.verb:set package 'srv_examples' build argument 'catkin_skip_building_tests' from command line to 'False'
[0.438s] DEBUG:colcon.colcon_core.verb:Building package 'srv_examples' with the following arguments: {'ament_cmake_args': None, 'build_base': '/home/mark-ros2/ROS2_tutorials/src/build/srv_examples', 'catkin_cmake_args': None, 'catkin_skip_building_tests': False, 'cmake_args': None, 'cmake_clean_cache': False, 'cmake_clean_first': False, 'cmake_force_configure': False, 'cmake_target': None, 'cmake_target_skip_unavailable': False, 'install_base': '/home/mark-ros2/ROS2_tutorials/src/install/srv_examples', 'merge_install': False, 'path': '/home/mark-ros2/ROS2_tutorials/src/srv_examples', 'symlink_install': False, 'test_result_base': None}
[0.440s] Level 5:colcon.colcon_core.verb:set package 'turtlesim' build argument 'cmake_args' from command line to 'None'
[0.440s] Level 5:colcon.colcon_core.verb:set package 'turtlesim' build argument 'cmake_target' from command line to 'None'
[0.441s] Level 5:colcon.colcon_core.verb:set package 'turtlesim' build argument 'cmake_target_skip_unavailable' from command line to 'False'
[0.441s] Level 5:colcon.colcon_core.verb:set package 'turtlesim' build argument 'cmake_clean_cache' from command line to 'False'
[0.441s] Level 5:colcon.colcon_core.verb:set package 'turtlesim' build argument 'cmake_clean_first' from command line to 'False'
[0.441s] Level 5:colcon.colcon_core.verb:set package 'turtlesim' build argument 'cmake_force_configure' from command line to 'False'
[0.441s] Level 5:colcon.colcon_core.verb:set package 'turtlesim' build argument 'ament_cmake_args' from command line to 'None'
[0.441s] Level 5:colcon.colcon_core.verb:set package 'turtlesim' build argument 'catkin_cmake_args' from command line to 'None'
[0.441s] Level 5:colcon.colcon_core.verb:set package 'turtlesim' build argument 'catkin_skip_building_tests' from command line to 'False'
[0.441s] DEBUG:colcon.colcon_core.verb:Building package 'turtlesim' with the following arguments: {'ament_cmake_args': None, 'build_base': '/home/mark-ros2/ROS2_tutorials/src/build/turtlesim', 'catkin_cmake_args': None, 'catkin_skip_building_tests': False, 'cmake_args': None, 'cmake_clean_cache': False, 'cmake_clean_first': False, 'cmake_force_configure': False, 'cmake_target': None, 'cmake_target_skip_unavailable': False, 'install_base': '/home/mark-ros2/ROS2_tutorials/src/install/turtlesim', 'merge_install': False, 'path': '/home/mark-ros2/ROS2_tutorials/src/ros_tutorials/turtlesim', 'symlink_install': False, 'test_result_base': None}
[0.441s] INFO:colcon.colcon_core.executor:Executing jobs using 'parallel' executor
[0.442s] DEBUG:colcon.colcon_parallel_executor.executor.parallel:run_until_complete
[0.443s] INFO:colcon.colcon_ros.task.ament_python.build:Building ROS package in '/home/mark-ros2/ROS2_tutorials/src/hello_world' with build type 'ament_python'
[0.443s] Level 1:colcon.colcon_core.shell:create_environment_hook('hello_world', 'ament_prefix_path')
[0.448s] INFO:colcon.colcon_core.plugin_system:Skipping extension 'colcon_core.shell.bat': Not used on non-Windows systems
[0.448s] INFO:colcon.colcon_core.shell:Creating environment hook '/home/mark-ros2/ROS2_tutorials/src/install/hello_world/share/hello_world/hook/ament_prefix_path.ps1'
[0.448s] INFO:colcon.colcon_core.shell:Creating environment descriptor '/home/mark-ros2/ROS2_tutorials/src/install/hello_world/share/hello_world/hook/ament_prefix_path.dsv'
[0.449s] INFO:colcon.colcon_core.shell:Creating environment hook '/home/mark-ros2/ROS2_tutorials/src/install/hello_world/share/hello_world/hook/ament_prefix_path.sh'
[0.450s] INFO:colcon.colcon_core.shell:Skip shell extension 'powershell' for command environment: Not usable outside of PowerShell
[0.450s] DEBUG:colcon.colcon_core.shell:Skip shell extension 'dsv' for command environment
[0.452s] DEBUG:colcon.colcon_core.shell:Ignoring prefix path '/opt/ros/foxy'
[0.454s] INFO:colcon.colcon_ros.task.ament_python.build:Building ROS package in '/home/mark-ros2/ROS2_tutorials/src/myfirstpackage' with build type 'ament_python'
[0.455s] Level 1:colcon.colcon_core.shell:create_environment_hook('myfirstpackage', 'ament_prefix_path')
[0.455s] INFO:colcon.colcon_core.shell:Creating environment hook '/home/mark-ros2/ROS2_tutorials/src/install/myfirstpackage/share/myfirstpackage/hook/ament_prefix_path.ps1'
[0.456s] INFO:colcon.colcon_core.shell:Creating environment descriptor '/home/mark-ros2/ROS2_tutorials/src/install/myfirstpackage/share/myfirstpackage/hook/ament_prefix_path.dsv'
[0.456s] INFO:colcon.colcon_core.shell:Creating environment hook '/home/mark-ros2/ROS2_tutorials/src/install/myfirstpackage/share/myfirstpackage/hook/ament_prefix_path.sh'
[0.457s] INFO:colcon.colcon_core.shell:Skip shell extension 'powershell' for command environment: Not usable outside of PowerShell
[0.457s] DEBUG:colcon.colcon_core.shell:Skip shell extension 'dsv' for command environment
[0.458s] DEBUG:colcon.colcon_core.shell:Ignoring prefix path '/opt/ros/foxy'
[0.460s] INFO:colcon.colcon_ros.task.ament_python.build:Building ROS package in '/home/mark-ros2/ROS2_tutorials/src/pubsub' with build type 'ament_python'
[0.460s] Level 1:colcon.colcon_core.shell:create_environment_hook('pubsub', 'ament_prefix_path')
[0.460s] INFO:colcon.colcon_core.shell:Creating environment hook '/home/mark-ros2/ROS2_tutorials/src/install/pubsub/share/pubsub/hook/ament_prefix_path.ps1'
[0.461s] INFO:colcon.colcon_core.shell:Creating environment descriptor '/home/mark-ros2/ROS2_tutorials/src/install/pubsub/share/pubsub/hook/ament_prefix_path.dsv'
[0.461s] INFO:colcon.colcon_core.shell:Creating environment hook '/home/mark-ros2/ROS2_tutorials/src/install/pubsub/share/pubsub/hook/ament_prefix_path.sh'
[0.462s] INFO:colcon.colcon_core.shell:Skip shell extension 'powershell' for command environment: Not usable outside of PowerShell
[0.462s] DEBUG:colcon.colcon_core.shell:Skip shell extension 'dsv' for command environment
[0.464s] DEBUG:colcon.colcon_core.shell:Ignoring prefix path '/opt/ros/foxy'
[0.465s] INFO:colcon.colcon_ros.task.ament_python.build:Building ROS package in '/home/mark-ros2/ROS2_tutorials/src/rqt_joy' with build type 'ament_python'
[0.465s] Level 1:colcon.colcon_core.shell:create_environment_hook('rqt_joy', 'ament_prefix_path')
[0.466s] INFO:colcon.colcon_core.shell:Creating environment hook '/home/mark-ros2/ROS2_tutorials/src/install/rqt_joy/share/rqt_joy/hook/ament_prefix_path.ps1'
[0.466s] INFO:colcon.colcon_core.shell:Creating environment descriptor '/home/mark-ros2/ROS2_tutorials/src/install/rqt_joy/share/rqt_joy/hook/ament_prefix_path.dsv'
[0.466s] INFO:colcon.colcon_core.shell:Creating environment hook '/home/mark-ros2/ROS2_tutorials/src/install/rqt_joy/share/rqt_joy/hook/ament_prefix_path.sh'
[0.467s] INFO:colcon.colcon_core.shell:Skip shell extension 'powershell' for command environment: Not usable outside of PowerShell
[0.467s] DEBUG:colcon.colcon_core.shell:Skip shell extension 'dsv' for command environment
[0.469s] DEBUG:colcon.colcon_core.shell:Ignoring prefix path '/opt/ros/foxy'
[0.470s] INFO:colcon.colcon_ros.task.ament_python.build:Building ROS package in '/home/mark-ros2/ROS2_tutorials/src/srv_examples' with build type 'ament_python'
[0.470s] Level 1:colcon.colcon_core.shell:create_environment_hook('srv_examples', 'ament_prefix_path')
[0.471s] INFO:colcon.colcon_core.shell:Creating environment hook '/home/mark-ros2/ROS2_tutorials/src/install/srv_examples/share/srv_examples/hook/ament_prefix_path.ps1'
[0.471s] INFO:colcon.colcon_core.shell:Creating environment descriptor '/home/mark-ros2/ROS2_tutorials/src/install/srv_examples/share/srv_examples/hook/ament_prefix_path.dsv'
[0.472s] INFO:colcon.colcon_core.shell:Creating environment hook '/home/mark-ros2/ROS2_tutorials/src/install/srv_examples/share/srv_examples/hook/ament_prefix_path.sh'
[0.472s] INFO:colcon.colcon_core.shell:Skip shell extension 'powershell' for command environment: Not usable outside of PowerShell
[0.472s] DEBUG:colcon.colcon_core.shell:Skip shell extension 'dsv' for command environment
[0.474s] DEBUG:colcon.colcon_core.shell:Ignoring prefix path '/opt/ros/foxy'
[0.475s] INFO:colcon.colcon_ros.task.ament_cmake.build:Building ROS package in '/home/mark-ros2/ROS2_tutorials/src/ros_tutorials/turtlesim' with build type 'ament_cmake'
[0.476s] INFO:colcon.colcon_cmake.task.cmake.build:Building CMake package in '/home/mark-ros2/ROS2_tutorials/src/ros_tutorials/turtlesim'
[0.476s] INFO:colcon.colcon_core.shell:Skip shell extension 'powershell' for command environment: Not usable outside of PowerShell
[0.476s] DEBUG:colcon.colcon_core.shell:Skip shell extension 'dsv' for command environment
[0.478s] DEBUG:colcon.colcon_core.shell:Ignoring prefix path '/opt/ros/foxy'
[0.667s] INFO:colcon.colcon_core.task.python.build:Building Python package in '/home/mark-ros2/ROS2_tutorials/src/hello_world'
[0.668s] INFO:colcon.colcon_core.shell:Skip shell extension 'powershell' for command environment: Not usable outside of PowerShell
[0.668s] DEBUG:colcon.colcon_core.shell:Skip shell extension 'dsv' for command environment
[0.669s] DEBUG:colcon.colcon_core.shell:Ignoring prefix path '/opt/ros/foxy'
[0.855s] INFO:colcon.colcon_core.task.python.build:Building Python package in '/home/mark-ros2/ROS2_tutorials/src/myfirstpackage'
[0.855s] INFO:colcon.colcon_core.shell:Skip shell extension 'powershell' for command environment: Not usable outside of PowerShell
[0.855s] DEBUG:colcon.colcon_core.shell:Skip shell extension 'dsv' for command environment
[0.857s] DEBUG:colcon.colcon_core.shell:Ignoring prefix path '/opt/ros/foxy'
[1.053s] INFO:colcon.colcon_core.task.python.build:Building Python package in '/home/mark-ros2/ROS2_tutorials/src/pubsub'
[1.054s] INFO:colcon.colcon_core.shell:Skip shell extension 'powershell' for command environment: Not usable outside of PowerShell
[1.054s] DEBUG:colcon.colcon_core.shell:Skip shell extension 'dsv' for command environment
[1.056s] DEBUG:colcon.colcon_core.shell:Ignoring prefix path '/opt/ros/foxy'
[1.240s] INFO:colcon.colcon_core.task.python.build:Building Python package in '/home/mark-ros2/ROS2_tutorials/src/rqt_joy'
[1.241s] INFO:colcon.colcon_core.shell:Skip shell extension 'powershell' for command environment: Not usable outside of PowerShell
[1.241s] DEBUG:colcon.colcon_core.shell:Skip shell extension 'dsv' for command environment
[1.242s] DEBUG:colcon.colcon_core.shell:Ignoring prefix path '/opt/ros/foxy'
[1.425s] INFO:colcon.colcon_core.task.python.build:Building Python package in '/home/mark-ros2/ROS2_tutorials/src/srv_examples'
[1.426s] INFO:colcon.colcon_core.shell:Skip shell extension 'powershell' for command environment: Not usable outside of PowerShell
[1.426s] DEBUG:colcon.colcon_core.shell:Skip shell extension 'dsv' for command environment
[1.427s] DEBUG:colcon.colcon_core.shell:Ignoring prefix path '/opt/ros/foxy'
[1.431s] DEBUG:colcon.colcon_core.event_handler.log_command:Invoking command in '/home/mark-ros2/ROS2_tutorials/src/build/turtlesim': CMAKE_PREFIX_PATH=${CMAKE_PREFIX_PATH}:/home/mark-ros2/ROS2_tutorials/install/srv_examples:/home/mark-ros2/ROS2_tutorials/install/myfirstpackage:/home/mark-ros2/ROS2_tutorials/install/hello_world:/opt/ros/foxy /usr/bin/cmake /home/mark-ros2/ROS2_tutorials/src/ros_tutorials/turtlesim -DCMAKE_INSTALL_PREFIX=/home/mark-ros2/ROS2_tutorials/src/install/turtlesim
[1.440s] DEBUG:colcon.colcon_core.event_handler.log_command:Invoking command in '/home/mark-ros2/ROS2_tutorials/src/hello_world': PYTHONPATH=/home/mark-ros2/ROS2_tutorials/src/install/hello_world/lib/python3.8/site-packages:${PYTHONPATH} /usr/bin/python3 setup.py egg_info --egg-base ../build/hello_world build --build-base /home/mark-ros2/ROS2_tutorials/src/build/hello_world/build install --prefix /home/mark-ros2/ROS2_tutorials/src/install/hello_world --record /home/mark-ros2/ROS2_tutorials/src/build/hello_world/install.log --single-version-externally-managed
[1.443s] DEBUG:colcon.colcon_core.event_handler.log_command:Invoking command in '/home/mark-ros2/ROS2_tutorials/src/myfirstpackage': PYTHONPATH=/home/mark-ros2/ROS2_tutorials/src/install/myfirstpackage/lib/python3.8/site-packages:${PYTHONPATH} /usr/bin/python3 setup.py egg_info --egg-base ../build/myfirstpackage build --build-base /home/mark-ros2/ROS2_tutorials/src/build/myfirstpackage/build install --prefix /home/mark-ros2/ROS2_tutorials/src/install/myfirstpackage --record /home/mark-ros2/ROS2_tutorials/src/build/myfirstpackage/install.log --single-version-externally-managed
[1.445s] DEBUG:colcon.colcon_core.event_handler.log_command:Invoking command in '/home/mark-ros2/ROS2_tutorials/src/pubsub': PYTHONPATH=/home/mark-ros2/ROS2_tutorials/src/install/pubsub/lib/python3.8/site-packages:${PYTHONPATH} /usr/bin/python3 setup.py egg_info --egg-base ../build/pubsub build --build-base /home/mark-ros2/ROS2_tutorials/src/build/pubsub/build install --prefix /home/mark-ros2/ROS2_tutorials/src/install/pubsub --record /home/mark-ros2/ROS2_tutorials/src/build/pubsub/install.log --single-version-externally-managed
[1.447s] DEBUG:colcon.colcon_core.event_handler.log_command:Invoking command in '/home/mark-ros2/ROS2_tutorials/src/rqt_joy': PYTHONPATH=/home/mark-ros2/ROS2_tutorials/src/install/rqt_joy/lib/python3.8/site-packages:${PYTHONPATH} /usr/bin/python3 setup.py egg_info --egg-base ../build/rqt_joy build --build-base /home/mark-ros2/ROS2_tutorials/src/build/rqt_joy/build install --prefix /home/mark-ros2/ROS2_tutorials/src/install/rqt_joy --record /home/mark-ros2/ROS2_tutorials/src/build/rqt_joy/install.log --single-version-externally-managed
[1.451s] DEBUG:colcon.colcon_core.event_handler.log_command:Invoking command in '/home/mark-ros2/ROS2_tutorials/src/srv_examples': PYTHONPATH=/home/mark-ros2/ROS2_tutorials/src/install/srv_examples/lib/python3.8/site-packages:${PYTHONPATH} /usr/bin/python3 setup.py egg_info --egg-base ../build/srv_examples build --build-base /home/mark-ros2/ROS2_tutorials/src/build/srv_examples/build install --prefix /home/mark-ros2/ROS2_tutorials/src/install/srv_examples --record /home/mark-ros2/ROS2_tutorials/src/build/srv_examples/install.log --single-version-externally-managed
[1.714s] DEBUG:colcon.colcon_core.event_handler.log_command:Invoked command in '/home/mark-ros2/ROS2_tutorials/src/rqt_joy' returned '0': PYTHONPATH=/home/mark-ros2/ROS2_tutorials/src/install/rqt_joy/lib/python3.8/site-packages:${PYTHONPATH} /usr/bin/python3 setup.py egg_info --egg-base ../build/rqt_joy build --build-base /home/mark-ros2/ROS2_tutorials/src/build/rqt_joy/build install --prefix /home/mark-ros2/ROS2_tutorials/src/install/rqt_joy --record /home/mark-ros2/ROS2_tutorials/src/build/rqt_joy/install.log --single-version-externally-managed
[1.719s] Level 1:colcon.colcon_core.environment:checking '/home/mark-ros2/ROS2_tutorials/src/install/rqt_joy' for CMake module files
[1.719s] Level 1:colcon.colcon_core.environment:checking '/home/mark-ros2/ROS2_tutorials/src/install/rqt_joy' for CMake config files
[1.720s] Level 1:colcon.colcon_core.environment:checking '/home/mark-ros2/ROS2_tutorials/src/install/rqt_joy/lib'
[1.720s] Level 1:colcon.colcon_core.environment:checking '/home/mark-ros2/ROS2_tutorials/src/install/rqt_joy/bin'
[1.720s] Level 1:colcon.colcon_core.shell:create_environment_hook('rqt_joy', 'path')
[1.721s] INFO:colcon.colcon_core.shell:Creating environment hook '/home/mark-ros2/ROS2_tutorials/src/install/rqt_joy/share/rqt_joy/hook/path.ps1'
[1.721s] INFO:colcon.colcon_core.shell:Creating environment descriptor '/home/mark-ros2/ROS2_tutorials/src/install/rqt_joy/share/rqt_joy/hook/path.dsv'
[1.722s] INFO:colcon.colcon_core.shell:Creating environment hook '/home/mark-ros2/ROS2_tutorials/src/install/rqt_joy/share/rqt_joy/hook/path.sh'
[1.722s] Level 1:colcon.colcon_core.environment:checking '/home/mark-ros2/ROS2_tutorials/src/install/rqt_joy/lib/pkgconfig/rqt_joy.pc'
[1.722s] Level 1:colcon.colcon_core.environment:checking '/home/mark-ros2/ROS2_tutorials/src/install/rqt_joy/lib/python3.8/site-packages'
[1.722s] Level 1:colcon.colcon_core.shell:create_environment_hook('rqt_joy', 'pythonpath')
[1.723s] INFO:colcon.colcon_core.shell:Creating environment hook '/home/mark-ros2/ROS2_tutorials/src/install/rqt_joy/share/rqt_joy/hook/pythonpath.ps1'
[1.723s] INFO:colcon.colcon_core.shell:Creating environment descriptor '/home/mark-ros2/ROS2_tutorials/src/install/rqt_joy/share/rqt_joy/hook/pythonpath.dsv'
[1.723s] INFO:colcon.colcon_core.shell:Creating environment hook '/home/mark-ros2/ROS2_tutorials/src/install/rqt_joy/share/rqt_joy/hook/pythonpath.sh'
[1.723s] Level 1:colcon.colcon_core.environment:create_environment_scripts_only(rqt_joy)
[1.724s] INFO:colcon.colcon_core.shell:Creating package script '/home/mark-ros2/ROS2_tutorials/src/install/rqt_joy/share/rqt_joy/package.ps1'
[1.725s] INFO:colcon.colcon_core.shell:Creating package descriptor '/home/mark-ros2/ROS2_tutorials/src/install/rqt_joy/share/rqt_joy/package.dsv'
[1.726s] INFO:colcon.colcon_core.shell:Creating package script '/home/mark-ros2/ROS2_tutorials/src/install/rqt_joy/share/rqt_joy/package.sh'
[1.726s] INFO:colcon.colcon_core.shell:Creating package script '/home/mark-ros2/ROS2_tutorials/src/install/rqt_joy/share/rqt_joy/package.bash'
[1.727s] INFO:colcon.colcon_core.shell:Creating package script '/home/mark-ros2/ROS2_tutorials/src/install/rqt_joy/share/rqt_joy/package.zsh'
[1.728s] Level 1:colcon.colcon_core.environment:create_file_with_runtime_dependencies(/home/mark-ros2/ROS2_tutorials/src/install/rqt_joy/share/colcon-core/packages/rqt_joy)
[1.730s] Level 1:colcon.colcon_core.environment:checking '/home/mark-ros2/ROS2_tutorials/src/install/srv_examples' for CMake module files
[1.731s] DEBUG:colcon.colcon_core.event_handler.log_command:Invoked command in '/home/mark-ros2/ROS2_tutorials/src/srv_examples' returned '0': PYTHONPATH=/home/mark-ros2/ROS2_tutorials/src/install/srv_examples/lib/python3.8/site-packages:${PYTHONPATH} /usr/bin/python3 setup.py egg_info --egg-base ../build/srv_examples build --build-base /home/mark-ros2/ROS2_tutorials/src/build/srv_examples/build install --prefix /home/mark-ros2/ROS2_tutorials/src/install/srv_examples --record /home/mark-ros2/ROS2_tutorials/src/build/srv_examples/install.log --single-version-externally-managed
[1.731s] Level 1:colcon.colcon_core.environment:checking '/home/mark-ros2/ROS2_tutorials/src/install/srv_examples' for CMake config files
[1.732s] Level 1:colcon.colcon_core.environment:checking '/home/mark-ros2/ROS2_tutorials/src/install/srv_examples/lib'
[1.732s] Level 1:colcon.colcon_core.environment:checking '/home/mark-ros2/ROS2_tutorials/src/install/srv_examples/bin'
[1.732s] Level 1:colcon.colcon_core.environment:checking '/home/mark-ros2/ROS2_tutorials/src/install/srv_examples/lib/pkgconfig/srv_examples.pc'
[1.732s] Level 1:colcon.colcon_core.environment:checking '/home/mark-ros2/ROS2_tutorials/src/install/srv_examples/lib/python3.8/site-packages'
[1.732s] Level 1:colcon.colcon_core.shell:create_environment_hook('srv_examples', 'pythonpath')
[1.733s] INFO:colcon.colcon_core.shell:Creating environment hook '/home/mark-ros2/ROS2_tutorials/src/install/srv_examples/share/srv_examples/hook/pythonpath.ps1'
[1.733s] INFO:colcon.colcon_core.shell:Creating environment descriptor '/home/mark-ros2/ROS2_tutorials/src/install/srv_examples/share/srv_examples/hook/pythonpath.dsv'
[1.733s] INFO:colcon.colcon_core.shell:Creating environment hook '/home/mark-ros2/ROS2_tutorials/src/install/srv_examples/share/srv_examples/hook/pythonpath.sh'
[1.734s] Level 1:colcon.colcon_core.environment:create_environment_scripts_only(srv_examples)
[1.735s] INFO:colcon.colcon_core.shell:Creating package script '/home/mark-ros2/ROS2_tutorials/src/install/srv_examples/share/srv_examples/package.ps1'
[1.735s] INFO:colcon.colcon_core.shell:Creating package descriptor '/home/mark-ros2/ROS2_tutorials/src/install/srv_examples/share/srv_examples/package.dsv'
[1.735s] INFO:colcon.colcon_core.shell:Creating package script '/home/mark-ros2/ROS2_tutorials/src/install/srv_examples/share/srv_examples/package.sh'
[1.736s] INFO:colcon.colcon_core.shell:Creating package script '/home/mark-ros2/ROS2_tutorials/src/install/srv_examples/share/srv_examples/package.bash'
[1.736s] INFO:colcon.colcon_core.shell:Creating package script '/home/mark-ros2/ROS2_tutorials/src/install/srv_examples/share/srv_examples/package.zsh'
[1.736s] Level 1:colcon.colcon_core.environment:create_file_with_runtime_dependencies(/home/mark-ros2/ROS2_tutorials/src/install/srv_examples/share/colcon-core/packages/srv_examples)
[1.737s] Level 1:colcon.colcon_core.environment:checking '/home/mark-ros2/ROS2_tutorials/src/install/myfirstpackage' for CMake module files
[1.738s] DEBUG:colcon.colcon_core.event_handler.log_command:Invoked command in '/home/mark-ros2/ROS2_tutorials/src/myfirstpackage' returned '0': PYTHONPATH=/home/mark-ros2/ROS2_tutorials/src/install/myfirstpackage/lib/python3.8/site-packages:${PYTHONPATH} /usr/bin/python3 setup.py egg_info --egg-base ../build/myfirstpackage build --build-base /home/mark-ros2/ROS2_tutorials/src/build/myfirstpackage/build install --prefix /home/mark-ros2/ROS2_tutorials/src/install/myfirstpackage --record /home/mark-ros2/ROS2_tutorials/src/build/myfirstpackage/install.log --single-version-externally-managed
[1.739s] Level 1:colcon.colcon_core.environment:checking '/home/mark-ros2/ROS2_tutorials/src/install/myfirstpackage' for CMake config files
[1.739s] Level 1:colcon.colcon_core.environment:checking '/home/mark-ros2/ROS2_tutorials/src/install/myfirstpackage/lib'
[1.739s] Level 1:colcon.colcon_core.environment:checking '/home/mark-ros2/ROS2_tutorials/src/install/myfirstpackage/bin'
[1.739s] Level 1:colcon.colcon_core.environment:checking '/home/mark-ros2/ROS2_tutorials/src/install/myfirstpackage/lib/pkgconfig/myfirstpackage.pc'
[1.740s] Level 1:colcon.colcon_core.environment:checking '/home/mark-ros2/ROS2_tutorials/src/install/myfirstpackage/lib/python3.8/site-packages'
[1.740s] Level 1:colcon.colcon_core.shell:create_environment_hook('myfirstpackage', 'pythonpath')
[1.740s] INFO:colcon.colcon_core.shell:Creating environment hook '/home/mark-ros2/ROS2_tutorials/src/install/myfirstpackage/share/myfirstpackage/hook/pythonpath.ps1'
[1.741s] INFO:colcon.colcon_core.shell:Creating environment descriptor '/home/mark-ros2/ROS2_tutorials/src/install/myfirstpackage/share/myfirstpackage/hook/pythonpath.dsv'
[1.741s] INFO:colcon.colcon_core.shell:Creating environment hook '/home/mark-ros2/ROS2_tutorials/src/install/myfirstpackage/share/myfirstpackage/hook/pythonpath.sh'
[1.741s] Level 1:colcon.colcon_core.environment:create_environment_scripts_only(myfirstpackage)
[1.742s] INFO:colcon.colcon_core.shell:Creating package script '/home/mark-ros2/ROS2_tutorials/src/install/myfirstpackage/share/myfirstpackage/package.ps1'
[1.742s] INFO:colcon.colcon_core.shell:Creating package descriptor '/home/mark-ros2/ROS2_tutorials/src/install/myfirstpackage/share/myfirstpackage/package.dsv'
[1.743s] INFO:colcon.colcon_core.shell:Creating package script '/home/mark-ros2/ROS2_tutorials/src/install/myfirstpackage/share/myfirstpackage/package.sh'
[1.743s] INFO:colcon.colcon_core.shell:Creating package script '/home/mark-ros2/ROS2_tutorials/src/install/myfirstpackage/share/myfirstpackage/package.bash'
[1.743s] INFO:colcon.colcon_core.shell:Creating package script '/home/mark-ros2/ROS2_tutorials/src/install/myfirstpackage/share/myfirstpackage/package.zsh'
[1.744s] Level 1:colcon.colcon_core.environment:create_file_with_runtime_dependencies(/home/mark-ros2/ROS2_tutorials/src/install/myfirstpackage/share/colcon-core/packages/myfirstpackage)
[1.758s] Level 1:colcon.colcon_core.environment:checking '/home/mark-ros2/ROS2_tutorials/src/install/pubsub' for CMake module files
[1.759s] DEBUG:colcon.colcon_core.event_handler.log_command:Invoked command in '/home/mark-ros2/ROS2_tutorials/src/pubsub' returned '0': PYTHONPATH=/home/mark-ros2/ROS2_tutorials/src/install/pubsub/lib/python3.8/site-packages:${PYTHONPATH} /usr/bin/python3 setup.py egg_info --egg-base ../build/pubsub build --build-base /home/mark-ros2/ROS2_tutorials/src/build/pubsub/build install --prefix /home/mark-ros2/ROS2_tutorials/src/install/pubsub --record /home/mark-ros2/ROS2_tutorials/src/build/pubsub/install.log --single-version-externally-managed
[1.759s] Level 1:colcon.colcon_core.environment:checking '/home/mark-ros2/ROS2_tutorials/src/install/pubsub' for CMake config files
[1.760s] Level 1:colcon.colcon_core.environment:checking '/home/mark-ros2/ROS2_tutorials/src/install/pubsub/lib'
[1.760s] Level 1:colcon.colcon_core.environment:checking '/home/mark-ros2/ROS2_tutorials/src/install/pubsub/bin'
[1.760s] Level 1:colcon.colcon_core.environment:checking '/home/mark-ros2/ROS2_tutorials/src/install/pubsub/lib/pkgconfig/pubsub.pc'
[1.760s] Level 1:colcon.colcon_core.environment:checking '/home/mark-ros2/ROS2_tutorials/src/install/pubsub/lib/python3.8/site-packages'
[1.760s] Level 1:colcon.colcon_core.shell:create_environment_hook('pubsub', 'pythonpath')
[1.761s] INFO:colcon.colcon_core.shell:Creating environment hook '/home/mark-ros2/ROS2_tutorials/src/install/pubsub/share/pubsub/hook/pythonpath.ps1'
[1.762s] INFO:colcon.colcon_core.shell:Creating environment descriptor '/home/mark-ros2/ROS2_tutorials/src/install/pubsub/share/pubsub/hook/pythonpath.dsv'
[1.762s] INFO:colcon.colcon_core.shell:Creating environment hook '/home/mark-ros2/ROS2_tutorials/src/install/pubsub/share/pubsub/hook/pythonpath.sh'
[1.763s] Level 1:colcon.colcon_core.environment:create_environment_scripts_only(pubsub)
[1.764s] INFO:colcon.colcon_core.shell:Creating package script '/home/mark-ros2/ROS2_tutorials/src/install/pubsub/share/pubsub/package.ps1'
[1.764s] INFO:colcon.colcon_core.shell:Creating package descriptor '/home/mark-ros2/ROS2_tutorials/src/install/pubsub/share/pubsub/package.dsv'
[1.765s] INFO:colcon.colcon_core.shell:Creating package script '/home/mark-ros2/ROS2_tutorials/src/install/pubsub/share/pubsub/package.sh'
[1.765s] INFO:colcon.colcon_core.shell:Creating package script '/home/mark-ros2/ROS2_tutorials/src/install/pubsub/share/pubsub/package.bash'
[1.766s] INFO:colcon.colcon_core.shell:Creating package script '/home/mark-ros2/ROS2_tutorials/src/install/pubsub/share/pubsub/package.zsh'
[1.766s] Level 1:colcon.colcon_core.environment:create_file_with_runtime_dependencies(/home/mark-ros2/ROS2_tutorials/src/install/pubsub/share/colcon-core/packages/pubsub)
[1.768s] Level 1:colcon.colcon_core.environment:checking '/home/mark-ros2/ROS2_tutorials/src/install/hello_world' for CMake module files
[1.769s] DEBUG:colcon.colcon_core.event_handler.log_command:Invoked command in '/home/mark-ros2/ROS2_tutorials/src/hello_world' returned '0': PYTHONPATH=/home/mark-ros2/ROS2_tutorials/src/install/hello_world/lib/python3.8/site-packages:${PYTHONPATH} /usr/bin/python3 setup.py egg_info --egg-base ../build/hello_world build --build-base /home/mark-ros2/ROS2_tutorials/src/build/hello_world/build install --prefix /home/mark-ros2/ROS2_tutorials/src/install/hello_world --record /home/mark-ros2/ROS2_tutorials/src/build/hello_world/install.log --single-version-externally-managed
[1.769s] Level 1:colcon.colcon_core.environment:checking '/home/mark-ros2/ROS2_tutorials/src/install/hello_world' for CMake config files
[1.769s] Level 1:colcon.colcon_core.environment:checking '/home/mark-ros2/ROS2_tutorials/src/install/hello_world/lib'
[1.769s] Level 1:colcon.colcon_core.environment:checking '/home/mark-ros2/ROS2_tutorials/src/install/hello_world/bin'
[1.769s] Level 1:colcon.colcon_core.environment:checking '/home/mark-ros2/ROS2_tutorials/src/install/hello_world/lib/pkgconfig/hello_world.pc'
[1.770s] Level 1:colcon.colcon_core.environment:checking '/home/mark-ros2/ROS2_tutorials/src/install/hello_world/lib/python3.8/site-packages'
[1.770s] Level 1:colcon.colcon_core.shell:create_environment_hook('hello_world', 'pythonpath')
[1.770s] INFO:colcon.colcon_core.shell:Creating environment hook '/home/mark-ros2/ROS2_tutorials/src/install/hello_world/share/hello_world/hook/pythonpath.ps1'
[1.770s] INFO:colcon.colcon_core.shell:Creating environment descriptor '/home/mark-ros2/ROS2_tutorials/src/install/hello_world/share/hello_world/hook/pythonpath.dsv'
[1.771s] INFO:colcon.colcon_core.shell:Creating environment hook '/home/mark-ros2/ROS2_tutorials/src/install/hello_world/share/hello_world/hook/pythonpath.sh'
[1.771s] Level 1:colcon.colcon_core.environment:create_environment_scripts_only(hello_world)
[1.771s] INFO:colcon.colcon_core.shell:Creating package script '/home/mark-ros2/ROS2_tutorials/src/install/hello_world/share/hello_world/package.ps1'
[1.772s] INFO:colcon.colcon_core.shell:Creating package descriptor '/home/mark-ros2/ROS2_tutorials/src/install/hello_world/share/hello_world/package.dsv'
[1.772s] INFO:colcon.colcon_core.shell:Creating package script '/home/mark-ros2/ROS2_tutorials/src/install/hello_world/share/hello_world/package.sh'
[1.772s] INFO:colcon.colcon_core.shell:Creating package script '/home/mark-ros2/ROS2_tutorials/src/install/hello_world/share/hello_world/package.bash'
[1.773s] INFO:colcon.colcon_core.shell:Creating package script '/home/mark-ros2/ROS2_tutorials/src/install/hello_world/share/hello_world/package.zsh'
[1.773s] Level 1:colcon.colcon_core.environment:create_file_with_runtime_dependencies(/home/mark-ros2/ROS2_tutorials/src/install/hello_world/share/colcon-core/packages/hello_world)
[3.404s] DEBUG:colcon.colcon_core.event_handler.log_command:Invoked command in '/home/mark-ros2/ROS2_tutorials/src/build/turtlesim' returned '0': CMAKE_PREFIX_PATH=${CMAKE_PREFIX_PATH}:/home/mark-ros2/ROS2_tutorials/install/srv_examples:/home/mark-ros2/ROS2_tutorials/install/myfirstpackage:/home/mark-ros2/ROS2_tutorials/install/hello_world:/opt/ros/foxy /usr/bin/cmake /home/mark-ros2/ROS2_tutorials/src/ros_tutorials/turtlesim -DCMAKE_INSTALL_PREFIX=/home/mark-ros2/ROS2_tutorials/src/install/turtlesim
[3.406s] DEBUG:colcon.colcon_core.event_handler.log_command:Invoking command in '/home/mark-ros2/ROS2_tutorials/src/build/turtlesim': CMAKE_PREFIX_PATH=${CMAKE_PREFIX_PATH}:/home/mark-ros2/ROS2_tutorials/install/srv_examples:/home/mark-ros2/ROS2_tutorials/install/myfirstpackage:/home/mark-ros2/ROS2_tutorials/install/hello_world:/opt/ros/foxy /usr/bin/cmake --build /home/mark-ros2/ROS2_tutorials/src/build/turtlesim -- -j12 -l12
[5.602s] DEBUG:colcon.colcon_parallel_executor.executor.parallel:run_until_complete was interrupted
[5.602s] DEBUG:colcon.colcon_parallel_executor.executor.parallel:run_until_complete again
[5.607s] DEBUG:colcon.colcon_core.event_handler.log_command:Invoked command in '/home/mark-ros2/ROS2_tutorials/src/build/turtlesim' returned '-2': CMAKE_PREFIX_PATH=${CMAKE_PREFIX_PATH}:/home/mark-ros2/ROS2_tutorials/install/srv_examples:/home/mark-ros2/ROS2_tutorials/install/myfirstpackage:/home/mark-ros2/ROS2_tutorials/install/hello_world:/opt/ros/foxy /usr/bin/cmake --build /home/mark-ros2/ROS2_tutorials/src/build/turtlesim -- -j12 -l12
[5.703s] Level 1:colcon.colcon_core.environment:create_environment_scripts_only(turtlesim)
[5.703s] Level 1:colcon.colcon_core.environment:checking '/home/mark-ros2/ROS2_tutorials/src/install/turtlesim' for CMake module files
[5.704s] Level 1:colcon.colcon_core.environment:checking '/home/mark-ros2/ROS2_tutorials/src/install/turtlesim' for CMake config files
[5.704s] Level 1:colcon.colcon_core.environment:checking '/home/mark-ros2/ROS2_tutorials/src/install/turtlesim/bin'
[5.704s] Level 1:colcon.colcon_core.environment:checking '/home/mark-ros2/ROS2_tutorials/src/install/turtlesim/lib/pkgconfig/turtlesim.pc'
[5.704s] Level 1:colcon.colcon_core.environment:checking '/home/mark-ros2/ROS2_tutorials/src/install/turtlesim/lib/python3.8/site-packages'
[5.704s] INFO:colcon.colcon_core.shell:Creating package script '/home/mark-ros2/ROS2_tutorials/src/install/turtlesim/share/turtlesim/package.ps1'
[5.705s] INFO:colcon.colcon_core.shell:Creating package descriptor '/home/mark-ros2/ROS2_tutorials/src/install/turtlesim/share/turtlesim/package.dsv'
[5.705s] INFO:colcon.colcon_core.shell:Creating package script '/home/mark-ros2/ROS2_tutorials/src/install/turtlesim/share/turtlesim/package.sh'
[5.705s] INFO:colcon.colcon_core.shell:Creating package script '/home/mark-ros2/ROS2_tutorials/src/install/turtlesim/share/turtlesim/package.bash'
[5.706s] INFO:colcon.colcon_core.shell:Creating package script '/home/mark-ros2/ROS2_tutorials/src/install/turtlesim/share/turtlesim/package.zsh'
[5.706s] Level 1:colcon.colcon_core.environment:create_file_with_runtime_dependencies(/home/mark-ros2/ROS2_tutorials/src/install/turtlesim/share/colcon-core/packages/turtlesim)
[5.716s] DEBUG:colcon.colcon_parallel_executor.executor.parallel:run_until_complete finished
[5.716s] DEBUG:colcon.colcon_parallel_executor.executor.parallel:closing loop
[5.716s] DEBUG:colcon.colcon_parallel_executor.executor.parallel:loop closed
[5.717s] DEBUG:colcon.colcon_core.event_reactor:joining thread
[5.723s] INFO:colcon.colcon_core.plugin_system:Skipping extension 'colcon_notification.desktop_notification.terminal_notifier': Not used on non-Darwin systems
[5.723s] INFO:colcon.colcon_core.plugin_system:Skipping extension 'colcon_notification.desktop_notification.win32': Not used on non-Windows systems
[5.723s] INFO:colcon.colcon_notification.desktop_notification:Sending desktop notification using 'notify2'
[5.736s] DEBUG:colcon.colcon_core.event_reactor:joined thread
[5.737s] INFO:colcon.colcon_core.shell:Creating prefix script '/home/mark-ros2/ROS2_tutorials/src/install/local_setup.ps1'
[5.738s] INFO:colcon.colcon_core.shell:Creating prefix util module '/home/mark-ros2/ROS2_tutorials/src/install/_local_setup_util_ps1.py'
[5.739s] INFO:colcon.colcon_core.shell:Creating prefix chain script '/home/mark-ros2/ROS2_tutorials/src/install/setup.ps1'
[5.740s] INFO:colcon.colcon_core.shell:Creating prefix script '/home/mark-ros2/ROS2_tutorials/src/install/local_setup.sh'
[5.741s] INFO:colcon.colcon_core.shell:Creating prefix util module '/home/mark-ros2/ROS2_tutorials/src/install/_local_setup_util_sh.py'
[5.741s] INFO:colcon.colcon_core.shell:Creating prefix chain script '/home/mark-ros2/ROS2_tutorials/src/install/setup.sh'
[5.743s] INFO:colcon.colcon_core.shell:Creating prefix script '/home/mark-ros2/ROS2_tutorials/src/install/local_setup.bash'
[5.743s] INFO:colcon.colcon_core.shell:Creating prefix chain script '/home/mark-ros2/ROS2_tutorials/src/install/setup.bash'
[5.745s] INFO:colcon.colcon_core.shell:Creating prefix script '/home/mark-ros2/ROS2_tutorials/src/install/local_setup.zsh'
[5.745s] INFO:colcon.colcon_core.shell:Creating prefix chain script '/home/mark-ros2/ROS2_tutorials/src/install/setup.zsh'
