[0.009s] Invoking command in '/home/mark-ros2/robot_ws/build/turtlesim': CMAKE_PREFIX_PATH=/opt/ros/foxy /usr/bin/cmake /home/mark-ros2/robot_ws/src/ros_tutorials/turtlesim -DCMAKE_INSTALL_PREFIX=/home/mark-ros2/robot_ws/install/turtlesim
[0.124s] -- The C compiler identification is GNU 9.3.0
[0.207s] -- The CXX compiler identification is GNU 9.3.0
[0.212s] -- Check for working C compiler: /usr/bin/cc
[0.260s] -- Check for working C compiler: /usr/bin/cc -- works
[0.261s] -- Detecting C compiler ABI info
[0.311s] -- Detecting C compiler ABI info - done
[0.322s] -- Detecting C compile features
[0.322s] -- Detecting C compile features - done
[0.324s] -- Check for working CXX compiler: /usr/bin/c++
[0.378s] -- Check for working CXX compiler: /usr/bin/c++ -- works
[0.379s] -- Detecting CXX compiler ABI info
[0.432s] -- Detecting CXX compiler ABI info - done
[0.442s] -- Detecting CXX compile features
[0.442s] -- Detecting CXX compile features - done
[0.444s] -- Found ament_cmake: 0.9.8 (/opt/ros/foxy/share/ament_cmake/cmake)
[0.463s] -- Found PythonInterp: /usr/bin/python3 (found suitable version "3.8.5", minimum required is "3") 
[0.463s] -- Using PYTHON_EXECUTABLE: /usr/bin/python3
[0.628s] -- Found ament_index_cpp: 1.0.2 (/opt/ros/foxy/share/ament_index_cpp/cmake)
[0.637s] -- Found geometry_msgs: 2.0.3 (/opt/ros/foxy/share/geometry_msgs/cmake)
[0.670s] -- Using all available rosidl_typesupport_c: rosidl_typesupport_fastrtps_c;rosidl_typesupport_introspection_c
[0.676s] -- Found rosidl_adapter: 1.2.0 (/opt/ros/foxy/share/rosidl_adapter/cmake)
[0.792s] -- Found OpenSSL: /usr/lib/x86_64-linux-gnu/libcrypto.so (found version "1.1.1f")  
[0.817s] -- Found FastRTPS: /opt/ros/foxy/include  
[0.877s] -- Using all available rosidl_typesupport_cpp: rosidl_typesupport_fastrtps_cpp;rosidl_typesupport_introspection_cpp
[0.960s] -- Found rclcpp: 2.3.0 (/opt/ros/foxy/share/rclcpp/cmake)
[0.998s] -- Found rmw_implementation_cmake: 1.0.2 (/opt/ros/foxy/share/rmw_implementation_cmake/cmake)
[0.999s] -- Using RMW implementation 'rmw_fastrtps_cpp' as default
[1.001s] -- Looking for pthread.h
[1.052s] -- Looking for pthread.h - found
[1.052s] -- Performing Test CMAKE_HAVE_LIBC_PTHREAD
[1.101s] -- Performing Test CMAKE_HAVE_LIBC_PTHREAD - Failed
[1.101s] -- Looking for pthread_create in pthreads
[1.143s] -- Looking for pthread_create in pthreads - not found
[1.144s] -- Looking for pthread_create in pthread
[1.193s] -- Looking for pthread_create in pthread - found
[1.194s] -- Found Threads: TRUE  
[1.306s] -- Found rclcpp_action: 2.3.0 (/opt/ros/foxy/share/rclcpp_action/cmake)
[1.370s] -- Found rosidl_default_generators: 1.0.0 (/opt/ros/foxy/share/rosidl_default_generators/cmake)
[1.380s] -- Found std_srvs: 2.0.3 (/opt/ros/foxy/share/std_srvs/cmake)
[1.404s] -- Found PythonInterp: /usr/bin/python3 (found version "3.8.5") 
[1.540s] -- Found ament_cmake_ros: 0.9.1 (/opt/ros/foxy/share/ament_cmake_ros/cmake)
[1.632s] -- Using all available rosidl_typesupport_c: rosidl_typesupport_fastrtps_c;rosidl_typesupport_introspection_c
[1.652s] -- Using all available rosidl_typesupport_cpp: rosidl_typesupport_fastrtps_cpp;rosidl_typesupport_introspection_cpp
[1.670s] -- Found PythonInterp: /usr/bin/python3 (found suitable version "3.8.5", minimum required is "3.5") 
[1.671s] -- Found python_cmake_module: 0.8.0 (/opt/ros/foxy/share/python_cmake_module/cmake)
[1.691s] -- Found PythonLibs: /usr/lib/x86_64-linux-gnu/libpython3.8.so (found suitable version "3.8.5", minimum required is "3.5") 
[1.691s] -- Using PYTHON_EXECUTABLE: /usr/bin/python3
[1.691s] -- Using PYTHON_INCLUDE_DIRS: /usr/include/python3.8
[1.691s] -- Using PYTHON_LIBRARIES: /usr/lib/x86_64-linux-gnu/libpython3.8.so
[1.706s] -- Found PythonExtra: .so  
[1.757s] -- Configuring done
[1.820s] -- Generating done
[1.822s] -- Build files have been written to: /home/mark-ros2/robot_ws/build/turtlesim
[1.829s] Invoked command in '/home/mark-ros2/robot_ws/build/turtlesim' returned '0': CMAKE_PREFIX_PATH=/opt/ros/foxy /usr/bin/cmake /home/mark-ros2/robot_ws/src/ros_tutorials/turtlesim -DCMAKE_INSTALL_PREFIX=/home/mark-ros2/robot_ws/install/turtlesim
[1.831s] Invoking command in '/home/mark-ros2/robot_ws/build/turtlesim': CMAKE_PREFIX_PATH=/opt/ros/foxy /usr/bin/cmake --build /home/mark-ros2/robot_ws/build/turtlesim -- -j12 -l12
[1.859s] [  1%] [34m[1mGenerating C code for ROS interfaces[0m
[1.859s] [35m[1mScanning dependencies of target turtlesim__cpp[0m
[1.866s] [  2%] [34m[1mGenerating C++ code for ROS interfaces[0m
[2.472s] [  2%] Built target turtlesim__cpp
[2.472s] [35m[1mScanning dependencies of target turtlesim__rosidl_generator_c[0m
[2.479s] [  5%] [34m[1mGenerating C++ type support for eProsima Fast-RTPS[0m
[2.479s] [  5%] [34m[1mGenerating C++ introspection for ROS interfaces[0m
[2.479s] [  5%] [34m[1mGenerating C++ type support dispatch for ROS interfaces[0m
[2.487s] [ 12%] [32mBuilding C object CMakeFiles/turtlesim__rosidl_generator_c.dir/rosidl_generator_c/turtlesim/action/detail/rotate_absolute__functions.c.o[0m
[2.487s] [ 12%] [32mBuilding C object CMakeFiles/turtlesim__rosidl_generator_c.dir/rosidl_generator_c/turtlesim/srv/detail/teleport_absolute__functions.c.o[0m
[2.487s] [ 12%] [32mBuilding C object CMakeFiles/turtlesim__rosidl_generator_c.dir/rosidl_generator_c/turtlesim/srv/detail/kill__functions.c.o[0m
[2.488s] [ 12%] [32mBuilding C object CMakeFiles/turtlesim__rosidl_generator_c.dir/rosidl_generator_c/turtlesim/msg/detail/color__functions.c.o[0m
[2.488s] [ 12%] [32mBuilding C object CMakeFiles/turtlesim__rosidl_generator_c.dir/rosidl_generator_c/turtlesim/msg/detail/pose__functions.c.o[0m
[2.488s] [ 12%] [32mBuilding C object CMakeFiles/turtlesim__rosidl_generator_c.dir/rosidl_generator_c/turtlesim/srv/detail/set_pen__functions.c.o[0m
[2.488s] [ 12%] [32mBuilding C object CMakeFiles/turtlesim__rosidl_generator_c.dir/rosidl_generator_c/turtlesim/srv/detail/spawn__functions.c.o[0m
[2.488s] [ 13%] [32mBuilding C object CMakeFiles/turtlesim__rosidl_generator_c.dir/rosidl_generator_c/turtlesim/srv/detail/teleport_relative__functions.c.o[0m
[2.558s] [ 14%] [32m[1mLinking C shared library libturtlesim__rosidl_generator_c.so[0m
[2.586s] [ 14%] Built target turtlesim__rosidl_generator_c
[2.593s] [ 16%] [34m[1mGenerating C type support dispatch for ROS interfaces[0m
[2.593s] [ 16%] [34m[1mGenerating C introspection for ROS interfaces[0m
[2.858s] [35m[1mScanning dependencies of target turtlesim__rosidl_typesupport_cpp[0m
[2.876s] [ 21%] [32mBuilding CXX object CMakeFiles/turtlesim__rosidl_typesupport_cpp.dir/rosidl_typesupport_cpp/turtlesim/srv/set_pen__type_support.cpp.o[0m
[2.877s] [ 22%] [32mBuilding CXX object CMakeFiles/turtlesim__rosidl_typesupport_cpp.dir/rosidl_typesupport_cpp/turtlesim/action/rotate_absolute__type_support.cpp.o[0m
[2.877s] [ 21%] [32mBuilding CXX object CMakeFiles/turtlesim__rosidl_typesupport_cpp.dir/rosidl_typesupport_cpp/turtlesim/srv/kill__type_support.cpp.o[0m
[2.877s] [ 22%] [32mBuilding CXX object CMakeFiles/turtlesim__rosidl_typesupport_cpp.dir/rosidl_typesupport_cpp/turtlesim/srv/spawn__type_support.cpp.o[0m
[2.877s] [ 21%] [32mBuilding CXX object CMakeFiles/turtlesim__rosidl_typesupport_cpp.dir/rosidl_typesupport_cpp/turtlesim/msg/color__type_support.cpp.o[0m
[2.877s] [ 21%] [32mBuilding CXX object CMakeFiles/turtlesim__rosidl_typesupport_cpp.dir/rosidl_typesupport_cpp/turtlesim/msg/pose__type_support.cpp.o[0m
[2.877s] [ 24%] [32mBuilding CXX object CMakeFiles/turtlesim__rosidl_typesupport_cpp.dir/rosidl_typesupport_cpp/turtlesim/srv/teleport_relative__type_support.cpp.o[0m
[2.877s] [ 23%] [32mBuilding CXX object CMakeFiles/turtlesim__rosidl_typesupport_cpp.dir/rosidl_typesupport_cpp/turtlesim/srv/teleport_absolute__type_support.cpp.o[0m
[3.039s] [35m[1mScanning dependencies of target turtlesim__rosidl_typesupport_c[0m
[3.058s] [ 25%] [32mBuilding CXX object CMakeFiles/turtlesim__rosidl_typesupport_c.dir/rosidl_typesupport_c/turtlesim/action/rotate_absolute__type_support.cpp.o[0m
[3.107s] [35m[1mScanning dependencies of target turtlesim__rosidl_typesupport_introspection_cpp[0m
[3.121s] [ 26%] [32mBuilding CXX object CMakeFiles/turtlesim__rosidl_typesupport_c.dir/rosidl_typesupport_c/turtlesim/msg/color__type_support.cpp.o[0m
[3.135s] [ 27%] [32mBuilding CXX object CMakeFiles/turtlesim__rosidl_typesupport_introspection_cpp.dir/rosidl_typesupport_introspection_cpp/turtlesim/action/detail/rotate_absolute__type_support.cpp.o[0m
[3.159s] [ 28%] [32mBuilding CXX object CMakeFiles/turtlesim__rosidl_typesupport_c.dir/rosidl_typesupport_c/turtlesim/msg/pose__type_support.cpp.o[0m
[3.199s] [ 29%] [32mBuilding CXX object CMakeFiles/turtlesim__rosidl_typesupport_c.dir/rosidl_typesupport_c/turtlesim/srv/kill__type_support.cpp.o[0m
[3.239s] [ 30%] [32mBuilding CXX object CMakeFiles/turtlesim__rosidl_typesupport_c.dir/rosidl_typesupport_c/turtlesim/srv/set_pen__type_support.cpp.o[0m
[3.267s] [ 31%] [32mBuilding CXX object CMakeFiles/turtlesim__rosidl_typesupport_introspection_cpp.dir/rosidl_typesupport_introspection_cpp/turtlesim/msg/detail/color__type_support.cpp.o[0m
[3.273s] [ 32%] [32mBuilding CXX object CMakeFiles/turtlesim__rosidl_typesupport_introspection_cpp.dir/rosidl_typesupport_introspection_cpp/turtlesim/msg/detail/pose__type_support.cpp.o[0m
[3.275s] [ 33%] [32mBuilding CXX object CMakeFiles/turtlesim__rosidl_typesupport_c.dir/rosidl_typesupport_c/turtlesim/srv/spawn__type_support.cpp.o[0m
[3.277s] [ 34%] [32mBuilding CXX object CMakeFiles/turtlesim__rosidl_typesupport_introspection_cpp.dir/rosidl_typesupport_introspection_cpp/turtlesim/srv/detail/kill__type_support.cpp.o[0m
[3.284s] [ 35%] [32mBuilding CXX object CMakeFiles/turtlesim__rosidl_typesupport_introspection_cpp.dir/rosidl_typesupport_introspection_cpp/turtlesim/srv/detail/set_pen__type_support.cpp.o[0m
[3.297s] [ 36%] [32mBuilding CXX object CMakeFiles/turtlesim__rosidl_typesupport_introspection_cpp.dir/rosidl_typesupport_introspection_cpp/turtlesim/srv/detail/spawn__type_support.cpp.o[0m
[3.299s] [ 38%] [32mBuilding CXX object CMakeFiles/turtlesim__rosidl_typesupport_introspection_cpp.dir/rosidl_typesupport_introspection_cpp/turtlesim/srv/detail/teleport_relative__type_support.cpp.o[0m
[3.300s] [ 38%] [32mBuilding CXX object CMakeFiles/turtlesim__rosidl_typesupport_introspection_cpp.dir/rosidl_typesupport_introspection_cpp/turtlesim/srv/detail/teleport_absolute__type_support.cpp.o[0m
[3.316s] [35m[1mScanning dependencies of target turtlesim__rosidl_typesupport_fastrtps_cpp[0m
[3.317s] [ 39%] [32mBuilding CXX object CMakeFiles/turtlesim__rosidl_typesupport_c.dir/rosidl_typesupport_c/turtlesim/srv/teleport_absolute__type_support.cpp.o[0m
[3.350s] [ 40%] [32m[1mLinking CXX shared library libturtlesim__rosidl_typesupport_cpp.so[0m
[3.359s] [ 41%] [32mBuilding CXX object CMakeFiles/turtlesim__rosidl_typesupport_c.dir/rosidl_typesupport_c/turtlesim/srv/teleport_relative__type_support.cpp.o[0m
[3.369s] [ 42%] [32mBuilding CXX object CMakeFiles/turtlesim__rosidl_typesupport_fastrtps_cpp.dir/rosidl_typesupport_fastrtps_cpp/turtlesim/action/detail/dds_fastrtps/rotate_absolute__type_support.cpp.o[0m
[3.398s] [ 43%] [32m[1mLinking CXX shared library libturtlesim__rosidl_typesupport_c.so[0m
[3.402s] [ 43%] Built target turtlesim__rosidl_typesupport_cpp
[3.412s] [ 44%] [32mBuilding CXX object CMakeFiles/turtlesim__rosidl_typesupport_fastrtps_cpp.dir/rosidl_typesupport_fastrtps_cpp/turtlesim/msg/detail/dds_fastrtps/color__type_support.cpp.o[0m
[3.423s] [35m[1mScanning dependencies of target turtlesim__rosidl_typesupport_introspection_c[0m
[3.450s] [ 45%] [32mBuilding C object CMakeFiles/turtlesim__rosidl_typesupport_introspection_c.dir/rosidl_typesupport_introspection_c/turtlesim/action/detail/rotate_absolute__type_support.c.o[0m
[3.459s] [ 45%] Built target turtlesim__rosidl_typesupport_c
[3.470s] [ 46%] [32mBuilding CXX object CMakeFiles/turtlesim__rosidl_typesupport_fastrtps_cpp.dir/rosidl_typesupport_fastrtps_cpp/turtlesim/msg/detail/dds_fastrtps/pose__type_support.cpp.o[0m
[3.512s] [ 47%] [32mBuilding C object CMakeFiles/turtlesim__rosidl_typesupport_introspection_c.dir/rosidl_typesupport_introspection_c/turtlesim/msg/detail/color__type_support.c.o[0m
[3.552s] [ 48%] [32mBuilding C object CMakeFiles/turtlesim__rosidl_typesupport_introspection_c.dir/rosidl_typesupport_introspection_c/turtlesim/msg/detail/pose__type_support.c.o[0m
[3.591s] [ 49%] [32mBuilding C object CMakeFiles/turtlesim__rosidl_typesupport_introspection_c.dir/rosidl_typesupport_introspection_c/turtlesim/srv/detail/kill__type_support.c.o[0m
[3.610s] [ 50%] [32mBuilding C object CMakeFiles/turtlesim__rosidl_typesupport_introspection_c.dir/rosidl_typesupport_introspection_c/turtlesim/srv/detail/set_pen__type_support.c.o[0m
[3.634s] [ 51%] [32mBuilding C object CMakeFiles/turtlesim__rosidl_typesupport_introspection_c.dir/rosidl_typesupport_introspection_c/turtlesim/srv/detail/spawn__type_support.c.o[0m
[3.653s] [ 52%] [32mBuilding C object CMakeFiles/turtlesim__rosidl_typesupport_introspection_c.dir/rosidl_typesupport_introspection_c/turtlesim/srv/detail/teleport_absolute__type_support.c.o[0m
[3.681s] [ 53%] [32mBuilding C object CMakeFiles/turtlesim__rosidl_typesupport_introspection_c.dir/rosidl_typesupport_introspection_c/turtlesim/srv/detail/teleport_relative__type_support.c.o[0m
[3.686s] [ 54%] [32mBuilding CXX object CMakeFiles/turtlesim__rosidl_typesupport_fastrtps_cpp.dir/rosidl_typesupport_fastrtps_cpp/turtlesim/srv/detail/dds_fastrtps/kill__type_support.cpp.o[0m
[3.687s] [ 55%] [32mBuilding CXX object CMakeFiles/turtlesim__rosidl_typesupport_fastrtps_cpp.dir/rosidl_typesupport_fastrtps_cpp/turtlesim/srv/detail/dds_fastrtps/set_pen__type_support.cpp.o[0m
[3.698s] [ 56%] [32mBuilding CXX object CMakeFiles/turtlesim__rosidl_typesupport_fastrtps_cpp.dir/rosidl_typesupport_fastrtps_cpp/turtlesim/srv/detail/dds_fastrtps/spawn__type_support.cpp.o[0m
[3.699s] [ 57%] [32mBuilding CXX object CMakeFiles/turtlesim__rosidl_typesupport_fastrtps_cpp.dir/rosidl_typesupport_fastrtps_cpp/turtlesim/srv/detail/dds_fastrtps/teleport_absolute__type_support.cpp.o[0m
[3.708s] [ 58%] [32mBuilding CXX object CMakeFiles/turtlesim__rosidl_typesupport_fastrtps_cpp.dir/rosidl_typesupport_fastrtps_cpp/turtlesim/srv/detail/dds_fastrtps/teleport_relative__type_support.cpp.o[0m
[3.725s] [ 59%] [32m[1mLinking C shared library libturtlesim__rosidl_typesupport_introspection_c.so[0m
[3.731s] [ 60%] [32m[1mLinking CXX shared library libturtlesim__rosidl_typesupport_introspection_cpp.so[0m
[3.766s] [ 60%] Built target turtlesim__rosidl_typesupport_introspection_c
[3.796s] [ 60%] Built target turtlesim__rosidl_typesupport_introspection_cpp
[4.233s] [ 61%] [32m[1mLinking CXX shared library libturtlesim__rosidl_typesupport_fastrtps_cpp.so[0m
[4.299s] [ 61%] Built target turtlesim__rosidl_typesupport_fastrtps_cpp
[4.307s] [ 62%] [34m[1mGenerating C type support for eProsima Fast-RTPS[0m
[4.857s] [35m[1mScanning dependencies of target turtlesim__rosidl_typesupport_fastrtps_c[0m
[4.879s] [ 63%] [32mBuilding CXX object CMakeFiles/turtlesim__rosidl_typesupport_fastrtps_c.dir/rosidl_typesupport_fastrtps_c/turtlesim/action/detail/rotate_absolute__type_support_c.cpp.o[0m
[4.879s] [ 64%] [32mBuilding CXX object CMakeFiles/turtlesim__rosidl_typesupport_fastrtps_c.dir/rosidl_typesupport_fastrtps_c/turtlesim/srv/detail/kill__type_support_c.cpp.o[0m
[4.880s] [ 65%] [32mBuilding CXX object CMakeFiles/turtlesim__rosidl_typesupport_fastrtps_c.dir/rosidl_typesupport_fastrtps_c/turtlesim/msg/detail/color__type_support_c.cpp.o[0m
[4.880s] [ 66%] [32mBuilding CXX object CMakeFiles/turtlesim__rosidl_typesupport_fastrtps_c.dir/rosidl_typesupport_fastrtps_c/turtlesim/msg/detail/pose__type_support_c.cpp.o[0m
[4.881s] [ 67%] [32mBuilding CXX object CMakeFiles/turtlesim__rosidl_typesupport_fastrtps_c.dir/rosidl_typesupport_fastrtps_c/turtlesim/srv/detail/set_pen__type_support_c.cpp.o[0m
[4.881s] [ 68%] [32mBuilding CXX object CMakeFiles/turtlesim__rosidl_typesupport_fastrtps_c.dir/rosidl_typesupport_fastrtps_c/turtlesim/srv/detail/spawn__type_support_c.cpp.o[0m
[4.881s] [ 69%] [32mBuilding CXX object CMakeFiles/turtlesim__rosidl_typesupport_fastrtps_c.dir/rosidl_typesupport_fastrtps_c/turtlesim/srv/detail/teleport_absolute__type_support_c.cpp.o[0m
[4.881s] [ 70%] [32mBuilding CXX object CMakeFiles/turtlesim__rosidl_typesupport_fastrtps_c.dir/rosidl_typesupport_fastrtps_c/turtlesim/srv/detail/teleport_relative__type_support_c.cpp.o[0m
[5.325s] [ 71%] [32m[1mLinking CXX shared library libturtlesim__rosidl_typesupport_fastrtps_c.so[0m
[5.395s] [ 71%] Built target turtlesim__rosidl_typesupport_fastrtps_c
[5.402s] [35m[1mScanning dependencies of target turtlesim[0m
[5.410s] [ 71%] Built target turtlesim
[5.418s] [ 72%] [34m[1mGenerating include/turtlesim/moc_turtle_frame.cpp[0m
[5.418s] [35m[1mScanning dependencies of target mimic[0m
[5.418s] [35m[1mScanning dependencies of target turtle_teleop_key[0m
[5.418s] [35m[1mScanning dependencies of target draw_square[0m
[5.418s] [35m[1mScanning dependencies of target turtlesim__py[0m
[5.427s] [ 73%] [34m[1mGenerating Python code for ROS interfaces[0m
[5.480s] [35m[1mScanning dependencies of target turtlesim_node[0m
[5.482s] [ 74%] [32mBuilding CXX object CMakeFiles/draw_square.dir/tutorials/draw_square.cpp.o[0m
[5.482s] [ 75%] [32mBuilding CXX object CMakeFiles/turtle_teleop_key.dir/tutorials/teleop_turtle_key.cpp.o[0m
[5.483s] [ 76%] [32mBuilding CXX object CMakeFiles/mimic.dir/tutorials/mimic.cpp.o[0m
[5.546s] [ 77%] [32mBuilding CXX object CMakeFiles/turtlesim_node.dir/src/turtlesim.cpp.o[0m
[5.547s] [ 78%] [32mBuilding CXX object CMakeFiles/turtlesim_node.dir/src/turtle.cpp.o[0m
[5.547s] [ 79%] [32mBuilding CXX object CMakeFiles/turtlesim_node.dir/include/turtlesim/moc_turtle_frame.cpp.o[0m
[5.547s] [ 80%] [32mBuilding CXX object CMakeFiles/turtlesim_node.dir/src/turtle_frame.cpp.o[0m
[7.158s] [ 80%] Built target turtlesim__py
[7.167s] [35m[1mScanning dependencies of target turtlesim__python[0m
[7.211s] [ 84%] [32mBuilding C object CMakeFiles/turtlesim__python.dir/rosidl_generator_py/turtlesim/action/_rotate_absolute_s.c.o[0m
[7.212s] [ 84%] [32mBuilding C object CMakeFiles/turtlesim__python.dir/rosidl_generator_py/turtlesim/msg/_pose_s.c.o[0m
[7.212s] [ 84%] [32mBuilding C object CMakeFiles/turtlesim__python.dir/rosidl_generator_py/turtlesim/srv/_kill_s.c.o[0m
[7.212s] [ 84%] [32mBuilding C object CMakeFiles/turtlesim__python.dir/rosidl_generator_py/turtlesim/msg/_color_s.c.o[0m
[7.222s] [ 85%] [32mBuilding C object CMakeFiles/turtlesim__python.dir/rosidl_generator_py/turtlesim/srv/_set_pen_s.c.o[0m
[7.342s] [ 86%] [32mBuilding C object CMakeFiles/turtlesim__python.dir/rosidl_generator_py/turtlesim/srv/_spawn_s.c.o[0m
[7.345s] [ 87%] [32mBuilding C object CMakeFiles/turtlesim__python.dir/rosidl_generator_py/turtlesim/srv/_teleport_absolute_s.c.o[0m
[7.353s] [ 88%] [32mBuilding C object CMakeFiles/turtlesim__python.dir/rosidl_generator_py/turtlesim/srv/_teleport_relative_s.c.o[0m
[7.485s] [ 89%] [32m[1mLinking C shared library rosidl_generator_py/turtlesim/libturtlesim__python.so[0m
[7.537s] [ 89%] Built target turtlesim__python
[7.548s] [35m[1mScanning dependencies of target turtlesim__rosidl_typesupport_introspection_c__pyext[0m
[7.550s] [35m[1mScanning dependencies of target turtlesim__rosidl_typesupport_fastrtps_c__pyext[0m
[7.551s] [35m[1mScanning dependencies of target turtlesim__rosidl_typesupport_c__pyext[0m
[7.570s] [ 90%] [32mBuilding C object CMakeFiles/turtlesim__rosidl_typesupport_introspection_c__pyext.dir/rosidl_generator_py/turtlesim/_turtlesim_s.ep.rosidl_typesupport_introspection_c.c.o[0m
[7.576s] [ 91%] [32mBuilding C object CMakeFiles/turtlesim__rosidl_typesupport_c__pyext.dir/rosidl_generator_py/turtlesim/_turtlesim_s.ep.rosidl_typesupport_c.c.o[0m
[7.577s] [ 92%] [32mBuilding C object CMakeFiles/turtlesim__rosidl_typesupport_fastrtps_c__pyext.dir/rosidl_generator_py/turtlesim/_turtlesim_s.ep.rosidl_typesupport_fastrtps_c.c.o[0m
[7.710s] [ 93%] [32m[1mLinking CXX shared library rosidl_generator_py/turtlesim/turtlesim_s__rosidl_typesupport_fastrtps_c.cpython-38-x86_64-linux-gnu.so[0m
[7.773s] [ 93%] Built target turtlesim__rosidl_typesupport_fastrtps_c__pyext
[7.783s] [ 94%] [32m[1mLinking C shared library rosidl_generator_py/turtlesim/turtlesim_s__rosidl_typesupport_introspection_c.cpython-38-x86_64-linux-gnu.so[0m
[7.790s] [ 95%] [32m[1mLinking C shared library rosidl_generator_py/turtlesim/turtlesim_s__rosidl_typesupport_c.cpython-38-x86_64-linux-gnu.so[0m
[7.824s] [ 95%] Built target turtlesim__rosidl_typesupport_introspection_c__pyext
[7.835s] [ 95%] Built target turtlesim__rosidl_typesupport_c__pyext
[9.687s] [ 96%] [32m[1mLinking CXX executable turtle_teleop_key[0m
[9.892s] [ 96%] Built target turtle_teleop_key
[11.186s] [ 97%] [32m[1mLinking CXX executable mimic[0m
[11.388s] [ 97%] Built target mimic
[11.943s] [ 98%] [32m[1mLinking CXX executable draw_square[0m
[12.163s] [ 98%] Built target draw_square
[12.987s] [100%] [32m[1mLinking CXX executable turtlesim_node[0m
[14.236s] [100%] Built target turtlesim_node
[14.245s] Invoked command in '/home/mark-ros2/robot_ws/build/turtlesim' returned '0': CMAKE_PREFIX_PATH=/opt/ros/foxy /usr/bin/cmake --build /home/mark-ros2/robot_ws/build/turtlesim -- -j12 -l12
[14.344s] Invoking command in '/home/mark-ros2/robot_ws/build/turtlesim': CMAKE_PREFIX_PATH=/opt/ros/foxy /usr/bin/cmake --install /home/mark-ros2/robot_ws/build/turtlesim
[14.349s] -- Install configuration: ""
[14.349s] -- Installing: /home/mark-ros2/robot_ws/install/turtlesim/share/ament_index/resource_index/rosidl_interfaces/turtlesim
[14.349s] -- Installing: /home/mark-ros2/robot_ws/install/turtlesim/include/turtlesim
[14.350s] -- Installing: /home/mark-ros2/robot_ws/install/turtlesim/include/turtlesim/srv
[14.350s] -- Installing: /home/mark-ros2/robot_ws/install/turtlesim/include/turtlesim/srv/set_pen.h
[14.350s] -- Installing: /home/mark-ros2/robot_ws/install/turtlesim/include/turtlesim/srv/teleport_absolute.h
[14.350s] -- Installing: /home/mark-ros2/robot_ws/install/turtlesim/include/turtlesim/srv/teleport_relative.h
[14.350s] -- Installing: /home/mark-ros2/robot_ws/install/turtlesim/include/turtlesim/srv/kill.h
[14.350s] -- Installing: /home/mark-ros2/robot_ws/install/turtlesim/include/turtlesim/srv/spawn.h
[14.350s] -- Installing: /home/mark-ros2/robot_ws/install/turtlesim/include/turtlesim/srv/detail
[14.350s] -- Installing: /home/mark-ros2/robot_ws/install/turtlesim/include/turtlesim/srv/detail/set_pen__struct.h
[14.350s] -- Installing: /home/mark-ros2/robot_ws/install/turtlesim/include/turtlesim/srv/detail/set_pen__type_support.h
[14.350s] -- Installing: /home/mark-ros2/robot_ws/install/turtlesim/include/turtlesim/srv/detail/spawn__struct.h
[14.350s] -- Installing: /home/mark-ros2/robot_ws/install/turtlesim/include/turtlesim/srv/detail/spawn__functions.c
[14.350s] -- Installing: /home/mark-ros2/robot_ws/install/turtlesim/include/turtlesim/srv/detail/kill__functions.h
[14.350s] -- Installing: /home/mark-ros2/robot_ws/install/turtlesim/include/turtlesim/srv/detail/set_pen__functions.h
[14.350s] -- Installing: /home/mark-ros2/robot_ws/install/turtlesim/include/turtlesim/srv/detail/teleport_relative__struct.h
[14.351s] -- Installing: /home/mark-ros2/robot_ws/install/turtlesim/include/turtlesim/srv/detail/set_pen__functions.c
[14.351s] -- Installing: /home/mark-ros2/robot_ws/install/turtlesim/include/turtlesim/srv/detail/teleport_relative__type_support.h
[14.351s] -- Installing: /home/mark-ros2/robot_ws/install/turtlesim/include/turtlesim/srv/detail/teleport_absolute__struct.h
[14.351s] -- Installing: /home/mark-ros2/robot_ws/install/turtlesim/include/turtlesim/srv/detail/teleport_absolute__functions.c
[14.351s] -- Installing: /home/mark-ros2/robot_ws/install/turtlesim/include/turtlesim/srv/detail/kill__struct.h
[14.351s] -- Installing: /home/mark-ros2/robot_ws/install/turtlesim/include/turtlesim/srv/detail/spawn__type_support.h
[14.351s] -- Installing: /home/mark-ros2/robot_ws/install/turtlesim/include/turtlesim/srv/detail/teleport_relative__functions.h
[14.351s] -- Installing: /home/mark-ros2/robot_ws/install/turtlesim/include/turtlesim/srv/detail/teleport_relative__functions.c
[14.351s] -- Installing: /home/mark-ros2/robot_ws/install/turtlesim/include/turtlesim/srv/detail/kill__functions.c
[14.351s] -- Installing: /home/mark-ros2/robot_ws/install/turtlesim/include/turtlesim/srv/detail/spawn__functions.h
[14.351s] -- Installing: /home/mark-ros2/robot_ws/install/turtlesim/include/turtlesim/srv/detail/teleport_absolute__functions.h
[14.351s] -- Installing: /home/mark-ros2/robot_ws/install/turtlesim/include/turtlesim/srv/detail/teleport_absolute__type_support.h
[14.351s] -- Installing: /home/mark-ros2/robot_ws/install/turtlesim/include/turtlesim/srv/detail/kill__type_support.h
[14.351s] -- Installing: /home/mark-ros2/robot_ws/install/turtlesim/include/turtlesim/msg
[14.351s] -- Installing: /home/mark-ros2/robot_ws/install/turtlesim/include/turtlesim/msg/rosidl_generator_c__visibility_control.h
[14.352s] -- Installing: /home/mark-ros2/robot_ws/install/turtlesim/include/turtlesim/msg/color.h
[14.352s] -- Installing: /home/mark-ros2/robot_ws/install/turtlesim/include/turtlesim/msg/pose.h
[14.352s] -- Installing: /home/mark-ros2/robot_ws/install/turtlesim/include/turtlesim/msg/detail
[14.352s] -- Installing: /home/mark-ros2/robot_ws/install/turtlesim/include/turtlesim/msg/detail/color__functions.c
[14.352s] -- Installing: /home/mark-ros2/robot_ws/install/turtlesim/include/turtlesim/msg/detail/pose__type_support.h
[14.352s] -- Installing: /home/mark-ros2/robot_ws/install/turtlesim/include/turtlesim/msg/detail/color__type_support.h
[14.352s] -- Installing: /home/mark-ros2/robot_ws/install/turtlesim/include/turtlesim/msg/detail/pose__struct.h
[14.352s] -- Installing: /home/mark-ros2/robot_ws/install/turtlesim/include/turtlesim/msg/detail/color__struct.h
[14.352s] -- Installing: /home/mark-ros2/robot_ws/install/turtlesim/include/turtlesim/msg/detail/pose__functions.c
[14.352s] -- Installing: /home/mark-ros2/robot_ws/install/turtlesim/include/turtlesim/msg/detail/color__functions.h
[14.352s] -- Installing: /home/mark-ros2/robot_ws/install/turtlesim/include/turtlesim/msg/detail/pose__functions.h
[14.352s] -- Installing: /home/mark-ros2/robot_ws/install/turtlesim/include/turtlesim/action
[14.352s] -- Installing: /home/mark-ros2/robot_ws/install/turtlesim/include/turtlesim/action/rotate_absolute.h
[14.352s] -- Installing: /home/mark-ros2/robot_ws/install/turtlesim/include/turtlesim/action/detail
[14.352s] -- Installing: /home/mark-ros2/robot_ws/install/turtlesim/include/turtlesim/action/detail/rotate_absolute__functions.h
[14.352s] -- Installing: /home/mark-ros2/robot_ws/install/turtlesim/include/turtlesim/action/detail/rotate_absolute__type_support.h
[14.353s] -- Installing: /home/mark-ros2/robot_ws/install/turtlesim/include/turtlesim/action/detail/rotate_absolute__functions.c
[14.353s] -- Installing: /home/mark-ros2/robot_ws/install/turtlesim/include/turtlesim/action/detail/rotate_absolute__struct.h
[14.353s] -- Installing: /home/mark-ros2/robot_ws/install/turtlesim/share/turtlesim/environment/library_path.sh
[14.353s] -- Installing: /home/mark-ros2/robot_ws/install/turtlesim/share/turtlesim/environment/library_path.dsv
[14.353s] -- Installing: /home/mark-ros2/robot_ws/install/turtlesim/lib/libturtlesim__rosidl_generator_c.so
[14.353s] -- Set runtime path of "/home/mark-ros2/robot_ws/install/turtlesim/lib/libturtlesim__rosidl_generator_c.so" to ""
[14.353s] -- Up-to-date: /home/mark-ros2/robot_ws/install/turtlesim/include/turtlesim
[14.353s] -- Up-to-date: /home/mark-ros2/robot_ws/install/turtlesim/include/turtlesim/srv
[14.353s] -- Up-to-date: /home/mark-ros2/robot_ws/install/turtlesim/include/turtlesim/srv/detail
[14.353s] -- Installing: /home/mark-ros2/robot_ws/install/turtlesim/include/turtlesim/srv/detail/teleport_relative__rosidl_typesupport_fastrtps_c.h
[14.353s] -- Installing: /home/mark-ros2/robot_ws/install/turtlesim/include/turtlesim/srv/detail/set_pen__rosidl_typesupport_fastrtps_c.h
[14.353s] -- Installing: /home/mark-ros2/robot_ws/install/turtlesim/include/turtlesim/srv/detail/spawn__rosidl_typesupport_fastrtps_c.h
[14.353s] -- Installing: /home/mark-ros2/robot_ws/install/turtlesim/include/turtlesim/srv/detail/kill__rosidl_typesupport_fastrtps_c.h
[14.353s] -- Installing: /home/mark-ros2/robot_ws/install/turtlesim/include/turtlesim/srv/detail/teleport_absolute__rosidl_typesupport_fastrtps_c.h
[14.353s] -- Up-to-date: /home/mark-ros2/robot_ws/install/turtlesim/include/turtlesim/msg
[14.353s] -- Installing: /home/mark-ros2/robot_ws/install/turtlesim/include/turtlesim/msg/rosidl_typesupport_fastrtps_c__visibility_control.h
[14.354s] -- Up-to-date: /home/mark-ros2/robot_ws/install/turtlesim/include/turtlesim/msg/detail
[14.354s] -- Installing: /home/mark-ros2/robot_ws/install/turtlesim/include/turtlesim/msg/detail/color__rosidl_typesupport_fastrtps_c.h
[14.354s] -- Installing: /home/mark-ros2/robot_ws/install/turtlesim/include/turtlesim/msg/detail/pose__rosidl_typesupport_fastrtps_c.h
[14.354s] -- Up-to-date: /home/mark-ros2/robot_ws/install/turtlesim/include/turtlesim/action
[14.354s] -- Up-to-date: /home/mark-ros2/robot_ws/install/turtlesim/include/turtlesim/action/detail
[14.354s] -- Installing: /home/mark-ros2/robot_ws/install/turtlesim/include/turtlesim/action/detail/rotate_absolute__rosidl_typesupport_fastrtps_c.h
[14.354s] -- Installing: /home/mark-ros2/robot_ws/install/turtlesim/lib/libturtlesim__rosidl_typesupport_fastrtps_c.so
[14.354s] -- Set runtime path of "/home/mark-ros2/robot_ws/install/turtlesim/lib/libturtlesim__rosidl_typesupport_fastrtps_c.so" to ""
[14.354s] -- Up-to-date: /home/mark-ros2/robot_ws/install/turtlesim/include/turtlesim
[14.354s] -- Up-to-date: /home/mark-ros2/robot_ws/install/turtlesim/include/turtlesim/srv
[14.354s] -- Up-to-date: /home/mark-ros2/robot_ws/install/turtlesim/include/turtlesim/srv/detail
[14.354s] -- Installing: /home/mark-ros2/robot_ws/install/turtlesim/include/turtlesim/srv/detail/teleport_relative__rosidl_typesupport_fastrtps_cpp.hpp
[14.354s] -- Installing: /home/mark-ros2/robot_ws/install/turtlesim/include/turtlesim/srv/detail/spawn__rosidl_typesupport_fastrtps_cpp.hpp
[14.354s] -- Installing: /home/mark-ros2/robot_ws/install/turtlesim/include/turtlesim/srv/detail/teleport_absolute__rosidl_typesupport_fastrtps_cpp.hpp
[14.354s] -- Installing: /home/mark-ros2/robot_ws/install/turtlesim/include/turtlesim/srv/detail/set_pen__rosidl_typesupport_fastrtps_cpp.hpp
[14.354s] -- Installing: /home/mark-ros2/robot_ws/install/turtlesim/include/turtlesim/srv/detail/kill__rosidl_typesupport_fastrtps_cpp.hpp
[14.354s] -- Installing: /home/mark-ros2/robot_ws/install/turtlesim/include/turtlesim/srv/detail/dds_fastrtps
[14.355s] -- Up-to-date: /home/mark-ros2/robot_ws/install/turtlesim/include/turtlesim/msg
[14.355s] -- Installing: /home/mark-ros2/robot_ws/install/turtlesim/include/turtlesim/msg/rosidl_typesupport_fastrtps_cpp__visibility_control.h
[14.355s] -- Up-to-date: /home/mark-ros2/robot_ws/install/turtlesim/include/turtlesim/msg/detail
[14.355s] -- Installing: /home/mark-ros2/robot_ws/install/turtlesim/include/turtlesim/msg/detail/color__rosidl_typesupport_fastrtps_cpp.hpp
[14.355s] -- Installing: /home/mark-ros2/robot_ws/install/turtlesim/include/turtlesim/msg/detail/dds_fastrtps
[14.355s] -- Installing: /home/mark-ros2/robot_ws/install/turtlesim/include/turtlesim/msg/detail/pose__rosidl_typesupport_fastrtps_cpp.hpp
[14.355s] -- Up-to-date: /home/mark-ros2/robot_ws/install/turtlesim/include/turtlesim/action
[14.355s] -- Up-to-date: /home/mark-ros2/robot_ws/install/turtlesim/include/turtlesim/action/detail
[14.355s] -- Installing: /home/mark-ros2/robot_ws/install/turtlesim/include/turtlesim/action/detail/rotate_absolute__rosidl_typesupport_fastrtps_cpp.hpp
[14.355s] -- Installing: /home/mark-ros2/robot_ws/install/turtlesim/include/turtlesim/action/detail/dds_fastrtps
[14.355s] -- Installing: /home/mark-ros2/robot_ws/install/turtlesim/lib/libturtlesim__rosidl_typesupport_fastrtps_cpp.so
[14.355s] -- Set runtime path of "/home/mark-ros2/robot_ws/install/turtlesim/lib/libturtlesim__rosidl_typesupport_fastrtps_cpp.so" to ""
[14.355s] -- Up-to-date: /home/mark-ros2/robot_ws/install/turtlesim/include/turtlesim
[14.355s] -- Up-to-date: /home/mark-ros2/robot_ws/install/turtlesim/include/turtlesim/srv
[14.355s] -- Up-to-date: /home/mark-ros2/robot_ws/install/turtlesim/include/turtlesim/srv/detail
[14.355s] -- Installing: /home/mark-ros2/robot_ws/install/turtlesim/include/turtlesim/srv/detail/kill__type_support.c
[14.356s] -- Installing: /home/mark-ros2/robot_ws/install/turtlesim/include/turtlesim/srv/detail/spawn__rosidl_typesupport_introspection_c.h
[14.356s] -- Installing: /home/mark-ros2/robot_ws/install/turtlesim/include/turtlesim/srv/detail/set_pen__rosidl_typesupport_introspection_c.h
[14.356s] -- Installing: /home/mark-ros2/robot_ws/install/turtlesim/include/turtlesim/srv/detail/kill__rosidl_typesupport_introspection_c.h
[14.356s] -- Installing: /home/mark-ros2/robot_ws/install/turtlesim/include/turtlesim/srv/detail/set_pen__type_support.c
[14.356s] -- Installing: /home/mark-ros2/robot_ws/install/turtlesim/include/turtlesim/srv/detail/teleport_relative__rosidl_typesupport_introspection_c.h
[14.356s] -- Installing: /home/mark-ros2/robot_ws/install/turtlesim/include/turtlesim/srv/detail/teleport_absolute__rosidl_typesupport_introspection_c.h
[14.356s] -- Installing: /home/mark-ros2/robot_ws/install/turtlesim/include/turtlesim/srv/detail/teleport_relative__type_support.c
[14.356s] -- Installing: /home/mark-ros2/robot_ws/install/turtlesim/include/turtlesim/srv/detail/teleport_absolute__type_support.c
[14.356s] -- Installing: /home/mark-ros2/robot_ws/install/turtlesim/include/turtlesim/srv/detail/spawn__type_support.c
[14.356s] -- Up-to-date: /home/mark-ros2/robot_ws/install/turtlesim/include/turtlesim/msg
[14.356s] -- Installing: /home/mark-ros2/robot_ws/install/turtlesim/include/turtlesim/msg/rosidl_typesupport_introspection_c__visibility_control.h
[14.356s] -- Up-to-date: /home/mark-ros2/robot_ws/install/turtlesim/include/turtlesim/msg/detail
[14.356s] -- Installing: /home/mark-ros2/robot_ws/install/turtlesim/include/turtlesim/msg/detail/pose__type_support.c
[14.356s] -- Installing: /home/mark-ros2/robot_ws/install/turtlesim/include/turtlesim/msg/detail/pose__rosidl_typesupport_introspection_c.h
[14.356s] -- Installing: /home/mark-ros2/robot_ws/install/turtlesim/include/turtlesim/msg/detail/color__type_support.c
[14.356s] -- Installing: /home/mark-ros2/robot_ws/install/turtlesim/include/turtlesim/msg/detail/color__rosidl_typesupport_introspection_c.h
[14.357s] -- Up-to-date: /home/mark-ros2/robot_ws/install/turtlesim/include/turtlesim/action
[14.357s] -- Up-to-date: /home/mark-ros2/robot_ws/install/turtlesim/include/turtlesim/action/detail
[14.357s] -- Installing: /home/mark-ros2/robot_ws/install/turtlesim/include/turtlesim/action/detail/rotate_absolute__rosidl_typesupport_introspection_c.h
[14.357s] -- Installing: /home/mark-ros2/robot_ws/install/turtlesim/include/turtlesim/action/detail/rotate_absolute__type_support.c
[14.357s] -- Installing: /home/mark-ros2/robot_ws/install/turtlesim/lib/libturtlesim__rosidl_typesupport_introspection_c.so
[14.357s] -- Set runtime path of "/home/mark-ros2/robot_ws/install/turtlesim/lib/libturtlesim__rosidl_typesupport_introspection_c.so" to ""
[14.357s] -- Installing: /home/mark-ros2/robot_ws/install/turtlesim/lib/libturtlesim__rosidl_typesupport_c.so
[14.357s] -- Set runtime path of "/home/mark-ros2/robot_ws/install/turtlesim/lib/libturtlesim__rosidl_typesupport_c.so" to ""
[14.357s] -- Up-to-date: /home/mark-ros2/robot_ws/install/turtlesim/include/turtlesim
[14.357s] -- Up-to-date: /home/mark-ros2/robot_ws/install/turtlesim/include/turtlesim/srv
[14.357s] -- Installing: /home/mark-ros2/robot_ws/install/turtlesim/include/turtlesim/srv/set_pen.hpp
[14.357s] -- Installing: /home/mark-ros2/robot_ws/install/turtlesim/include/turtlesim/srv/kill.hpp
[14.357s] -- Installing: /home/mark-ros2/robot_ws/install/turtlesim/include/turtlesim/srv/teleport_absolute.hpp
[14.357s] -- Installing: /home/mark-ros2/robot_ws/install/turtlesim/include/turtlesim/srv/spawn.hpp
[14.358s] -- Installing: /home/mark-ros2/robot_ws/install/turtlesim/include/turtlesim/srv/teleport_relative.hpp
[14.358s] -- Up-to-date: /home/mark-ros2/robot_ws/install/turtlesim/include/turtlesim/srv/detail
[14.358s] -- Installing: /home/mark-ros2/robot_ws/install/turtlesim/include/turtlesim/srv/detail/set_pen__struct.hpp
[14.358s] -- Installing: /home/mark-ros2/robot_ws/install/turtlesim/include/turtlesim/srv/detail/spawn__traits.hpp
[14.358s] -- Installing: /home/mark-ros2/robot_ws/install/turtlesim/include/turtlesim/srv/detail/teleport_relative__struct.hpp
[14.358s] -- Installing: /home/mark-ros2/robot_ws/install/turtlesim/include/turtlesim/srv/detail/teleport_absolute__struct.hpp
[14.358s] -- Installing: /home/mark-ros2/robot_ws/install/turtlesim/include/turtlesim/srv/detail/kill__struct.hpp
[14.358s] -- Installing: /home/mark-ros2/robot_ws/install/turtlesim/include/turtlesim/srv/detail/set_pen__traits.hpp
[14.358s] -- Installing: /home/mark-ros2/robot_ws/install/turtlesim/include/turtlesim/srv/detail/spawn__struct.hpp
[14.358s] -- Installing: /home/mark-ros2/robot_ws/install/turtlesim/include/turtlesim/srv/detail/kill__traits.hpp
[14.358s] -- Installing: /home/mark-ros2/robot_ws/install/turtlesim/include/turtlesim/srv/detail/teleport_absolute__builder.hpp
[14.358s] -- Installing: /home/mark-ros2/robot_ws/install/turtlesim/include/turtlesim/srv/detail/teleport_relative__traits.hpp
[14.358s] -- Installing: /home/mark-ros2/robot_ws/install/turtlesim/include/turtlesim/srv/detail/kill__builder.hpp
[14.358s] -- Installing: /home/mark-ros2/robot_ws/install/turtlesim/include/turtlesim/srv/detail/teleport_relative__builder.hpp
[14.358s] -- Installing: /home/mark-ros2/robot_ws/install/turtlesim/include/turtlesim/srv/detail/set_pen__builder.hpp
[14.359s] -- Installing: /home/mark-ros2/robot_ws/install/turtlesim/include/turtlesim/srv/detail/spawn__builder.hpp
[14.359s] -- Installing: /home/mark-ros2/robot_ws/install/turtlesim/include/turtlesim/srv/detail/teleport_absolute__traits.hpp
[14.359s] -- Up-to-date: /home/mark-ros2/robot_ws/install/turtlesim/include/turtlesim/msg
[14.359s] -- Installing: /home/mark-ros2/robot_ws/install/turtlesim/include/turtlesim/msg/pose.hpp
[14.359s] -- Installing: /home/mark-ros2/robot_ws/install/turtlesim/include/turtlesim/msg/color.hpp
[14.359s] -- Up-to-date: /home/mark-ros2/robot_ws/install/turtlesim/include/turtlesim/msg/detail
[14.359s] -- Installing: /home/mark-ros2/robot_ws/install/turtlesim/include/turtlesim/msg/detail/pose__builder.hpp
[14.359s] -- Installing: /home/mark-ros2/robot_ws/install/turtlesim/include/turtlesim/msg/detail/color__traits.hpp
[14.359s] -- Installing: /home/mark-ros2/robot_ws/install/turtlesim/include/turtlesim/msg/detail/pose__struct.hpp
[14.359s] -- Installing: /home/mark-ros2/robot_ws/install/turtlesim/include/turtlesim/msg/detail/pose__traits.hpp
[14.359s] -- Installing: /home/mark-ros2/robot_ws/install/turtlesim/include/turtlesim/msg/detail/color__struct.hpp
[14.359s] -- Installing: /home/mark-ros2/robot_ws/install/turtlesim/include/turtlesim/msg/detail/color__builder.hpp
[14.359s] -- Up-to-date: /home/mark-ros2/robot_ws/install/turtlesim/include/turtlesim/action
[14.359s] -- Installing: /home/mark-ros2/robot_ws/install/turtlesim/include/turtlesim/action/rotate_absolute.hpp
[14.359s] -- Up-to-date: /home/mark-ros2/robot_ws/install/turtlesim/include/turtlesim/action/detail
[14.359s] -- Installing: /home/mark-ros2/robot_ws/install/turtlesim/include/turtlesim/action/detail/rotate_absolute__traits.hpp
[14.359s] -- Installing: /home/mark-ros2/robot_ws/install/turtlesim/include/turtlesim/action/detail/rotate_absolute__struct.hpp
[14.360s] -- Installing: /home/mark-ros2/robot_ws/install/turtlesim/include/turtlesim/action/detail/rotate_absolute__builder.hpp
[14.360s] -- Up-to-date: /home/mark-ros2/robot_ws/install/turtlesim/include/turtlesim
[14.360s] -- Up-to-date: /home/mark-ros2/robot_ws/install/turtlesim/include/turtlesim/srv
[14.360s] -- Up-to-date: /home/mark-ros2/robot_ws/install/turtlesim/include/turtlesim/srv/detail
[14.360s] -- Installing: /home/mark-ros2/robot_ws/install/turtlesim/include/turtlesim/srv/detail/teleport_relative__rosidl_typesupport_introspection_cpp.hpp
[14.360s] -- Installing: /home/mark-ros2/robot_ws/install/turtlesim/include/turtlesim/srv/detail/spawn__rosidl_typesupport_introspection_cpp.hpp
[14.360s] -- Installing: /home/mark-ros2/robot_ws/install/turtlesim/include/turtlesim/srv/detail/teleport_absolute__rosidl_typesupport_introspection_cpp.hpp
[14.360s] -- Installing: /home/mark-ros2/robot_ws/install/turtlesim/include/turtlesim/srv/detail/set_pen__rosidl_typesupport_introspection_cpp.hpp
[14.360s] -- Installing: /home/mark-ros2/robot_ws/install/turtlesim/include/turtlesim/srv/detail/set_pen__type_support.cpp
[14.360s] -- Installing: /home/mark-ros2/robot_ws/install/turtlesim/include/turtlesim/srv/detail/spawn__type_support.cpp
[14.360s] -- Installing: /home/mark-ros2/robot_ws/install/turtlesim/include/turtlesim/srv/detail/teleport_relative__type_support.cpp
[14.360s] -- Installing: /home/mark-ros2/robot_ws/install/turtlesim/include/turtlesim/srv/detail/kill__type_support.cpp
[14.360s] -- Installing: /home/mark-ros2/robot_ws/install/turtlesim/include/turtlesim/srv/detail/kill__rosidl_typesupport_introspection_cpp.hpp
[14.360s] -- Installing: /home/mark-ros2/robot_ws/install/turtlesim/include/turtlesim/srv/detail/teleport_absolute__type_support.cpp
[14.360s] -- Up-to-date: /home/mark-ros2/robot_ws/install/turtlesim/include/turtlesim/msg
[14.360s] -- Up-to-date: /home/mark-ros2/robot_ws/install/turtlesim/include/turtlesim/msg/detail
[14.360s] -- Installing: /home/mark-ros2/robot_ws/install/turtlesim/include/turtlesim/msg/detail/pose__rosidl_typesupport_introspection_cpp.hpp
[14.360s] -- Installing: /home/mark-ros2/robot_ws/install/turtlesim/include/turtlesim/msg/detail/color__type_support.cpp
[14.361s] -- Installing: /home/mark-ros2/robot_ws/install/turtlesim/include/turtlesim/msg/detail/pose__type_support.cpp
[14.361s] -- Installing: /home/mark-ros2/robot_ws/install/turtlesim/include/turtlesim/msg/detail/color__rosidl_typesupport_introspection_cpp.hpp
[14.361s] -- Up-to-date: /home/mark-ros2/robot_ws/install/turtlesim/include/turtlesim/action
[14.361s] -- Up-to-date: /home/mark-ros2/robot_ws/install/turtlesim/include/turtlesim/action/detail
[14.361s] -- Installing: /home/mark-ros2/robot_ws/install/turtlesim/include/turtlesim/action/detail/rotate_absolute__rosidl_typesupport_introspection_cpp.hpp
[14.361s] -- Installing: /home/mark-ros2/robot_ws/install/turtlesim/include/turtlesim/action/detail/rotate_absolute__type_support.cpp
[14.361s] -- Installing: /home/mark-ros2/robot_ws/install/turtlesim/lib/libturtlesim__rosidl_typesupport_introspection_cpp.so
[14.361s] -- Set runtime path of "/home/mark-ros2/robot_ws/install/turtlesim/lib/libturtlesim__rosidl_typesupport_introspection_cpp.so" to ""
[14.361s] -- Installing: /home/mark-ros2/robot_ws/install/turtlesim/lib/libturtlesim__rosidl_typesupport_cpp.so
[14.361s] -- Set runtime path of "/home/mark-ros2/robot_ws/install/turtlesim/lib/libturtlesim__rosidl_typesupport_cpp.so" to ""
[14.361s] -- Installing: /home/mark-ros2/robot_ws/install/turtlesim/share/turtlesim/environment/pythonpath.sh
[14.361s] -- Installing: /home/mark-ros2/robot_ws/install/turtlesim/share/turtlesim/environment/pythonpath.dsv
[14.361s] -- Installing: /home/mark-ros2/robot_ws/install/turtlesim/lib/python3.8/site-packages/turtlesim/__init__.py
[14.381s] Compiling '/home/mark-ros2/robot_ws/install/turtlesim/lib/python3.8/site-packages/turtlesim/__init__.py'...
[14.384s] -- Installing: /home/mark-ros2/robot_ws/install/turtlesim/lib/python3.8/site-packages/turtlesim/action
[14.384s] -- Installing: /home/mark-ros2/robot_ws/install/turtlesim/lib/python3.8/site-packages/turtlesim/action/__init__.py
[14.384s] -- Installing: /home/mark-ros2/robot_ws/install/turtlesim/lib/python3.8/site-packages/turtlesim/action/_rotate_absolute_s.c
[14.384s] -- Installing: /home/mark-ros2/robot_ws/install/turtlesim/lib/python3.8/site-packages/turtlesim/action/_rotate_absolute.py
[14.384s] -- Installing: /home/mark-ros2/robot_ws/install/turtlesim/lib/python3.8/site-packages/turtlesim/msg
[14.384s] -- Installing: /home/mark-ros2/robot_ws/install/turtlesim/lib/python3.8/site-packages/turtlesim/msg/__init__.py
[14.384s] -- Installing: /home/mark-ros2/robot_ws/install/turtlesim/lib/python3.8/site-packages/turtlesim/msg/_color_s.c
[14.384s] -- Installing: /home/mark-ros2/robot_ws/install/turtlesim/lib/python3.8/site-packages/turtlesim/msg/_pose_s.c
[14.385s] -- Installing: /home/mark-ros2/robot_ws/install/turtlesim/lib/python3.8/site-packages/turtlesim/msg/_color.py
[14.385s] -- Installing: /home/mark-ros2/robot_ws/install/turtlesim/lib/python3.8/site-packages/turtlesim/msg/_pose.py
[14.385s] -- Installing: /home/mark-ros2/robot_ws/install/turtlesim/lib/python3.8/site-packages/turtlesim/srv
[14.385s] -- Installing: /home/mark-ros2/robot_ws/install/turtlesim/lib/python3.8/site-packages/turtlesim/srv/__init__.py
[14.385s] -- Installing: /home/mark-ros2/robot_ws/install/turtlesim/lib/python3.8/site-packages/turtlesim/srv/_teleport_absolute_s.c
[14.385s] -- Installing: /home/mark-ros2/robot_ws/install/turtlesim/lib/python3.8/site-packages/turtlesim/srv/_spawn_s.c
[14.385s] -- Installing: /home/mark-ros2/robot_ws/install/turtlesim/lib/python3.8/site-packages/turtlesim/srv/_spawn.py
[14.385s] -- Installing: /home/mark-ros2/robot_ws/install/turtlesim/lib/python3.8/site-packages/turtlesim/srv/_set_pen_s.c
[14.385s] -- Installing: /home/mark-ros2/robot_ws/install/turtlesim/lib/python3.8/site-packages/turtlesim/srv/_kill_s.c
[14.385s] -- Installing: /home/mark-ros2/robot_ws/install/turtlesim/lib/python3.8/site-packages/turtlesim/srv/_teleport_relative.py
[14.385s] -- Installing: /home/mark-ros2/robot_ws/install/turtlesim/lib/python3.8/site-packages/turtlesim/srv/_kill.py
[14.385s] -- Installing: /home/mark-ros2/robot_ws/install/turtlesim/lib/python3.8/site-packages/turtlesim/srv/_set_pen.py
[14.385s] -- Installing: /home/mark-ros2/robot_ws/install/turtlesim/lib/python3.8/site-packages/turtlesim/srv/_teleport_relative_s.c
[14.385s] -- Installing: /home/mark-ros2/robot_ws/install/turtlesim/lib/python3.8/site-packages/turtlesim/srv/_teleport_absolute.py
[14.385s] -- Installing: /home/mark-ros2/robot_ws/install/turtlesim/lib/python3.8/site-packages/turtlesim/turtlesim_s__rosidl_typesupport_fastrtps_c.cpython-38-x86_64-linux-gnu.so
[14.385s] -- Set runtime path of "/home/mark-ros2/robot_ws/install/turtlesim/lib/python3.8/site-packages/turtlesim/turtlesim_s__rosidl_typesupport_fastrtps_c.cpython-38-x86_64-linux-gnu.so" to ""
[14.386s] -- Installing: /home/mark-ros2/robot_ws/install/turtlesim/lib/python3.8/site-packages/turtlesim/turtlesim_s__rosidl_typesupport_introspection_c.cpython-38-x86_64-linux-gnu.so
[14.386s] -- Set runtime path of "/home/mark-ros2/robot_ws/install/turtlesim/lib/python3.8/site-packages/turtlesim/turtlesim_s__rosidl_typesupport_introspection_c.cpython-38-x86_64-linux-gnu.so" to ""
[14.386s] -- Installing: /home/mark-ros2/robot_ws/install/turtlesim/lib/python3.8/site-packages/turtlesim/turtlesim_s__rosidl_typesupport_c.cpython-38-x86_64-linux-gnu.so
[14.386s] -- Set runtime path of "/home/mark-ros2/robot_ws/install/turtlesim/lib/python3.8/site-packages/turtlesim/turtlesim_s__rosidl_typesupport_c.cpython-38-x86_64-linux-gnu.so" to ""
[14.386s] -- Installing: /home/mark-ros2/robot_ws/install/turtlesim/lib/libturtlesim__python.so
[14.387s] -- Set runtime path of "/home/mark-ros2/robot_ws/install/turtlesim/lib/libturtlesim__python.so" to ""
[14.387s] -- Installing: /home/mark-ros2/robot_ws/install/turtlesim/share/turtlesim/action/RotateAbsolute.idl
[14.387s] -- Installing: /home/mark-ros2/robot_ws/install/turtlesim/share/turtlesim/msg/Color.idl
[14.387s] -- Installing: /home/mark-ros2/robot_ws/install/turtlesim/share/turtlesim/msg/Pose.idl
[14.387s] -- Installing: /home/mark-ros2/robot_ws/install/turtlesim/share/turtlesim/srv/Kill.idl
[14.387s] -- Installing: /home/mark-ros2/robot_ws/install/turtlesim/share/turtlesim/srv/SetPen.idl
[14.387s] -- Installing: /home/mark-ros2/robot_ws/install/turtlesim/share/turtlesim/srv/Spawn.idl
[14.387s] -- Installing: /home/mark-ros2/robot_ws/install/turtlesim/share/turtlesim/srv/TeleportAbsolute.idl
[14.387s] -- Installing: /home/mark-ros2/robot_ws/install/turtlesim/share/turtlesim/srv/TeleportRelative.idl
[14.387s] -- Installing: /home/mark-ros2/robot_ws/install/turtlesim/share/turtlesim/action/RotateAbsolute.action
[14.387s] -- Installing: /home/mark-ros2/robot_ws/install/turtlesim/share/turtlesim/msg/Color.msg
[14.387s] -- Installing: /home/mark-ros2/robot_ws/install/turtlesim/share/turtlesim/msg/Pose.msg
[14.388s] -- Installing: /home/mark-ros2/robot_ws/install/turtlesim/share/turtlesim/srv/Kill.srv
[14.388s] -- Installing: /home/mark-ros2/robot_ws/install/turtlesim/share/turtlesim/srv/Kill_Request.msg
[14.388s] -- Installing: /home/mark-ros2/robot_ws/install/turtlesim/share/turtlesim/srv/Kill_Response.msg
[14.388s] -- Installing: /home/mark-ros2/robot_ws/install/turtlesim/share/turtlesim/srv/SetPen.srv
[14.388s] -- Installing: /home/mark-ros2/robot_ws/install/turtlesim/share/turtlesim/srv/SetPen_Request.msg
[14.388s] -- Installing: /home/mark-ros2/robot_ws/install/turtlesim/share/turtlesim/srv/SetPen_Response.msg
[14.388s] -- Installing: /home/mark-ros2/robot_ws/install/turtlesim/share/turtlesim/srv/Spawn.srv
[14.388s] -- Installing: /home/mark-ros2/robot_ws/install/turtlesim/share/turtlesim/srv/Spawn_Request.msg
[14.388s] -- Installing: /home/mark-ros2/robot_ws/install/turtlesim/share/turtlesim/srv/Spawn_Response.msg
[14.388s] -- Installing: /home/mark-ros2/robot_ws/install/turtlesim/share/turtlesim/srv/TeleportAbsolute.srv
[14.388s] -- Installing: /home/mark-ros2/robot_ws/install/turtlesim/share/turtlesim/srv/TeleportAbsolute_Request.msg
[14.388s] -- Installing: /home/mark-ros2/robot_ws/install/turtlesim/share/turtlesim/srv/TeleportAbsolute_Response.msg
[14.389s] -- Installing: /home/mark-ros2/robot_ws/install/turtlesim/share/turtlesim/srv/TeleportRelative.srv
[14.389s] -- Installing: /home/mark-ros2/robot_ws/install/turtlesim/share/turtlesim/srv/TeleportRelative_Request.msg
[14.389s] -- Installing: /home/mark-ros2/robot_ws/install/turtlesim/share/turtlesim/srv/TeleportRelative_Response.msg
[14.389s] -- Installing: /home/mark-ros2/robot_ws/install/turtlesim/lib/turtlesim/turtlesim_node
[14.391s] -- Set runtime path of "/home/mark-ros2/robot_ws/install/turtlesim/lib/turtlesim/turtlesim_node" to ""
[14.391s] -- Installing: /home/mark-ros2/robot_ws/install/turtlesim/lib/turtlesim/turtle_teleop_key
[14.392s] -- Set runtime path of "/home/mark-ros2/robot_ws/install/turtlesim/lib/turtlesim/turtle_teleop_key" to ""
[14.392s] -- Installing: /home/mark-ros2/robot_ws/install/turtlesim/lib/turtlesim/draw_square
[14.394s] -- Set runtime path of "/home/mark-ros2/robot_ws/install/turtlesim/lib/turtlesim/draw_square" to ""
[14.394s] -- Installing: /home/mark-ros2/robot_ws/install/turtlesim/lib/turtlesim/mimic
[14.395s] -- Set runtime path of "/home/mark-ros2/robot_ws/install/turtlesim/lib/turtlesim/mimic" to ""
[14.395s] -- Installing: /home/mark-ros2/robot_ws/install/turtlesim/share/turtlesim/images
[14.395s] -- Installing: /home/mark-ros2/robot_ws/install/turtlesim/share/turtlesim/images/dashing.png
[14.395s] -- Installing: /home/mark-ros2/robot_ws/install/turtlesim/share/turtlesim/images/foxy.png
[14.395s] -- Installing: /home/mark-ros2/robot_ws/install/turtlesim/share/turtlesim/images/eloquent.png
[14.395s] -- Installing: /home/mark-ros2/robot_ws/install/turtlesim/share/turtlesim/images/ardent.png
[14.395s] -- Installing: /home/mark-ros2/robot_ws/install/turtlesim/share/turtlesim/images/crystal.png
[14.395s] -- Installing: /home/mark-ros2/robot_ws/install/turtlesim/share/turtlesim/images/bouncy.png
[14.395s] -- Installing: /home/mark-ros2/robot_ws/install/turtlesim/share/turtlesim/launch
[14.395s] -- Installing: /home/mark-ros2/robot_ws/install/turtlesim/share/turtlesim/launch/multisim.launch.py
[14.395s] -- Installing: /home/mark-ros2/robot_ws/install/turtlesim/share/ament_index/resource_index/package_run_dependencies/turtlesim
[14.395s] -- Installing: /home/mark-ros2/robot_ws/install/turtlesim/share/ament_index/resource_index/parent_prefix_path/turtlesim
[14.395s] -- Installing: /home/mark-ros2/robot_ws/install/turtlesim/share/turtlesim/environment/ament_prefix_path.sh
[14.396s] -- Installing: /home/mark-ros2/robot_ws/install/turtlesim/share/turtlesim/environment/ament_prefix_path.dsv
[14.396s] -- Installing: /home/mark-ros2/robot_ws/install/turtlesim/share/turtlesim/environment/path.sh
[14.396s] -- Installing: /home/mark-ros2/robot_ws/install/turtlesim/share/turtlesim/environment/path.dsv
[14.396s] -- Installing: /home/mark-ros2/robot_ws/install/turtlesim/share/turtlesim/local_setup.bash
[14.396s] -- Installing: /home/mark-ros2/robot_ws/install/turtlesim/share/turtlesim/local_setup.sh
[14.396s] -- Installing: /home/mark-ros2/robot_ws/install/turtlesim/share/turtlesim/local_setup.zsh
[14.396s] -- Installing: /home/mark-ros2/robot_ws/install/turtlesim/share/turtlesim/local_setup.dsv
[14.396s] -- Installing: /home/mark-ros2/robot_ws/install/turtlesim/share/turtlesim/package.dsv
[14.396s] -- Installing: /home/mark-ros2/robot_ws/install/turtlesim/share/ament_index/resource_index/packages/turtlesim
[14.396s] -- Installing: /home/mark-ros2/robot_ws/install/turtlesim/share/turtlesim/cmake/turtlesim__rosidl_generator_cExport.cmake
[14.396s] -- Installing: /home/mark-ros2/robot_ws/install/turtlesim/share/turtlesim/cmake/turtlesim__rosidl_generator_cExport-noconfig.cmake
[14.396s] -- Installing: /home/mark-ros2/robot_ws/install/turtlesim/share/turtlesim/cmake/turtlesim__rosidl_typesupport_introspection_cExport.cmake
[14.397s] -- Installing: /home/mark-ros2/robot_ws/install/turtlesim/share/turtlesim/cmake/turtlesim__rosidl_typesupport_introspection_cExport-noconfig.cmake
[14.397s] -- Installing: /home/mark-ros2/robot_ws/install/turtlesim/share/turtlesim/cmake/turtlesim__rosidl_typesupport_cExport.cmake
[14.397s] -- Installing: /home/mark-ros2/robot_ws/install/turtlesim/share/turtlesim/cmake/turtlesim__rosidl_typesupport_cExport-noconfig.cmake
[14.397s] -- Installing: /home/mark-ros2/robot_ws/install/turtlesim/share/turtlesim/cmake/turtlesim__rosidl_generator_cppExport.cmake
[14.397s] -- Installing: /home/mark-ros2/robot_ws/install/turtlesim/share/turtlesim/cmake/turtlesim__rosidl_typesupport_introspection_cppExport.cmake
[14.397s] -- Installing: /home/mark-ros2/robot_ws/install/turtlesim/share/turtlesim/cmake/turtlesim__rosidl_typesupport_introspection_cppExport-noconfig.cmake
[14.397s] -- Installing: /home/mark-ros2/robot_ws/install/turtlesim/share/turtlesim/cmake/turtlesim__rosidl_typesupport_cppExport.cmake
[14.397s] -- Installing: /home/mark-ros2/robot_ws/install/turtlesim/share/turtlesim/cmake/turtlesim__rosidl_typesupport_cppExport-noconfig.cmake
[14.397s] -- Installing: /home/mark-ros2/robot_ws/install/turtlesim/share/turtlesim/cmake/rosidl_cmake-extras.cmake
[14.397s] -- Installing: /home/mark-ros2/robot_ws/install/turtlesim/share/turtlesim/cmake/ament_cmake_export_dependencies-extras.cmake
[14.398s] -- Installing: /home/mark-ros2/robot_ws/install/turtlesim/share/turtlesim/cmake/ament_cmake_export_libraries-extras.cmake
[14.398s] -- Installing: /home/mark-ros2/robot_ws/install/turtlesim/share/turtlesim/cmake/ament_cmake_export_targets-extras.cmake
[14.398s] -- Installing: /home/mark-ros2/robot_ws/install/turtlesim/share/turtlesim/cmake/ament_cmake_export_include_directories-extras.cmake
[14.398s] -- Installing: /home/mark-ros2/robot_ws/install/turtlesim/share/turtlesim/cmake/rosidl_cmake_export_typesupport_libraries-extras.cmake
[14.398s] -- Installing: /home/mark-ros2/robot_ws/install/turtlesim/share/turtlesim/cmake/rosidl_cmake_export_typesupport_targets-extras.cmake
[14.398s] -- Installing: /home/mark-ros2/robot_ws/install/turtlesim/share/turtlesim/cmake/turtlesimConfig.cmake
[14.398s] -- Installing: /home/mark-ros2/robot_ws/install/turtlesim/share/turtlesim/cmake/turtlesimConfig-version.cmake
[14.398s] -- Installing: /home/mark-ros2/robot_ws/install/turtlesim/share/turtlesim/package.xml
[14.400s] Invoked command in '/home/mark-ros2/robot_ws/build/turtlesim' returned '0': CMAKE_PREFIX_PATH=/opt/ros/foxy /usr/bin/cmake --install /home/mark-ros2/robot_ws/build/turtlesim
