[0.210s] DEBUG:colcon:Command line arguments: ['/usr/bin/colcon', 'build']
[0.210s] DEBUG:colcon:Parsed command line arguments: Namespace(ament_cmake_args=None, base_paths=['.'], build_base='build', catkin_cmake_args=None, catkin_skip_building_tests=False, cmake_args=None, cmake_clean_cache=False, cmake_clean_first=False, cmake_force_configure=False, cmake_target=None, cmake_target_skip_unavailable=False, continue_on_error=False, event_handlers=None, executor='parallel', ignore_user_meta=False, install_base='install', log_base=None, log_level=None, main=<bound method BuildVerb.main of <colcon_core.verb.build.BuildVerb object at 0x7f11122445b0>>, merge_install=False, metas=['./colcon.meta'], packages_above=None, packages_above_and_dependencies=None, packages_above_depth=None, packages_end=None, packages_ignore=None, packages_ignore_regex=None, packages_select=None, packages_select_build_failed=False, packages_select_by_dep=None, packages_select_regex=None, packages_select_test_failures=False, packages_skip=None, packages_skip_build_finished=False, packages_skip_by_dep=None, packages_skip_regex=None, packages_skip_test_passed=False, packages_skip_up_to=None, packages_start=None, packages_up_to=None, packages_up_to_regex=None, parallel_workers=12, paths=None, symlink_install=False, test_result_base=None, verb_extension=<colcon_core.verb.build.BuildVerb object at 0x7f11122445b0>, verb_name='build', verb_parser=<colcon_defaults.argument_parser.defaults.DefaultArgumentsDecorator object at 0x7f1112244af0>)
[0.214s] Level 1:colcon.colcon_core.package_discovery:discover_packages(colcon_meta) check parameters
[0.214s] Level 1:colcon.colcon_core.package_discovery:discover_packages(recursive) check parameters
[0.214s] Level 1:colcon.colcon_core.package_discovery:discover_packages(ignore) check parameters
[0.214s] Level 1:colcon.colcon_core.package_discovery:discover_packages(path) check parameters
[0.214s] Level 1:colcon.colcon_core.package_discovery:discover_packages(colcon_meta) discover
[0.214s] Level 1:colcon.colcon_core.package_discovery:discover_packages(recursive) discover
[0.214s] INFO:colcon.colcon_core.package_discovery:Crawling recursively for packages in '/home/mark-ros2/robot_ws'
[0.214s] Level 1:colcon.colcon_core.package_identification:_identify(.) by extensions ['ignore', 'ignore_ament_install']
[0.214s] Level 1:colcon.colcon_core.package_identification:_identify(.) by extension 'ignore'
[0.214s] Level 1:colcon.colcon_core.package_identification:_identify(.) by extension 'ignore_ament_install'
[0.214s] Level 1:colcon.colcon_core.package_identification:_identify(.) by extensions ['colcon_pkg']
[0.214s] Level 1:colcon.colcon_core.package_identification:_identify(.) by extension 'colcon_pkg'
[0.214s] Level 1:colcon.colcon_core.package_identification:_identify(.) by extensions ['colcon_meta']
[0.214s] Level 1:colcon.colcon_core.package_identification:_identify(.) by extension 'colcon_meta'
[0.214s] Level 1:colcon.colcon_core.package_identification:_identify(.) by extensions ['ros']
[0.214s] Level 1:colcon.colcon_core.package_identification:_identify(.) by extension 'ros'
[0.222s] Level 1:colcon.colcon_core.package_identification:_identify(.) by extensions ['cmake', 'python']
[0.222s] Level 1:colcon.colcon_core.package_identification:_identify(.) by extension 'cmake'
[0.222s] Level 1:colcon.colcon_core.package_identification:_identify(.) by extension 'python'
[0.222s] Level 1:colcon.colcon_core.package_identification:_identify(.) by extensions ['python_setup_py']
[0.222s] Level 1:colcon.colcon_core.package_identification:_identify(.) by extension 'python_setup_py'
[0.222s] Level 1:colcon.colcon_core.package_identification:_identify(build) by extensions ['ignore', 'ignore_ament_install']
[0.222s] Level 1:colcon.colcon_core.package_identification:_identify(build) by extension 'ignore'
[0.222s] Level 1:colcon.colcon_core.package_identification:_identify(build) ignored
[0.223s] Level 1:colcon.colcon_core.package_identification:_identify(install) by extensions ['ignore', 'ignore_ament_install']
[0.223s] Level 1:colcon.colcon_core.package_identification:_identify(install) by extension 'ignore'
[0.223s] Level 1:colcon.colcon_core.package_identification:_identify(install) ignored
[0.223s] Level 1:colcon.colcon_core.package_identification:_identify(log) by extensions ['ignore', 'ignore_ament_install']
[0.223s] Level 1:colcon.colcon_core.package_identification:_identify(log) by extension 'ignore'
[0.223s] Level 1:colcon.colcon_core.package_identification:_identify(log) ignored
[0.223s] Level 1:colcon.colcon_core.package_identification:_identify(src) by extensions ['ignore', 'ignore_ament_install']
[0.223s] Level 1:colcon.colcon_core.package_identification:_identify(src) by extension 'ignore'
[0.223s] Level 1:colcon.colcon_core.package_identification:_identify(src) by extension 'ignore_ament_install'
[0.223s] Level 1:colcon.colcon_core.package_identification:_identify(src) by extensions ['colcon_pkg']
[0.223s] Level 1:colcon.colcon_core.package_identification:_identify(src) by extension 'colcon_pkg'
[0.223s] Level 1:colcon.colcon_core.package_identification:_identify(src) by extensions ['colcon_meta']
[0.223s] Level 1:colcon.colcon_core.package_identification:_identify(src) by extension 'colcon_meta'
[0.223s] Level 1:colcon.colcon_core.package_identification:_identify(src) by extensions ['ros']
[0.223s] Level 1:colcon.colcon_core.package_identification:_identify(src) by extension 'ros'
[0.223s] Level 1:colcon.colcon_core.package_identification:_identify(src) by extensions ['cmake', 'python']
[0.223s] Level 1:colcon.colcon_core.package_identification:_identify(src) by extension 'cmake'
[0.223s] Level 1:colcon.colcon_core.package_identification:_identify(src) by extension 'python'
[0.223s] Level 1:colcon.colcon_core.package_identification:_identify(src) by extensions ['python_setup_py']
[0.224s] Level 1:colcon.colcon_core.package_identification:_identify(src) by extension 'python_setup_py'
[0.224s] Level 1:colcon.colcon_core.package_identification:_identify(src/hello_world) by extensions ['ignore', 'ignore_ament_install']
[0.224s] Level 1:colcon.colcon_core.package_identification:_identify(src/hello_world) by extension 'ignore'
[0.224s] Level 1:colcon.colcon_core.package_identification:_identify(src/hello_world) by extension 'ignore_ament_install'
[0.224s] Level 1:colcon.colcon_core.package_identification:_identify(src/hello_world) by extensions ['colcon_pkg']
[0.224s] Level 1:colcon.colcon_core.package_identification:_identify(src/hello_world) by extension 'colcon_pkg'
[0.224s] Level 1:colcon.colcon_core.package_identification:_identify(src/hello_world) by extensions ['colcon_meta']
[0.224s] Level 1:colcon.colcon_core.package_identification:_identify(src/hello_world) by extension 'colcon_meta'
[0.224s] Level 1:colcon.colcon_core.package_identification:_identify(src/hello_world) by extensions ['ros']
[0.224s] Level 1:colcon.colcon_core.package_identification:_identify(src/hello_world) by extension 'ros'
[0.225s] DEBUG:colcon.colcon_core.package_identification:Package 'src/hello_world' with type 'ros.ament_python' and name 'hello_world'
[0.225s] Level 1:colcon.colcon_core.package_identification:_identify(src/myfirstpackage) by extensions ['ignore', 'ignore_ament_install']
[0.226s] Level 1:colcon.colcon_core.package_identification:_identify(src/myfirstpackage) by extension 'ignore'
[0.226s] Level 1:colcon.colcon_core.package_identification:_identify(src/myfirstpackage) by extension 'ignore_ament_install'
[0.226s] Level 1:colcon.colcon_core.package_identification:_identify(src/myfirstpackage) by extensions ['colcon_pkg']
[0.226s] Level 1:colcon.colcon_core.package_identification:_identify(src/myfirstpackage) by extension 'colcon_pkg'
[0.226s] Level 1:colcon.colcon_core.package_identification:_identify(src/myfirstpackage) by extensions ['colcon_meta']
[0.226s] Level 1:colcon.colcon_core.package_identification:_identify(src/myfirstpackage) by extension 'colcon_meta'
[0.226s] Level 1:colcon.colcon_core.package_identification:_identify(src/myfirstpackage) by extensions ['ros']
[0.226s] Level 1:colcon.colcon_core.package_identification:_identify(src/myfirstpackage) by extension 'ros'
[0.227s] DEBUG:colcon.colcon_core.package_identification:Package 'src/myfirstpackage' with type 'ros.ament_python' and name 'myfirstpackage'
[0.227s] Level 1:colcon.colcon_core.package_identification:_identify(src/ros_tutorials) by extensions ['ignore', 'ignore_ament_install']
[0.227s] Level 1:colcon.colcon_core.package_identification:_identify(src/ros_tutorials) by extension 'ignore'
[0.227s] Level 1:colcon.colcon_core.package_identification:_identify(src/ros_tutorials) by extension 'ignore_ament_install'
[0.227s] Level 1:colcon.colcon_core.package_identification:_identify(src/ros_tutorials) by extensions ['colcon_pkg']
[0.227s] Level 1:colcon.colcon_core.package_identification:_identify(src/ros_tutorials) by extension 'colcon_pkg'
[0.227s] Level 1:colcon.colcon_core.package_identification:_identify(src/ros_tutorials) by extensions ['colcon_meta']
[0.227s] Level 1:colcon.colcon_core.package_identification:_identify(src/ros_tutorials) by extension 'colcon_meta'
[0.227s] Level 1:colcon.colcon_core.package_identification:_identify(src/ros_tutorials) by extensions ['ros']
[0.227s] Level 1:colcon.colcon_core.package_identification:_identify(src/ros_tutorials) by extension 'ros'
[0.227s] Level 1:colcon.colcon_core.package_identification:_identify(src/ros_tutorials) by extensions ['cmake', 'python']
[0.227s] Level 1:colcon.colcon_core.package_identification:_identify(src/ros_tutorials) by extension 'cmake'
[0.227s] Level 1:colcon.colcon_core.package_identification:_identify(src/ros_tutorials) by extension 'python'
[0.227s] Level 1:colcon.colcon_core.package_identification:_identify(src/ros_tutorials) by extensions ['python_setup_py']
[0.227s] Level 1:colcon.colcon_core.package_identification:_identify(src/ros_tutorials) by extension 'python_setup_py'
[0.227s] Level 1:colcon.colcon_core.package_identification:_identify(src/ros_tutorials/ros_tutorials) by extensions ['ignore', 'ignore_ament_install']
[0.227s] Level 1:colcon.colcon_core.package_identification:_identify(src/ros_tutorials/ros_tutorials) by extension 'ignore'
[0.227s] Level 1:colcon.colcon_core.package_identification:_identify(src/ros_tutorials/ros_tutorials) ignored
[0.227s] Level 1:colcon.colcon_core.package_identification:_identify(src/ros_tutorials/roscpp_tutorials) by extensions ['ignore', 'ignore_ament_install']
[0.228s] Level 1:colcon.colcon_core.package_identification:_identify(src/ros_tutorials/roscpp_tutorials) by extension 'ignore'
[0.228s] Level 1:colcon.colcon_core.package_identification:_identify(src/ros_tutorials/roscpp_tutorials) ignored
[0.228s] Level 1:colcon.colcon_core.package_identification:_identify(src/ros_tutorials/rospy_tutorials) by extensions ['ignore', 'ignore_ament_install']
[0.228s] Level 1:colcon.colcon_core.package_identification:_identify(src/ros_tutorials/rospy_tutorials) by extension 'ignore'
[0.228s] Level 1:colcon.colcon_core.package_identification:_identify(src/ros_tutorials/rospy_tutorials) ignored
[0.228s] Level 1:colcon.colcon_core.package_identification:_identify(src/ros_tutorials/turtlesim) by extensions ['ignore', 'ignore_ament_install']
[0.228s] Level 1:colcon.colcon_core.package_identification:_identify(src/ros_tutorials/turtlesim) by extension 'ignore'
[0.228s] Level 1:colcon.colcon_core.package_identification:_identify(src/ros_tutorials/turtlesim) by extension 'ignore_ament_install'
[0.228s] Level 1:colcon.colcon_core.package_identification:_identify(src/ros_tutorials/turtlesim) by extensions ['colcon_pkg']
[0.228s] Level 1:colcon.colcon_core.package_identification:_identify(src/ros_tutorials/turtlesim) by extension 'colcon_pkg'
[0.228s] Level 1:colcon.colcon_core.package_identification:_identify(src/ros_tutorials/turtlesim) by extensions ['colcon_meta']
[0.228s] Level 1:colcon.colcon_core.package_identification:_identify(src/ros_tutorials/turtlesim) by extension 'colcon_meta'
[0.228s] Level 1:colcon.colcon_core.package_identification:_identify(src/ros_tutorials/turtlesim) by extensions ['ros']
[0.228s] Level 1:colcon.colcon_core.package_identification:_identify(src/ros_tutorials/turtlesim) by extension 'ros'
[0.229s] DEBUG:colcon.colcon_core.package_identification:Package 'src/ros_tutorials/turtlesim' with type 'ros.ament_cmake' and name 'turtlesim'
[0.229s] Level 1:colcon.colcon_core.package_discovery:discover_packages(recursive) using defaults
[0.229s] Level 1:colcon.colcon_core.package_discovery:discover_packages(ignore) discover
[0.229s] Level 1:colcon.colcon_core.package_discovery:discover_packages(ignore) using defaults
[0.229s] Level 1:colcon.colcon_core.package_discovery:discover_packages(path) discover
[0.229s] Level 1:colcon.colcon_core.package_discovery:discover_packages(path) using defaults
[0.243s] Level 5:colcon.colcon_core.verb:set package 'hello_world' build argument 'cmake_args' from command line to 'None'
[0.243s] Level 5:colcon.colcon_core.verb:set package 'hello_world' build argument 'cmake_target' from command line to 'None'
[0.243s] Level 5:colcon.colcon_core.verb:set package 'hello_world' build argument 'cmake_target_skip_unavailable' from command line to 'False'
[0.243s] Level 5:colcon.colcon_core.verb:set package 'hello_world' build argument 'cmake_clean_cache' from command line to 'False'
[0.243s] Level 5:colcon.colcon_core.verb:set package 'hello_world' build argument 'cmake_clean_first' from command line to 'False'
[0.243s] Level 5:colcon.colcon_core.verb:set package 'hello_world' build argument 'cmake_force_configure' from command line to 'False'
[0.243s] Level 5:colcon.colcon_core.verb:set package 'hello_world' build argument 'ament_cmake_args' from command line to 'None'
[0.243s] Level 5:colcon.colcon_core.verb:set package 'hello_world' build argument 'catkin_cmake_args' from command line to 'None'
[0.243s] Level 5:colcon.colcon_core.verb:set package 'hello_world' build argument 'catkin_skip_building_tests' from command line to 'False'
[0.243s] DEBUG:colcon.colcon_core.verb:Building package 'hello_world' with the following arguments: {'ament_cmake_args': None, 'build_base': '/home/mark-ros2/robot_ws/build/hello_world', 'catkin_cmake_args': None, 'catkin_skip_building_tests': False, 'cmake_args': None, 'cmake_clean_cache': False, 'cmake_clean_first': False, 'cmake_force_configure': False, 'cmake_target': None, 'cmake_target_skip_unavailable': False, 'install_base': '/home/mark-ros2/robot_ws/install/hello_world', 'merge_install': False, 'path': '/home/mark-ros2/robot_ws/src/hello_world', 'symlink_install': False, 'test_result_base': None}
[0.245s] Level 5:colcon.colcon_core.verb:set package 'myfirstpackage' build argument 'cmake_args' from command line to 'None'
[0.245s] Level 5:colcon.colcon_core.verb:set package 'myfirstpackage' build argument 'cmake_target' from command line to 'None'
[0.245s] Level 5:colcon.colcon_core.verb:set package 'myfirstpackage' build argument 'cmake_target_skip_unavailable' from command line to 'False'
[0.245s] Level 5:colcon.colcon_core.verb:set package 'myfirstpackage' build argument 'cmake_clean_cache' from command line to 'False'
[0.245s] Level 5:colcon.colcon_core.verb:set package 'myfirstpackage' build argument 'cmake_clean_first' from command line to 'False'
[0.245s] Level 5:colcon.colcon_core.verb:set package 'myfirstpackage' build argument 'cmake_force_configure' from command line to 'False'
[0.245s] Level 5:colcon.colcon_core.verb:set package 'myfirstpackage' build argument 'ament_cmake_args' from command line to 'None'
[0.245s] Level 5:colcon.colcon_core.verb:set package 'myfirstpackage' build argument 'catkin_cmake_args' from command line to 'None'
[0.245s] Level 5:colcon.colcon_core.verb:set package 'myfirstpackage' build argument 'catkin_skip_building_tests' from command line to 'False'
[0.245s] DEBUG:colcon.colcon_core.verb:Building package 'myfirstpackage' with the following arguments: {'ament_cmake_args': None, 'build_base': '/home/mark-ros2/robot_ws/build/myfirstpackage', 'catkin_cmake_args': None, 'catkin_skip_building_tests': False, 'cmake_args': None, 'cmake_clean_cache': False, 'cmake_clean_first': False, 'cmake_force_configure': False, 'cmake_target': None, 'cmake_target_skip_unavailable': False, 'install_base': '/home/mark-ros2/robot_ws/install/myfirstpackage', 'merge_install': False, 'path': '/home/mark-ros2/robot_ws/src/myfirstpackage', 'symlink_install': False, 'test_result_base': None}
[0.247s] Level 5:colcon.colcon_core.verb:set package 'turtlesim' build argument 'cmake_args' from command line to 'None'
[0.247s] Level 5:colcon.colcon_core.verb:set package 'turtlesim' build argument 'cmake_target' from command line to 'None'
[0.247s] Level 5:colcon.colcon_core.verb:set package 'turtlesim' build argument 'cmake_target_skip_unavailable' from command line to 'False'
[0.247s] Level 5:colcon.colcon_core.verb:set package 'turtlesim' build argument 'cmake_clean_cache' from command line to 'False'
[0.247s] Level 5:colcon.colcon_core.verb:set package 'turtlesim' build argument 'cmake_clean_first' from command line to 'False'
[0.247s] Level 5:colcon.colcon_core.verb:set package 'turtlesim' build argument 'cmake_force_configure' from command line to 'False'
[0.247s] Level 5:colcon.colcon_core.verb:set package 'turtlesim' build argument 'ament_cmake_args' from command line to 'None'
[0.247s] Level 5:colcon.colcon_core.verb:set package 'turtlesim' build argument 'catkin_cmake_args' from command line to 'None'
[0.247s] Level 5:colcon.colcon_core.verb:set package 'turtlesim' build argument 'catkin_skip_building_tests' from command line to 'False'
[0.247s] DEBUG:colcon.colcon_core.verb:Building package 'turtlesim' with the following arguments: {'ament_cmake_args': None, 'build_base': '/home/mark-ros2/robot_ws/build/turtlesim', 'catkin_cmake_args': None, 'catkin_skip_building_tests': False, 'cmake_args': None, 'cmake_clean_cache': False, 'cmake_clean_first': False, 'cmake_force_configure': False, 'cmake_target': None, 'cmake_target_skip_unavailable': False, 'install_base': '/home/mark-ros2/robot_ws/install/turtlesim', 'merge_install': False, 'path': '/home/mark-ros2/robot_ws/src/ros_tutorials/turtlesim', 'symlink_install': False, 'test_result_base': None}
[0.247s] INFO:colcon.colcon_core.executor:Executing jobs using 'parallel' executor
[0.248s] DEBUG:colcon.colcon_parallel_executor.executor.parallel:run_until_complete
[0.249s] INFO:colcon.colcon_ros.task.ament_python.build:Building ROS package in '/home/mark-ros2/robot_ws/src/hello_world' with build type 'ament_python'
[0.249s] Level 1:colcon.colcon_core.shell:create_environment_hook('hello_world', 'ament_prefix_path')
[0.251s] INFO:colcon.colcon_core.plugin_system:Skipping extension 'colcon_core.shell.bat': Not used on non-Windows systems
[0.251s] INFO:colcon.colcon_core.shell:Creating environment hook '/home/mark-ros2/robot_ws/install/hello_world/share/hello_world/hook/ament_prefix_path.ps1'
[0.252s] INFO:colcon.colcon_core.shell:Creating environment descriptor '/home/mark-ros2/robot_ws/install/hello_world/share/hello_world/hook/ament_prefix_path.dsv'
[0.252s] INFO:colcon.colcon_core.shell:Creating environment hook '/home/mark-ros2/robot_ws/install/hello_world/share/hello_world/hook/ament_prefix_path.sh'
[0.253s] INFO:colcon.colcon_core.shell:Skip shell extension 'powershell' for command environment: Not usable outside of PowerShell
[0.253s] DEBUG:colcon.colcon_core.shell:Skip shell extension 'dsv' for command environment
[0.255s] DEBUG:colcon.colcon_core.shell:Ignoring prefix path '/opt/ros/foxy'
[0.256s] INFO:colcon.colcon_ros.task.ament_python.build:Building ROS package in '/home/mark-ros2/robot_ws/src/myfirstpackage' with build type 'ament_python'
[0.256s] Level 1:colcon.colcon_core.shell:create_environment_hook('myfirstpackage', 'ament_prefix_path')
[0.257s] INFO:colcon.colcon_core.shell:Creating environment hook '/home/mark-ros2/robot_ws/install/myfirstpackage/share/myfirstpackage/hook/ament_prefix_path.ps1'
[0.257s] INFO:colcon.colcon_core.shell:Creating environment descriptor '/home/mark-ros2/robot_ws/install/myfirstpackage/share/myfirstpackage/hook/ament_prefix_path.dsv'
[0.257s] INFO:colcon.colcon_core.shell:Creating environment hook '/home/mark-ros2/robot_ws/install/myfirstpackage/share/myfirstpackage/hook/ament_prefix_path.sh'
[0.258s] INFO:colcon.colcon_core.shell:Skip shell extension 'powershell' for command environment: Not usable outside of PowerShell
[0.258s] DEBUG:colcon.colcon_core.shell:Skip shell extension 'dsv' for command environment
[0.259s] DEBUG:colcon.colcon_core.shell:Ignoring prefix path '/opt/ros/foxy'
[0.260s] INFO:colcon.colcon_ros.task.ament_cmake.build:Building ROS package in '/home/mark-ros2/robot_ws/src/ros_tutorials/turtlesim' with build type 'ament_cmake'
[0.261s] INFO:colcon.colcon_cmake.task.cmake.build:Building CMake package in '/home/mark-ros2/robot_ws/src/ros_tutorials/turtlesim'
[0.261s] INFO:colcon.colcon_core.shell:Skip shell extension 'powershell' for command environment: Not usable outside of PowerShell
[0.261s] DEBUG:colcon.colcon_core.shell:Skip shell extension 'dsv' for command environment
[0.263s] DEBUG:colcon.colcon_core.shell:Ignoring prefix path '/opt/ros/foxy'
[0.418s] INFO:colcon.colcon_core.task.python.build:Building Python package in '/home/mark-ros2/robot_ws/src/hello_world'
[0.419s] INFO:colcon.colcon_core.shell:Skip shell extension 'powershell' for command environment: Not usable outside of PowerShell
[0.419s] DEBUG:colcon.colcon_core.shell:Skip shell extension 'dsv' for command environment
[0.421s] DEBUG:colcon.colcon_core.shell:Ignoring prefix path '/opt/ros/foxy'
[0.576s] INFO:colcon.colcon_core.task.python.build:Building Python package in '/home/mark-ros2/robot_ws/src/myfirstpackage'
[0.576s] INFO:colcon.colcon_core.shell:Skip shell extension 'powershell' for command environment: Not usable outside of PowerShell
[0.576s] DEBUG:colcon.colcon_core.shell:Skip shell extension 'dsv' for command environment
[0.578s] DEBUG:colcon.colcon_core.shell:Ignoring prefix path '/opt/ros/foxy'
[0.583s] DEBUG:colcon.colcon_core.event_handler.log_command:Invoking command in '/home/mark-ros2/robot_ws/build/turtlesim': CMAKE_PREFIX_PATH=${CMAKE_PREFIX_PATH}:/home/mark-ros2/robot_ws/install/myfirstpackage:/home/mark-ros2/robot_ws/install/hello_world:/opt/ros/foxy /usr/bin/cmake --build /home/mark-ros2/robot_ws/build/turtlesim -- -j12 -l12
[0.588s] DEBUG:colcon.colcon_core.event_handler.log_command:Invoking command in '/home/mark-ros2/robot_ws/src/hello_world': PYTHONPATH=/home/mark-ros2/robot_ws/install/hello_world/lib/python3.8/site-packages:${PYTHONPATH} /usr/bin/python3 setup.py egg_info --egg-base ../../build/hello_world build --build-base /home/mark-ros2/robot_ws/build/hello_world/build install --prefix /home/mark-ros2/robot_ws/install/hello_world --record /home/mark-ros2/robot_ws/build/hello_world/install.log --single-version-externally-managed
[0.590s] DEBUG:colcon.colcon_core.event_handler.log_command:Invoking command in '/home/mark-ros2/robot_ws/src/myfirstpackage': PYTHONPATH=/home/mark-ros2/robot_ws/install/myfirstpackage/lib/python3.8/site-packages:${PYTHONPATH} /usr/bin/python3 setup.py egg_info --egg-base ../../build/myfirstpackage build --build-base /home/mark-ros2/robot_ws/build/myfirstpackage/build install --prefix /home/mark-ros2/robot_ws/install/myfirstpackage --record /home/mark-ros2/robot_ws/build/myfirstpackage/install.log --single-version-externally-managed
[0.744s] DEBUG:colcon.colcon_core.event_handler.log_command:Invoked command in '/home/mark-ros2/robot_ws/build/turtlesim' returned '0': CMAKE_PREFIX_PATH=${CMAKE_PREFIX_PATH}:/home/mark-ros2/robot_ws/install/myfirstpackage:/home/mark-ros2/robot_ws/install/hello_world:/opt/ros/foxy /usr/bin/cmake --build /home/mark-ros2/robot_ws/build/turtlesim -- -j12 -l12
[0.797s] DEBUG:colcon.colcon_core.event_handler.log_command:Invoked command in '/home/mark-ros2/robot_ws/src/hello_world' returned '0': PYTHONPATH=/home/mark-ros2/robot_ws/install/hello_world/lib/python3.8/site-packages:${PYTHONPATH} /usr/bin/python3 setup.py egg_info --egg-base ../../build/hello_world build --build-base /home/mark-ros2/robot_ws/build/hello_world/build install --prefix /home/mark-ros2/robot_ws/install/hello_world --record /home/mark-ros2/robot_ws/build/hello_world/install.log --single-version-externally-managed
[0.799s] Level 1:colcon.colcon_core.environment:checking '/home/mark-ros2/robot_ws/install/hello_world' for CMake module files
[0.800s] Level 1:colcon.colcon_core.environment:checking '/home/mark-ros2/robot_ws/install/hello_world' for CMake config files
[0.800s] Level 1:colcon.colcon_core.environment:checking '/home/mark-ros2/robot_ws/install/hello_world/lib'
[0.800s] Level 1:colcon.colcon_core.environment:checking '/home/mark-ros2/robot_ws/install/hello_world/bin'
[0.800s] Level 1:colcon.colcon_core.environment:checking '/home/mark-ros2/robot_ws/install/hello_world/lib/pkgconfig/hello_world.pc'
[0.800s] Level 1:colcon.colcon_core.environment:checking '/home/mark-ros2/robot_ws/install/hello_world/lib/python3.8/site-packages'
[0.801s] Level 1:colcon.colcon_core.shell:create_environment_hook('hello_world', 'pythonpath')
[0.801s] INFO:colcon.colcon_core.shell:Creating environment hook '/home/mark-ros2/robot_ws/install/hello_world/share/hello_world/hook/pythonpath.ps1'
[0.801s] INFO:colcon.colcon_core.shell:Creating environment descriptor '/home/mark-ros2/robot_ws/install/hello_world/share/hello_world/hook/pythonpath.dsv'
[0.802s] INFO:colcon.colcon_core.shell:Creating environment hook '/home/mark-ros2/robot_ws/install/hello_world/share/hello_world/hook/pythonpath.sh'
[0.802s] Level 1:colcon.colcon_core.environment:create_environment_scripts_only(hello_world)
[0.802s] INFO:colcon.colcon_core.shell:Creating package script '/home/mark-ros2/robot_ws/install/hello_world/share/hello_world/package.ps1'
[0.803s] INFO:colcon.colcon_core.shell:Creating package descriptor '/home/mark-ros2/robot_ws/install/hello_world/share/hello_world/package.dsv'
[0.803s] INFO:colcon.colcon_core.shell:Creating package script '/home/mark-ros2/robot_ws/install/hello_world/share/hello_world/package.sh'
[0.804s] INFO:colcon.colcon_core.shell:Creating package script '/home/mark-ros2/robot_ws/install/hello_world/share/hello_world/package.bash'
[0.805s] INFO:colcon.colcon_core.shell:Creating package script '/home/mark-ros2/robot_ws/install/hello_world/share/hello_world/package.zsh'
[0.805s] Level 1:colcon.colcon_core.environment:create_file_with_runtime_dependencies(/home/mark-ros2/robot_ws/install/hello_world/share/colcon-core/packages/hello_world)
[0.807s] Level 1:colcon.colcon_core.environment:checking '/home/mark-ros2/robot_ws/install/myfirstpackage' for CMake module files
[0.807s] DEBUG:colcon.colcon_core.event_handler.log_command:Invoked command in '/home/mark-ros2/robot_ws/src/myfirstpackage' returned '0': PYTHONPATH=/home/mark-ros2/robot_ws/install/myfirstpackage/lib/python3.8/site-packages:${PYTHONPATH} /usr/bin/python3 setup.py egg_info --egg-base ../../build/myfirstpackage build --build-base /home/mark-ros2/robot_ws/build/myfirstpackage/build install --prefix /home/mark-ros2/robot_ws/install/myfirstpackage --record /home/mark-ros2/robot_ws/build/myfirstpackage/install.log --single-version-externally-managed
[0.807s] Level 1:colcon.colcon_core.environment:checking '/home/mark-ros2/robot_ws/install/myfirstpackage' for CMake config files
[0.808s] Level 1:colcon.colcon_core.environment:checking '/home/mark-ros2/robot_ws/install/myfirstpackage/lib'
[0.808s] Level 1:colcon.colcon_core.environment:checking '/home/mark-ros2/robot_ws/install/myfirstpackage/bin'
[0.808s] Level 1:colcon.colcon_core.environment:checking '/home/mark-ros2/robot_ws/install/myfirstpackage/lib/pkgconfig/myfirstpackage.pc'
[0.808s] Level 1:colcon.colcon_core.environment:checking '/home/mark-ros2/robot_ws/install/myfirstpackage/lib/python3.8/site-packages'
[0.808s] Level 1:colcon.colcon_core.shell:create_environment_hook('myfirstpackage', 'pythonpath')
[0.808s] INFO:colcon.colcon_core.shell:Creating environment hook '/home/mark-ros2/robot_ws/install/myfirstpackage/share/myfirstpackage/hook/pythonpath.ps1'
[0.809s] INFO:colcon.colcon_core.shell:Creating environment descriptor '/home/mark-ros2/robot_ws/install/myfirstpackage/share/myfirstpackage/hook/pythonpath.dsv'
[0.809s] INFO:colcon.colcon_core.shell:Creating environment hook '/home/mark-ros2/robot_ws/install/myfirstpackage/share/myfirstpackage/hook/pythonpath.sh'
[0.809s] Level 1:colcon.colcon_core.environment:create_environment_scripts_only(myfirstpackage)
[0.810s] INFO:colcon.colcon_core.shell:Creating package script '/home/mark-ros2/robot_ws/install/myfirstpackage/share/myfirstpackage/package.ps1'
[0.810s] INFO:colcon.colcon_core.shell:Creating package descriptor '/home/mark-ros2/robot_ws/install/myfirstpackage/share/myfirstpackage/package.dsv'
[0.810s] INFO:colcon.colcon_core.shell:Creating package script '/home/mark-ros2/robot_ws/install/myfirstpackage/share/myfirstpackage/package.sh'
[0.810s] INFO:colcon.colcon_core.shell:Creating package script '/home/mark-ros2/robot_ws/install/myfirstpackage/share/myfirstpackage/package.bash'
[0.811s] INFO:colcon.colcon_core.shell:Creating package script '/home/mark-ros2/robot_ws/install/myfirstpackage/share/myfirstpackage/package.zsh'
[0.811s] Level 1:colcon.colcon_core.environment:create_file_with_runtime_dependencies(/home/mark-ros2/robot_ws/install/myfirstpackage/share/colcon-core/packages/myfirstpackage)
[0.837s] DEBUG:colcon.colcon_core.event_handler.log_command:Invoking command in '/home/mark-ros2/robot_ws/build/turtlesim': CMAKE_PREFIX_PATH=${CMAKE_PREFIX_PATH}:/home/mark-ros2/robot_ws/install/myfirstpackage:/home/mark-ros2/robot_ws/install/hello_world:/opt/ros/foxy /usr/bin/cmake --install /home/mark-ros2/robot_ws/build/turtlesim
[0.877s] Level 1:colcon.colcon_core.environment:create_environment_scripts_only(turtlesim)
[0.878s] Level 1:colcon.colcon_core.environment:checking '/home/mark-ros2/robot_ws/install/turtlesim' for CMake module files
[0.878s] DEBUG:colcon.colcon_core.event_handler.log_command:Invoked command in '/home/mark-ros2/robot_ws/build/turtlesim' returned '0': CMAKE_PREFIX_PATH=${CMAKE_PREFIX_PATH}:/home/mark-ros2/robot_ws/install/myfirstpackage:/home/mark-ros2/robot_ws/install/hello_world:/opt/ros/foxy /usr/bin/cmake --install /home/mark-ros2/robot_ws/build/turtlesim
[0.878s] Level 1:colcon.colcon_core.environment:checking '/home/mark-ros2/robot_ws/install/turtlesim' for CMake config files
[0.878s] Level 1:colcon.colcon_core.shell:create_environment_hook('turtlesim', 'cmake_prefix_path')
[0.879s] INFO:colcon.colcon_core.shell:Creating environment hook '/home/mark-ros2/robot_ws/install/turtlesim/share/turtlesim/hook/cmake_prefix_path.ps1'
[0.879s] INFO:colcon.colcon_core.shell:Creating environment descriptor '/home/mark-ros2/robot_ws/install/turtlesim/share/turtlesim/hook/cmake_prefix_path.dsv'
[0.879s] INFO:colcon.colcon_core.shell:Creating environment hook '/home/mark-ros2/robot_ws/install/turtlesim/share/turtlesim/hook/cmake_prefix_path.sh'
[0.880s] Level 1:colcon.colcon_core.environment:checking '/home/mark-ros2/robot_ws/install/turtlesim/lib'
[0.880s] Level 1:colcon.colcon_core.shell:create_environment_hook('turtlesim', 'ld_library_path_lib')
[0.880s] INFO:colcon.colcon_core.shell:Creating environment hook '/home/mark-ros2/robot_ws/install/turtlesim/share/turtlesim/hook/ld_library_path_lib.ps1'
[0.880s] INFO:colcon.colcon_core.shell:Creating environment descriptor '/home/mark-ros2/robot_ws/install/turtlesim/share/turtlesim/hook/ld_library_path_lib.dsv'
[0.881s] INFO:colcon.colcon_core.shell:Creating environment hook '/home/mark-ros2/robot_ws/install/turtlesim/share/turtlesim/hook/ld_library_path_lib.sh'
[0.881s] Level 1:colcon.colcon_core.environment:checking '/home/mark-ros2/robot_ws/install/turtlesim/bin'
[0.881s] Level 1:colcon.colcon_core.environment:checking '/home/mark-ros2/robot_ws/install/turtlesim/lib/pkgconfig/turtlesim.pc'
[0.881s] Level 1:colcon.colcon_core.environment:checking '/home/mark-ros2/robot_ws/install/turtlesim/lib/python3.8/site-packages'
[0.881s] Level 1:colcon.colcon_core.shell:create_environment_hook('turtlesim', 'pythonpath')
[0.881s] INFO:colcon.colcon_core.shell:Creating environment hook '/home/mark-ros2/robot_ws/install/turtlesim/share/turtlesim/hook/pythonpath.ps1'
[0.882s] INFO:colcon.colcon_core.shell:Creating environment descriptor '/home/mark-ros2/robot_ws/install/turtlesim/share/turtlesim/hook/pythonpath.dsv'
[0.882s] INFO:colcon.colcon_core.shell:Creating environment hook '/home/mark-ros2/robot_ws/install/turtlesim/share/turtlesim/hook/pythonpath.sh'
[0.882s] INFO:colcon.colcon_core.shell:Creating package script '/home/mark-ros2/robot_ws/install/turtlesim/share/turtlesim/package.ps1'
[0.883s] INFO:colcon.colcon_core.shell:Creating package descriptor '/home/mark-ros2/robot_ws/install/turtlesim/share/turtlesim/package.dsv'
[0.883s] INFO:colcon.colcon_core.shell:Creating package script '/home/mark-ros2/robot_ws/install/turtlesim/share/turtlesim/package.sh'
[0.883s] INFO:colcon.colcon_core.shell:Creating package script '/home/mark-ros2/robot_ws/install/turtlesim/share/turtlesim/package.bash'
[0.884s] INFO:colcon.colcon_core.shell:Creating package script '/home/mark-ros2/robot_ws/install/turtlesim/share/turtlesim/package.zsh'
[0.884s] Level 1:colcon.colcon_core.environment:create_file_with_runtime_dependencies(/home/mark-ros2/robot_ws/install/turtlesim/share/colcon-core/packages/turtlesim)
[0.969s] Level 1:colcon.colcon_core.environment:create_environment_scripts_only(turtlesim)
[0.969s] Level 1:colcon.colcon_core.environment:checking '/home/mark-ros2/robot_ws/install/turtlesim' for CMake module files
[0.970s] Level 1:colcon.colcon_core.environment:checking '/home/mark-ros2/robot_ws/install/turtlesim' for CMake config files
[0.970s] Level 1:colcon.colcon_core.shell:create_environment_hook('turtlesim', 'cmake_prefix_path')
[0.970s] INFO:colcon.colcon_core.shell:Creating environment hook '/home/mark-ros2/robot_ws/install/turtlesim/share/turtlesim/hook/cmake_prefix_path.ps1'
[0.971s] INFO:colcon.colcon_core.shell:Creating environment descriptor '/home/mark-ros2/robot_ws/install/turtlesim/share/turtlesim/hook/cmake_prefix_path.dsv'
[0.971s] INFO:colcon.colcon_core.shell:Creating environment hook '/home/mark-ros2/robot_ws/install/turtlesim/share/turtlesim/hook/cmake_prefix_path.sh'
[0.971s] Level 1:colcon.colcon_core.environment:checking '/home/mark-ros2/robot_ws/install/turtlesim/lib'
[0.971s] Level 1:colcon.colcon_core.shell:create_environment_hook('turtlesim', 'ld_library_path_lib')
[0.972s] INFO:colcon.colcon_core.shell:Creating environment hook '/home/mark-ros2/robot_ws/install/turtlesim/share/turtlesim/hook/ld_library_path_lib.ps1'
[0.972s] INFO:colcon.colcon_core.shell:Creating environment descriptor '/home/mark-ros2/robot_ws/install/turtlesim/share/turtlesim/hook/ld_library_path_lib.dsv'
[0.972s] INFO:colcon.colcon_core.shell:Creating environment hook '/home/mark-ros2/robot_ws/install/turtlesim/share/turtlesim/hook/ld_library_path_lib.sh'
[0.972s] Level 1:colcon.colcon_core.environment:checking '/home/mark-ros2/robot_ws/install/turtlesim/bin'
[0.972s] Level 1:colcon.colcon_core.environment:checking '/home/mark-ros2/robot_ws/install/turtlesim/lib/pkgconfig/turtlesim.pc'
[0.972s] Level 1:colcon.colcon_core.environment:checking '/home/mark-ros2/robot_ws/install/turtlesim/lib/python3.8/site-packages'
[0.972s] Level 1:colcon.colcon_core.shell:create_environment_hook('turtlesim', 'pythonpath')
[0.973s] INFO:colcon.colcon_core.shell:Creating environment hook '/home/mark-ros2/robot_ws/install/turtlesim/share/turtlesim/hook/pythonpath.ps1'
[0.973s] INFO:colcon.colcon_core.shell:Creating environment descriptor '/home/mark-ros2/robot_ws/install/turtlesim/share/turtlesim/hook/pythonpath.dsv'
[0.973s] INFO:colcon.colcon_core.shell:Creating environment hook '/home/mark-ros2/robot_ws/install/turtlesim/share/turtlesim/hook/pythonpath.sh'
[0.974s] INFO:colcon.colcon_core.shell:Creating package script '/home/mark-ros2/robot_ws/install/turtlesim/share/turtlesim/package.ps1'
[0.974s] INFO:colcon.colcon_core.shell:Creating package descriptor '/home/mark-ros2/robot_ws/install/turtlesim/share/turtlesim/package.dsv'
[0.974s] INFO:colcon.colcon_core.shell:Creating package script '/home/mark-ros2/robot_ws/install/turtlesim/share/turtlesim/package.sh'
[0.975s] INFO:colcon.colcon_core.shell:Creating package script '/home/mark-ros2/robot_ws/install/turtlesim/share/turtlesim/package.bash'
[0.975s] INFO:colcon.colcon_core.shell:Creating package script '/home/mark-ros2/robot_ws/install/turtlesim/share/turtlesim/package.zsh'
[0.975s] Level 1:colcon.colcon_core.environment:create_file_with_runtime_dependencies(/home/mark-ros2/robot_ws/install/turtlesim/share/colcon-core/packages/turtlesim)
[0.976s] DEBUG:colcon.colcon_parallel_executor.executor.parallel:closing loop
[0.976s] DEBUG:colcon.colcon_parallel_executor.executor.parallel:loop closed
[0.976s] DEBUG:colcon.colcon_parallel_executor.executor.parallel:run_until_complete finished with '0'
[0.976s] DEBUG:colcon.colcon_core.event_reactor:joining thread
[0.980s] INFO:colcon.colcon_core.plugin_system:Skipping extension 'colcon_notification.desktop_notification.terminal_notifier': Not used on non-Darwin systems
[0.980s] INFO:colcon.colcon_core.plugin_system:Skipping extension 'colcon_notification.desktop_notification.win32': Not used on non-Windows systems
[0.980s] INFO:colcon.colcon_notification.desktop_notification:Sending desktop notification using 'notify2'
[0.985s] DEBUG:colcon.colcon_core.event_reactor:joined thread
[0.986s] INFO:colcon.colcon_core.shell:Creating prefix script '/home/mark-ros2/robot_ws/install/local_setup.ps1'
[0.986s] INFO:colcon.colcon_core.shell:Creating prefix util module '/home/mark-ros2/robot_ws/install/_local_setup_util_ps1.py'
[0.987s] INFO:colcon.colcon_core.shell:Creating prefix chain script '/home/mark-ros2/robot_ws/install/setup.ps1'
[0.989s] INFO:colcon.colcon_core.shell:Creating prefix script '/home/mark-ros2/robot_ws/install/local_setup.sh'
[0.989s] INFO:colcon.colcon_core.shell:Creating prefix util module '/home/mark-ros2/robot_ws/install/_local_setup_util_sh.py'
[0.990s] INFO:colcon.colcon_core.shell:Creating prefix chain script '/home/mark-ros2/robot_ws/install/setup.sh'
[0.991s] INFO:colcon.colcon_core.shell:Creating prefix script '/home/mark-ros2/robot_ws/install/local_setup.bash'
[0.991s] INFO:colcon.colcon_core.shell:Creating prefix chain script '/home/mark-ros2/robot_ws/install/setup.bash'
[0.993s] INFO:colcon.colcon_core.shell:Creating prefix script '/home/mark-ros2/robot_ws/install/local_setup.zsh'
[0.993s] INFO:colcon.colcon_core.shell:Creating prefix chain script '/home/mark-ros2/robot_ws/install/setup.zsh'
