running egg_info
writing ../../build/srv_examples/srv_examples.egg-info/PKG-INFO
writing dependency_links to ../../build/srv_examples/srv_examples.egg-info/dependency_links.txt
writing entry points to ../../build/srv_examples/srv_examples.egg-info/entry_points.txt
writing requirements to ../../build/srv_examples/srv_examples.egg-info/requires.txt
writing top-level names to ../../build/srv_examples/srv_examples.egg-info/top_level.txt
reading manifest file '../../build/srv_examples/srv_examples.egg-info/SOURCES.txt'
writing manifest file '../../build/srv_examples/srv_examples.egg-info/SOURCES.txt'
running build
running build_py
copying srv_examples/invert_gripper_service_server.py -> /home/mark-ros2/ROS2_tutorials/build/srv_examples/build/lib/srv_examples
running install
running install_lib
copying /home/mark-ros2/ROS2_tutorials/build/srv_examples/build/lib/srv_examples/invert_gripper_service_server.py -> /home/mark-ros2/ROS2_tutorials/install/srv_examples/lib/python3.8/site-packages/srv_examples
byte-compiling /home/mark-ros2/ROS2_tutorials/install/srv_examples/lib/python3.8/site-packages/srv_examples/invert_gripper_service_server.py to invert_gripper_service_server.cpython-38.pyc
running install_data
running install_egg_info
removing '/home/mark-ros2/ROS2_tutorials/install/srv_examples/lib/python3.8/site-packages/srv_examples-0.0.0-py3.8.egg-info' (and everything under it)
Copying ../../build/srv_examples/srv_examples.egg-info to /home/mark-ros2/ROS2_tutorials/install/srv_examples/lib/python3.8/site-packages/srv_examples-0.0.0-py3.8.egg-info
running install_scripts
Installing invert_gripper_service_server script to /home/mark-ros2/ROS2_tutorials/install/srv_examples/lib/srv_examples
Installing open_gripper_service_server script to /home/mark-ros2/ROS2_tutorials/install/srv_examples/lib/srv_examples
Installing turtlesim_geofence_reset_srv script to /home/mark-ros2/ROS2_tutorials/install/srv_examples/lib/srv_examples
writing list of installed files to '/home/mark-ros2/ROS2_tutorials/build/srv_examples/install.log'
