[0.275s] DEBUG:colcon:Command line arguments: ['/usr/bin/colcon', 'build']
[0.275s] DEBUG:colcon:Parsed command line arguments: Namespace(ament_cmake_args=None, base_paths=['.'], build_base='build', catkin_cmake_args=None, catkin_skip_building_tests=False, cmake_args=None, cmake_clean_cache=False, cmake_clean_first=False, cmake_force_configure=False, cmake_target=None, cmake_target_skip_unavailable=False, continue_on_error=False, event_handlers=None, executor='parallel', ignore_user_meta=False, install_base='install', log_base=None, log_level=None, main=<bound method BuildVerb.main of <colcon_core.verb.build.BuildVerb object at 0x7f9c5dd41100>>, merge_install=False, metas=['./colcon.meta'], packages_above=None, packages_above_and_dependencies=None, packages_above_depth=None, packages_end=None, packages_ignore=None, packages_ignore_regex=None, packages_select=None, packages_select_build_failed=False, packages_select_by_dep=None, packages_select_regex=None, packages_select_test_failures=False, packages_skip=None, packages_skip_build_finished=False, packages_skip_by_dep=None, packages_skip_regex=None, packages_skip_test_passed=False, packages_skip_up_to=None, packages_start=None, packages_up_to=None, packages_up_to_regex=None, parallel_workers=12, paths=None, symlink_install=False, test_result_base=None, verb_extension=<colcon_core.verb.build.BuildVerb object at 0x7f9c5dd41100>, verb_name='build', verb_parser=<colcon_defaults.argument_parser.defaults.DefaultArgumentsDecorator object at 0x7f9c5dd41580>)
[0.280s] Level 1:colcon.colcon_core.package_discovery:discover_packages(colcon_meta) check parameters
[0.280s] Level 1:colcon.colcon_core.package_discovery:discover_packages(recursive) check parameters
[0.280s] Level 1:colcon.colcon_core.package_discovery:discover_packages(ignore) check parameters
[0.280s] Level 1:colcon.colcon_core.package_discovery:discover_packages(path) check parameters
[0.280s] Level 1:colcon.colcon_core.package_discovery:discover_packages(colcon_meta) discover
[0.280s] Level 1:colcon.colcon_core.package_discovery:discover_packages(recursive) discover
[0.280s] INFO:colcon.colcon_core.package_discovery:Crawling recursively for packages in '/home/mark-ros2/robot_ws'
[0.280s] Level 1:colcon.colcon_core.package_identification:_identify(.) by extensions ['ignore', 'ignore_ament_install']
[0.281s] Level 1:colcon.colcon_core.package_identification:_identify(.) by extension 'ignore'
[0.281s] Level 1:colcon.colcon_core.package_identification:_identify(.) by extension 'ignore_ament_install'
[0.281s] Level 1:colcon.colcon_core.package_identification:_identify(.) by extensions ['colcon_pkg']
[0.281s] Level 1:colcon.colcon_core.package_identification:_identify(.) by extension 'colcon_pkg'
[0.281s] Level 1:colcon.colcon_core.package_identification:_identify(.) by extensions ['colcon_meta']
[0.281s] Level 1:colcon.colcon_core.package_identification:_identify(.) by extension 'colcon_meta'
[0.281s] Level 1:colcon.colcon_core.package_identification:_identify(.) by extensions ['ros']
[0.281s] Level 1:colcon.colcon_core.package_identification:_identify(.) by extension 'ros'
[0.291s] Level 1:colcon.colcon_core.package_identification:_identify(.) by extensions ['cmake', 'python']
[0.292s] Level 1:colcon.colcon_core.package_identification:_identify(.) by extension 'cmake'
[0.292s] Level 1:colcon.colcon_core.package_identification:_identify(.) by extension 'python'
[0.292s] Level 1:colcon.colcon_core.package_identification:_identify(.) by extensions ['python_setup_py']
[0.292s] Level 1:colcon.colcon_core.package_identification:_identify(.) by extension 'python_setup_py'
[0.292s] Level 1:colcon.colcon_core.package_identification:_identify(build) by extensions ['ignore', 'ignore_ament_install']
[0.292s] Level 1:colcon.colcon_core.package_identification:_identify(build) by extension 'ignore'
[0.292s] Level 1:colcon.colcon_core.package_identification:_identify(build) ignored
[0.292s] Level 1:colcon.colcon_core.package_identification:_identify(install) by extensions ['ignore', 'ignore_ament_install']
[0.292s] Level 1:colcon.colcon_core.package_identification:_identify(install) by extension 'ignore'
[0.292s] Level 1:colcon.colcon_core.package_identification:_identify(install) ignored
[0.292s] Level 1:colcon.colcon_core.package_identification:_identify(log) by extensions ['ignore', 'ignore_ament_install']
[0.292s] Level 1:colcon.colcon_core.package_identification:_identify(log) by extension 'ignore'
[0.292s] Level 1:colcon.colcon_core.package_identification:_identify(log) ignored
[0.293s] Level 1:colcon.colcon_core.package_identification:_identify(src) by extensions ['ignore', 'ignore_ament_install']
[0.293s] Level 1:colcon.colcon_core.package_identification:_identify(src) by extension 'ignore'
[0.293s] Level 1:colcon.colcon_core.package_identification:_identify(src) by extension 'ignore_ament_install'
[0.293s] Level 1:colcon.colcon_core.package_identification:_identify(src) by extensions ['colcon_pkg']
[0.293s] Level 1:colcon.colcon_core.package_identification:_identify(src) by extension 'colcon_pkg'
[0.293s] Level 1:colcon.colcon_core.package_identification:_identify(src) by extensions ['colcon_meta']
[0.293s] Level 1:colcon.colcon_core.package_identification:_identify(src) by extension 'colcon_meta'
[0.293s] Level 1:colcon.colcon_core.package_identification:_identify(src) by extensions ['ros']
[0.293s] Level 1:colcon.colcon_core.package_identification:_identify(src) by extension 'ros'
[0.293s] Level 1:colcon.colcon_core.package_identification:_identify(src) by extensions ['cmake', 'python']
[0.293s] Level 1:colcon.colcon_core.package_identification:_identify(src) by extension 'cmake'
[0.293s] Level 1:colcon.colcon_core.package_identification:_identify(src) by extension 'python'
[0.293s] Level 1:colcon.colcon_core.package_identification:_identify(src) by extensions ['python_setup_py']
[0.293s] Level 1:colcon.colcon_core.package_identification:_identify(src) by extension 'python_setup_py'
[0.293s] Level 1:colcon.colcon_core.package_identification:_identify(src/myfirstpackage) by extensions ['ignore', 'ignore_ament_install']
[0.293s] Level 1:colcon.colcon_core.package_identification:_identify(src/myfirstpackage) by extension 'ignore'
[0.293s] Level 1:colcon.colcon_core.package_identification:_identify(src/myfirstpackage) by extension 'ignore_ament_install'
[0.294s] Level 1:colcon.colcon_core.package_identification:_identify(src/myfirstpackage) by extensions ['colcon_pkg']
[0.294s] Level 1:colcon.colcon_core.package_identification:_identify(src/myfirstpackage) by extension 'colcon_pkg'
[0.294s] Level 1:colcon.colcon_core.package_identification:_identify(src/myfirstpackage) by extensions ['colcon_meta']
[0.294s] Level 1:colcon.colcon_core.package_identification:_identify(src/myfirstpackage) by extension 'colcon_meta'
[0.294s] Level 1:colcon.colcon_core.package_identification:_identify(src/myfirstpackage) by extensions ['ros']
[0.294s] Level 1:colcon.colcon_core.package_identification:_identify(src/myfirstpackage) by extension 'ros'
[0.297s] DEBUG:colcon.colcon_core.package_identification:Package 'src/myfirstpackage' with type 'ros.ament_python' and name 'myfirstpackage'
[0.297s] Level 1:colcon.colcon_core.package_identification:_identify(src/ros_tutorials) by extensions ['ignore', 'ignore_ament_install']
[0.297s] Level 1:colcon.colcon_core.package_identification:_identify(src/ros_tutorials) by extension 'ignore'
[0.297s] Level 1:colcon.colcon_core.package_identification:_identify(src/ros_tutorials) by extension 'ignore_ament_install'
[0.297s] Level 1:colcon.colcon_core.package_identification:_identify(src/ros_tutorials) by extensions ['colcon_pkg']
[0.297s] Level 1:colcon.colcon_core.package_identification:_identify(src/ros_tutorials) by extension 'colcon_pkg'
[0.297s] Level 1:colcon.colcon_core.package_identification:_identify(src/ros_tutorials) by extensions ['colcon_meta']
[0.297s] Level 1:colcon.colcon_core.package_identification:_identify(src/ros_tutorials) by extension 'colcon_meta'
[0.297s] Level 1:colcon.colcon_core.package_identification:_identify(src/ros_tutorials) by extensions ['ros']
[0.297s] Level 1:colcon.colcon_core.package_identification:_identify(src/ros_tutorials) by extension 'ros'
[0.297s] Level 1:colcon.colcon_core.package_identification:_identify(src/ros_tutorials) by extensions ['cmake', 'python']
[0.297s] Level 1:colcon.colcon_core.package_identification:_identify(src/ros_tutorials) by extension 'cmake'
[0.298s] Level 1:colcon.colcon_core.package_identification:_identify(src/ros_tutorials) by extension 'python'
[0.298s] Level 1:colcon.colcon_core.package_identification:_identify(src/ros_tutorials) by extensions ['python_setup_py']
[0.298s] Level 1:colcon.colcon_core.package_identification:_identify(src/ros_tutorials) by extension 'python_setup_py'
[0.298s] Level 1:colcon.colcon_core.package_identification:_identify(src/ros_tutorials/ros_tutorials) by extensions ['ignore', 'ignore_ament_install']
[0.298s] Level 1:colcon.colcon_core.package_identification:_identify(src/ros_tutorials/ros_tutorials) by extension 'ignore'
[0.298s] Level 1:colcon.colcon_core.package_identification:_identify(src/ros_tutorials/ros_tutorials) ignored
[0.298s] Level 1:colcon.colcon_core.package_identification:_identify(src/ros_tutorials/roscpp_tutorials) by extensions ['ignore', 'ignore_ament_install']
[0.298s] Level 1:colcon.colcon_core.package_identification:_identify(src/ros_tutorials/roscpp_tutorials) by extension 'ignore'
[0.298s] Level 1:colcon.colcon_core.package_identification:_identify(src/ros_tutorials/roscpp_tutorials) ignored
[0.298s] Level 1:colcon.colcon_core.package_identification:_identify(src/ros_tutorials/rospy_tutorials) by extensions ['ignore', 'ignore_ament_install']
[0.298s] Level 1:colcon.colcon_core.package_identification:_identify(src/ros_tutorials/rospy_tutorials) by extension 'ignore'
[0.298s] Level 1:colcon.colcon_core.package_identification:_identify(src/ros_tutorials/rospy_tutorials) ignored
[0.298s] Level 1:colcon.colcon_core.package_identification:_identify(src/ros_tutorials/turtlesim) by extensions ['ignore', 'ignore_ament_install']
[0.299s] Level 1:colcon.colcon_core.package_identification:_identify(src/ros_tutorials/turtlesim) by extension 'ignore'
[0.299s] Level 1:colcon.colcon_core.package_identification:_identify(src/ros_tutorials/turtlesim) by extension 'ignore_ament_install'
[0.299s] Level 1:colcon.colcon_core.package_identification:_identify(src/ros_tutorials/turtlesim) by extensions ['colcon_pkg']
[0.299s] Level 1:colcon.colcon_core.package_identification:_identify(src/ros_tutorials/turtlesim) by extension 'colcon_pkg'
[0.299s] Level 1:colcon.colcon_core.package_identification:_identify(src/ros_tutorials/turtlesim) by extensions ['colcon_meta']
[0.299s] Level 1:colcon.colcon_core.package_identification:_identify(src/ros_tutorials/turtlesim) by extension 'colcon_meta'
[0.299s] Level 1:colcon.colcon_core.package_identification:_identify(src/ros_tutorials/turtlesim) by extensions ['ros']
[0.299s] Level 1:colcon.colcon_core.package_identification:_identify(src/ros_tutorials/turtlesim) by extension 'ros'
[0.300s] DEBUG:colcon.colcon_core.package_identification:Package 'src/ros_tutorials/turtlesim' with type 'ros.ament_cmake' and name 'turtlesim'
[0.300s] Level 1:colcon.colcon_core.package_discovery:discover_packages(recursive) using defaults
[0.300s] Level 1:colcon.colcon_core.package_discovery:discover_packages(ignore) discover
[0.300s] Level 1:colcon.colcon_core.package_discovery:discover_packages(ignore) using defaults
[0.300s] Level 1:colcon.colcon_core.package_discovery:discover_packages(path) discover
[0.300s] Level 1:colcon.colcon_core.package_discovery:discover_packages(path) using defaults
[0.318s] Level 5:colcon.colcon_core.verb:set package 'myfirstpackage' build argument 'cmake_args' from command line to 'None'
[0.318s] Level 5:colcon.colcon_core.verb:set package 'myfirstpackage' build argument 'cmake_target' from command line to 'None'
[0.318s] Level 5:colcon.colcon_core.verb:set package 'myfirstpackage' build argument 'cmake_target_skip_unavailable' from command line to 'False'
[0.318s] Level 5:colcon.colcon_core.verb:set package 'myfirstpackage' build argument 'cmake_clean_cache' from command line to 'False'
[0.318s] Level 5:colcon.colcon_core.verb:set package 'myfirstpackage' build argument 'cmake_clean_first' from command line to 'False'
[0.318s] Level 5:colcon.colcon_core.verb:set package 'myfirstpackage' build argument 'cmake_force_configure' from command line to 'False'
[0.318s] Level 5:colcon.colcon_core.verb:set package 'myfirstpackage' build argument 'ament_cmake_args' from command line to 'None'
[0.318s] Level 5:colcon.colcon_core.verb:set package 'myfirstpackage' build argument 'catkin_cmake_args' from command line to 'None'
[0.318s] Level 5:colcon.colcon_core.verb:set package 'myfirstpackage' build argument 'catkin_skip_building_tests' from command line to 'False'
[0.319s] DEBUG:colcon.colcon_core.verb:Building package 'myfirstpackage' with the following arguments: {'ament_cmake_args': None, 'build_base': '/home/mark-ros2/robot_ws/build/myfirstpackage', 'catkin_cmake_args': None, 'catkin_skip_building_tests': False, 'cmake_args': None, 'cmake_clean_cache': False, 'cmake_clean_first': False, 'cmake_force_configure': False, 'cmake_target': None, 'cmake_target_skip_unavailable': False, 'install_base': '/home/mark-ros2/robot_ws/install/myfirstpackage', 'merge_install': False, 'path': '/home/mark-ros2/robot_ws/src/myfirstpackage', 'symlink_install': False, 'test_result_base': None}
[0.321s] Level 5:colcon.colcon_core.verb:set package 'turtlesim' build argument 'cmake_args' from command line to 'None'
[0.321s] Level 5:colcon.colcon_core.verb:set package 'turtlesim' build argument 'cmake_target' from command line to 'None'
[0.321s] Level 5:colcon.colcon_core.verb:set package 'turtlesim' build argument 'cmake_target_skip_unavailable' from command line to 'False'
[0.321s] Level 5:colcon.colcon_core.verb:set package 'turtlesim' build argument 'cmake_clean_cache' from command line to 'False'
[0.321s] Level 5:colcon.colcon_core.verb:set package 'turtlesim' build argument 'cmake_clean_first' from command line to 'False'
[0.321s] Level 5:colcon.colcon_core.verb:set package 'turtlesim' build argument 'cmake_force_configure' from command line to 'False'
[0.321s] Level 5:colcon.colcon_core.verb:set package 'turtlesim' build argument 'ament_cmake_args' from command line to 'None'
[0.321s] Level 5:colcon.colcon_core.verb:set package 'turtlesim' build argument 'catkin_cmake_args' from command line to 'None'
[0.321s] Level 5:colcon.colcon_core.verb:set package 'turtlesim' build argument 'catkin_skip_building_tests' from command line to 'False'
[0.321s] DEBUG:colcon.colcon_core.verb:Building package 'turtlesim' with the following arguments: {'ament_cmake_args': None, 'build_base': '/home/mark-ros2/robot_ws/build/turtlesim', 'catkin_cmake_args': None, 'catkin_skip_building_tests': False, 'cmake_args': None, 'cmake_clean_cache': False, 'cmake_clean_first': False, 'cmake_force_configure': False, 'cmake_target': None, 'cmake_target_skip_unavailable': False, 'install_base': '/home/mark-ros2/robot_ws/install/turtlesim', 'merge_install': False, 'path': '/home/mark-ros2/robot_ws/src/ros_tutorials/turtlesim', 'symlink_install': False, 'test_result_base': None}
[0.322s] INFO:colcon.colcon_core.executor:Executing jobs using 'parallel' executor
[0.324s] DEBUG:colcon.colcon_parallel_executor.executor.parallel:run_until_complete
[0.324s] INFO:colcon.colcon_ros.task.ament_python.build:Building ROS package in '/home/mark-ros2/robot_ws/src/myfirstpackage' with build type 'ament_python'
[0.324s] Level 1:colcon.colcon_core.shell:create_environment_hook('myfirstpackage', 'ament_prefix_path')
[0.329s] INFO:colcon.colcon_core.plugin_system:Skipping extension 'colcon_core.shell.bat': Not used on non-Windows systems
[0.329s] INFO:colcon.colcon_core.shell:Creating environment hook '/home/mark-ros2/robot_ws/install/myfirstpackage/share/myfirstpackage/hook/ament_prefix_path.ps1'
[0.330s] INFO:colcon.colcon_core.shell:Creating environment descriptor '/home/mark-ros2/robot_ws/install/myfirstpackage/share/myfirstpackage/hook/ament_prefix_path.dsv'
[0.330s] INFO:colcon.colcon_core.shell:Creating environment hook '/home/mark-ros2/robot_ws/install/myfirstpackage/share/myfirstpackage/hook/ament_prefix_path.sh'
[0.331s] INFO:colcon.colcon_core.shell:Skip shell extension 'powershell' for command environment: Not usable outside of PowerShell
[0.331s] DEBUG:colcon.colcon_core.shell:Skip shell extension 'dsv' for command environment
[0.333s] DEBUG:colcon.colcon_core.shell:Ignoring prefix path '/opt/ros/foxy'
[0.335s] INFO:colcon.colcon_ros.task.ament_cmake.build:Building ROS package in '/home/mark-ros2/robot_ws/src/ros_tutorials/turtlesim' with build type 'ament_cmake'
[0.335s] INFO:colcon.colcon_cmake.task.cmake.build:Building CMake package in '/home/mark-ros2/robot_ws/src/ros_tutorials/turtlesim'
[0.336s] INFO:colcon.colcon_core.shell:Skip shell extension 'powershell' for command environment: Not usable outside of PowerShell
[0.336s] DEBUG:colcon.colcon_core.shell:Skip shell extension 'dsv' for command environment
[0.338s] DEBUG:colcon.colcon_core.shell:Ignoring prefix path '/opt/ros/foxy'
[0.545s] INFO:colcon.colcon_core.task.python.build:Building Python package in '/home/mark-ros2/robot_ws/src/myfirstpackage'
[0.546s] INFO:colcon.colcon_core.shell:Skip shell extension 'powershell' for command environment: Not usable outside of PowerShell
[0.546s] DEBUG:colcon.colcon_core.shell:Skip shell extension 'dsv' for command environment
[0.548s] DEBUG:colcon.colcon_core.shell:Ignoring prefix path '/opt/ros/foxy'
[0.553s] DEBUG:colcon.colcon_core.event_handler.log_command:Invoking command in '/home/mark-ros2/robot_ws/build/turtlesim': CMAKE_PREFIX_PATH=${CMAKE_PREFIX_PATH}:/home/mark-ros2/robot_ws/install/myfirstpackage:/opt/ros/foxy /usr/bin/cmake --build /home/mark-ros2/robot_ws/build/turtlesim -- -j12 -l12
[0.560s] DEBUG:colcon.colcon_core.event_handler.log_command:Invoking command in '/home/mark-ros2/robot_ws/src/myfirstpackage': PYTHONPATH=/home/mark-ros2/robot_ws/install/myfirstpackage/lib/python3.8/site-packages:${PYTHONPATH} /usr/bin/python3 setup.py egg_info --egg-base ../../build/myfirstpackage build --build-base /home/mark-ros2/robot_ws/build/myfirstpackage/build install --prefix /home/mark-ros2/robot_ws/install/myfirstpackage --record /home/mark-ros2/robot_ws/build/myfirstpackage/install.log --single-version-externally-managed
[0.761s] DEBUG:colcon.colcon_core.event_handler.log_command:Invoked command in '/home/mark-ros2/robot_ws/build/turtlesim' returned '0': CMAKE_PREFIX_PATH=${CMAKE_PREFIX_PATH}:/home/mark-ros2/robot_ws/install/myfirstpackage:/opt/ros/foxy /usr/bin/cmake --build /home/mark-ros2/robot_ws/build/turtlesim -- -j12 -l12
[0.851s] DEBUG:colcon.colcon_core.event_handler.log_command:Invoked command in '/home/mark-ros2/robot_ws/src/myfirstpackage' returned '0': PYTHONPATH=/home/mark-ros2/robot_ws/install/myfirstpackage/lib/python3.8/site-packages:${PYTHONPATH} /usr/bin/python3 setup.py egg_info --egg-base ../../build/myfirstpackage build --build-base /home/mark-ros2/robot_ws/build/myfirstpackage/build install --prefix /home/mark-ros2/robot_ws/install/myfirstpackage --record /home/mark-ros2/robot_ws/build/myfirstpackage/install.log --single-version-externally-managed
[0.854s] Level 1:colcon.colcon_core.environment:checking '/home/mark-ros2/robot_ws/install/myfirstpackage' for CMake module files
[0.854s] Level 1:colcon.colcon_core.environment:checking '/home/mark-ros2/robot_ws/install/myfirstpackage' for CMake config files
[0.855s] Level 1:colcon.colcon_core.environment:checking '/home/mark-ros2/robot_ws/install/myfirstpackage/lib'
[0.855s] Level 1:colcon.colcon_core.environment:checking '/home/mark-ros2/robot_ws/install/myfirstpackage/bin'
[0.855s] Level 1:colcon.colcon_core.environment:checking '/home/mark-ros2/robot_ws/install/myfirstpackage/lib/pkgconfig/myfirstpackage.pc'
[0.855s] Level 1:colcon.colcon_core.environment:checking '/home/mark-ros2/robot_ws/install/myfirstpackage/lib/python3.8/site-packages'
[0.856s] Level 1:colcon.colcon_core.shell:create_environment_hook('myfirstpackage', 'pythonpath')
[0.856s] INFO:colcon.colcon_core.shell:Creating environment hook '/home/mark-ros2/robot_ws/install/myfirstpackage/share/myfirstpackage/hook/pythonpath.ps1'
[0.857s] INFO:colcon.colcon_core.shell:Creating environment descriptor '/home/mark-ros2/robot_ws/install/myfirstpackage/share/myfirstpackage/hook/pythonpath.dsv'
[0.857s] INFO:colcon.colcon_core.shell:Creating environment hook '/home/mark-ros2/robot_ws/install/myfirstpackage/share/myfirstpackage/hook/pythonpath.sh'
[0.857s] Level 1:colcon.colcon_core.environment:create_environment_scripts_only(myfirstpackage)
[0.858s] INFO:colcon.colcon_core.shell:Creating package script '/home/mark-ros2/robot_ws/install/myfirstpackage/share/myfirstpackage/package.ps1'
[0.859s] INFO:colcon.colcon_core.shell:Creating package descriptor '/home/mark-ros2/robot_ws/install/myfirstpackage/share/myfirstpackage/package.dsv'
[0.859s] INFO:colcon.colcon_core.shell:Creating package script '/home/mark-ros2/robot_ws/install/myfirstpackage/share/myfirstpackage/package.sh'
[0.860s] INFO:colcon.colcon_core.shell:Creating package script '/home/mark-ros2/robot_ws/install/myfirstpackage/share/myfirstpackage/package.bash'
[0.862s] INFO:colcon.colcon_core.shell:Creating package script '/home/mark-ros2/robot_ws/install/myfirstpackage/share/myfirstpackage/package.zsh'
[0.862s] Level 1:colcon.colcon_core.environment:create_file_with_runtime_dependencies(/home/mark-ros2/robot_ws/install/myfirstpackage/share/colcon-core/packages/myfirstpackage)
[0.881s] DEBUG:colcon.colcon_core.event_handler.log_command:Invoking command in '/home/mark-ros2/robot_ws/build/turtlesim': CMAKE_PREFIX_PATH=${CMAKE_PREFIX_PATH}:/home/mark-ros2/robot_ws/install/myfirstpackage:/opt/ros/foxy /usr/bin/cmake --install /home/mark-ros2/robot_ws/build/turtlesim
[0.936s] Level 1:colcon.colcon_core.environment:create_environment_scripts_only(turtlesim)
[0.937s] Level 1:colcon.colcon_core.environment:checking '/home/mark-ros2/robot_ws/install/turtlesim' for CMake module files
[0.939s] Level 1:colcon.colcon_core.environment:checking '/home/mark-ros2/robot_ws/install/turtlesim' for CMake config files
[0.940s] DEBUG:colcon.colcon_core.event_handler.log_command:Invoked command in '/home/mark-ros2/robot_ws/build/turtlesim' returned '0': CMAKE_PREFIX_PATH=${CMAKE_PREFIX_PATH}:/home/mark-ros2/robot_ws/install/myfirstpackage:/opt/ros/foxy /usr/bin/cmake --install /home/mark-ros2/robot_ws/build/turtlesim
[0.940s] Level 1:colcon.colcon_core.shell:create_environment_hook('turtlesim', 'cmake_prefix_path')
[0.941s] INFO:colcon.colcon_core.shell:Creating environment hook '/home/mark-ros2/robot_ws/install/turtlesim/share/turtlesim/hook/cmake_prefix_path.ps1'
[0.941s] INFO:colcon.colcon_core.shell:Creating environment descriptor '/home/mark-ros2/robot_ws/install/turtlesim/share/turtlesim/hook/cmake_prefix_path.dsv'
[0.941s] INFO:colcon.colcon_core.shell:Creating environment hook '/home/mark-ros2/robot_ws/install/turtlesim/share/turtlesim/hook/cmake_prefix_path.sh'
[0.942s] Level 1:colcon.colcon_core.environment:checking '/home/mark-ros2/robot_ws/install/turtlesim/lib'
[0.942s] Level 1:colcon.colcon_core.shell:create_environment_hook('turtlesim', 'ld_library_path_lib')
[0.942s] INFO:colcon.colcon_core.shell:Creating environment hook '/home/mark-ros2/robot_ws/install/turtlesim/share/turtlesim/hook/ld_library_path_lib.ps1'
[0.943s] INFO:colcon.colcon_core.shell:Creating environment descriptor '/home/mark-ros2/robot_ws/install/turtlesim/share/turtlesim/hook/ld_library_path_lib.dsv'
[0.943s] INFO:colcon.colcon_core.shell:Creating environment hook '/home/mark-ros2/robot_ws/install/turtlesim/share/turtlesim/hook/ld_library_path_lib.sh'
[0.943s] Level 1:colcon.colcon_core.environment:checking '/home/mark-ros2/robot_ws/install/turtlesim/bin'
[0.943s] Level 1:colcon.colcon_core.environment:checking '/home/mark-ros2/robot_ws/install/turtlesim/lib/pkgconfig/turtlesim.pc'
[0.943s] Level 1:colcon.colcon_core.environment:checking '/home/mark-ros2/robot_ws/install/turtlesim/lib/python3.8/site-packages'
[0.944s] Level 1:colcon.colcon_core.shell:create_environment_hook('turtlesim', 'pythonpath')
[0.944s] INFO:colcon.colcon_core.shell:Creating environment hook '/home/mark-ros2/robot_ws/install/turtlesim/share/turtlesim/hook/pythonpath.ps1'
[0.944s] INFO:colcon.colcon_core.shell:Creating environment descriptor '/home/mark-ros2/robot_ws/install/turtlesim/share/turtlesim/hook/pythonpath.dsv'
[0.945s] INFO:colcon.colcon_core.shell:Creating environment hook '/home/mark-ros2/robot_ws/install/turtlesim/share/turtlesim/hook/pythonpath.sh'
[0.945s] INFO:colcon.colcon_core.shell:Creating package script '/home/mark-ros2/robot_ws/install/turtlesim/share/turtlesim/package.ps1'
[0.946s] INFO:colcon.colcon_core.shell:Creating package descriptor '/home/mark-ros2/robot_ws/install/turtlesim/share/turtlesim/package.dsv'
[0.946s] INFO:colcon.colcon_core.shell:Creating package script '/home/mark-ros2/robot_ws/install/turtlesim/share/turtlesim/package.sh'
[0.947s] INFO:colcon.colcon_core.shell:Creating package script '/home/mark-ros2/robot_ws/install/turtlesim/share/turtlesim/package.bash'
[0.947s] INFO:colcon.colcon_core.shell:Creating package script '/home/mark-ros2/robot_ws/install/turtlesim/share/turtlesim/package.zsh'
[0.947s] Level 1:colcon.colcon_core.environment:create_file_with_runtime_dependencies(/home/mark-ros2/robot_ws/install/turtlesim/share/colcon-core/packages/turtlesim)
[1.061s] Level 1:colcon.colcon_core.environment:create_environment_scripts_only(turtlesim)
[1.062s] Level 1:colcon.colcon_core.environment:checking '/home/mark-ros2/robot_ws/install/turtlesim' for CMake module files
[1.062s] Level 1:colcon.colcon_core.environment:checking '/home/mark-ros2/robot_ws/install/turtlesim' for CMake config files
[1.063s] Level 1:colcon.colcon_core.shell:create_environment_hook('turtlesim', 'cmake_prefix_path')
[1.063s] INFO:colcon.colcon_core.shell:Creating environment hook '/home/mark-ros2/robot_ws/install/turtlesim/share/turtlesim/hook/cmake_prefix_path.ps1'
[1.064s] INFO:colcon.colcon_core.shell:Creating environment descriptor '/home/mark-ros2/robot_ws/install/turtlesim/share/turtlesim/hook/cmake_prefix_path.dsv'
[1.064s] INFO:colcon.colcon_core.shell:Creating environment hook '/home/mark-ros2/robot_ws/install/turtlesim/share/turtlesim/hook/cmake_prefix_path.sh'
[1.064s] Level 1:colcon.colcon_core.environment:checking '/home/mark-ros2/robot_ws/install/turtlesim/lib'
[1.064s] Level 1:colcon.colcon_core.shell:create_environment_hook('turtlesim', 'ld_library_path_lib')
[1.065s] INFO:colcon.colcon_core.shell:Creating environment hook '/home/mark-ros2/robot_ws/install/turtlesim/share/turtlesim/hook/ld_library_path_lib.ps1'
[1.065s] INFO:colcon.colcon_core.shell:Creating environment descriptor '/home/mark-ros2/robot_ws/install/turtlesim/share/turtlesim/hook/ld_library_path_lib.dsv'
[1.065s] INFO:colcon.colcon_core.shell:Creating environment hook '/home/mark-ros2/robot_ws/install/turtlesim/share/turtlesim/hook/ld_library_path_lib.sh'
[1.066s] Level 1:colcon.colcon_core.environment:checking '/home/mark-ros2/robot_ws/install/turtlesim/bin'
[1.066s] Level 1:colcon.colcon_core.environment:checking '/home/mark-ros2/robot_ws/install/turtlesim/lib/pkgconfig/turtlesim.pc'
[1.066s] Level 1:colcon.colcon_core.environment:checking '/home/mark-ros2/robot_ws/install/turtlesim/lib/python3.8/site-packages'
[1.066s] Level 1:colcon.colcon_core.shell:create_environment_hook('turtlesim', 'pythonpath')
[1.066s] INFO:colcon.colcon_core.shell:Creating environment hook '/home/mark-ros2/robot_ws/install/turtlesim/share/turtlesim/hook/pythonpath.ps1'
[1.067s] INFO:colcon.colcon_core.shell:Creating environment descriptor '/home/mark-ros2/robot_ws/install/turtlesim/share/turtlesim/hook/pythonpath.dsv'
[1.067s] INFO:colcon.colcon_core.shell:Creating environment hook '/home/mark-ros2/robot_ws/install/turtlesim/share/turtlesim/hook/pythonpath.sh'
[1.068s] INFO:colcon.colcon_core.shell:Creating package script '/home/mark-ros2/robot_ws/install/turtlesim/share/turtlesim/package.ps1'
[1.068s] INFO:colcon.colcon_core.shell:Creating package descriptor '/home/mark-ros2/robot_ws/install/turtlesim/share/turtlesim/package.dsv'
[1.069s] INFO:colcon.colcon_core.shell:Creating package script '/home/mark-ros2/robot_ws/install/turtlesim/share/turtlesim/package.sh'
[1.069s] INFO:colcon.colcon_core.shell:Creating package script '/home/mark-ros2/robot_ws/install/turtlesim/share/turtlesim/package.bash'
[1.069s] INFO:colcon.colcon_core.shell:Creating package script '/home/mark-ros2/robot_ws/install/turtlesim/share/turtlesim/package.zsh'
[1.070s] Level 1:colcon.colcon_core.environment:create_file_with_runtime_dependencies(/home/mark-ros2/robot_ws/install/turtlesim/share/colcon-core/packages/turtlesim)
[1.070s] DEBUG:colcon.colcon_parallel_executor.executor.parallel:closing loop
[1.070s] DEBUG:colcon.colcon_parallel_executor.executor.parallel:loop closed
[1.070s] DEBUG:colcon.colcon_parallel_executor.executor.parallel:run_until_complete finished with '0'
[1.071s] DEBUG:colcon.colcon_core.event_reactor:joining thread
[1.075s] INFO:colcon.colcon_core.plugin_system:Skipping extension 'colcon_notification.desktop_notification.terminal_notifier': Not used on non-Darwin systems
[1.076s] INFO:colcon.colcon_core.plugin_system:Skipping extension 'colcon_notification.desktop_notification.win32': Not used on non-Windows systems
[1.076s] INFO:colcon.colcon_notification.desktop_notification:Sending desktop notification using 'notify2'
[1.088s] DEBUG:colcon.colcon_core.event_reactor:joined thread
[1.089s] INFO:colcon.colcon_core.shell:Creating prefix script '/home/mark-ros2/robot_ws/install/local_setup.ps1'
[1.090s] INFO:colcon.colcon_core.shell:Creating prefix util module '/home/mark-ros2/robot_ws/install/_local_setup_util_ps1.py'
[1.092s] INFO:colcon.colcon_core.shell:Creating prefix chain script '/home/mark-ros2/robot_ws/install/setup.ps1'
[1.094s] INFO:colcon.colcon_core.shell:Creating prefix script '/home/mark-ros2/robot_ws/install/local_setup.sh'
[1.094s] INFO:colcon.colcon_core.shell:Creating prefix util module '/home/mark-ros2/robot_ws/install/_local_setup_util_sh.py'
[1.095s] INFO:colcon.colcon_core.shell:Creating prefix chain script '/home/mark-ros2/robot_ws/install/setup.sh'
[1.097s] INFO:colcon.colcon_core.shell:Creating prefix script '/home/mark-ros2/robot_ws/install/local_setup.bash'
[1.097s] INFO:colcon.colcon_core.shell:Creating prefix chain script '/home/mark-ros2/robot_ws/install/setup.bash'
[1.099s] INFO:colcon.colcon_core.shell:Creating prefix script '/home/mark-ros2/robot_ws/install/local_setup.zsh'
[1.100s] INFO:colcon.colcon_core.shell:Creating prefix chain script '/home/mark-ros2/robot_ws/install/setup.zsh'
