[0.247s] DEBUG:colcon:Command line arguments: ['/usr/bin/colcon', 'build']
[0.247s] DEBUG:colcon:Parsed command line arguments: Namespace(ament_cmake_args=None, base_paths=['.'], build_base='build', catkin_cmake_args=None, catkin_skip_building_tests=False, cmake_args=None, cmake_clean_cache=False, cmake_clean_first=False, cmake_force_configure=False, cmake_target=None, cmake_target_skip_unavailable=False, continue_on_error=False, event_handlers=None, executor='parallel', ignore_user_meta=False, install_base='install', log_base=None, log_level=None, main=<bound method BuildVerb.main of <colcon_core.verb.build.BuildVerb object at 0x7f7713115e80>>, merge_install=False, metas=['./colcon.meta'], packages_above=None, packages_above_and_dependencies=None, packages_above_depth=None, packages_end=None, packages_ignore=None, packages_ignore_regex=None, packages_select=None, packages_select_build_failed=False, packages_select_by_dep=None, packages_select_regex=None, packages_select_test_failures=False, packages_skip=None, packages_skip_build_finished=False, packages_skip_by_dep=None, packages_skip_regex=None, packages_skip_test_passed=False, packages_skip_up_to=None, packages_start=None, packages_up_to=None, packages_up_to_regex=None, parallel_workers=12, paths=None, symlink_install=False, test_result_base=None, verb_extension=<colcon_core.verb.build.BuildVerb object at 0x7f7713115e80>, verb_name='build', verb_parser=<colcon_defaults.argument_parser.defaults.DefaultArgumentsDecorator object at 0x7f771311f430>)
[0.251s] Level 1:colcon.colcon_core.package_discovery:discover_packages(colcon_meta) check parameters
[0.251s] Level 1:colcon.colcon_core.package_discovery:discover_packages(recursive) check parameters
[0.251s] Level 1:colcon.colcon_core.package_discovery:discover_packages(ignore) check parameters
[0.251s] Level 1:colcon.colcon_core.package_discovery:discover_packages(path) check parameters
[0.251s] Level 1:colcon.colcon_core.package_discovery:discover_packages(colcon_meta) discover
[0.251s] Level 1:colcon.colcon_core.package_discovery:discover_packages(recursive) discover
[0.251s] INFO:colcon.colcon_core.package_discovery:Crawling recursively for packages in '/home/mark-ros2/ROS2_tutorials'
[0.251s] Level 1:colcon.colcon_core.package_identification:_identify(.) by extensions ['ignore', 'ignore_ament_install']
[0.251s] Level 1:colcon.colcon_core.package_identification:_identify(.) by extension 'ignore'
[0.251s] Level 1:colcon.colcon_core.package_identification:_identify(.) by extension 'ignore_ament_install'
[0.251s] Level 1:colcon.colcon_core.package_identification:_identify(.) by extensions ['colcon_pkg']
[0.251s] Level 1:colcon.colcon_core.package_identification:_identify(.) by extension 'colcon_pkg'
[0.251s] Level 1:colcon.colcon_core.package_identification:_identify(.) by extensions ['colcon_meta']
[0.251s] Level 1:colcon.colcon_core.package_identification:_identify(.) by extension 'colcon_meta'
[0.251s] Level 1:colcon.colcon_core.package_identification:_identify(.) by extensions ['ros']
[0.251s] Level 1:colcon.colcon_core.package_identification:_identify(.) by extension 'ros'
[0.259s] Level 1:colcon.colcon_core.package_identification:_identify(.) by extensions ['cmake', 'python']
[0.259s] Level 1:colcon.colcon_core.package_identification:_identify(.) by extension 'cmake'
[0.259s] Level 1:colcon.colcon_core.package_identification:_identify(.) by extension 'python'
[0.259s] Level 1:colcon.colcon_core.package_identification:_identify(.) by extensions ['python_setup_py']
[0.259s] Level 1:colcon.colcon_core.package_identification:_identify(.) by extension 'python_setup_py'
[0.260s] Level 1:colcon.colcon_core.package_identification:_identify(build) by extensions ['ignore', 'ignore_ament_install']
[0.260s] Level 1:colcon.colcon_core.package_identification:_identify(build) by extension 'ignore'
[0.260s] Level 1:colcon.colcon_core.package_identification:_identify(build) ignored
[0.260s] Level 1:colcon.colcon_core.package_identification:_identify(install) by extensions ['ignore', 'ignore_ament_install']
[0.260s] Level 1:colcon.colcon_core.package_identification:_identify(install) by extension 'ignore'
[0.260s] Level 1:colcon.colcon_core.package_identification:_identify(install) ignored
[0.260s] Level 1:colcon.colcon_core.package_identification:_identify(log) by extensions ['ignore', 'ignore_ament_install']
[0.260s] Level 1:colcon.colcon_core.package_identification:_identify(log) by extension 'ignore'
[0.260s] Level 1:colcon.colcon_core.package_identification:_identify(log) ignored
[0.260s] Level 1:colcon.colcon_core.package_identification:_identify(src) by extensions ['ignore', 'ignore_ament_install']
[0.260s] Level 1:colcon.colcon_core.package_identification:_identify(src) by extension 'ignore'
[0.260s] Level 1:colcon.colcon_core.package_identification:_identify(src) by extension 'ignore_ament_install'
[0.260s] Level 1:colcon.colcon_core.package_identification:_identify(src) by extensions ['colcon_pkg']
[0.260s] Level 1:colcon.colcon_core.package_identification:_identify(src) by extension 'colcon_pkg'
[0.260s] Level 1:colcon.colcon_core.package_identification:_identify(src) by extensions ['colcon_meta']
[0.260s] Level 1:colcon.colcon_core.package_identification:_identify(src) by extension 'colcon_meta'
[0.261s] Level 1:colcon.colcon_core.package_identification:_identify(src) by extensions ['ros']
[0.261s] Level 1:colcon.colcon_core.package_identification:_identify(src) by extension 'ros'
[0.261s] Level 1:colcon.colcon_core.package_identification:_identify(src) by extensions ['cmake', 'python']
[0.261s] Level 1:colcon.colcon_core.package_identification:_identify(src) by extension 'cmake'
[0.261s] Level 1:colcon.colcon_core.package_identification:_identify(src) by extension 'python'
[0.261s] Level 1:colcon.colcon_core.package_identification:_identify(src) by extensions ['python_setup_py']
[0.261s] Level 1:colcon.colcon_core.package_identification:_identify(src) by extension 'python_setup_py'
[0.261s] Level 1:colcon.colcon_core.package_identification:_identify(src/hello_world) by extensions ['ignore', 'ignore_ament_install']
[0.261s] Level 1:colcon.colcon_core.package_identification:_identify(src/hello_world) by extension 'ignore'
[0.261s] Level 1:colcon.colcon_core.package_identification:_identify(src/hello_world) by extension 'ignore_ament_install'
[0.261s] Level 1:colcon.colcon_core.package_identification:_identify(src/hello_world) by extensions ['colcon_pkg']
[0.261s] Level 1:colcon.colcon_core.package_identification:_identify(src/hello_world) by extension 'colcon_pkg'
[0.261s] Level 1:colcon.colcon_core.package_identification:_identify(src/hello_world) by extensions ['colcon_meta']
[0.261s] Level 1:colcon.colcon_core.package_identification:_identify(src/hello_world) by extension 'colcon_meta'
[0.261s] Level 1:colcon.colcon_core.package_identification:_identify(src/hello_world) by extensions ['ros']
[0.261s] Level 1:colcon.colcon_core.package_identification:_identify(src/hello_world) by extension 'ros'
[0.263s] DEBUG:colcon.colcon_core.package_identification:Package 'src/hello_world' with type 'ros.ament_python' and name 'hello_world'
[0.263s] Level 1:colcon.colcon_core.package_identification:_identify(src/myfirstpackage) by extensions ['ignore', 'ignore_ament_install']
[0.263s] Level 1:colcon.colcon_core.package_identification:_identify(src/myfirstpackage) by extension 'ignore'
[0.263s] Level 1:colcon.colcon_core.package_identification:_identify(src/myfirstpackage) by extension 'ignore_ament_install'
[0.263s] Level 1:colcon.colcon_core.package_identification:_identify(src/myfirstpackage) by extensions ['colcon_pkg']
[0.263s] Level 1:colcon.colcon_core.package_identification:_identify(src/myfirstpackage) by extension 'colcon_pkg'
[0.263s] Level 1:colcon.colcon_core.package_identification:_identify(src/myfirstpackage) by extensions ['colcon_meta']
[0.263s] Level 1:colcon.colcon_core.package_identification:_identify(src/myfirstpackage) by extension 'colcon_meta'
[0.263s] Level 1:colcon.colcon_core.package_identification:_identify(src/myfirstpackage) by extensions ['ros']
[0.263s] Level 1:colcon.colcon_core.package_identification:_identify(src/myfirstpackage) by extension 'ros'
[0.264s] DEBUG:colcon.colcon_core.package_identification:Package 'src/myfirstpackage' with type 'ros.ament_python' and name 'myfirstpackage'
[0.264s] Level 1:colcon.colcon_core.package_identification:_identify(src/pubsub) by extensions ['ignore', 'ignore_ament_install']
[0.264s] Level 1:colcon.colcon_core.package_identification:_identify(src/pubsub) by extension 'ignore'
[0.264s] Level 1:colcon.colcon_core.package_identification:_identify(src/pubsub) by extension 'ignore_ament_install'
[0.264s] Level 1:colcon.colcon_core.package_identification:_identify(src/pubsub) by extensions ['colcon_pkg']
[0.264s] Level 1:colcon.colcon_core.package_identification:_identify(src/pubsub) by extension 'colcon_pkg'
[0.264s] Level 1:colcon.colcon_core.package_identification:_identify(src/pubsub) by extensions ['colcon_meta']
[0.264s] Level 1:colcon.colcon_core.package_identification:_identify(src/pubsub) by extension 'colcon_meta'
[0.264s] Level 1:colcon.colcon_core.package_identification:_identify(src/pubsub) by extensions ['ros']
[0.264s] Level 1:colcon.colcon_core.package_identification:_identify(src/pubsub) by extension 'ros'
[0.265s] DEBUG:colcon.colcon_core.package_identification:Package 'src/pubsub' with type 'ros.ament_python' and name 'pubsub'
[0.265s] Level 1:colcon.colcon_core.package_identification:_identify(src/ros_tutorials) by extensions ['ignore', 'ignore_ament_install']
[0.265s] Level 1:colcon.colcon_core.package_identification:_identify(src/ros_tutorials) by extension 'ignore'
[0.265s] Level 1:colcon.colcon_core.package_identification:_identify(src/ros_tutorials) by extension 'ignore_ament_install'
[0.265s] Level 1:colcon.colcon_core.package_identification:_identify(src/ros_tutorials) by extensions ['colcon_pkg']
[0.265s] Level 1:colcon.colcon_core.package_identification:_identify(src/ros_tutorials) by extension 'colcon_pkg'
[0.265s] Level 1:colcon.colcon_core.package_identification:_identify(src/ros_tutorials) by extensions ['colcon_meta']
[0.265s] Level 1:colcon.colcon_core.package_identification:_identify(src/ros_tutorials) by extension 'colcon_meta'
[0.265s] Level 1:colcon.colcon_core.package_identification:_identify(src/ros_tutorials) by extensions ['ros']
[0.265s] Level 1:colcon.colcon_core.package_identification:_identify(src/ros_tutorials) by extension 'ros'
[0.265s] Level 1:colcon.colcon_core.package_identification:_identify(src/ros_tutorials) by extensions ['cmake', 'python']
[0.265s] Level 1:colcon.colcon_core.package_identification:_identify(src/ros_tutorials) by extension 'cmake'
[0.265s] Level 1:colcon.colcon_core.package_identification:_identify(src/ros_tutorials) by extension 'python'
[0.265s] Level 1:colcon.colcon_core.package_identification:_identify(src/ros_tutorials) by extensions ['python_setup_py']
[0.265s] Level 1:colcon.colcon_core.package_identification:_identify(src/ros_tutorials) by extension 'python_setup_py'
[0.265s] Level 1:colcon.colcon_core.package_identification:_identify(src/ros_tutorials/ros_tutorials) by extensions ['ignore', 'ignore_ament_install']
[0.266s] Level 1:colcon.colcon_core.package_identification:_identify(src/ros_tutorials/ros_tutorials) by extension 'ignore'
[0.266s] Level 1:colcon.colcon_core.package_identification:_identify(src/ros_tutorials/ros_tutorials) ignored
[0.266s] Level 1:colcon.colcon_core.package_identification:_identify(src/ros_tutorials/roscpp_tutorials) by extensions ['ignore', 'ignore_ament_install']
[0.266s] Level 1:colcon.colcon_core.package_identification:_identify(src/ros_tutorials/roscpp_tutorials) by extension 'ignore'
[0.266s] Level 1:colcon.colcon_core.package_identification:_identify(src/ros_tutorials/roscpp_tutorials) ignored
[0.266s] Level 1:colcon.colcon_core.package_identification:_identify(src/ros_tutorials/rospy_tutorials) by extensions ['ignore', 'ignore_ament_install']
[0.266s] Level 1:colcon.colcon_core.package_identification:_identify(src/ros_tutorials/rospy_tutorials) by extension 'ignore'
[0.266s] Level 1:colcon.colcon_core.package_identification:_identify(src/ros_tutorials/rospy_tutorials) ignored
[0.266s] Level 1:colcon.colcon_core.package_identification:_identify(src/ros_tutorials/turtlesim) by extensions ['ignore', 'ignore_ament_install']
[0.266s] Level 1:colcon.colcon_core.package_identification:_identify(src/ros_tutorials/turtlesim) by extension 'ignore'
[0.266s] Level 1:colcon.colcon_core.package_identification:_identify(src/ros_tutorials/turtlesim) by extension 'ignore_ament_install'
[0.266s] Level 1:colcon.colcon_core.package_identification:_identify(src/ros_tutorials/turtlesim) by extensions ['colcon_pkg']
[0.266s] Level 1:colcon.colcon_core.package_identification:_identify(src/ros_tutorials/turtlesim) by extension 'colcon_pkg'
[0.266s] Level 1:colcon.colcon_core.package_identification:_identify(src/ros_tutorials/turtlesim) by extensions ['colcon_meta']
[0.266s] Level 1:colcon.colcon_core.package_identification:_identify(src/ros_tutorials/turtlesim) by extension 'colcon_meta'
[0.266s] Level 1:colcon.colcon_core.package_identification:_identify(src/ros_tutorials/turtlesim) by extensions ['ros']
[0.266s] Level 1:colcon.colcon_core.package_identification:_identify(src/ros_tutorials/turtlesim) by extension 'ros'
[0.267s] DEBUG:colcon.colcon_core.package_identification:Package 'src/ros_tutorials/turtlesim' with type 'ros.ament_cmake' and name 'turtlesim'
[0.267s] Level 1:colcon.colcon_core.package_identification:_identify(src/srv_examples) by extensions ['ignore', 'ignore_ament_install']
[0.267s] Level 1:colcon.colcon_core.package_identification:_identify(src/srv_examples) by extension 'ignore'
[0.267s] Level 1:colcon.colcon_core.package_identification:_identify(src/srv_examples) by extension 'ignore_ament_install'
[0.267s] Level 1:colcon.colcon_core.package_identification:_identify(src/srv_examples) by extensions ['colcon_pkg']
[0.267s] Level 1:colcon.colcon_core.package_identification:_identify(src/srv_examples) by extension 'colcon_pkg'
[0.267s] Level 1:colcon.colcon_core.package_identification:_identify(src/srv_examples) by extensions ['colcon_meta']
[0.268s] Level 1:colcon.colcon_core.package_identification:_identify(src/srv_examples) by extension 'colcon_meta'
[0.268s] Level 1:colcon.colcon_core.package_identification:_identify(src/srv_examples) by extensions ['ros']
[0.268s] Level 1:colcon.colcon_core.package_identification:_identify(src/srv_examples) by extension 'ros'
[0.268s] DEBUG:colcon.colcon_core.package_identification:Package 'src/srv_examples' with type 'ros.ament_python' and name 'srv_examples'
[0.268s] Level 1:colcon.colcon_core.package_discovery:discover_packages(recursive) using defaults
[0.268s] Level 1:colcon.colcon_core.package_discovery:discover_packages(ignore) discover
[0.268s] Level 1:colcon.colcon_core.package_discovery:discover_packages(ignore) using defaults
[0.268s] Level 1:colcon.colcon_core.package_discovery:discover_packages(path) discover
[0.268s] Level 1:colcon.colcon_core.package_discovery:discover_packages(path) using defaults
[0.282s] Level 5:colcon.colcon_core.verb:set package 'hello_world' build argument 'cmake_args' from command line to 'None'
[0.283s] Level 5:colcon.colcon_core.verb:set package 'hello_world' build argument 'cmake_target' from command line to 'None'
[0.283s] Level 5:colcon.colcon_core.verb:set package 'hello_world' build argument 'cmake_target_skip_unavailable' from command line to 'False'
[0.283s] Level 5:colcon.colcon_core.verb:set package 'hello_world' build argument 'cmake_clean_cache' from command line to 'False'
[0.283s] Level 5:colcon.colcon_core.verb:set package 'hello_world' build argument 'cmake_clean_first' from command line to 'False'
[0.283s] Level 5:colcon.colcon_core.verb:set package 'hello_world' build argument 'cmake_force_configure' from command line to 'False'
[0.283s] Level 5:colcon.colcon_core.verb:set package 'hello_world' build argument 'ament_cmake_args' from command line to 'None'
[0.283s] Level 5:colcon.colcon_core.verb:set package 'hello_world' build argument 'catkin_cmake_args' from command line to 'None'
[0.283s] Level 5:colcon.colcon_core.verb:set package 'hello_world' build argument 'catkin_skip_building_tests' from command line to 'False'
[0.283s] DEBUG:colcon.colcon_core.verb:Building package 'hello_world' with the following arguments: {'ament_cmake_args': None, 'build_base': '/home/mark-ros2/ROS2_tutorials/build/hello_world', 'catkin_cmake_args': None, 'catkin_skip_building_tests': False, 'cmake_args': None, 'cmake_clean_cache': False, 'cmake_clean_first': False, 'cmake_force_configure': False, 'cmake_target': None, 'cmake_target_skip_unavailable': False, 'install_base': '/home/mark-ros2/ROS2_tutorials/install/hello_world', 'merge_install': False, 'path': '/home/mark-ros2/ROS2_tutorials/src/hello_world', 'symlink_install': False, 'test_result_base': None}
[0.285s] Level 5:colcon.colcon_core.verb:set package 'myfirstpackage' build argument 'cmake_args' from command line to 'None'
[0.285s] Level 5:colcon.colcon_core.verb:set package 'myfirstpackage' build argument 'cmake_target' from command line to 'None'
[0.285s] Level 5:colcon.colcon_core.verb:set package 'myfirstpackage' build argument 'cmake_target_skip_unavailable' from command line to 'False'
[0.285s] Level 5:colcon.colcon_core.verb:set package 'myfirstpackage' build argument 'cmake_clean_cache' from command line to 'False'
[0.285s] Level 5:colcon.colcon_core.verb:set package 'myfirstpackage' build argument 'cmake_clean_first' from command line to 'False'
[0.285s] Level 5:colcon.colcon_core.verb:set package 'myfirstpackage' build argument 'cmake_force_configure' from command line to 'False'
[0.285s] Level 5:colcon.colcon_core.verb:set package 'myfirstpackage' build argument 'ament_cmake_args' from command line to 'None'
[0.285s] Level 5:colcon.colcon_core.verb:set package 'myfirstpackage' build argument 'catkin_cmake_args' from command line to 'None'
[0.285s] Level 5:colcon.colcon_core.verb:set package 'myfirstpackage' build argument 'catkin_skip_building_tests' from command line to 'False'
[0.285s] DEBUG:colcon.colcon_core.verb:Building package 'myfirstpackage' with the following arguments: {'ament_cmake_args': None, 'build_base': '/home/mark-ros2/ROS2_tutorials/build/myfirstpackage', 'catkin_cmake_args': None, 'catkin_skip_building_tests': False, 'cmake_args': None, 'cmake_clean_cache': False, 'cmake_clean_first': False, 'cmake_force_configure': False, 'cmake_target': None, 'cmake_target_skip_unavailable': False, 'install_base': '/home/mark-ros2/ROS2_tutorials/install/myfirstpackage', 'merge_install': False, 'path': '/home/mark-ros2/ROS2_tutorials/src/myfirstpackage', 'symlink_install': False, 'test_result_base': None}
[0.287s] Level 5:colcon.colcon_core.verb:set package 'pubsub' build argument 'cmake_args' from command line to 'None'
[0.287s] Level 5:colcon.colcon_core.verb:set package 'pubsub' build argument 'cmake_target' from command line to 'None'
[0.287s] Level 5:colcon.colcon_core.verb:set package 'pubsub' build argument 'cmake_target_skip_unavailable' from command line to 'False'
[0.287s] Level 5:colcon.colcon_core.verb:set package 'pubsub' build argument 'cmake_clean_cache' from command line to 'False'
[0.287s] Level 5:colcon.colcon_core.verb:set package 'pubsub' build argument 'cmake_clean_first' from command line to 'False'
[0.287s] Level 5:colcon.colcon_core.verb:set package 'pubsub' build argument 'cmake_force_configure' from command line to 'False'
[0.287s] Level 5:colcon.colcon_core.verb:set package 'pubsub' build argument 'ament_cmake_args' from command line to 'None'
[0.287s] Level 5:colcon.colcon_core.verb:set package 'pubsub' build argument 'catkin_cmake_args' from command line to 'None'
[0.287s] Level 5:colcon.colcon_core.verb:set package 'pubsub' build argument 'catkin_skip_building_tests' from command line to 'False'
[0.287s] DEBUG:colcon.colcon_core.verb:Building package 'pubsub' with the following arguments: {'ament_cmake_args': None, 'build_base': '/home/mark-ros2/ROS2_tutorials/build/pubsub', 'catkin_cmake_args': None, 'catkin_skip_building_tests': False, 'cmake_args': None, 'cmake_clean_cache': False, 'cmake_clean_first': False, 'cmake_force_configure': False, 'cmake_target': None, 'cmake_target_skip_unavailable': False, 'install_base': '/home/mark-ros2/ROS2_tutorials/install/pubsub', 'merge_install': False, 'path': '/home/mark-ros2/ROS2_tutorials/src/pubsub', 'symlink_install': False, 'test_result_base': None}
[0.289s] Level 5:colcon.colcon_core.verb:set package 'srv_examples' build argument 'cmake_args' from command line to 'None'
[0.289s] Level 5:colcon.colcon_core.verb:set package 'srv_examples' build argument 'cmake_target' from command line to 'None'
[0.289s] Level 5:colcon.colcon_core.verb:set package 'srv_examples' build argument 'cmake_target_skip_unavailable' from command line to 'False'
[0.289s] Level 5:colcon.colcon_core.verb:set package 'srv_examples' build argument 'cmake_clean_cache' from command line to 'False'
[0.289s] Level 5:colcon.colcon_core.verb:set package 'srv_examples' build argument 'cmake_clean_first' from command line to 'False'
[0.289s] Level 5:colcon.colcon_core.verb:set package 'srv_examples' build argument 'cmake_force_configure' from command line to 'False'
[0.289s] Level 5:colcon.colcon_core.verb:set package 'srv_examples' build argument 'ament_cmake_args' from command line to 'None'
[0.289s] Level 5:colcon.colcon_core.verb:set package 'srv_examples' build argument 'catkin_cmake_args' from command line to 'None'
[0.289s] Level 5:colcon.colcon_core.verb:set package 'srv_examples' build argument 'catkin_skip_building_tests' from command line to 'False'
[0.289s] DEBUG:colcon.colcon_core.verb:Building package 'srv_examples' with the following arguments: {'ament_cmake_args': None, 'build_base': '/home/mark-ros2/ROS2_tutorials/build/srv_examples', 'catkin_cmake_args': None, 'catkin_skip_building_tests': False, 'cmake_args': None, 'cmake_clean_cache': False, 'cmake_clean_first': False, 'cmake_force_configure': False, 'cmake_target': None, 'cmake_target_skip_unavailable': False, 'install_base': '/home/mark-ros2/ROS2_tutorials/install/srv_examples', 'merge_install': False, 'path': '/home/mark-ros2/ROS2_tutorials/src/srv_examples', 'symlink_install': False, 'test_result_base': None}
[0.291s] Level 5:colcon.colcon_core.verb:set package 'turtlesim' build argument 'cmake_args' from command line to 'None'
[0.291s] Level 5:colcon.colcon_core.verb:set package 'turtlesim' build argument 'cmake_target' from command line to 'None'
[0.291s] Level 5:colcon.colcon_core.verb:set package 'turtlesim' build argument 'cmake_target_skip_unavailable' from command line to 'False'
[0.291s] Level 5:colcon.colcon_core.verb:set package 'turtlesim' build argument 'cmake_clean_cache' from command line to 'False'
[0.291s] Level 5:colcon.colcon_core.verb:set package 'turtlesim' build argument 'cmake_clean_first' from command line to 'False'
[0.291s] Level 5:colcon.colcon_core.verb:set package 'turtlesim' build argument 'cmake_force_configure' from command line to 'False'
[0.291s] Level 5:colcon.colcon_core.verb:set package 'turtlesim' build argument 'ament_cmake_args' from command line to 'None'
[0.291s] Level 5:colcon.colcon_core.verb:set package 'turtlesim' build argument 'catkin_cmake_args' from command line to 'None'
[0.291s] Level 5:colcon.colcon_core.verb:set package 'turtlesim' build argument 'catkin_skip_building_tests' from command line to 'False'
[0.291s] DEBUG:colcon.colcon_core.verb:Building package 'turtlesim' with the following arguments: {'ament_cmake_args': None, 'build_base': '/home/mark-ros2/ROS2_tutorials/build/turtlesim', 'catkin_cmake_args': None, 'catkin_skip_building_tests': False, 'cmake_args': None, 'cmake_clean_cache': False, 'cmake_clean_first': False, 'cmake_force_configure': False, 'cmake_target': None, 'cmake_target_skip_unavailable': False, 'install_base': '/home/mark-ros2/ROS2_tutorials/install/turtlesim', 'merge_install': False, 'path': '/home/mark-ros2/ROS2_tutorials/src/ros_tutorials/turtlesim', 'symlink_install': False, 'test_result_base': None}
[0.291s] INFO:colcon.colcon_core.executor:Executing jobs using 'parallel' executor
[0.293s] DEBUG:colcon.colcon_parallel_executor.executor.parallel:run_until_complete
[0.293s] INFO:colcon.colcon_ros.task.ament_python.build:Building ROS package in '/home/mark-ros2/ROS2_tutorials/src/hello_world' with build type 'ament_python'
[0.293s] Level 1:colcon.colcon_core.shell:create_environment_hook('hello_world', 'ament_prefix_path')
[0.296s] INFO:colcon.colcon_core.plugin_system:Skipping extension 'colcon_core.shell.bat': Not used on non-Windows systems
[0.296s] INFO:colcon.colcon_core.shell:Creating environment hook '/home/mark-ros2/ROS2_tutorials/install/hello_world/share/hello_world/hook/ament_prefix_path.ps1'
[0.296s] INFO:colcon.colcon_core.shell:Creating environment descriptor '/home/mark-ros2/ROS2_tutorials/install/hello_world/share/hello_world/hook/ament_prefix_path.dsv'
[0.297s] INFO:colcon.colcon_core.shell:Creating environment hook '/home/mark-ros2/ROS2_tutorials/install/hello_world/share/hello_world/hook/ament_prefix_path.sh'
[0.297s] INFO:colcon.colcon_core.shell:Skip shell extension 'powershell' for command environment: Not usable outside of PowerShell
[0.297s] DEBUG:colcon.colcon_core.shell:Skip shell extension 'dsv' for command environment
[0.299s] DEBUG:colcon.colcon_core.shell:Ignoring prefix path '/opt/ros/foxy'
[0.301s] INFO:colcon.colcon_ros.task.ament_python.build:Building ROS package in '/home/mark-ros2/ROS2_tutorials/src/myfirstpackage' with build type 'ament_python'
[0.301s] Level 1:colcon.colcon_core.shell:create_environment_hook('myfirstpackage', 'ament_prefix_path')
[0.302s] INFO:colcon.colcon_core.shell:Creating environment hook '/home/mark-ros2/ROS2_tutorials/install/myfirstpackage/share/myfirstpackage/hook/ament_prefix_path.ps1'
[0.302s] INFO:colcon.colcon_core.shell:Creating environment descriptor '/home/mark-ros2/ROS2_tutorials/install/myfirstpackage/share/myfirstpackage/hook/ament_prefix_path.dsv'
[0.302s] INFO:colcon.colcon_core.shell:Creating environment hook '/home/mark-ros2/ROS2_tutorials/install/myfirstpackage/share/myfirstpackage/hook/ament_prefix_path.sh'
[0.303s] INFO:colcon.colcon_core.shell:Skip shell extension 'powershell' for command environment: Not usable outside of PowerShell
[0.303s] DEBUG:colcon.colcon_core.shell:Skip shell extension 'dsv' for command environment
[0.304s] DEBUG:colcon.colcon_core.shell:Ignoring prefix path '/opt/ros/foxy'
[0.306s] INFO:colcon.colcon_ros.task.ament_python.build:Building ROS package in '/home/mark-ros2/ROS2_tutorials/src/pubsub' with build type 'ament_python'
[0.306s] Level 1:colcon.colcon_core.shell:create_environment_hook('pubsub', 'ament_prefix_path')
[0.306s] INFO:colcon.colcon_core.shell:Creating environment hook '/home/mark-ros2/ROS2_tutorials/install/pubsub/share/pubsub/hook/ament_prefix_path.ps1'
[0.307s] INFO:colcon.colcon_core.shell:Creating environment descriptor '/home/mark-ros2/ROS2_tutorials/install/pubsub/share/pubsub/hook/ament_prefix_path.dsv'
[0.307s] INFO:colcon.colcon_core.shell:Creating environment hook '/home/mark-ros2/ROS2_tutorials/install/pubsub/share/pubsub/hook/ament_prefix_path.sh'
[0.308s] INFO:colcon.colcon_core.shell:Skip shell extension 'powershell' for command environment: Not usable outside of PowerShell
[0.308s] DEBUG:colcon.colcon_core.shell:Skip shell extension 'dsv' for command environment
[0.309s] DEBUG:colcon.colcon_core.shell:Ignoring prefix path '/opt/ros/foxy'
[0.310s] INFO:colcon.colcon_ros.task.ament_python.build:Building ROS package in '/home/mark-ros2/ROS2_tutorials/src/srv_examples' with build type 'ament_python'
[0.311s] Level 1:colcon.colcon_core.shell:create_environment_hook('srv_examples', 'ament_prefix_path')
[0.311s] INFO:colcon.colcon_core.shell:Creating environment hook '/home/mark-ros2/ROS2_tutorials/install/srv_examples/share/srv_examples/hook/ament_prefix_path.ps1'
[0.312s] INFO:colcon.colcon_core.shell:Creating environment descriptor '/home/mark-ros2/ROS2_tutorials/install/srv_examples/share/srv_examples/hook/ament_prefix_path.dsv'
[0.312s] INFO:colcon.colcon_core.shell:Creating environment hook '/home/mark-ros2/ROS2_tutorials/install/srv_examples/share/srv_examples/hook/ament_prefix_path.sh'
[0.313s] INFO:colcon.colcon_core.shell:Skip shell extension 'powershell' for command environment: Not usable outside of PowerShell
[0.313s] DEBUG:colcon.colcon_core.shell:Skip shell extension 'dsv' for command environment
[0.314s] DEBUG:colcon.colcon_core.shell:Ignoring prefix path '/opt/ros/foxy'
[0.315s] INFO:colcon.colcon_ros.task.ament_cmake.build:Building ROS package in '/home/mark-ros2/ROS2_tutorials/src/ros_tutorials/turtlesim' with build type 'ament_cmake'
[0.315s] INFO:colcon.colcon_cmake.task.cmake.build:Building CMake package in '/home/mark-ros2/ROS2_tutorials/src/ros_tutorials/turtlesim'
[0.316s] INFO:colcon.colcon_core.shell:Skip shell extension 'powershell' for command environment: Not usable outside of PowerShell
[0.316s] DEBUG:colcon.colcon_core.shell:Skip shell extension 'dsv' for command environment
[0.317s] DEBUG:colcon.colcon_core.shell:Ignoring prefix path '/opt/ros/foxy'
[0.484s] INFO:colcon.colcon_core.task.python.build:Building Python package in '/home/mark-ros2/ROS2_tutorials/src/hello_world'
[0.484s] INFO:colcon.colcon_core.shell:Skip shell extension 'powershell' for command environment: Not usable outside of PowerShell
[0.484s] DEBUG:colcon.colcon_core.shell:Skip shell extension 'dsv' for command environment
[0.486s] DEBUG:colcon.colcon_core.shell:Ignoring prefix path '/opt/ros/foxy'
[0.675s] INFO:colcon.colcon_core.task.python.build:Building Python package in '/home/mark-ros2/ROS2_tutorials/src/myfirstpackage'
[0.676s] INFO:colcon.colcon_core.shell:Skip shell extension 'powershell' for command environment: Not usable outside of PowerShell
[0.676s] DEBUG:colcon.colcon_core.shell:Skip shell extension 'dsv' for command environment
[0.678s] DEBUG:colcon.colcon_core.shell:Ignoring prefix path '/opt/ros/foxy'
[0.867s] INFO:colcon.colcon_core.task.python.build:Building Python package in '/home/mark-ros2/ROS2_tutorials/src/pubsub'
[0.868s] INFO:colcon.colcon_core.shell:Skip shell extension 'powershell' for command environment: Not usable outside of PowerShell
[0.868s] DEBUG:colcon.colcon_core.shell:Skip shell extension 'dsv' for command environment
[0.869s] DEBUG:colcon.colcon_core.shell:Ignoring prefix path '/opt/ros/foxy'
[1.055s] INFO:colcon.colcon_core.task.python.build:Building Python package in '/home/mark-ros2/ROS2_tutorials/src/srv_examples'
[1.056s] INFO:colcon.colcon_core.shell:Skip shell extension 'powershell' for command environment: Not usable outside of PowerShell
[1.056s] DEBUG:colcon.colcon_core.shell:Skip shell extension 'dsv' for command environment
[1.058s] DEBUG:colcon.colcon_core.shell:Ignoring prefix path '/opt/ros/foxy'
[1.063s] DEBUG:colcon.colcon_core.event_handler.log_command:Invoking command in '/home/mark-ros2/ROS2_tutorials/build/turtlesim': CMAKE_PREFIX_PATH=${CMAKE_PREFIX_PATH}:/home/mark-ros2/ROS2_tutorials/install/srv_examples:/home/mark-ros2/ROS2_tutorials/install/myfirstpackage:/home/mark-ros2/ROS2_tutorials/install/hello_world:/opt/ros/foxy /usr/bin/cmake --build /home/mark-ros2/ROS2_tutorials/build/turtlesim -- -j12 -l12
[1.071s] DEBUG:colcon.colcon_core.event_handler.log_command:Invoking command in '/home/mark-ros2/ROS2_tutorials/src/hello_world': PYTHONPATH=/home/mark-ros2/ROS2_tutorials/install/hello_world/lib/python3.8/site-packages:${PYTHONPATH} /usr/bin/python3 setup.py egg_info --egg-base ../../build/hello_world build --build-base /home/mark-ros2/ROS2_tutorials/build/hello_world/build install --prefix /home/mark-ros2/ROS2_tutorials/install/hello_world --record /home/mark-ros2/ROS2_tutorials/build/hello_world/install.log --single-version-externally-managed
[1.074s] DEBUG:colcon.colcon_core.event_handler.log_command:Invoking command in '/home/mark-ros2/ROS2_tutorials/src/myfirstpackage': PYTHONPATH=/home/mark-ros2/ROS2_tutorials/install/myfirstpackage/lib/python3.8/site-packages:${PYTHONPATH} /usr/bin/python3 setup.py egg_info --egg-base ../../build/myfirstpackage build --build-base /home/mark-ros2/ROS2_tutorials/build/myfirstpackage/build install --prefix /home/mark-ros2/ROS2_tutorials/install/myfirstpackage --record /home/mark-ros2/ROS2_tutorials/build/myfirstpackage/install.log --single-version-externally-managed
[1.076s] DEBUG:colcon.colcon_core.event_handler.log_command:Invoking command in '/home/mark-ros2/ROS2_tutorials/src/pubsub': PYTHONPATH=/home/mark-ros2/ROS2_tutorials/install/pubsub/lib/python3.8/site-packages:${PYTHONPATH} /usr/bin/python3 setup.py egg_info --egg-base ../../build/pubsub build --build-base /home/mark-ros2/ROS2_tutorials/build/pubsub/build install --prefix /home/mark-ros2/ROS2_tutorials/install/pubsub --record /home/mark-ros2/ROS2_tutorials/build/pubsub/install.log --single-version-externally-managed
[1.079s] DEBUG:colcon.colcon_core.event_handler.log_command:Invoking command in '/home/mark-ros2/ROS2_tutorials/src/srv_examples': PYTHONPATH=/home/mark-ros2/ROS2_tutorials/install/srv_examples/lib/python3.8/site-packages:${PYTHONPATH} /usr/bin/python3 setup.py egg_info --egg-base ../../build/srv_examples build --build-base /home/mark-ros2/ROS2_tutorials/build/srv_examples/build install --prefix /home/mark-ros2/ROS2_tutorials/install/srv_examples --record /home/mark-ros2/ROS2_tutorials/build/srv_examples/install.log --single-version-externally-managed
[1.276s] DEBUG:colcon.colcon_core.event_handler.log_command:Invoked command in '/home/mark-ros2/ROS2_tutorials/build/turtlesim' returned '0': CMAKE_PREFIX_PATH=${CMAKE_PREFIX_PATH}:/home/mark-ros2/ROS2_tutorials/install/srv_examples:/home/mark-ros2/ROS2_tutorials/install/myfirstpackage:/home/mark-ros2/ROS2_tutorials/install/hello_world:/opt/ros/foxy /usr/bin/cmake --build /home/mark-ros2/ROS2_tutorials/build/turtlesim -- -j12 -l12
[1.346s] DEBUG:colcon.colcon_core.event_handler.log_command:Invoked command in '/home/mark-ros2/ROS2_tutorials/src/hello_world' returned '0': PYTHONPATH=/home/mark-ros2/ROS2_tutorials/install/hello_world/lib/python3.8/site-packages:${PYTHONPATH} /usr/bin/python3 setup.py egg_info --egg-base ../../build/hello_world build --build-base /home/mark-ros2/ROS2_tutorials/build/hello_world/build install --prefix /home/mark-ros2/ROS2_tutorials/install/hello_world --record /home/mark-ros2/ROS2_tutorials/build/hello_world/install.log --single-version-externally-managed
[1.350s] Level 1:colcon.colcon_core.environment:checking '/home/mark-ros2/ROS2_tutorials/install/hello_world' for CMake module files
[1.350s] Level 1:colcon.colcon_core.environment:checking '/home/mark-ros2/ROS2_tutorials/install/hello_world' for CMake config files
[1.351s] Level 1:colcon.colcon_core.environment:checking '/home/mark-ros2/ROS2_tutorials/install/hello_world/lib'
[1.351s] Level 1:colcon.colcon_core.environment:checking '/home/mark-ros2/ROS2_tutorials/install/hello_world/bin'
[1.351s] Level 1:colcon.colcon_core.environment:checking '/home/mark-ros2/ROS2_tutorials/install/hello_world/lib/pkgconfig/hello_world.pc'
[1.351s] Level 1:colcon.colcon_core.environment:checking '/home/mark-ros2/ROS2_tutorials/install/hello_world/lib/python3.8/site-packages'
[1.351s] Level 1:colcon.colcon_core.shell:create_environment_hook('hello_world', 'pythonpath')
[1.352s] INFO:colcon.colcon_core.shell:Creating environment hook '/home/mark-ros2/ROS2_tutorials/install/hello_world/share/hello_world/hook/pythonpath.ps1'
[1.352s] INFO:colcon.colcon_core.shell:Creating environment descriptor '/home/mark-ros2/ROS2_tutorials/install/hello_world/share/hello_world/hook/pythonpath.dsv'
[1.353s] INFO:colcon.colcon_core.shell:Creating environment hook '/home/mark-ros2/ROS2_tutorials/install/hello_world/share/hello_world/hook/pythonpath.sh'
[1.353s] Level 1:colcon.colcon_core.environment:create_environment_scripts_only(hello_world)
[1.354s] INFO:colcon.colcon_core.shell:Creating package script '/home/mark-ros2/ROS2_tutorials/install/hello_world/share/hello_world/package.ps1'
[1.355s] INFO:colcon.colcon_core.shell:Creating package descriptor '/home/mark-ros2/ROS2_tutorials/install/hello_world/share/hello_world/package.dsv'
[1.355s] INFO:colcon.colcon_core.shell:Creating package script '/home/mark-ros2/ROS2_tutorials/install/hello_world/share/hello_world/package.sh'
[1.356s] INFO:colcon.colcon_core.shell:Creating package script '/home/mark-ros2/ROS2_tutorials/install/hello_world/share/hello_world/package.bash'
[1.357s] INFO:colcon.colcon_core.shell:Creating package script '/home/mark-ros2/ROS2_tutorials/install/hello_world/share/hello_world/package.zsh'
[1.358s] Level 1:colcon.colcon_core.environment:create_file_with_runtime_dependencies(/home/mark-ros2/ROS2_tutorials/install/hello_world/share/colcon-core/packages/hello_world)
[1.360s] Level 1:colcon.colcon_core.environment:checking '/home/mark-ros2/ROS2_tutorials/install/pubsub' for CMake module files
[1.360s] DEBUG:colcon.colcon_core.event_handler.log_command:Invoked command in '/home/mark-ros2/ROS2_tutorials/src/pubsub' returned '0': PYTHONPATH=/home/mark-ros2/ROS2_tutorials/install/pubsub/lib/python3.8/site-packages:${PYTHONPATH} /usr/bin/python3 setup.py egg_info --egg-base ../../build/pubsub build --build-base /home/mark-ros2/ROS2_tutorials/build/pubsub/build install --prefix /home/mark-ros2/ROS2_tutorials/install/pubsub --record /home/mark-ros2/ROS2_tutorials/build/pubsub/install.log --single-version-externally-managed
[1.361s] Level 1:colcon.colcon_core.environment:checking '/home/mark-ros2/ROS2_tutorials/install/pubsub' for CMake config files
[1.361s] Level 1:colcon.colcon_core.shell:create_environment_hook('pubsub', 'cmake_prefix_path')
[1.362s] INFO:colcon.colcon_core.shell:Creating environment hook '/home/mark-ros2/ROS2_tutorials/install/pubsub/share/pubsub/hook/cmake_prefix_path.ps1'
[1.362s] INFO:colcon.colcon_core.shell:Creating environment descriptor '/home/mark-ros2/ROS2_tutorials/install/pubsub/share/pubsub/hook/cmake_prefix_path.dsv'
[1.362s] INFO:colcon.colcon_core.shell:Creating environment hook '/home/mark-ros2/ROS2_tutorials/install/pubsub/share/pubsub/hook/cmake_prefix_path.sh'
[1.363s] Level 1:colcon.colcon_core.environment:checking '/home/mark-ros2/ROS2_tutorials/install/pubsub/lib'
[1.363s] Level 1:colcon.colcon_core.environment:checking '/home/mark-ros2/ROS2_tutorials/install/pubsub/bin'
[1.363s] Level 1:colcon.colcon_core.environment:checking '/home/mark-ros2/ROS2_tutorials/install/pubsub/lib/pkgconfig/pubsub.pc'
[1.363s] Level 1:colcon.colcon_core.environment:checking '/home/mark-ros2/ROS2_tutorials/install/pubsub/lib/python3.8/site-packages'
[1.363s] Level 1:colcon.colcon_core.shell:create_environment_hook('pubsub', 'pythonpath')
[1.364s] INFO:colcon.colcon_core.shell:Creating environment hook '/home/mark-ros2/ROS2_tutorials/install/pubsub/share/pubsub/hook/pythonpath.ps1'
[1.364s] INFO:colcon.colcon_core.shell:Creating environment descriptor '/home/mark-ros2/ROS2_tutorials/install/pubsub/share/pubsub/hook/pythonpath.dsv'
[1.364s] INFO:colcon.colcon_core.shell:Creating environment hook '/home/mark-ros2/ROS2_tutorials/install/pubsub/share/pubsub/hook/pythonpath.sh'
[1.365s] Level 1:colcon.colcon_core.environment:create_environment_scripts_only(pubsub)
[1.365s] INFO:colcon.colcon_core.shell:Creating package script '/home/mark-ros2/ROS2_tutorials/install/pubsub/share/pubsub/package.ps1'
[1.366s] INFO:colcon.colcon_core.shell:Creating package descriptor '/home/mark-ros2/ROS2_tutorials/install/pubsub/share/pubsub/package.dsv'
[1.366s] INFO:colcon.colcon_core.shell:Creating package script '/home/mark-ros2/ROS2_tutorials/install/pubsub/share/pubsub/package.sh'
[1.367s] INFO:colcon.colcon_core.shell:Creating package script '/home/mark-ros2/ROS2_tutorials/install/pubsub/share/pubsub/package.bash'
[1.367s] INFO:colcon.colcon_core.shell:Creating package script '/home/mark-ros2/ROS2_tutorials/install/pubsub/share/pubsub/package.zsh'
[1.368s] Level 1:colcon.colcon_core.environment:create_file_with_runtime_dependencies(/home/mark-ros2/ROS2_tutorials/install/pubsub/share/colcon-core/packages/pubsub)
[1.369s] Level 1:colcon.colcon_core.environment:checking '/home/mark-ros2/ROS2_tutorials/install/myfirstpackage' for CMake module files
[1.370s] DEBUG:colcon.colcon_core.event_handler.log_command:Invoked command in '/home/mark-ros2/ROS2_tutorials/src/myfirstpackage' returned '0': PYTHONPATH=/home/mark-ros2/ROS2_tutorials/install/myfirstpackage/lib/python3.8/site-packages:${PYTHONPATH} /usr/bin/python3 setup.py egg_info --egg-base ../../build/myfirstpackage build --build-base /home/mark-ros2/ROS2_tutorials/build/myfirstpackage/build install --prefix /home/mark-ros2/ROS2_tutorials/install/myfirstpackage --record /home/mark-ros2/ROS2_tutorials/build/myfirstpackage/install.log --single-version-externally-managed
[1.370s] Level 1:colcon.colcon_core.environment:checking '/home/mark-ros2/ROS2_tutorials/install/myfirstpackage' for CMake config files
[1.371s] Level 1:colcon.colcon_core.environment:checking '/home/mark-ros2/ROS2_tutorials/install/myfirstpackage/lib'
[1.371s] Level 1:colcon.colcon_core.environment:checking '/home/mark-ros2/ROS2_tutorials/install/myfirstpackage/bin'
[1.371s] Level 1:colcon.colcon_core.environment:checking '/home/mark-ros2/ROS2_tutorials/install/myfirstpackage/lib/pkgconfig/myfirstpackage.pc'
[1.371s] Level 1:colcon.colcon_core.environment:checking '/home/mark-ros2/ROS2_tutorials/install/myfirstpackage/lib/python3.8/site-packages'
[1.371s] Level 1:colcon.colcon_core.shell:create_environment_hook('myfirstpackage', 'pythonpath')
[1.372s] INFO:colcon.colcon_core.shell:Creating environment hook '/home/mark-ros2/ROS2_tutorials/install/myfirstpackage/share/myfirstpackage/hook/pythonpath.ps1'
[1.372s] INFO:colcon.colcon_core.shell:Creating environment descriptor '/home/mark-ros2/ROS2_tutorials/install/myfirstpackage/share/myfirstpackage/hook/pythonpath.dsv'
[1.373s] INFO:colcon.colcon_core.shell:Creating environment hook '/home/mark-ros2/ROS2_tutorials/install/myfirstpackage/share/myfirstpackage/hook/pythonpath.sh'
[1.373s] Level 1:colcon.colcon_core.environment:create_environment_scripts_only(myfirstpackage)
[1.374s] INFO:colcon.colcon_core.shell:Creating package script '/home/mark-ros2/ROS2_tutorials/install/myfirstpackage/share/myfirstpackage/package.ps1'
[1.374s] INFO:colcon.colcon_core.shell:Creating package descriptor '/home/mark-ros2/ROS2_tutorials/install/myfirstpackage/share/myfirstpackage/package.dsv'
[1.374s] INFO:colcon.colcon_core.shell:Creating package script '/home/mark-ros2/ROS2_tutorials/install/myfirstpackage/share/myfirstpackage/package.sh'
[1.375s] INFO:colcon.colcon_core.shell:Creating package script '/home/mark-ros2/ROS2_tutorials/install/myfirstpackage/share/myfirstpackage/package.bash'
[1.375s] INFO:colcon.colcon_core.shell:Creating package script '/home/mark-ros2/ROS2_tutorials/install/myfirstpackage/share/myfirstpackage/package.zsh'
[1.376s] Level 1:colcon.colcon_core.environment:create_file_with_runtime_dependencies(/home/mark-ros2/ROS2_tutorials/install/myfirstpackage/share/colcon-core/packages/myfirstpackage)
[1.377s] Level 1:colcon.colcon_core.environment:checking '/home/mark-ros2/ROS2_tutorials/install/srv_examples' for CMake module files
[1.378s] DEBUG:colcon.colcon_core.event_handler.log_command:Invoked command in '/home/mark-ros2/ROS2_tutorials/src/srv_examples' returned '0': PYTHONPATH=/home/mark-ros2/ROS2_tutorials/install/srv_examples/lib/python3.8/site-packages:${PYTHONPATH} /usr/bin/python3 setup.py egg_info --egg-base ../../build/srv_examples build --build-base /home/mark-ros2/ROS2_tutorials/build/srv_examples/build install --prefix /home/mark-ros2/ROS2_tutorials/install/srv_examples --record /home/mark-ros2/ROS2_tutorials/build/srv_examples/install.log --single-version-externally-managed
[1.378s] Level 1:colcon.colcon_core.environment:checking '/home/mark-ros2/ROS2_tutorials/install/srv_examples' for CMake config files
[1.379s] Level 1:colcon.colcon_core.environment:checking '/home/mark-ros2/ROS2_tutorials/install/srv_examples/lib'
[1.379s] Level 1:colcon.colcon_core.environment:checking '/home/mark-ros2/ROS2_tutorials/install/srv_examples/bin'
[1.379s] Level 1:colcon.colcon_core.environment:checking '/home/mark-ros2/ROS2_tutorials/install/srv_examples/lib/pkgconfig/srv_examples.pc'
[1.379s] Level 1:colcon.colcon_core.environment:checking '/home/mark-ros2/ROS2_tutorials/install/srv_examples/lib/python3.8/site-packages'
[1.379s] Level 1:colcon.colcon_core.shell:create_environment_hook('srv_examples', 'pythonpath')
[1.379s] INFO:colcon.colcon_core.shell:Creating environment hook '/home/mark-ros2/ROS2_tutorials/install/srv_examples/share/srv_examples/hook/pythonpath.ps1'
[1.380s] INFO:colcon.colcon_core.shell:Creating environment descriptor '/home/mark-ros2/ROS2_tutorials/install/srv_examples/share/srv_examples/hook/pythonpath.dsv'
[1.380s] INFO:colcon.colcon_core.shell:Creating environment hook '/home/mark-ros2/ROS2_tutorials/install/srv_examples/share/srv_examples/hook/pythonpath.sh'
[1.380s] Level 1:colcon.colcon_core.environment:create_environment_scripts_only(srv_examples)
[1.381s] INFO:colcon.colcon_core.shell:Creating package script '/home/mark-ros2/ROS2_tutorials/install/srv_examples/share/srv_examples/package.ps1'
[1.381s] INFO:colcon.colcon_core.shell:Creating package descriptor '/home/mark-ros2/ROS2_tutorials/install/srv_examples/share/srv_examples/package.dsv'
[1.382s] INFO:colcon.colcon_core.shell:Creating package script '/home/mark-ros2/ROS2_tutorials/install/srv_examples/share/srv_examples/package.sh'
[1.382s] INFO:colcon.colcon_core.shell:Creating package script '/home/mark-ros2/ROS2_tutorials/install/srv_examples/share/srv_examples/package.bash'
[1.382s] INFO:colcon.colcon_core.shell:Creating package script '/home/mark-ros2/ROS2_tutorials/install/srv_examples/share/srv_examples/package.zsh'
[1.383s] Level 1:colcon.colcon_core.environment:create_file_with_runtime_dependencies(/home/mark-ros2/ROS2_tutorials/install/srv_examples/share/colcon-core/packages/srv_examples)
[1.399s] DEBUG:colcon.colcon_core.event_handler.log_command:Invoking command in '/home/mark-ros2/ROS2_tutorials/build/turtlesim': CMAKE_PREFIX_PATH=${CMAKE_PREFIX_PATH}:/home/mark-ros2/ROS2_tutorials/install/srv_examples:/home/mark-ros2/ROS2_tutorials/install/myfirstpackage:/home/mark-ros2/ROS2_tutorials/install/hello_world:/opt/ros/foxy /usr/bin/cmake --install /home/mark-ros2/ROS2_tutorials/build/turtlesim
[1.447s] Level 1:colcon.colcon_core.environment:create_environment_scripts_only(turtlesim)
[1.448s] Level 1:colcon.colcon_core.environment:checking '/home/mark-ros2/ROS2_tutorials/install/turtlesim' for CMake module files
[1.449s] DEBUG:colcon.colcon_core.event_handler.log_command:Invoked command in '/home/mark-ros2/ROS2_tutorials/build/turtlesim' returned '0': CMAKE_PREFIX_PATH=${CMAKE_PREFIX_PATH}:/home/mark-ros2/ROS2_tutorials/install/srv_examples:/home/mark-ros2/ROS2_tutorials/install/myfirstpackage:/home/mark-ros2/ROS2_tutorials/install/hello_world:/opt/ros/foxy /usr/bin/cmake --install /home/mark-ros2/ROS2_tutorials/build/turtlesim
[1.449s] Level 1:colcon.colcon_core.environment:checking '/home/mark-ros2/ROS2_tutorials/install/turtlesim' for CMake config files
[1.449s] Level 1:colcon.colcon_core.shell:create_environment_hook('turtlesim', 'cmake_prefix_path')
[1.450s] INFO:colcon.colcon_core.shell:Creating environment hook '/home/mark-ros2/ROS2_tutorials/install/turtlesim/share/turtlesim/hook/cmake_prefix_path.ps1'
[1.450s] INFO:colcon.colcon_core.shell:Creating environment descriptor '/home/mark-ros2/ROS2_tutorials/install/turtlesim/share/turtlesim/hook/cmake_prefix_path.dsv'
[1.450s] INFO:colcon.colcon_core.shell:Creating environment hook '/home/mark-ros2/ROS2_tutorials/install/turtlesim/share/turtlesim/hook/cmake_prefix_path.sh'
[1.451s] Level 1:colcon.colcon_core.environment:checking '/home/mark-ros2/ROS2_tutorials/install/turtlesim/lib'
[1.451s] Level 1:colcon.colcon_core.shell:create_environment_hook('turtlesim', 'ld_library_path_lib')
[1.451s] INFO:colcon.colcon_core.shell:Creating environment hook '/home/mark-ros2/ROS2_tutorials/install/turtlesim/share/turtlesim/hook/ld_library_path_lib.ps1'
[1.452s] INFO:colcon.colcon_core.shell:Creating environment descriptor '/home/mark-ros2/ROS2_tutorials/install/turtlesim/share/turtlesim/hook/ld_library_path_lib.dsv'
[1.452s] INFO:colcon.colcon_core.shell:Creating environment hook '/home/mark-ros2/ROS2_tutorials/install/turtlesim/share/turtlesim/hook/ld_library_path_lib.sh'
[1.452s] Level 1:colcon.colcon_core.environment:checking '/home/mark-ros2/ROS2_tutorials/install/turtlesim/bin'
[1.452s] Level 1:colcon.colcon_core.environment:checking '/home/mark-ros2/ROS2_tutorials/install/turtlesim/lib/pkgconfig/turtlesim.pc'
[1.453s] Level 1:colcon.colcon_core.environment:checking '/home/mark-ros2/ROS2_tutorials/install/turtlesim/lib/python3.8/site-packages'
[1.453s] Level 1:colcon.colcon_core.shell:create_environment_hook('turtlesim', 'pythonpath')
[1.453s] INFO:colcon.colcon_core.shell:Creating environment hook '/home/mark-ros2/ROS2_tutorials/install/turtlesim/share/turtlesim/hook/pythonpath.ps1'
[1.453s] INFO:colcon.colcon_core.shell:Creating environment descriptor '/home/mark-ros2/ROS2_tutorials/install/turtlesim/share/turtlesim/hook/pythonpath.dsv'
[1.454s] INFO:colcon.colcon_core.shell:Creating environment hook '/home/mark-ros2/ROS2_tutorials/install/turtlesim/share/turtlesim/hook/pythonpath.sh'
[1.454s] INFO:colcon.colcon_core.shell:Creating package script '/home/mark-ros2/ROS2_tutorials/install/turtlesim/share/turtlesim/package.ps1'
[1.455s] INFO:colcon.colcon_core.shell:Creating package descriptor '/home/mark-ros2/ROS2_tutorials/install/turtlesim/share/turtlesim/package.dsv'
[1.455s] INFO:colcon.colcon_core.shell:Creating package script '/home/mark-ros2/ROS2_tutorials/install/turtlesim/share/turtlesim/package.sh'
[1.456s] INFO:colcon.colcon_core.shell:Creating package script '/home/mark-ros2/ROS2_tutorials/install/turtlesim/share/turtlesim/package.bash'
[1.456s] INFO:colcon.colcon_core.shell:Creating package script '/home/mark-ros2/ROS2_tutorials/install/turtlesim/share/turtlesim/package.zsh'
[1.456s] Level 1:colcon.colcon_core.environment:create_file_with_runtime_dependencies(/home/mark-ros2/ROS2_tutorials/install/turtlesim/share/colcon-core/packages/turtlesim)
[1.556s] Level 1:colcon.colcon_core.environment:create_environment_scripts_only(turtlesim)
[1.557s] Level 1:colcon.colcon_core.environment:checking '/home/mark-ros2/ROS2_tutorials/install/turtlesim' for CMake module files
[1.557s] Level 1:colcon.colcon_core.environment:checking '/home/mark-ros2/ROS2_tutorials/install/turtlesim' for CMake config files
[1.557s] Level 1:colcon.colcon_core.shell:create_environment_hook('turtlesim', 'cmake_prefix_path')
[1.558s] INFO:colcon.colcon_core.shell:Creating environment hook '/home/mark-ros2/ROS2_tutorials/install/turtlesim/share/turtlesim/hook/cmake_prefix_path.ps1'
[1.558s] INFO:colcon.colcon_core.shell:Creating environment descriptor '/home/mark-ros2/ROS2_tutorials/install/turtlesim/share/turtlesim/hook/cmake_prefix_path.dsv'
[1.558s] INFO:colcon.colcon_core.shell:Creating environment hook '/home/mark-ros2/ROS2_tutorials/install/turtlesim/share/turtlesim/hook/cmake_prefix_path.sh'
[1.559s] Level 1:colcon.colcon_core.environment:checking '/home/mark-ros2/ROS2_tutorials/install/turtlesim/lib'
[1.559s] Level 1:colcon.colcon_core.shell:create_environment_hook('turtlesim', 'ld_library_path_lib')
[1.559s] INFO:colcon.colcon_core.shell:Creating environment hook '/home/mark-ros2/ROS2_tutorials/install/turtlesim/share/turtlesim/hook/ld_library_path_lib.ps1'
[1.560s] INFO:colcon.colcon_core.shell:Creating environment descriptor '/home/mark-ros2/ROS2_tutorials/install/turtlesim/share/turtlesim/hook/ld_library_path_lib.dsv'
[1.560s] INFO:colcon.colcon_core.shell:Creating environment hook '/home/mark-ros2/ROS2_tutorials/install/turtlesim/share/turtlesim/hook/ld_library_path_lib.sh'
[1.560s] Level 1:colcon.colcon_core.environment:checking '/home/mark-ros2/ROS2_tutorials/install/turtlesim/bin'
[1.560s] Level 1:colcon.colcon_core.environment:checking '/home/mark-ros2/ROS2_tutorials/install/turtlesim/lib/pkgconfig/turtlesim.pc'
[1.560s] Level 1:colcon.colcon_core.environment:checking '/home/mark-ros2/ROS2_tutorials/install/turtlesim/lib/python3.8/site-packages'
[1.560s] Level 1:colcon.colcon_core.shell:create_environment_hook('turtlesim', 'pythonpath')
[1.561s] INFO:colcon.colcon_core.shell:Creating environment hook '/home/mark-ros2/ROS2_tutorials/install/turtlesim/share/turtlesim/hook/pythonpath.ps1'
[1.561s] INFO:colcon.colcon_core.shell:Creating environment descriptor '/home/mark-ros2/ROS2_tutorials/install/turtlesim/share/turtlesim/hook/pythonpath.dsv'
[1.561s] INFO:colcon.colcon_core.shell:Creating environment hook '/home/mark-ros2/ROS2_tutorials/install/turtlesim/share/turtlesim/hook/pythonpath.sh'
[1.562s] INFO:colcon.colcon_core.shell:Creating package script '/home/mark-ros2/ROS2_tutorials/install/turtlesim/share/turtlesim/package.ps1'
[1.562s] INFO:colcon.colcon_core.shell:Creating package descriptor '/home/mark-ros2/ROS2_tutorials/install/turtlesim/share/turtlesim/package.dsv'
[1.563s] INFO:colcon.colcon_core.shell:Creating package script '/home/mark-ros2/ROS2_tutorials/install/turtlesim/share/turtlesim/package.sh'
[1.563s] INFO:colcon.colcon_core.shell:Creating package script '/home/mark-ros2/ROS2_tutorials/install/turtlesim/share/turtlesim/package.bash'
[1.564s] INFO:colcon.colcon_core.shell:Creating package script '/home/mark-ros2/ROS2_tutorials/install/turtlesim/share/turtlesim/package.zsh'
[1.564s] Level 1:colcon.colcon_core.environment:create_file_with_runtime_dependencies(/home/mark-ros2/ROS2_tutorials/install/turtlesim/share/colcon-core/packages/turtlesim)
[1.564s] DEBUG:colcon.colcon_parallel_executor.executor.parallel:closing loop
[1.564s] DEBUG:colcon.colcon_parallel_executor.executor.parallel:loop closed
[1.564s] DEBUG:colcon.colcon_parallel_executor.executor.parallel:run_until_complete finished with '0'
[1.565s] DEBUG:colcon.colcon_core.event_reactor:joining thread
[1.569s] INFO:colcon.colcon_core.plugin_system:Skipping extension 'colcon_notification.desktop_notification.terminal_notifier': Not used on non-Darwin systems
[1.569s] INFO:colcon.colcon_core.plugin_system:Skipping extension 'colcon_notification.desktop_notification.win32': Not used on non-Windows systems
[1.569s] INFO:colcon.colcon_notification.desktop_notification:Sending desktop notification using 'notify2'
[1.581s] DEBUG:colcon.colcon_core.event_reactor:joined thread
[1.582s] INFO:colcon.colcon_core.shell:Creating prefix script '/home/mark-ros2/ROS2_tutorials/install/local_setup.ps1'
[1.583s] INFO:colcon.colcon_core.shell:Creating prefix util module '/home/mark-ros2/ROS2_tutorials/install/_local_setup_util_ps1.py'
[1.583s] INFO:colcon.colcon_core.shell:Creating prefix chain script '/home/mark-ros2/ROS2_tutorials/install/setup.ps1'
[1.586s] INFO:colcon.colcon_core.shell:Creating prefix script '/home/mark-ros2/ROS2_tutorials/install/local_setup.sh'
[1.586s] INFO:colcon.colcon_core.shell:Creating prefix util module '/home/mark-ros2/ROS2_tutorials/install/_local_setup_util_sh.py'
[1.586s] INFO:colcon.colcon_core.shell:Creating prefix chain script '/home/mark-ros2/ROS2_tutorials/install/setup.sh'
[1.588s] INFO:colcon.colcon_core.shell:Creating prefix script '/home/mark-ros2/ROS2_tutorials/install/local_setup.bash'
[1.589s] INFO:colcon.colcon_core.shell:Creating prefix chain script '/home/mark-ros2/ROS2_tutorials/install/setup.bash'
[1.590s] INFO:colcon.colcon_core.shell:Creating prefix script '/home/mark-ros2/ROS2_tutorials/install/local_setup.zsh'
[1.591s] INFO:colcon.colcon_core.shell:Creating prefix chain script '/home/mark-ros2/ROS2_tutorials/install/setup.zsh'
