[1.174s] Invoking command in '/home/mark-ros2/ROS2_tutorials/src/hello_world': PYTHONPATH=/home/mark-ros2/ROS2_tutorials/install/hello_world/lib/python3.8/site-packages:${PYTHONPATH} /usr/bin/python3 setup.py egg_info --egg-base ../../build/hello_world build --build-base /home/mark-ros2/ROS2_tutorials/build/hello_world/build install --prefix /home/mark-ros2/ROS2_tutorials/install/hello_world --record /home/mark-ros2/ROS2_tutorials/build/hello_world/install.log --single-version-externally-managed
[1.390s] running egg_info
[1.391s] writing ../../build/hello_world/hello_world.egg-info/PKG-INFO
[1.391s] writing dependency_links to ../../build/hello_world/hello_world.egg-info/dependency_links.txt
[1.391s] writing entry points to ../../build/hello_world/hello_world.egg-info/entry_points.txt
[1.391s] writing requirements to ../../build/hello_world/hello_world.egg-info/requires.txt
[1.391s] writing top-level names to ../../build/hello_world/hello_world.egg-info/top_level.txt
[1.420s] reading manifest file '../../build/hello_world/hello_world.egg-info/SOURCES.txt'
[1.421s] writing manifest file '../../build/hello_world/hello_world.egg-info/SOURCES.txt'
[1.421s] running build
[1.422s] running build_py
[1.422s] running install
[1.422s] running install_lib
[1.424s] running install_data
[1.424s] running install_egg_info
[1.426s] removing '/home/mark-ros2/ROS2_tutorials/install/hello_world/lib/python3.8/site-packages/hello_world-0.0.0-py3.8.egg-info' (and everything under it)
[1.426s] Copying ../../build/hello_world/hello_world.egg-info to /home/mark-ros2/ROS2_tutorials/install/hello_world/lib/python3.8/site-packages/hello_world-0.0.0-py3.8.egg-info
[1.427s] running install_scripts
[1.443s] Installing hello_world script to /home/mark-ros2/ROS2_tutorials/install/hello_world/lib/hello_world
[1.443s] writing list of installed files to '/home/mark-ros2/ROS2_tutorials/build/hello_world/install.log'
[1.481s] Invoked command in '/home/mark-ros2/ROS2_tutorials/src/hello_world' returned '0': PYTHONPATH=/home/mark-ros2/ROS2_tutorials/install/hello_world/lib/python3.8/site-packages:${PYTHONPATH} /usr/bin/python3 setup.py egg_info --egg-base ../../build/hello_world build --build-base /home/mark-ros2/ROS2_tutorials/build/hello_world/build install --prefix /home/mark-ros2/ROS2_tutorials/install/hello_world --record /home/mark-ros2/ROS2_tutorials/build/hello_world/install.log --single-version-externally-managed
