[0.997s] Invoking command in '/home/mark-ros2/ROS2_tutorials/src/hello_world': PYTHONPATH=/home/mark-ros2/ROS2_tutorials/src/install/hello_world/lib/python3.8/site-packages:${PYTHONPATH} /usr/bin/python3 setup.py egg_info --egg-base ../build/hello_world build --build-base /home/mark-ros2/ROS2_tutorials/src/build/hello_world/build install --prefix /home/mark-ros2/ROS2_tutorials/src/install/hello_world --record /home/mark-ros2/ROS2_tutorials/src/build/hello_world/install.log --single-version-externally-managed
[1.204s] running egg_info
[1.204s] creating ../build/hello_world/hello_world.egg-info
[1.205s] writing ../build/hello_world/hello_world.egg-info/PKG-INFO
[1.205s] writing dependency_links to ../build/hello_world/hello_world.egg-info/dependency_links.txt
[1.205s] writing entry points to ../build/hello_world/hello_world.egg-info/entry_points.txt
[1.205s] writing requirements to ../build/hello_world/hello_world.egg-info/requires.txt
[1.205s] writing top-level names to ../build/hello_world/hello_world.egg-info/top_level.txt
[1.207s] writing manifest file '../build/hello_world/hello_world.egg-info/SOURCES.txt'
[1.255s] reading manifest file '../build/hello_world/hello_world.egg-info/SOURCES.txt'
[1.257s] writing manifest file '../build/hello_world/hello_world.egg-info/SOURCES.txt'
[1.257s] running build
[1.257s] running build_py
[1.257s] creating /home/mark-ros2/ROS2_tutorials/src/build/hello_world/build
[1.257s] creating /home/mark-ros2/ROS2_tutorials/src/build/hello_world/build/lib
[1.257s] creating /home/mark-ros2/ROS2_tutorials/src/build/hello_world/build/lib/hello_world
[1.257s] copying hello_world/__init__.py -> /home/mark-ros2/ROS2_tutorials/src/build/hello_world/build/lib/hello_world
[1.258s] copying hello_world/hello_world.py -> /home/mark-ros2/ROS2_tutorials/src/build/hello_world/build/lib/hello_world
[1.258s] running install
[1.258s] running install_lib
[1.260s] creating /home/mark-ros2/ROS2_tutorials/src/install/hello_world/lib/python3.8/site-packages/hello_world
[1.260s] copying /home/mark-ros2/ROS2_tutorials/src/build/hello_world/build/lib/hello_world/__init__.py -> /home/mark-ros2/ROS2_tutorials/src/install/hello_world/lib/python3.8/site-packages/hello_world
[1.260s] copying /home/mark-ros2/ROS2_tutorials/src/build/hello_world/build/lib/hello_world/hello_world.py -> /home/mark-ros2/ROS2_tutorials/src/install/hello_world/lib/python3.8/site-packages/hello_world
[1.261s] byte-compiling /home/mark-ros2/ROS2_tutorials/src/install/hello_world/lib/python3.8/site-packages/hello_world/__init__.py to __init__.cpython-38.pyc
[1.263s] byte-compiling /home/mark-ros2/ROS2_tutorials/src/install/hello_world/lib/python3.8/site-packages/hello_world/hello_world.py to hello_world.cpython-38.pyc
[1.263s] running install_data
[1.264s] creating /home/mark-ros2/ROS2_tutorials/src/install/hello_world/share/ament_index
[1.264s] creating /home/mark-ros2/ROS2_tutorials/src/install/hello_world/share/ament_index/resource_index
[1.264s] creating /home/mark-ros2/ROS2_tutorials/src/install/hello_world/share/ament_index/resource_index/packages
[1.264s] copying resource/hello_world -> /home/mark-ros2/ROS2_tutorials/src/install/hello_world/share/ament_index/resource_index/packages
[1.264s] copying package.xml -> /home/mark-ros2/ROS2_tutorials/src/install/hello_world/share/hello_world
[1.265s] copying launch/hello_world.launch.py -> /home/mark-ros2/ROS2_tutorials/src/install/hello_world/share/hello_world
[1.265s] copying config/hello_world.yaml -> /home/mark-ros2/ROS2_tutorials/src/install/hello_world/share/hello_world
[1.265s] running install_egg_info
[1.267s] Copying ../build/hello_world/hello_world.egg-info to /home/mark-ros2/ROS2_tutorials/src/install/hello_world/lib/python3.8/site-packages/hello_world-0.0.0-py3.8.egg-info
[1.269s] running install_scripts
[1.295s] Installing hello_world script to /home/mark-ros2/ROS2_tutorials/src/install/hello_world/lib/hello_world
[1.296s] writing list of installed files to '/home/mark-ros2/ROS2_tutorials/src/build/hello_world/install.log'
[1.325s] Invoked command in '/home/mark-ros2/ROS2_tutorials/src/hello_world' returned '0': PYTHONPATH=/home/mark-ros2/ROS2_tutorials/src/install/hello_world/lib/python3.8/site-packages:${PYTHONPATH} /usr/bin/python3 setup.py egg_info --egg-base ../build/hello_world build --build-base /home/mark-ros2/ROS2_tutorials/src/build/hello_world/build install --prefix /home/mark-ros2/ROS2_tutorials/src/install/hello_world --record /home/mark-ros2/ROS2_tutorials/src/build/hello_world/install.log --single-version-externally-managed
