[0.790s] Invoking command in '/home/mark-ros2/ROS2_tutorials/src/srv_examples': PYTHONPATH=/home/mark-ros2/ROS2_tutorials/install/srv_examples/lib/python3.8/site-packages:${PYTHONPATH} /usr/bin/python3 setup.py egg_info --egg-base ../../build/srv_examples build --build-base /home/mark-ros2/ROS2_tutorials/build/srv_examples/build install --prefix /home/mark-ros2/ROS2_tutorials/install/srv_examples --record /home/mark-ros2/ROS2_tutorials/build/srv_examples/install.log --single-version-externally-managed
[0.979s] running egg_info
[0.979s] creating ../../build/srv_examples/srv_examples.egg-info
[0.979s] writing ../../build/srv_examples/srv_examples.egg-info/PKG-INFO
[0.980s] writing dependency_links to ../../build/srv_examples/srv_examples.egg-info/dependency_links.txt
[0.980s] writing entry points to ../../build/srv_examples/srv_examples.egg-info/entry_points.txt
[0.980s] writing requirements to ../../build/srv_examples/srv_examples.egg-info/requires.txt
[0.980s] writing top-level names to ../../build/srv_examples/srv_examples.egg-info/top_level.txt
[0.981s] writing manifest file '../../build/srv_examples/srv_examples.egg-info/SOURCES.txt'
[1.011s] reading manifest file '../../build/srv_examples/srv_examples.egg-info/SOURCES.txt'
[1.011s] writing manifest file '../../build/srv_examples/srv_examples.egg-info/SOURCES.txt'
[1.011s] running build
[1.012s] running build_py
[1.012s] creating /home/mark-ros2/ROS2_tutorials/build/srv_examples/build
[1.012s] creating /home/mark-ros2/ROS2_tutorials/build/srv_examples/build/lib
[1.012s] creating /home/mark-ros2/ROS2_tutorials/build/srv_examples/build/lib/srv_examples
[1.013s] copying srv_examples/__init__.py -> /home/mark-ros2/ROS2_tutorials/build/srv_examples/build/lib/srv_examples
[1.013s] copying srv_examples/turtlesim_geofence_reset_srv.py -> /home/mark-ros2/ROS2_tutorials/build/srv_examples/build/lib/srv_examples
[1.013s] running install
[1.014s] running install_lib
[1.014s] creating /home/mark-ros2/ROS2_tutorials/install/srv_examples/lib/python3.8/site-packages/srv_examples
[1.014s] copying /home/mark-ros2/ROS2_tutorials/build/srv_examples/build/lib/srv_examples/__init__.py -> /home/mark-ros2/ROS2_tutorials/install/srv_examples/lib/python3.8/site-packages/srv_examples
[1.014s] copying /home/mark-ros2/ROS2_tutorials/build/srv_examples/build/lib/srv_examples/turtlesim_geofence_reset_srv.py -> /home/mark-ros2/ROS2_tutorials/install/srv_examples/lib/python3.8/site-packages/srv_examples
[1.015s] byte-compiling /home/mark-ros2/ROS2_tutorials/install/srv_examples/lib/python3.8/site-packages/srv_examples/__init__.py to __init__.cpython-38.pyc
[1.016s] byte-compiling /home/mark-ros2/ROS2_tutorials/install/srv_examples/lib/python3.8/site-packages/srv_examples/turtlesim_geofence_reset_srv.py to turtlesim_geofence_reset_srv.cpython-38.pyc
[1.016s] running install_data
[1.017s] creating /home/mark-ros2/ROS2_tutorials/install/srv_examples/share/ament_index
[1.017s] creating /home/mark-ros2/ROS2_tutorials/install/srv_examples/share/ament_index/resource_index
[1.017s] creating /home/mark-ros2/ROS2_tutorials/install/srv_examples/share/ament_index/resource_index/packages
[1.017s] copying resource/srv_examples -> /home/mark-ros2/ROS2_tutorials/install/srv_examples/share/ament_index/resource_index/packages
[1.017s] copying package.xml -> /home/mark-ros2/ROS2_tutorials/install/srv_examples/share/srv_examples
[1.018s] running install_egg_info
[1.019s] Copying ../../build/srv_examples/srv_examples.egg-info to /home/mark-ros2/ROS2_tutorials/install/srv_examples/lib/python3.8/site-packages/srv_examples-0.0.0-py3.8.egg-info
[1.019s] running install_scripts
[1.036s] Installing turtlesim_geofence_reset_srv script to /home/mark-ros2/ROS2_tutorials/install/srv_examples/lib/srv_examples
[1.036s] writing list of installed files to '/home/mark-ros2/ROS2_tutorials/build/srv_examples/install.log'
[1.075s] Invoked command in '/home/mark-ros2/ROS2_tutorials/src/srv_examples' returned '0': PYTHONPATH=/home/mark-ros2/ROS2_tutorials/install/srv_examples/lib/python3.8/site-packages:${PYTHONPATH} /usr/bin/python3 setup.py egg_info --egg-base ../../build/srv_examples build --build-base /home/mark-ros2/ROS2_tutorials/build/srv_examples/build install --prefix /home/mark-ros2/ROS2_tutorials/install/srv_examples --record /home/mark-ros2/ROS2_tutorials/build/srv_examples/install.log --single-version-externally-managed
