[0.613s] Invoking command in '/home/mark-ros2/ROS2_tutorials/src/pubsub': PYTHONPATH=/home/mark-ros2/ROS2_tutorials/install/pubsub/lib/python3.8/site-packages:${PYTHONPATH} /usr/bin/python3 setup.py egg_info --egg-base ../../build/pubsub build --build-base /home/mark-ros2/ROS2_tutorials/build/pubsub/build install --prefix /home/mark-ros2/ROS2_tutorials/install/pubsub --record /home/mark-ros2/ROS2_tutorials/build/pubsub/install.log --single-version-externally-managed
[0.805s] running egg_info
[0.806s] writing ../../build/pubsub/pubsub.egg-info/PKG-INFO
[0.806s] writing dependency_links to ../../build/pubsub/pubsub.egg-info/dependency_links.txt
[0.806s] writing entry points to ../../build/pubsub/pubsub.egg-info/entry_points.txt
[0.806s] writing requirements to ../../build/pubsub/pubsub.egg-info/requires.txt
[0.806s] writing top-level names to ../../build/pubsub/pubsub.egg-info/top_level.txt
[0.836s] reading manifest file '../../build/pubsub/pubsub.egg-info/SOURCES.txt'
[0.837s] writing manifest file '../../build/pubsub/pubsub.egg-info/SOURCES.txt'
[0.837s] running build
[0.837s] running build_py
[0.837s] copying pubsub/publisher.py -> /home/mark-ros2/ROS2_tutorials/build/pubsub/build/lib/pubsub
[0.837s] copying pubsub/subscriber.py -> /home/mark-ros2/ROS2_tutorials/build/pubsub/build/lib/pubsub
[0.837s] running install
[0.838s] running install_lib
[0.839s] copying /home/mark-ros2/ROS2_tutorials/build/pubsub/build/lib/pubsub/publisher.py -> /home/mark-ros2/ROS2_tutorials/install/pubsub/lib/python3.8/site-packages/pubsub
[0.839s] copying /home/mark-ros2/ROS2_tutorials/build/pubsub/build/lib/pubsub/subscriber.py -> /home/mark-ros2/ROS2_tutorials/install/pubsub/lib/python3.8/site-packages/pubsub
[0.839s] byte-compiling /home/mark-ros2/ROS2_tutorials/install/pubsub/lib/python3.8/site-packages/pubsub/publisher.py to publisher.cpython-38.pyc
[0.840s] byte-compiling /home/mark-ros2/ROS2_tutorials/install/pubsub/lib/python3.8/site-packages/pubsub/subscriber.py to subscriber.cpython-38.pyc
[0.841s] running install_data
[0.841s] running install_egg_info
[0.843s] removing '/home/mark-ros2/ROS2_tutorials/install/pubsub/lib/python3.8/site-packages/pubsub-0.0.0-py3.8.egg-info' (and everything under it)
[0.843s] Copying ../../build/pubsub/pubsub.egg-info to /home/mark-ros2/ROS2_tutorials/install/pubsub/lib/python3.8/site-packages/pubsub-0.0.0-py3.8.egg-info
[0.843s] running install_scripts
[0.860s] Installing publisher script to /home/mark-ros2/ROS2_tutorials/install/pubsub/lib/pubsub
[0.860s] Installing subscriber script to /home/mark-ros2/ROS2_tutorials/install/pubsub/lib/pubsub
[0.860s] writing list of installed files to '/home/mark-ros2/ROS2_tutorials/build/pubsub/install.log'
[0.883s] Invoked command in '/home/mark-ros2/ROS2_tutorials/src/pubsub' returned '0': PYTHONPATH=/home/mark-ros2/ROS2_tutorials/install/pubsub/lib/python3.8/site-packages:${PYTHONPATH} /usr/bin/python3 setup.py egg_info --egg-base ../../build/pubsub build --build-base /home/mark-ros2/ROS2_tutorials/build/pubsub/build install --prefix /home/mark-ros2/ROS2_tutorials/install/pubsub --record /home/mark-ros2/ROS2_tutorials/build/pubsub/install.log --single-version-externally-managed
