[1.303s] Invoking command in '/home/mark-ros2/ROS2_tutorials/src/pubsub': PYTHONPATH=/home/mark-ros2/ROS2_tutorials/install/pubsub/lib/python3.8/site-packages:${PYTHONPATH} /usr/bin/python3 setup.py egg_info --egg-base ../../build/pubsub build --build-base /home/mark-ros2/ROS2_tutorials/build/pubsub/build install --prefix /home/mark-ros2/ROS2_tutorials/install/pubsub --record /home/mark-ros2/ROS2_tutorials/build/pubsub/install.log --single-version-externally-managed
[1.559s] running egg_info
[1.560s] writing ../../build/pubsub/pubsub.egg-info/PKG-INFO
[1.561s] writing dependency_links to ../../build/pubsub/pubsub.egg-info/dependency_links.txt
[1.561s] writing entry points to ../../build/pubsub/pubsub.egg-info/entry_points.txt
[1.561s] writing requirements to ../../build/pubsub/pubsub.egg-info/requires.txt
[1.561s] writing top-level names to ../../build/pubsub/pubsub.egg-info/top_level.txt
[1.608s] reading manifest file '../../build/pubsub/pubsub.egg-info/SOURCES.txt'
[1.609s] writing manifest file '../../build/pubsub/pubsub.egg-info/SOURCES.txt'
[1.610s] running build
[1.610s] running build_py
[1.611s] running install
[1.612s] running install_lib
[1.614s] running install_data
[1.615s] running install_egg_info
[1.617s] removing '/home/mark-ros2/ROS2_tutorials/install/pubsub/lib/python3.8/site-packages/pubsub-0.0.0-py3.8.egg-info' (and everything under it)
[1.618s] Copying ../../build/pubsub/pubsub.egg-info to /home/mark-ros2/ROS2_tutorials/install/pubsub/lib/python3.8/site-packages/pubsub-0.0.0-py3.8.egg-info
[1.619s] running install_scripts
[1.646s] Installing publisher script to /home/mark-ros2/ROS2_tutorials/install/pubsub/lib/pubsub
[1.647s] Installing subscriber script to /home/mark-ros2/ROS2_tutorials/install/pubsub/lib/pubsub
[1.648s] writing list of installed files to '/home/mark-ros2/ROS2_tutorials/build/pubsub/install.log'
[1.708s] Invoked command in '/home/mark-ros2/ROS2_tutorials/src/pubsub' returned '0': PYTHONPATH=/home/mark-ros2/ROS2_tutorials/install/pubsub/lib/python3.8/site-packages:${PYTHONPATH} /usr/bin/python3 setup.py egg_info --egg-base ../../build/pubsub build --build-base /home/mark-ros2/ROS2_tutorials/build/pubsub/build install --prefix /home/mark-ros2/ROS2_tutorials/install/pubsub --record /home/mark-ros2/ROS2_tutorials/build/pubsub/install.log --single-version-externally-managed
