[0.598s] Invoking command in '/home/mark-ros2/ROS2_tutorials/src/hello_world': PYTHONPATH=/home/mark-ros2/ROS2_tutorials/install/hello_world/lib/python3.8/site-packages:${PYTHONPATH} /usr/bin/python3 setup.py egg_info --egg-base ../../build/hello_world build --build-base /home/mark-ros2/ROS2_tutorials/build/hello_world/build install --prefix /home/mark-ros2/ROS2_tutorials/install/hello_world --record /home/mark-ros2/ROS2_tutorials/build/hello_world/install.log --single-version-externally-managed
[0.789s] running egg_info
[0.790s] writing ../../build/hello_world/hello_world.egg-info/PKG-INFO
[0.790s] writing dependency_links to ../../build/hello_world/hello_world.egg-info/dependency_links.txt
[0.790s] writing entry points to ../../build/hello_world/hello_world.egg-info/entry_points.txt
[0.790s] writing requirements to ../../build/hello_world/hello_world.egg-info/requires.txt
[0.791s] writing top-level names to ../../build/hello_world/hello_world.egg-info/top_level.txt
[0.817s] reading manifest file '../../build/hello_world/hello_world.egg-info/SOURCES.txt'
[0.817s] writing manifest file '../../build/hello_world/hello_world.egg-info/SOURCES.txt'
[0.818s] running build
[0.818s] running build_py
[0.818s] running install
[0.818s] running install_lib
[0.819s] running install_data
[0.820s] running install_egg_info
[0.821s] removing '/home/mark-ros2/ROS2_tutorials/install/hello_world/lib/python3.8/site-packages/hello_world-0.0.0-py3.8.egg-info' (and everything under it)
[0.822s] Copying ../../build/hello_world/hello_world.egg-info to /home/mark-ros2/ROS2_tutorials/install/hello_world/lib/python3.8/site-packages/hello_world-0.0.0-py3.8.egg-info
[0.822s] running install_scripts
[0.837s] Installing hello_world script to /home/mark-ros2/ROS2_tutorials/install/hello_world/lib/hello_world
[0.837s] writing list of installed files to '/home/mark-ros2/ROS2_tutorials/build/hello_world/install.log'
[0.858s] Invoked command in '/home/mark-ros2/ROS2_tutorials/src/hello_world' returned '0': PYTHONPATH=/home/mark-ros2/ROS2_tutorials/install/hello_world/lib/python3.8/site-packages:${PYTHONPATH} /usr/bin/python3 setup.py egg_info --egg-base ../../build/hello_world build --build-base /home/mark-ros2/ROS2_tutorials/build/hello_world/build install --prefix /home/mark-ros2/ROS2_tutorials/install/hello_world --record /home/mark-ros2/ROS2_tutorials/build/hello_world/install.log --single-version-externally-managed
