[0.177s] Invoking command in '/home/mark-ros2/robot_ws/src/myfirstpackage': PYTHONPATH=/home/mark-ros2/robot_ws/install/myfirstpackage/lib/python3.8/site-packages:${PYTHONPATH} /usr/bin/python3 setup.py egg_info --egg-base ../../build/myfirstpackage build --build-base /home/mark-ros2/robot_ws/build/myfirstpackage/build install --prefix /home/mark-ros2/robot_ws/install/myfirstpackage --record /home/mark-ros2/robot_ws/build/myfirstpackage/install.log --single-version-externally-managed
[0.340s] running egg_info
[0.340s] creating ../../build/myfirstpackage/myfirstpackage.egg-info
[0.340s] writing ../../build/myfirstpackage/myfirstpackage.egg-info/PKG-INFO
[0.340s] writing dependency_links to ../../build/myfirstpackage/myfirstpackage.egg-info/dependency_links.txt
[0.341s] writing entry points to ../../build/myfirstpackage/myfirstpackage.egg-info/entry_points.txt
[0.341s] writing requirements to ../../build/myfirstpackage/myfirstpackage.egg-info/requires.txt
[0.341s] writing top-level names to ../../build/myfirstpackage/myfirstpackage.egg-info/top_level.txt
[0.342s] writing manifest file '../../build/myfirstpackage/myfirstpackage.egg-info/SOURCES.txt'
[0.368s] reading manifest file '../../build/myfirstpackage/myfirstpackage.egg-info/SOURCES.txt'
[0.369s] writing manifest file '../../build/myfirstpackage/myfirstpackage.egg-info/SOURCES.txt'
[0.369s] running build
[0.369s] running build_py
[0.369s] creating /home/mark-ros2/robot_ws/build/myfirstpackage/build
[0.369s] creating /home/mark-ros2/robot_ws/build/myfirstpackage/build/lib
[0.369s] creating /home/mark-ros2/robot_ws/build/myfirstpackage/build/lib/myfirstpackage
[0.369s] copying myfirstpackage/__init__.py -> /home/mark-ros2/robot_ws/build/myfirstpackage/build/lib/myfirstpackage
[0.369s] running install
[0.370s] running install_lib
[0.370s] creating /home/mark-ros2/robot_ws/install/myfirstpackage/lib/python3.8/site-packages/myfirstpackage
[0.371s] copying /home/mark-ros2/robot_ws/build/myfirstpackage/build/lib/myfirstpackage/__init__.py -> /home/mark-ros2/robot_ws/install/myfirstpackage/lib/python3.8/site-packages/myfirstpackage
[0.371s] byte-compiling /home/mark-ros2/robot_ws/install/myfirstpackage/lib/python3.8/site-packages/myfirstpackage/__init__.py to __init__.cpython-38.pyc
[0.372s] running install_data
[0.372s] creating /home/mark-ros2/robot_ws/install/myfirstpackage/share/ament_index
[0.372s] creating /home/mark-ros2/robot_ws/install/myfirstpackage/share/ament_index/resource_index
[0.372s] creating /home/mark-ros2/robot_ws/install/myfirstpackage/share/ament_index/resource_index/packages
[0.373s] copying resource/myfirstpackage -> /home/mark-ros2/robot_ws/install/myfirstpackage/share/ament_index/resource_index/packages
[0.373s] copying package.xml -> /home/mark-ros2/robot_ws/install/myfirstpackage/share/myfirstpackage
[0.373s] running install_egg_info
[0.374s] Copying ../../build/myfirstpackage/myfirstpackage.egg-info to /home/mark-ros2/robot_ws/install/myfirstpackage/lib/python3.8/site-packages/myfirstpackage-0.0.0-py3.8.egg-info
[0.375s] running install_scripts
[0.388s] writing list of installed files to '/home/mark-ros2/robot_ws/build/myfirstpackage/install.log'
[0.403s] Invoked command in '/home/mark-ros2/robot_ws/src/myfirstpackage' returned '0': PYTHONPATH=/home/mark-ros2/robot_ws/install/myfirstpackage/lib/python3.8/site-packages:${PYTHONPATH} /usr/bin/python3 setup.py egg_info --egg-base ../../build/myfirstpackage build --build-base /home/mark-ros2/robot_ws/build/myfirstpackage/build install --prefix /home/mark-ros2/robot_ws/install/myfirstpackage --record /home/mark-ros2/robot_ws/build/myfirstpackage/install.log --single-version-externally-managed
