[0.334s] Invoking command in '/home/mark-ros2/ROS2_tutorials/src/hello_world': PYTHONPATH=/home/mark-ros2/ROS2_tutorials/install/hello_world/lib/python3.8/site-packages:${PYTHONPATH} /usr/bin/python3 setup.py egg_info --egg-base ../../build/hello_world build --build-base /home/mark-ros2/ROS2_tutorials/build/hello_world/build install --prefix /home/mark-ros2/ROS2_tutorials/install/hello_world --record /home/mark-ros2/ROS2_tutorials/build/hello_world/install.log --single-version-externally-managed
[0.486s] running egg_info
[0.486s] creating ../../build/hello_world/hello_world.egg-info
[0.486s] writing ../../build/hello_world/hello_world.egg-info/PKG-INFO
[0.486s] writing dependency_links to ../../build/hello_world/hello_world.egg-info/dependency_links.txt
[0.486s] writing entry points to ../../build/hello_world/hello_world.egg-info/entry_points.txt
[0.486s] writing requirements to ../../build/hello_world/hello_world.egg-info/requires.txt
[0.486s] writing top-level names to ../../build/hello_world/hello_world.egg-info/top_level.txt
[0.487s] writing manifest file '../../build/hello_world/hello_world.egg-info/SOURCES.txt'
[0.510s] reading manifest file '../../build/hello_world/hello_world.egg-info/SOURCES.txt'
[0.511s] writing manifest file '../../build/hello_world/hello_world.egg-info/SOURCES.txt'
[0.511s] running build
[0.511s] running build_py
[0.511s] creating /home/mark-ros2/ROS2_tutorials/build/hello_world/build
[0.511s] creating /home/mark-ros2/ROS2_tutorials/build/hello_world/build/lib
[0.511s] creating /home/mark-ros2/ROS2_tutorials/build/hello_world/build/lib/hello_world
[0.511s] copying hello_world/__init__.py -> /home/mark-ros2/ROS2_tutorials/build/hello_world/build/lib/hello_world
[0.512s] copying hello_world/hello_world.py -> /home/mark-ros2/ROS2_tutorials/build/hello_world/build/lib/hello_world
[0.512s] running install
[0.512s] running install_lib
[0.513s] running install_data
[0.514s] running install_egg_info
[0.514s] removing '/home/mark-ros2/ROS2_tutorials/install/hello_world/lib/python3.8/site-packages/hello_world-0.0.0-py3.8.egg-info' (and everything under it)
[0.514s] Copying ../../build/hello_world/hello_world.egg-info to /home/mark-ros2/ROS2_tutorials/install/hello_world/lib/python3.8/site-packages/hello_world-0.0.0-py3.8.egg-info
[0.515s] running install_scripts
[0.527s] Installing hello_world script to /home/mark-ros2/ROS2_tutorials/install/hello_world/lib/hello_world
[0.528s] writing list of installed files to '/home/mark-ros2/ROS2_tutorials/build/hello_world/install.log'
[0.545s] Invoked command in '/home/mark-ros2/ROS2_tutorials/src/hello_world' returned '0': PYTHONPATH=/home/mark-ros2/ROS2_tutorials/install/hello_world/lib/python3.8/site-packages:${PYTHONPATH} /usr/bin/python3 setup.py egg_info --egg-base ../../build/hello_world build --build-base /home/mark-ros2/ROS2_tutorials/build/hello_world/build install --prefix /home/mark-ros2/ROS2_tutorials/install/hello_world --record /home/mark-ros2/ROS2_tutorials/build/hello_world/install.log --single-version-externally-managed
