[0.981s] Invoking command in '/home/mark-ros2/ROS2_tutorials/src/srv_examples': PYTHONPATH=/home/mark-ros2/ROS2_tutorials/src/install/srv_examples/lib/python3.8/site-packages:${PYTHONPATH} /usr/bin/python3 setup.py egg_info --egg-base ../build/srv_examples build --build-base /home/mark-ros2/ROS2_tutorials/src/build/srv_examples/build install --prefix /home/mark-ros2/ROS2_tutorials/src/install/srv_examples --record /home/mark-ros2/ROS2_tutorials/src/build/srv_examples/install.log --single-version-externally-managed
[1.161s] running egg_info
[1.162s] creating ../build/srv_examples/srv_examples.egg-info
[1.162s] writing ../build/srv_examples/srv_examples.egg-info/PKG-INFO
[1.162s] writing dependency_links to ../build/srv_examples/srv_examples.egg-info/dependency_links.txt
[1.162s] writing entry points to ../build/srv_examples/srv_examples.egg-info/entry_points.txt
[1.163s] writing requirements to ../build/srv_examples/srv_examples.egg-info/requires.txt
[1.163s] writing top-level names to ../build/srv_examples/srv_examples.egg-info/top_level.txt
[1.164s] writing manifest file '../build/srv_examples/srv_examples.egg-info/SOURCES.txt'
[1.193s] reading manifest file '../build/srv_examples/srv_examples.egg-info/SOURCES.txt'
[1.194s] writing manifest file '../build/srv_examples/srv_examples.egg-info/SOURCES.txt'
[1.194s] running build
[1.194s] running build_py
[1.195s] creating /home/mark-ros2/ROS2_tutorials/src/build/srv_examples/build
[1.195s] creating /home/mark-ros2/ROS2_tutorials/src/build/srv_examples/build/lib
[1.195s] creating /home/mark-ros2/ROS2_tutorials/src/build/srv_examples/build/lib/srv_examples
[1.196s] copying srv_examples/__init__.py -> /home/mark-ros2/ROS2_tutorials/src/build/srv_examples/build/lib/srv_examples
[1.196s] copying srv_examples/open_gripper_service_server.py -> /home/mark-ros2/ROS2_tutorials/src/build/srv_examples/build/lib/srv_examples
[1.196s] copying srv_examples/invert_gripper_service_server.py -> /home/mark-ros2/ROS2_tutorials/src/build/srv_examples/build/lib/srv_examples
[1.197s] copying srv_examples/turtlesim_geofence_reset_srv.py -> /home/mark-ros2/ROS2_tutorials/src/build/srv_examples/build/lib/srv_examples
[1.198s] running install
[1.199s] running install_lib
[1.200s] creating /home/mark-ros2/ROS2_tutorials/src/install/srv_examples/lib/python3.8/site-packages/srv_examples
[1.200s] copying /home/mark-ros2/ROS2_tutorials/src/build/srv_examples/build/lib/srv_examples/__init__.py -> /home/mark-ros2/ROS2_tutorials/src/install/srv_examples/lib/python3.8/site-packages/srv_examples
[1.201s] copying /home/mark-ros2/ROS2_tutorials/src/build/srv_examples/build/lib/srv_examples/open_gripper_service_server.py -> /home/mark-ros2/ROS2_tutorials/src/install/srv_examples/lib/python3.8/site-packages/srv_examples
[1.201s] copying /home/mark-ros2/ROS2_tutorials/src/build/srv_examples/build/lib/srv_examples/invert_gripper_service_server.py -> /home/mark-ros2/ROS2_tutorials/src/install/srv_examples/lib/python3.8/site-packages/srv_examples
[1.201s] copying /home/mark-ros2/ROS2_tutorials/src/build/srv_examples/build/lib/srv_examples/turtlesim_geofence_reset_srv.py -> /home/mark-ros2/ROS2_tutorials/src/install/srv_examples/lib/python3.8/site-packages/srv_examples
[1.201s] byte-compiling /home/mark-ros2/ROS2_tutorials/src/install/srv_examples/lib/python3.8/site-packages/srv_examples/__init__.py to __init__.cpython-38.pyc
[1.202s] byte-compiling /home/mark-ros2/ROS2_tutorials/src/install/srv_examples/lib/python3.8/site-packages/srv_examples/open_gripper_service_server.py to open_gripper_service_server.cpython-38.pyc
[1.203s] byte-compiling /home/mark-ros2/ROS2_tutorials/src/install/srv_examples/lib/python3.8/site-packages/srv_examples/invert_gripper_service_server.py to invert_gripper_service_server.cpython-38.pyc
[1.204s] byte-compiling /home/mark-ros2/ROS2_tutorials/src/install/srv_examples/lib/python3.8/site-packages/srv_examples/turtlesim_geofence_reset_srv.py to turtlesim_geofence_reset_srv.cpython-38.pyc
[1.205s] running install_data
[1.205s] creating /home/mark-ros2/ROS2_tutorials/src/install/srv_examples/share/ament_index
[1.205s] creating /home/mark-ros2/ROS2_tutorials/src/install/srv_examples/share/ament_index/resource_index
[1.205s] creating /home/mark-ros2/ROS2_tutorials/src/install/srv_examples/share/ament_index/resource_index/packages
[1.205s] copying resource/srv_examples -> /home/mark-ros2/ROS2_tutorials/src/install/srv_examples/share/ament_index/resource_index/packages
[1.205s] copying package.xml -> /home/mark-ros2/ROS2_tutorials/src/install/srv_examples/share/srv_examples
[1.205s] running install_egg_info
[1.206s] Copying ../build/srv_examples/srv_examples.egg-info to /home/mark-ros2/ROS2_tutorials/src/install/srv_examples/lib/python3.8/site-packages/srv_examples-0.0.0-py3.8.egg-info
[1.206s] running install_scripts
[1.221s] Installing invert_gripper_service_server script to /home/mark-ros2/ROS2_tutorials/src/install/srv_examples/lib/srv_examples
[1.222s] Installing open_gripper_service_server script to /home/mark-ros2/ROS2_tutorials/src/install/srv_examples/lib/srv_examples
[1.222s] Installing turtlesim_geofence_reset_srv script to /home/mark-ros2/ROS2_tutorials/src/install/srv_examples/lib/srv_examples
[1.222s] writing list of installed files to '/home/mark-ros2/ROS2_tutorials/src/build/srv_examples/install.log'
[1.261s] Invoked command in '/home/mark-ros2/ROS2_tutorials/src/srv_examples' returned '0': PYTHONPATH=/home/mark-ros2/ROS2_tutorials/src/install/srv_examples/lib/python3.8/site-packages:${PYTHONPATH} /usr/bin/python3 setup.py egg_info --egg-base ../build/srv_examples build --build-base /home/mark-ros2/ROS2_tutorials/src/build/srv_examples/build install --prefix /home/mark-ros2/ROS2_tutorials/src/install/srv_examples --record /home/mark-ros2/ROS2_tutorials/src/build/srv_examples/install.log --single-version-externally-managed
