[0.946s] Invoking command in '/home/mark-ros2/ROS2_tutorials/src/rqt_joy': PYTHONPATH=/home/mark-ros2/ROS2_tutorials/install/rqt_joy/lib/python3.8/site-packages:${PYTHONPATH} /usr/bin/python3 setup.py egg_info --egg-base ../../build/rqt_joy build --build-base /home/mark-ros2/ROS2_tutorials/build/rqt_joy/build install --prefix /home/mark-ros2/ROS2_tutorials/install/rqt_joy --record /home/mark-ros2/ROS2_tutorials/build/rqt_joy/install.log --single-version-externally-managed
[1.148s] running egg_info
[1.148s] creating ../../build/rqt_joy/rqt_joy.egg-info
[1.149s] writing ../../build/rqt_joy/rqt_joy.egg-info/PKG-INFO
[1.149s] writing dependency_links to ../../build/rqt_joy/rqt_joy.egg-info/dependency_links.txt
[1.149s] writing requirements to ../../build/rqt_joy/rqt_joy.egg-info/requires.txt
[1.149s] writing top-level names to ../../build/rqt_joy/rqt_joy.egg-info/top_level.txt
[1.151s] writing manifest file '../../build/rqt_joy/rqt_joy.egg-info/SOURCES.txt'
[1.182s] reading manifest file '../../build/rqt_joy/rqt_joy.egg-info/SOURCES.txt'
[1.183s] writing manifest file '../../build/rqt_joy/rqt_joy.egg-info/SOURCES.txt'
[1.183s] running build
[1.183s] running build_py
[1.183s] creating /home/mark-ros2/ROS2_tutorials/build/rqt_joy/build
[1.183s] creating /home/mark-ros2/ROS2_tutorials/build/rqt_joy/build/lib
[1.183s] creating /home/mark-ros2/ROS2_tutorials/build/rqt_joy/build/lib/rqt_joy
[1.184s] copying src/rqt_joy/__init__.py -> /home/mark-ros2/ROS2_tutorials/build/rqt_joy/build/lib/rqt_joy
[1.184s] copying src/rqt_joy/joy.py -> /home/mark-ros2/ROS2_tutorials/build/rqt_joy/build/lib/rqt_joy
[1.184s] running build_scripts
[1.184s] creating /home/mark-ros2/ROS2_tutorials/build/rqt_joy/build/scripts-3.8
[1.184s] copying and adjusting scripts/rqt_joy -> /home/mark-ros2/ROS2_tutorials/build/rqt_joy/build/scripts-3.8
[1.184s] changing mode of /home/mark-ros2/ROS2_tutorials/build/rqt_joy/build/scripts-3.8/rqt_joy from 664 to 775
[1.184s] running install
[1.185s] running install_lib
[1.186s] creating /home/mark-ros2/ROS2_tutorials/install/rqt_joy/lib/python3.8/site-packages/rqt_joy
[1.186s] copying /home/mark-ros2/ROS2_tutorials/build/rqt_joy/build/lib/rqt_joy/__init__.py -> /home/mark-ros2/ROS2_tutorials/install/rqt_joy/lib/python3.8/site-packages/rqt_joy
[1.186s] copying /home/mark-ros2/ROS2_tutorials/build/rqt_joy/build/lib/rqt_joy/joy.py -> /home/mark-ros2/ROS2_tutorials/install/rqt_joy/lib/python3.8/site-packages/rqt_joy
[1.187s] byte-compiling /home/mark-ros2/ROS2_tutorials/install/rqt_joy/lib/python3.8/site-packages/rqt_joy/__init__.py to __init__.cpython-38.pyc
[1.188s] byte-compiling /home/mark-ros2/ROS2_tutorials/install/rqt_joy/lib/python3.8/site-packages/rqt_joy/joy.py to joy.cpython-38.pyc
[1.191s] running install_data
[1.191s] creating /home/mark-ros2/ROS2_tutorials/install/rqt_joy/share/ament_index
[1.191s] creating /home/mark-ros2/ROS2_tutorials/install/rqt_joy/share/ament_index/resource_index
[1.191s] creating /home/mark-ros2/ROS2_tutorials/install/rqt_joy/share/ament_index/resource_index/packages
[1.192s] copying resource/rqt_joy -> /home/mark-ros2/ROS2_tutorials/install/rqt_joy/share/ament_index/resource_index/packages
[1.192s] creating /home/mark-ros2/ROS2_tutorials/install/rqt_joy/share/rqt_joy/resource
[1.192s] copying resource/VirtualJoy.ui -> /home/mark-ros2/ROS2_tutorials/install/rqt_joy/share/rqt_joy/resource
[1.192s] copying package.xml -> /home/mark-ros2/ROS2_tutorials/install/rqt_joy/share/rqt_joy
[1.192s] copying plugin.xml -> /home/mark-ros2/ROS2_tutorials/install/rqt_joy/share/rqt_joy
[1.192s] creating /home/mark-ros2/ROS2_tutorials/install/rqt_joy/lib/rqt_joy
[1.193s] copying scripts/rqt_joy -> /home/mark-ros2/ROS2_tutorials/install/rqt_joy/lib/rqt_joy
[1.193s] running install_egg_info
[1.194s] Copying ../../build/rqt_joy/rqt_joy.egg-info to /home/mark-ros2/ROS2_tutorials/install/rqt_joy/lib/python3.8/site-packages/rqt_joy-1.0.0-py3.8.egg-info
[1.195s] running install_scripts
[1.216s] creating /home/mark-ros2/ROS2_tutorials/install/rqt_joy/bin
[1.216s] copying /home/mark-ros2/ROS2_tutorials/build/rqt_joy/build/scripts-3.8/rqt_joy -> /home/mark-ros2/ROS2_tutorials/install/rqt_joy/bin
[1.217s] changing mode of /home/mark-ros2/ROS2_tutorials/install/rqt_joy/bin/rqt_joy to 775
[1.219s] writing list of installed files to '/home/mark-ros2/ROS2_tutorials/build/rqt_joy/install.log'
[1.269s] Invoked command in '/home/mark-ros2/ROS2_tutorials/src/rqt_joy' returned '0': PYTHONPATH=/home/mark-ros2/ROS2_tutorials/install/rqt_joy/lib/python3.8/site-packages:${PYTHONPATH} /usr/bin/python3 setup.py egg_info --egg-base ../../build/rqt_joy build --build-base /home/mark-ros2/ROS2_tutorials/build/rqt_joy/build install --prefix /home/mark-ros2/ROS2_tutorials/install/rqt_joy --record /home/mark-ros2/ROS2_tutorials/build/rqt_joy/install.log --single-version-externally-managed
